2016-11-23 18:04:22.1551|INFO|api.Helpers.NLogger|JSON
Method: POST
URL: http://192.168.1.119:6987/v1/employee/GetServiceDetails
Controller : api.Controllers.EmployeeController
Action : GetServiceDetails
Action Parameters : {"messageFormat":"JSON","messageArguments":[{"request":{"NotificationId":0,"EmployeeId":15,"SalesVisitRequestId":0,"Month":0,"Year":0,"Day":0,"ServiceId":1,"ReportId":0,"UnitId":0,"Latitude":null,"Longitude":null,"SearchTerm":null,"PageId":0,"LastCallDateTime":null,"PageNumber":null,"pageSize":0,"OrderId":0,"StatDate":null,"EndDate":null,"DeviceType":null,"DeviceToken":null,"ClientEmails":null}}]}

2016-11-23 18:04:26.4810|INFO|api.Helpers.NLogger|JSON
Method: POST
URL: http://192.168.1.119:6987/v1/employee/GetServiceDetails
Controller : api.Controllers.EmployeeController
Action : GetServiceDetails
Action Parameters : {"messageFormat":"JSON","messageArguments":[{"request":{"NotificationId":0,"EmployeeId":15,"SalesVisitRequestId":0,"Month":0,"Year":0,"Day":0,"ServiceId":1,"ReportId":0,"UnitId":0,"Latitude":null,"Longitude":null,"SearchTerm":null,"PageId":0,"LastCallDateTime":null,"PageNumber":null,"pageSize":0,"OrderId":0,"StatDate":null,"EndDate":null,"DeviceType":null,"DeviceToken":null,"ClientEmails":null}}]}

2016-11-23 18:17:20.3996|INFO|api.Helpers.NLogger|JSON
Method: POST
URL: http://192.168.1.119:6987/v1/employee/GetServiceDetails
Controller : api.Controllers.EmployeeController
Action : GetServiceDetails
Action Parameters : {"messageFormat":"JSON","messageArguments":[{"request":{"NotificationId":0,"EmployeeId":15,"SalesVisitRequestId":0,"Month":0,"Year":0,"Day":0,"ServiceId":233,"ReportId":0,"UnitId":0,"Latitude":null,"Longitude":null,"SearchTerm":null,"PageId":0,"LastCallDateTime":null,"PageNumber":null,"pageSize":0,"OrderId":0,"StatDate":null,"EndDate":null,"DeviceType":null,"DeviceToken":null,"ClientEmails":null}}]}

2016-11-23 18:18:04.6410|INFO|api.Helpers.NLogger|JSON
Method: POST
URL: http://192.168.1.119:6987/v1/employee/GetServiceDetails
Controller : api.Controllers.EmployeeController
Action : GetServiceDetails
Action Parameters : {"messageFormat":"JSON","messageArguments":[{"request":{"NotificationId":0,"EmployeeId":15,"SalesVisitRequestId":0,"Month":0,"Year":0,"Day":0,"ServiceId":1,"ReportId":0,"UnitId":0,"Latitude":null,"Longitude":null,"SearchTerm":null,"PageId":0,"LastCallDateTime":null,"PageNumber":null,"pageSize":0,"OrderId":0,"StatDate":null,"EndDate":null,"DeviceType":null,"DeviceToken":null,"ClientEmails":null}}]}

2016-11-23 18:19:06.0818|INFO|api.Helpers.NLogger|JSON
Method: POST
URL: http://192.168.1.119:6987/v1/employee/GetServiceDetails
Controller : api.Controllers.EmployeeController
Action : GetServiceDetails
Action Parameters : {"messageFormat":"JSON","messageArguments":[{"request":{"NotificationId":0,"EmployeeId":15,"SalesVisitRequestId":0,"Month":0,"Year":0,"Day":0,"ServiceId":1,"ReportId":0,"UnitId":0,"Latitude":null,"Longitude":null,"SearchTerm":null,"PageId":0,"LastCallDateTime":null,"PageNumber":null,"pageSize":0,"OrderId":0,"StatDate":null,"EndDate":null,"DeviceType":null,"DeviceToken":null,"ClientEmails":null}}]}

2016-11-23 18:21:53.8661|INFO|api.Helpers.NLogger|JSON
Method: POST
URL: http://192.168.1.119:6987/v1/employee/GetServiceDetails
Controller : api.Controllers.EmployeeController
Action : GetServiceDetails
Action Parameters : {"messageFormat":"JSON","messageArguments":[{"request":{"NotificationId":0,"EmployeeId":15,"SalesVisitRequestId":0,"Month":0,"Year":0,"Day":0,"ServiceId":1,"ReportId":0,"UnitId":0,"Latitude":null,"Longitude":null,"SearchTerm":null,"PageId":0,"LastCallDateTime":null,"PageNumber":null,"pageSize":0,"OrderId":0,"StatDate":null,"EndDate":null,"DeviceType":null,"DeviceToken":null,"ClientEmails":null}}]}

