2016-08-03 12:01:01.1027|INFO|api.Helpers.NLogger|JSON
Method: POST
URL: http://192.168.1.119:6987/profile/GetBillingHistory
Controller : api.Controllers.ProfileController
Action : GetBillingHistory
Action Parameters : {"messageFormat":"JSON","messageArguments":[{"request":{"Email":null,"ClientId":3,"PlanTypeId":0,"PlanId":0,"Month":0,"AddressId":null,"UnitId":0,"ServiceId":0,"PartType":null,"PageId":0,"ShowDeleted":false,"ServiceCaseNumber":null,"LastCallDateTime":null,"PageNumber":null,"pageSize":0}}]}

2016-08-03 12:03:27.0132|INFO|api.Helpers.NLogger|JSON
Method: POST
URL: http://192.168.1.119:6987/profile/GetBillingHistoryDetail
Controller : api.Controllers.ProfileController
Action : GetBillingHistoryDetail
Action Parameters : {"messageFormat":"JSON","messageArguments":[{"request":{"Email":null,"ClientId":3,"PlanTypeId":0,"PlanId":0,"Month":0,"AddressId":null,"UnitId":0,"ServiceId":0,"PartType":null,"PageId":0,"ShowDeleted":false,"ServiceCaseNumber":"3-90028-4","LastCallDateTime":null,"PageNumber":null,"pageSize":0}}]}

2016-08-03 14:52:56.5581|INFO|api.Helpers.NLogger|JSON
Method: POST
URL: http://192.168.1.119:6987/profile/PastServiceListingDetail
Controller : api.Controllers.ProfileController
Action : PastServiceListingDetail
Action Parameters : {"messageFormat":"JSON","messageArguments":[{"request":{"Email":null,"ClientId":2,"PlanTypeId":0,"PlanId":0,"Month":0,"AddressId":null,"UnitId":0,"ServiceId":4,"PartType":null,"PageId":0,"ShowDeleted":false,"ServiceCaseNumber":null,"LastCallDateTime":null,"PageNumber":null,"pageSize":0}}]}

2016-08-03 14:53:20.4252|INFO|api.Helpers.NLogger|JSON
Method: POST
URL: http://192.168.1.119:6987/profile/PastServiceListingDetail
Controller : api.Controllers.ProfileController
Action : PastServiceListingDetail
Action Parameters : {"messageFormat":"JSON","messageArguments":[{"request":{"Email":null,"ClientId":2,"PlanTypeId":0,"PlanId":0,"Month":0,"AddressId":null,"UnitId":0,"ServiceId":4,"PartType":null,"PageId":0,"ShowDeleted":false,"ServiceCaseNumber":null,"LastCallDateTime":null,"PageNumber":null,"pageSize":0}}]}

2016-08-03 15:41:11.2410|INFO|api.Helpers.NLogger|JSON
Method: POST
URL: http://192.168.1.119:6987/employee/GetServiceDetails
Controller : api.Controllers.EmployeeController
Action : GetServiceDetails
Action Parameters : {"messageFormat":"JSON","messageArguments":[{"emp":{"EmployeeId":4,"Month":0,"Day":0,"ServiceId":20042,"ReportId":0,"UnitId":0,"Latitude":null,"Longitude":null,"SearchTerm":null,"PageId":0,"LastCallDateTime":null,"PageNumber":null,"pageSize":0,"OrderId":0,"StatDate":null,"EndDate":null}}]}

