2016-07-26 16:21:47.5912|INFO|api.Helpers.NLogger|JSON
Method: POST
URL: http://192.168.1.119:6987/profile/GetClientUnit
Controller : api.Controllers.ProfileController
Action : GetClientUnit
Action Parameters : {"messageFormat":"JSON","messageArguments":[{"request":{"Email":null,"ClientId":3,"PlanTypeId":0,"PlanId":0,"Month":0,"AddressId":null,"UnitId":0,"ServiceId":0,"PartType":null,"PageId":0,"ShowDeleted":false,"LastCallDateTime":null,"PageNumber":null,"pageSize":0}}]}

2016-07-26 16:24:29.3670|INFO|api.Helpers.NLogger|JSON
Method: POST
URL: http://192.168.1.119:6987/profile/GetClientUnit
Controller : api.Controllers.ProfileController
Action : GetClientUnit
Action Parameters : {"messageFormat":"JSON","messageArguments":[{"request":{"Email":null,"ClientId":3,"PlanTypeId":0,"PlanId":0,"Month":0,"AddressId":null,"UnitId":0,"ServiceId":0,"PartType":null,"PageId":0,"ShowDeleted":false,"LastCallDateTime":null,"PageNumber":null,"pageSize":0}}]}

2016-07-26 16:29:54.8929|INFO|api.Helpers.NLogger|JSON
Method: POST
URL: http://192.168.1.119:6987/profile/GetClientUnit
Controller : api.Controllers.ProfileController
Action : GetClientUnit
Action Parameters : {"messageFormat":"JSON","messageArguments":[{"request":{"Email":null,"ClientId":3,"PlanTypeId":0,"PlanId":0,"Month":0,"AddressId":null,"UnitId":0,"ServiceId":0,"PartType":null,"PageId":0,"ShowDeleted":false,"LastCallDateTime":null,"PageNumber":null,"pageSize":0}}]}

2016-07-26 16:30:31.3718|INFO|api.Helpers.NLogger|JSON
Method: POST
URL: http://192.168.1.119:6987/profile/GetClientUnit
Controller : api.Controllers.ProfileController
Action : GetClientUnit
Action Parameters : {"messageFormat":"JSON","messageArguments":[{"request":{"Email":null,"ClientId":3,"PlanTypeId":0,"PlanId":0,"Month":0,"AddressId":null,"UnitId":0,"ServiceId":0,"PartType":null,"PageId":0,"ShowDeleted":false,"LastCallDateTime":null,"PageNumber":null,"pageSize":0}}]}

2016-07-26 16:31:33.6753|INFO|api.Helpers.NLogger|JSON
Method: POST
URL: http://192.168.1.119:6987/profile/GetClientUnit
Controller : api.Controllers.ProfileController
Action : GetClientUnit
Action Parameters : {"messageFormat":"JSON","messageArguments":[{"request":{"Email":null,"ClientId":3,"PlanTypeId":0,"PlanId":0,"Month":0,"AddressId":null,"UnitId":0,"ServiceId":0,"PartType":null,"PageId":0,"ShowDeleted":false,"LastCallDateTime":null,"PageNumber":null,"pageSize":0}}]}

2016-07-26 16:33:56.8267|INFO|api.Helpers.NLogger|JSON
Method: POST
URL: http://192.168.1.119:6987/profile/GetClientUnit
Controller : api.Controllers.ProfileController
Action : GetClientUnit
Action Parameters : {"messageFormat":"JSON","messageArguments":[{"request":{"Email":null,"ClientId":3,"PlanTypeId":0,"PlanId":0,"Month":0,"AddressId":null,"UnitId":0,"ServiceId":0,"PartType":null,"PageId":0,"ShowDeleted":false,"LastCallDateTime":null,"PageNumber":null,"pageSize":0}}]}

