2016-08-16 12:10:04.7015|INFO|api.Helpers.NLogger|JSON
Method: POST
URL: http://192.168.1.119:6987/v1/empcommon/GetPartsByTypeForUnit
Controller : api.Controllers.EmpCommonController
Action : GetPartsByTypeForUnit
Action Parameters : {"messageFormat":"JSON","messageArguments":[{"request":null}]}

2016-08-16 12:13:29.2475|INFO|api.Helpers.NLogger|JSON
Method: POST
URL: http://192.168.1.119:6987/v1/empcommon/GetPartsByTypeForUnit
Controller : api.Controllers.EmpCommonController
Action : GetPartsByTypeForUnit
Action Parameters : {"messageFormat":"JSON","messageArguments":[{"request":{"Email":null,"ClientId":0,"PlanTypeId":0,"PlanId":0,"Month":0,"AddressId":null,"UnitId":0,"ServiceId":0,"PartType":null,"PartTypeId":null,"PageId":0,"ShowDeleted":false,"ServiceCaseNumber":null,"LastCallDateTime":null,"PageNumber":null,"pageSize":0,"DeviceType":null,"DeviceToken":null,"NotificationId":null}}]}

2016-08-16 12:14:13.5498|INFO|api.Helpers.NLogger|JSON
Method: POST
URL: http://192.168.1.119:6987/v1/empcommon/GetPartsByTypeForUnit
Controller : api.Controllers.EmpCommonController
Action : GetPartsByTypeForUnit
Action Parameters : {"messageFormat":"JSON","messageArguments":[{"request":{"Email":null,"ClientId":0,"PlanTypeId":0,"PlanId":0,"Month":0,"AddressId":null,"UnitId":0,"ServiceId":0,"PartType":null,"PartTypeId":null,"PageId":0,"ShowDeleted":false,"ServiceCaseNumber":null,"LastCallDateTime":null,"PageNumber":null,"pageSize":0,"DeviceType":null,"DeviceToken":null,"NotificationId":null}}]}

2016-08-16 12:16:00.9949|INFO|api.Helpers.NLogger|JSON
Method: POST
URL: http://192.168.1.119:6987/v1/empcommon/GetPartsByTypeForUnit
Controller : api.Controllers.EmpCommonController
Action : GetPartsByTypeForUnit
Action Parameters : {"messageFormat":"JSON","messageArguments":[{"request":{"Email":null,"ClientId":0,"PlanTypeId":0,"PlanId":0,"Month":0,"AddressId":null,"UnitId":0,"ServiceId":0,"PartType":null,"PartTypeId":null,"PageId":0,"ShowDeleted":false,"ServiceCaseNumber":null,"LastCallDateTime":null,"PageNumber":null,"pageSize":0,"DeviceType":null,"DeviceToken":null,"NotificationId":null}}]}

2016-08-16 12:16:29.8059|INFO|api.Helpers.NLogger|JSON
Method: POST
URL: http://192.168.1.119:6987/v1/employee/SubmitPartOrder
Controller : api.Controllers.EmployeeController
Action : SubmitPartOrder
Action Parameters : {"messageFormat":"JSON","messageArguments":[{}]}

2016-08-16 12:22:52.5283|INFO|api.Helpers.NLogger|JSON
Method: POST
URL: http://192.168.1.119:6987/v1/empcommon/GetPartsByTypeForUnit
Controller : api.Controllers.EmpCommonController
Action : GetPartsByTypeForUnit
Action Parameters : {"messageFormat":"JSON","messageArguments":[{"request":{"Email":null,"ClientId":0,"PlanTypeId":0,"PlanId":0,"Month":0,"AddressId":null,"UnitId":0,"ServiceId":0,"PartType":null,"PartTypeId":null,"PageId":0,"ShowDeleted":false,"ServiceCaseNumber":null,"LastCallDateTime":null,"PageNumber":null,"pageSize":0,"DeviceType":null,"DeviceToken":null,"NotificationId":null}}]}

2016-08-16 12:23:59.5600|INFO|api.Helpers.NLogger|JSON
Method: POST
URL: http://192.168.1.119:6987/v1/empcommon/GetPartsByTypeForUnit
Controller : api.Controllers.EmpCommonController
Action : GetPartsByTypeForUnit
Action Parameters : {"messageFormat":"JSON","messageArguments":[{"request":{"Email":null,"ClientId":0,"PlanTypeId":0,"PlanId":0,"Month":0,"AddressId":null,"UnitId":0,"ServiceId":0,"PartType":null,"PartTypeId":null,"PageId":0,"ShowDeleted":false,"ServiceCaseNumber":null,"LastCallDateTime":null,"PageNumber":null,"pageSize":0,"DeviceType":null,"DeviceToken":null,"NotificationId":null}}]}

2016-08-16 12:24:06.8999|INFO|api.Helpers.NLogger|JSON
Method: POST
URL: http://192.168.1.119:6987/v1/empcommon/GetPartsByTypeForUnit
Controller : api.Controllers.EmpCommonController
Action : GetPartsByTypeForUnit
Action Parameters : {"messageFormat":"JSON","messageArguments":[{"request":{"Email":null,"ClientId":0,"PlanTypeId":0,"PlanId":0,"Month":0,"AddressId":null,"UnitId":0,"ServiceId":0,"PartType":null,"PartTypeId":null,"PageId":0,"ShowDeleted":false,"ServiceCaseNumber":null,"LastCallDateTime":null,"PageNumber":null,"pageSize":0,"DeviceType":null,"DeviceToken":null,"NotificationId":null}}]}

2016-08-16 12:24:22.3113|INFO|api.Helpers.NLogger|JSON
Method: POST
URL: http://192.168.1.119:6987/v1/empcommon/GetPartsByTypeForUnit
Controller : api.Controllers.EmpCommonController
Action : GetPartsByTypeForUnit
Action Parameters : {"messageFormat":"JSON","messageArguments":[{"request":{"Email":null,"ClientId":0,"PlanTypeId":0,"PlanId":0,"Month":0,"AddressId":null,"UnitId":0,"ServiceId":0,"PartType":null,"PartTypeId":null,"PageId":0,"ShowDeleted":false,"ServiceCaseNumber":null,"LastCallDateTime":null,"PageNumber":null,"pageSize":0,"DeviceType":null,"DeviceToken":null,"NotificationId":null}}]}

2016-08-16 12:45:59.3404|INFO|api.Helpers.NLogger|JSON
Method: POST
URL: http://192.168.1.119:6987/v1/employee/SubmitPartOrder
Controller : api.Controllers.EmployeeController
Action : SubmitPartOrder
Action Parameters : {"messageFormat":"JSON","messageArguments":[{}]}

2016-08-16 12:46:30.8382|INFO|api.Helpers.NLogger|JSON
Method: POST
URL: http://192.168.1.119:6987/v1/employee/SubmitPartOrder
Controller : api.Controllers.EmployeeController
Action : SubmitPartOrder
Action Parameters : {"messageFormat":"JSON","messageArguments":[{}]}

2016-08-16 12:48:57.8157|INFO|api.Helpers.NLogger|JSON
Method: POST
URL: http://192.168.1.119:6987/v1/employee/SubmitPartOrder
Controller : api.Controllers.EmployeeController
Action : SubmitPartOrder
Action Parameters : {"messageFormat":"JSON","messageArguments":[{}]}

2016-08-16 12:52:37.6761|INFO|api.Helpers.NLogger|JSON
Method: POST
URL: http://192.168.1.119:6987/v1/employee/SubmitPartOrder
Controller : api.Controllers.EmployeeController
Action : SubmitPartOrder
Action Parameters : {"messageFormat":"JSON","messageArguments":[{}]}

2016-08-16 13:18:39.5510|INFO|api.Helpers.NLogger|JSON
Method: POST
URL: http://192.168.1.119:6987/v1/employee/SubmitPartOrder
Controller : api.Controllers.EmployeeController
Action : SubmitPartOrder
Action Parameters : {"messageFormat":"JSON","messageArguments":[{}]}

2016-08-16 15:16:18.8131|INFO|api.Helpers.NLogger|JSON
Method: POST
URL: http://192.168.1.119:6987/v1/employee/AddUnitDetails
Controller : api.Controllers.NewEmployeeController
Action : AddUnitDetails
Action Parameters : {"messageFormat":"JSON","messageArguments":[{"emp":{"EmployeeId":4,"ClientId":1,"UnitName":null,"PlanTypeId":1,"AddressId":2009,"UnitTypeId":null,"AutoRenewal":true,"SpecialOffer":false,"IsMatched":false,"Parts":[{"IsMatched":true,"ModelNumber":"ACM1000","SerialNumber":"ACS1000","UnitType":"Packaged","ManufactureDate":null,"ManufactureBrand":null,"UnitTon":null,"Refrigerant":null,"ElectricalService":null,"MaxBreaker":null,"Compressor":null,"Capacitor":null,"Contactor":null,"Filterdryer":null,"Defrostboard":null,"Relay":null,"TXVValve":null,"ReversingValve":null,"BlowerMotor":null,"Condensingfanmotor":null,"Inducerdraftmotor":null,"Transformer":null,"Controlboard":null,"Limitswitch":null,"Ignitor":null,"Gasvalve":null,"Pressureswitch":null,"Flamesensor":null,"Rolloutsensor":null,"Doorswitch":null,"Ignitioncontrolboard":null,"OptionalInformation":{"QuantityOfFilter":1,"Filters":[{"size":1,"LocationOfPart":true}],"QuantityOfFuses":1,"FuseTypes":[{"FuseType":2}],"BoosterTypes":null}}]}}]}

2016-08-16 15:17:31.8682|INFO|api.Helpers.NLogger|JSON
Method: POST
URL: http://192.168.1.119:6987/v1/employee/AddUnitDetails
Controller : api.Controllers.NewEmployeeController
Action : AddUnitDetails
Action Parameters : {"messageFormat":"JSON","messageArguments":[{"emp":{"EmployeeId":4,"ClientId":1,"UnitName":null,"PlanTypeId":1,"AddressId":2009,"UnitTypeId":null,"AutoRenewal":true,"SpecialOffer":false,"IsMatched":false,"Parts":[{"IsMatched":true,"ModelNumber":"ACM1000","SerialNumber":"ACS1000","UnitType":"Packaged","ManufactureDate":null,"ManufactureBrand":null,"UnitTon":null,"Refrigerant":null,"ElectricalService":null,"MaxBreaker":null,"Compressor":null,"Capacitor":null,"Contactor":null,"Filterdryer":null,"Defrostboard":null,"Relay":null,"TXVValve":null,"ReversingValve":null,"BlowerMotor":null,"Condensingfanmotor":null,"Inducerdraftmotor":null,"Transformer":null,"Controlboard":null,"Limitswitch":null,"Ignitor":null,"Gasvalve":null,"Pressureswitch":null,"Flamesensor":null,"Rolloutsensor":null,"Doorswitch":null,"Ignitioncontrolboard":null,"OptionalInformation":{"QuantityOfFilter":1,"Filters":[{"size":1,"LocationOfPart":true}],"QuantityOfFuses":1,"FuseTypes":[{"FuseType":2}],"BoosterTypes":null}}]}}]}

2016-08-16 15:22:53.6748|INFO|api.Helpers.NLogger|JSON
Method: POST
URL: http://192.168.1.119:6987/v1/employee/AddUnitDetails
Controller : api.Controllers.NewEmployeeController
Action : AddUnitDetails
Action Parameters : {"messageFormat":"JSON","messageArguments":[{"emp":{"EmployeeId":4,"ClientId":1,"UnitName":null,"PlanTypeId":1,"AddressId":2009,"UnitTypeId":null,"AutoRenewal":true,"SpecialOffer":false,"IsMatched":false,"Parts":[{"IsMatched":true,"ModelNumber":"ACM1000","SerialNumber":"ACS1000","UnitType":"Packaged","ManufactureDate":null,"ManufactureBrand":null,"UnitTon":null,"Refrigerant":null,"ElectricalService":null,"MaxBreaker":null,"Compressor":null,"Capacitor":null,"Contactor":null,"Filterdryer":null,"Defrostboard":null,"Relay":null,"TXVValve":null,"ReversingValve":null,"BlowerMotor":null,"Condensingfanmotor":null,"Inducerdraftmotor":null,"Transformer":null,"Controlboard":null,"Limitswitch":null,"Ignitor":null,"Gasvalve":null,"Pressureswitch":null,"Flamesensor":null,"Rolloutsensor":null,"Doorswitch":null,"Ignitioncontrolboard":null,"OptionalInformation":{"QuantityOfFilter":1,"Filters":[{"size":1,"LocationOfPart":true}],"QuantityOfFuses":1,"FuseTypes":[{"FuseType":2}],"BoosterTypes":null}}]}}]}

2016-08-16 15:27:17.2849|INFO|api.Helpers.NLogger|JSON
Method: POST
URL: http://192.168.1.119:6987/v1/employee/RequestedPartList
Controller : api.Controllers.EmployeeController
Action : RequestedPartList
Action Parameters : {"messageFormat":"JSON","messageArguments":[{"emp":{"EmployeeId":1,"Month":0,"Day":0,"ServiceId":0,"ReportId":0,"UnitId":0,"Latitude":null,"Longitude":null,"SearchTerm":null,"PageId":0,"LastCallDateTime":null,"PageNumber":1,"pageSize":0,"OrderId":0,"StatDate":null,"EndDate":null}}]}

2016-08-16 15:41:22.2198|INFO|api.Helpers.NLogger|JSON
Method: POST
URL: http://192.168.1.119:6987/v1/employee/RequestedPartList
Controller : api.Controllers.EmployeeController
Action : RequestedPartList
Action Parameters : {"messageFormat":"JSON","messageArguments":[{"emp":{"EmployeeId":1,"Month":0,"Day":0,"ServiceId":0,"ReportId":0,"UnitId":0,"Latitude":null,"Longitude":null,"SearchTerm":null,"PageId":0,"LastCallDateTime":null,"PageNumber":1,"pageSize":0,"OrderId":0,"StatDate":null,"EndDate":null}}]}

2016-08-16 15:42:58.5080|INFO|api.Helpers.NLogger|JSON
Method: POST
URL: http://192.168.1.119:6987/v1/employee/GetAllScheduledServices
Controller : api.Controllers.EmployeeController
Action : GetAllScheduledServices
Action Parameters : {"messageFormat":"JSON","messageArguments":[{"emp":{"EmployeeId":1,"Month":0,"Day":0,"ServiceId":0,"ReportId":0,"UnitId":0,"Latitude":null,"Longitude":null,"SearchTerm":null,"PageId":0,"LastCallDateTime":null,"PageNumber":1,"pageSize":0,"OrderId":0,"StatDate":"\/Date(1471006033000)\/","EndDate":null}}]}

2016-08-16 15:45:01.0417|INFO|api.Helpers.NLogger|JSON
Method: POST
URL: http://192.168.1.119:6987/v1/employee/GetAllScheduledServices
Controller : api.Controllers.EmployeeController
Action : GetAllScheduledServices
Action Parameters : {"messageFormat":"JSON","messageArguments":[{"emp":{"EmployeeId":1,"Month":0,"Day":0,"ServiceId":0,"ReportId":0,"UnitId":0,"Latitude":null,"Longitude":null,"SearchTerm":null,"PageId":0,"LastCallDateTime":null,"PageNumber":1,"pageSize":0,"OrderId":0,"StatDate":"\/Date(1471006033000)\/","EndDate":null}}]}

2016-08-16 15:47:05.9809|INFO|api.Helpers.NLogger|JSON
Method: POST
URL: http://192.168.1.119:6987/v1/employee/GetAllScheduledServices
Controller : api.Controllers.EmployeeController
Action : GetAllScheduledServices
Action Parameters : {"messageFormat":"JSON","messageArguments":[{"emp":{"EmployeeId":1,"Month":0,"Day":0,"ServiceId":0,"ReportId":0,"UnitId":0,"Latitude":null,"Longitude":null,"SearchTerm":null,"PageId":0,"LastCallDateTime":null,"PageNumber":1,"pageSize":0,"OrderId":0,"StatDate":"\/Date(1471006033000)\/","EndDate":null}}]}

2016-08-16 15:53:54.0226|INFO|api.Helpers.NLogger|JSON
Method: POST
URL: http://192.168.1.119:6987/v1/employee/GetServiceUnitDetails
Controller : api.Controllers.EmployeeController
Action : GetServiceUnitDetails
Action Parameters : {"messageFormat":"JSON","messageArguments":[{"emp":{"EmployeeId":0,"Month":0,"Day":0,"ServiceId":0,"ReportId":0,"UnitId":2361,"Latitude":null,"Longitude":null,"SearchTerm":null,"PageId":0,"LastCallDateTime":null,"PageNumber":null,"pageSize":0,"OrderId":0,"StatDate":null,"EndDate":null}}]}

2016-08-16 15:54:31.0709|INFO|api.Helpers.NLogger|JSON
Method: POST
URL: http://192.168.1.119:6987/v1/employee/GetServiceUnitDetails
Controller : api.Controllers.EmployeeController
Action : GetServiceUnitDetails
Action Parameters : {"messageFormat":"JSON","messageArguments":[{"emp":{"EmployeeId":0,"Month":0,"Day":0,"ServiceId":0,"ReportId":0,"UnitId":2361,"Latitude":null,"Longitude":null,"SearchTerm":null,"PageId":0,"LastCallDateTime":null,"PageNumber":null,"pageSize":0,"OrderId":0,"StatDate":null,"EndDate":null}}]}

2016-08-16 16:15:05.0265|INFO|api.Helpers.NLogger|JSON
Method: POST
URL: http://192.168.1.119:6987/v1/employee/SubmitServiceReport
Controller : api.Controllers.EmployeeController
Action : SubmitServiceReport
Action Parameters : {"messageFormat":"JSON","messageArguments":[{"emp":{"EmployeeId":4,"ServiceId":20207,"ScheduleStartTime":"4:14 PM","ScheduleEndTime":"4:14 PM","IsWorkNotDone":false,"WorkPerformed":"Work done","Recommendationsforcustomer":"No notes","EmailToClient":["andrew@gmail.com",""],"CCEmail":"","RequestedParts":[],"EmployeeNotes":"No employee notes","Units":[{"Id":5,"UnitName":null,"IsCompleted":true,"ServiceUnitParts":[]}],"Images":null}}]}

2016-08-16 16:15:21.6940|INFO|api.Helpers.NLogger|JSON
Method: POST
URL: http://192.168.1.119:6987/v1/employee/SubmitServiceReportImage
Controller : api.Controllers.EmployeeController
Action : SubmitServiceReportImage
Action Parameters : {"messageFormat":"JSON","messageArguments":[{}]}

2016-08-16 16:19:13.5808|INFO|api.Helpers.NLogger|JSON
Method: POST
URL: http://192.168.1.119:6987/v1/employee/SubmitServiceReport
Controller : api.Controllers.EmployeeController
Action : SubmitServiceReport
Action Parameters : {"messageFormat":"JSON","messageArguments":[{"emp":{"EmployeeId":4,"ServiceId":20207,"ScheduleStartTime":"4:14 PM","ScheduleEndTime":"4:14 PM","IsWorkNotDone":false,"WorkPerformed":"Work done","Recommendationsforcustomer":"No notes","EmailToClient":["andrew@gmail.com",""],"CCEmail":"","RequestedParts":[],"EmployeeNotes":"No employee notes","Units":[{"Id":5,"UnitName":null,"IsCompleted":true,"ServiceUnitParts":[]}],"Images":null}}]}

2016-08-16 16:19:36.2584|INFO|api.Helpers.NLogger|JSON
Method: POST
URL: http://192.168.1.119:6987/v1/employee/SubmitServiceReportImage
Controller : api.Controllers.EmployeeController
Action : SubmitServiceReportImage
Action Parameters : {"messageFormat":"JSON","messageArguments":[{}]}

2016-08-16 16:21:46.0286|INFO|api.Helpers.NLogger|JSON
Method: POST
URL: http://192.168.1.119:6987/v1/employee/SubmitServiceReport
Controller : api.Controllers.EmployeeController
Action : SubmitServiceReport
Action Parameters : {"messageFormat":"JSON","messageArguments":[{"emp":{"EmployeeId":4,"ServiceId":20207,"ScheduleStartTime":"4:14 PM","ScheduleEndTime":"4:14 PM","IsWorkNotDone":false,"WorkPerformed":"Work done","Recommendationsforcustomer":"No notes","EmailToClient":["andrew@gmail.com",""],"CCEmail":"","RequestedParts":[],"EmployeeNotes":"No employee notes","Units":[{"Id":5,"UnitName":null,"IsCompleted":true,"ServiceUnitParts":[]}],"Images":null}}]}

2016-08-16 16:21:57.8870|INFO|api.Helpers.NLogger|JSON
Method: POST
URL: http://192.168.1.119:6987/v1/employee/SubmitServiceReportImage
Controller : api.Controllers.EmployeeController
Action : SubmitServiceReportImage
Action Parameters : {"messageFormat":"JSON","messageArguments":[{}]}

2016-08-16 19:15:12.2979|INFO|api.Helpers.NLogger|JSON
Method: POST
URL: http://192.168.1.119:6987/v1/employee/AddUnitDetails
Controller : api.Controllers.NewEmployeeController
Action : AddUnitDetails
Action Parameters : {"messageFormat":"JSON","messageArguments":[{"emp":{"EmployeeId":4,"ClientId":11,"UnitName":"AC M","PlanTypeId":2,"AddressId":30,"UnitTypeId":null,"AutoRenewal":true,"SpecialOffer":false,"IsMatched":false,"Parts":[{"IsMatched":true,"ModelNumber":"ACM500","SerialNumber":"ACS500","UnitType":"Packaged","ManufactureDate":null,"ManufactureBrand":null,"UnitTon":null,"Refrigerant":null,"ElectricalService":null,"MaxBreaker":null,"Compressor":null,"Capacitor":null,"Contactor":null,"Filterdryer":null,"Defrostboard":null,"Relay":null,"TXVValve":null,"ReversingValve":null,"BlowerMotor":null,"Condensingfanmotor":null,"Inducerdraftmotor":null,"Transformer":null,"Controlboard":null,"Limitswitch":null,"Ignitor":null,"Gasvalve":null,"Pressureswitch":null,"Flamesensor":null,"Rolloutsensor":null,"Doorswitch":null,"Ignitioncontrolboard":null,"OptionalInformation":{"QuantityOfFilter":1,"Filters":[{"size":1,"LocationOfPart":false}],"QuantityOfFuses":1,"FuseTypes":[{"FuseType":2}],"BoosterTypes":null}}]}}]}

2016-08-16 19:15:20.4659|INFO|api.Helpers.NLogger|JSON
Method: POST
URL: http://192.168.1.119:6987/v1/employee/SubmitUnitImage
Controller : api.Controllers.NewEmployeeController
Action : SubmitUnitImage
Action Parameters : {"messageFormat":"JSON","messageArguments":[{}]}

