2016-07-27 12:31:59.5036|INFO|api.Helpers.NLogger|JSON
Method: POST
URL: http://192.168.1.119:6987/profile/PastServiceListingDetail
Controller : api.Controllers.ProfileController
Action : PastServiceListingDetail
Action Parameters : {"messageFormat":"JSON","messageArguments":[{"request":{"Email":null,"ClientId":2,"PlanTypeId":0,"PlanId":0,"Month":0,"AddressId":null,"UnitId":0,"ServiceId":17,"PartType":null,"PageId":0,"ShowDeleted":false,"LastCallDateTime":null,"PageNumber":null,"pageSize":0}}]}

2016-07-27 12:32:31.8872|INFO|api.Helpers.NLogger|JSON
Method: POST
URL: http://192.168.1.119:6987/profile/PastServiceListingDetail
Controller : api.Controllers.ProfileController
Action : PastServiceListingDetail
Action Parameters : {"messageFormat":"JSON","messageArguments":[{"request":{"Email":null,"ClientId":2,"PlanTypeId":0,"PlanId":0,"Month":0,"AddressId":null,"UnitId":0,"ServiceId":17,"PartType":null,"PageId":0,"ShowDeleted":false,"LastCallDateTime":null,"PageNumber":null,"pageSize":0}}]}

2016-07-27 12:34:31.7529|INFO|api.Helpers.NLogger|JSON
Method: POST
URL: http://192.168.1.119:6987/profile/PastServiceListingDetail
Controller : api.Controllers.ProfileController
Action : PastServiceListingDetail
Action Parameters : {"messageFormat":"JSON","messageArguments":[{"request":{"Email":null,"ClientId":2,"PlanTypeId":0,"PlanId":0,"Month":0,"AddressId":null,"UnitId":0,"ServiceId":17,"PartType":null,"PageId":0,"ShowDeleted":false,"LastCallDateTime":null,"PageNumber":null,"pageSize":0}}]}

2016-07-27 13:19:48.0155|INFO|api.Helpers.NLogger|JSON
Method: POST
URL: http://192.168.1.119:6987/employee/GetServiceUnitDetails
Controller : api.Controllers.EmployeeController
Action : GetServiceUnitDetails
Action Parameters : {"messageFormat":"JSON","messageArguments":[{"emp":{"EmployeeId":0,"Month":0,"Day":0,"ServiceId":17,"ReportId":0,"UnitId":0,"Latitude":null,"Longitude":null,"SearchTerm":null,"PageId":0,"LastCallDateTime":null,"PageNumber":null,"pageSize":0,"OrderId":0,"StatDate":null,"EndDate":null}}]}

2016-07-27 13:21:08.0203|INFO|api.Helpers.NLogger|JSON
Method: POST
URL: http://192.168.1.119:6987/employee/GetServiceUnitDetails
Controller : api.Controllers.EmployeeController
Action : GetServiceUnitDetails
Action Parameters : {"messageFormat":"JSON","messageArguments":[{"emp":{"EmployeeId":0,"Month":0,"Day":0,"ServiceId":0,"ReportId":0,"UnitId":45,"Latitude":null,"Longitude":null,"SearchTerm":null,"PageId":0,"LastCallDateTime":null,"PageNumber":null,"pageSize":0,"OrderId":0,"StatDate":null,"EndDate":null}}]}

2016-07-27 16:38:36.9648|INFO|api.Helpers.NLogger|JSON
Method: POST
URL: http://192.168.1.119:6987/profile/ClientDashboard
Controller : api.Controllers.ProfileController
Action : ClientDashboard
Action Parameters : {"messageFormat":"JSON","messageArguments":[{"request":{"Email":null,"ClientId":3,"PlanTypeId":0,"PlanId":0,"Month":0,"AddressId":null,"UnitId":0,"ServiceId":0,"PartType":null,"PageId":0,"ShowDeleted":false,"LastCallDateTime":null,"PageNumber":null,"pageSize":0}}]}

2016-07-27 17:04:49.8695|INFO|api.Helpers.NLogger|JSON
Method: GET
URL: http://192.168.1.119:6987/common/getallplantype
Controller : api.Controllers.CommonController
Action : GetAllPlanType
Action Parameters : {"messageFormat":"JSON","messageArguments":[{}]}

2016-07-27 17:04:51.9603|INFO|api.Helpers.NLogger|JSON
Method: GET
URL: http://192.168.1.119:6987/common/getallplantype
Controller : api.Controllers.CommonController
Action : GetAllPlanType
Action Parameters : {"messageFormat":"JSON","messageArguments":[{}]}

2016-07-27 17:04:57.8672|INFO|api.Helpers.NLogger|JSON
Method: GET
URL: http://192.168.1.119:6987/common/getallplantype
Controller : api.Controllers.CommonController
Action : GetAllPlanType
Action Parameters : {"messageFormat":"JSON","messageArguments":[{}]}

2016-07-27 17:04:59.4362|INFO|api.Helpers.NLogger|JSON
Method: GET
URL: http://192.168.1.119:6987/common/getallplantype
Controller : api.Controllers.CommonController
Action : GetAllPlanType
Action Parameters : {"messageFormat":"JSON","messageArguments":[{}]}

2016-07-27 17:05:00.5110|INFO|api.Helpers.NLogger|JSON
Method: GET
URL: http://192.168.1.119:6987/common/getallplantype
Controller : api.Controllers.CommonController
Action : GetAllPlanType
Action Parameters : {"messageFormat":"JSON","messageArguments":[{}]}

2016-07-27 17:05:05.4100|INFO|api.Helpers.NLogger|JSON
Method: GET
URL: http://192.168.1.119:6987/profile/GetClientAddress?ClientId=3
Controller : api.Controllers.ProfileController
Action : GetClientAddress
Action Parameters : {"messageFormat":"JSON","messageArguments":[{"ClientId":3}]}

2016-07-27 17:05:50.1513|INFO|api.Helpers.NLogger|JSON
Method: POST
URL: http://192.168.1.119:6987/profile/ClientDashboard
Controller : api.Controllers.ProfileController
Action : ClientDashboard
Action Parameters : {"messageFormat":"JSON","messageArguments":[{"request":{"Email":null,"ClientId":3,"PlanTypeId":0,"PlanId":0,"Month":0,"AddressId":null,"UnitId":0,"ServiceId":0,"PartType":null,"PageId":0,"ShowDeleted":false,"LastCallDateTime":null,"PageNumber":null,"pageSize":0}}]}

2016-07-27 17:07:06.2678|INFO|api.Helpers.NLogger|JSON
Method: POST
URL: http://192.168.1.119:6987/profile/clientlogin
Controller : api.Controllers.ProfileController
Action : Login
Action Parameters : {"messageFormat":"JSON","messageArguments":[{"model":{"Email":"johnchina@gmail.com","Password":"0192023a7bbd73250516f069df18b500","DeviceType":"iPhone","DeviceToken":"45ea49ecd7bd7957bb988a6dab9fd59efc6c5b4b0bee262aec2089f806cd846b"}}]}

2016-07-27 17:07:09.2237|INFO|api.Helpers.NLogger|JSON
Method: POST
URL: http://192.168.1.119:6987/profile/ClientDashboard
Controller : api.Controllers.ProfileController
Action : ClientDashboard
Action Parameters : {"messageFormat":"JSON","messageArguments":[{"request":{"Email":null,"ClientId":3,"PlanTypeId":0,"PlanId":0,"Month":0,"AddressId":null,"UnitId":0,"ServiceId":0,"PartType":null,"PageId":0,"ShowDeleted":false,"LastCallDateTime":null,"PageNumber":null,"pageSize":0}}]}

2016-07-27 17:07:28.5300|INFO|api.Helpers.NLogger|JSON
Method: GET
URL: http://192.168.1.119:6987/profile/GetClientAddress?ClientId=3
Controller : api.Controllers.ProfileController
Action : GetClientAddress
Action Parameters : {"messageFormat":"JSON","messageArguments":[{"ClientId":3}]}

2016-07-27 17:07:30.3796|INFO|api.Helpers.NLogger|JSON
Method: POST
URL: http://192.168.1.119:6987/profile/ClientDashboard
Controller : api.Controllers.ProfileController
Action : ClientDashboard
Action Parameters : {"messageFormat":"JSON","messageArguments":[{"request":{"Email":null,"ClientId":3,"PlanTypeId":0,"PlanId":0,"Month":0,"AddressId":null,"UnitId":0,"ServiceId":0,"PartType":null,"PageId":0,"ShowDeleted":false,"LastCallDateTime":null,"PageNumber":null,"pageSize":0}}]}

2016-07-27 17:07:46.5191|INFO|api.Helpers.NLogger|JSON
Method: GET
URL: http://192.168.1.119:6987/common/getallplantype
Controller : api.Controllers.CommonController
Action : GetAllPlanType
Action Parameters : {"messageFormat":"JSON","messageArguments":[{}]}

2016-07-27 17:07:50.9097|INFO|api.Helpers.NLogger|JSON
Method: GET
URL: http://192.168.1.119:6987/profile/GetClientAddress?ClientId=3
Controller : api.Controllers.ProfileController
Action : GetClientAddress
Action Parameters : {"messageFormat":"JSON","messageArguments":[{"ClientId":3}]}

2016-07-27 17:07:53.7199|INFO|api.Helpers.NLogger|JSON
Method: POST
URL: http://192.168.1.119:6987/common/GetSpecialRateByPlanType
Controller : api.Controllers.CommonController
Action : GetSpecialRateByPlanType
Action Parameters : {"messageFormat":"JSON","messageArguments":[{"request":{"Email":null,"ClientId":0,"PlanTypeId":1,"PlanId":0,"Month":0,"AddressId":null,"UnitId":0,"ServiceId":0,"PartType":null,"PageId":0,"ShowDeleted":false,"LastCallDateTime":null,"PageNumber":null,"pageSize":0}}]}

2016-07-27 17:08:03.2075|INFO|api.Helpers.NLogger|JSON
Method: POST
URL: http://192.168.1.119:6987/profile/addclientunit
Controller : api.Controllers.ProfileController
Action : AddClientUnit
Action Parameters : {"messageFormat":"JSON","messageArguments":[{"request":{"ClientId":3,"UnitName":"","ManufactureDate":null,"PlanTypeId":1,"UnitTon":"","AddressId":2,"UnitTypeId":1,"AutoRenewal":false,"SpecialOffer":null,"Status":null,"OptionalInformation":[{"SplitType":"Packaged","ModelNumber":"","SerialNumber":"","QuantityOfFilter":0,"Filters":[],"QuantityOfFuses":0,"FuseTypes":[],"BoosterTypes":null}],"DeleteOldData":true}}]}

2016-07-27 17:10:43.3595|INFO|api.Helpers.NLogger|JSON
Method: POST
URL: http://192.168.1.119:6987/profile/addclientunit
Controller : api.Controllers.ProfileController
Action : AddClientUnit
Action Parameters : {"messageFormat":"JSON","messageArguments":[{"request":{"ClientId":3,"UnitName":"","ManufactureDate":null,"PlanTypeId":1,"UnitTon":"","AddressId":2,"UnitTypeId":1,"AutoRenewal":false,"SpecialOffer":null,"Status":null,"OptionalInformation":[{"SplitType":"Packaged","ModelNumber":"","SerialNumber":"","QuantityOfFilter":0,"Filters":[],"QuantityOfFuses":0,"FuseTypes":[],"BoosterTypes":null}],"DeleteOldData":true}}]}

2016-07-27 17:15:53.2362|INFO|api.Helpers.NLogger|JSON
Method: POST
URL: http://192.168.1.119:6987/profile/ClientDashboard
Controller : api.Controllers.ProfileController
Action : ClientDashboard
Action Parameters : {"messageFormat":"JSON","messageArguments":[{"request":{"Email":null,"ClientId":3,"PlanTypeId":0,"PlanId":0,"Month":0,"AddressId":null,"UnitId":0,"ServiceId":0,"PartType":null,"PageId":0,"ShowDeleted":false,"LastCallDateTime":null,"PageNumber":null,"pageSize":0}}]}

2016-07-27 17:22:40.7852|INFO|api.Helpers.NLogger|JSON
Method: GET
URL: http://192.168.1.119:6987/common/getallplantype
Controller : api.Controllers.CommonController
Action : GetAllPlanType
Action Parameters : {"messageFormat":"JSON","messageArguments":[{}]}

2016-07-27 17:22:40.8482|INFO|api.Helpers.NLogger|JSON
Method: GET
URL: http://192.168.1.119:6987/profile/GetClientAddress?ClientId=3
Controller : api.Controllers.ProfileController
Action : GetClientAddress
Action Parameters : {"messageFormat":"JSON","messageArguments":[{"ClientId":3}]}

2016-07-27 17:22:40.8883|INFO|api.Helpers.NLogger|JSON
Method: POST
URL: http://192.168.1.119:6987/common/GetSpecialRateByPlanType
Controller : api.Controllers.CommonController
Action : GetSpecialRateByPlanType
Action Parameters : {"messageFormat":"JSON","messageArguments":[{"request":{"Email":null,"ClientId":0,"PlanTypeId":1,"PlanId":0,"Month":0,"AddressId":null,"UnitId":0,"ServiceId":0,"PartType":null,"PageId":0,"ShowDeleted":false,"LastCallDateTime":null,"PageNumber":null,"pageSize":0}}]}

2016-07-27 17:22:45.2159|INFO|api.Helpers.NLogger|JSON
Method: POST
URL: http://192.168.1.119:6987/profile/addclientunit
Controller : api.Controllers.ProfileController
Action : AddClientUnit
Action Parameters : {"messageFormat":"JSON","messageArguments":[{"request":{"ClientId":3,"UnitName":"","ManufactureDate":null,"PlanTypeId":1,"UnitTon":"","AddressId":2,"UnitTypeId":1,"AutoRenewal":false,"SpecialOffer":null,"Status":null,"OptionalInformation":[{"SplitType":"Packaged","ModelNumber":"","SerialNumber":"","QuantityOfFilter":0,"Filters":[],"QuantityOfFuses":0,"FuseTypes":[],"BoosterTypes":null}],"DeleteOldData":true}}]}

2016-07-27 17:23:21.6883|INFO|api.Helpers.NLogger|JSON
Method: POST
URL: http://192.168.1.119:6987/profile/addclientunit
Controller : api.Controllers.ProfileController
Action : AddClientUnit
Action Parameters : {"messageFormat":"JSON","messageArguments":[{"request":{"ClientId":3,"UnitName":"","ManufactureDate":null,"PlanTypeId":1,"UnitTon":"","AddressId":2,"UnitTypeId":1,"AutoRenewal":false,"SpecialOffer":null,"Status":null,"OptionalInformation":[{"SplitType":"Packaged","ModelNumber":"","SerialNumber":"","QuantityOfFilter":0,"Filters":[],"QuantityOfFuses":0,"FuseTypes":[],"BoosterTypes":null}],"DeleteOldData":true}}]}

2016-07-27 17:24:01.2582|INFO|api.Helpers.NLogger|JSON
Method: POST
URL: http://192.168.1.119:6987/profile/addclientunit
Controller : api.Controllers.ProfileController
Action : AddClientUnit
Action Parameters : {"messageFormat":"JSON","messageArguments":[{"request":{"ClientId":3,"UnitName":"","ManufactureDate":null,"PlanTypeId":1,"UnitTon":"","AddressId":2,"UnitTypeId":1,"AutoRenewal":false,"SpecialOffer":null,"Status":null,"OptionalInformation":[{"SplitType":"Packaged","ModelNumber":"","SerialNumber":"","QuantityOfFilter":0,"Filters":[],"QuantityOfFuses":0,"FuseTypes":[],"BoosterTypes":null}],"DeleteOldData":true}}]}

2016-07-27 17:29:05.6699|INFO|api.Helpers.NLogger|JSON
Method: GET
URL: http://192.168.1.119:6987/common/getallplantype
Controller : api.Controllers.CommonController
Action : GetAllPlanType
Action Parameters : {"messageFormat":"JSON","messageArguments":[{}]}

2016-07-27 17:29:05.7059|INFO|api.Helpers.NLogger|JSON
Method: GET
URL: http://192.168.1.119:6987/profile/GetClientAddress?ClientId=3
Controller : api.Controllers.ProfileController
Action : GetClientAddress
Action Parameters : {"messageFormat":"JSON","messageArguments":[{"ClientId":3}]}

2016-07-27 17:29:05.7505|INFO|api.Helpers.NLogger|JSON
Method: POST
URL: http://192.168.1.119:6987/common/GetSpecialRateByPlanType
Controller : api.Controllers.CommonController
Action : GetSpecialRateByPlanType
Action Parameters : {"messageFormat":"JSON","messageArguments":[{"request":{"Email":null,"ClientId":0,"PlanTypeId":1,"PlanId":0,"Month":0,"AddressId":null,"UnitId":0,"ServiceId":0,"PartType":null,"PageId":0,"ShowDeleted":false,"LastCallDateTime":null,"PageNumber":null,"pageSize":0}}]}

2016-07-27 17:29:06.6936|INFO|api.Helpers.NLogger|JSON
Method: POST
URL: http://192.168.1.119:6987/profile/addclientunit
Controller : api.Controllers.ProfileController
Action : AddClientUnit
Action Parameters : {"messageFormat":"JSON","messageArguments":[{"request":{"ClientId":3,"UnitName":"","ManufactureDate":null,"PlanTypeId":1,"UnitTon":"","AddressId":2,"UnitTypeId":1,"AutoRenewal":false,"SpecialOffer":null,"Status":null,"OptionalInformation":[{"SplitType":"Packaged","ModelNumber":"","SerialNumber":"","QuantityOfFilter":0,"Filters":[],"QuantityOfFuses":0,"FuseTypes":[],"BoosterTypes":null}],"DeleteOldData":false}}]}

2016-07-27 17:36:57.7131|INFO|api.Helpers.NLogger|JSON
Method: POST
URL: http://192.168.1.119:6987/profile/ClientDashboard
Controller : api.Controllers.ProfileController
Action : ClientDashboard
Action Parameters : {"messageFormat":"JSON","messageArguments":[{"request":{"Email":null,"ClientId":3,"PlanTypeId":0,"PlanId":0,"Month":0,"AddressId":null,"UnitId":0,"ServiceId":0,"PartType":null,"PageId":0,"ShowDeleted":false,"LastCallDateTime":null,"PageNumber":null,"pageSize":0}}]}

2016-07-27 17:37:01.1714|INFO|api.Helpers.NLogger|JSON
Method: GET
URL: http://192.168.1.119:6987/profile/GetClientProfile?ClientId=3
Controller : api.Controllers.ProfileController
Action : GetClientProfile
Action Parameters : {"messageFormat":"JSON","messageArguments":[{"ClientId":3}]}

2016-07-27 17:37:02.8271|INFO|api.Helpers.NLogger|JSON
Method: POST
URL: http://192.168.1.119:6987/profile/GetBillingHistory
Controller : api.Controllers.ProfileController
Action : GetBillingHistory
Action Parameters : {"messageFormat":"JSON","messageArguments":[{"request":{"Email":null,"ClientId":3,"PlanTypeId":0,"PlanId":0,"Month":0,"AddressId":null,"UnitId":0,"ServiceId":0,"PartType":null,"PageId":0,"ShowDeleted":false,"LastCallDateTime":null,"PageNumber":null,"pageSize":0}}]}

2016-07-27 17:40:31.8597|INFO|api.Helpers.NLogger|JSON
Method: POST
URL: http://192.168.1.119:6987/profile/ClientDashboard
Controller : api.Controllers.ProfileController
Action : ClientDashboard
Action Parameters : {"messageFormat":"JSON","messageArguments":[{"request":{"Email":null,"ClientId":3,"PlanTypeId":0,"PlanId":0,"Month":0,"AddressId":null,"UnitId":0,"ServiceId":0,"PartType":null,"PageId":0,"ShowDeleted":false,"LastCallDateTime":null,"PageNumber":null,"pageSize":0}}]}

2016-07-27 17:42:59.6190|INFO|api.Helpers.NLogger|JSON
Method: GET
URL: http://192.168.1.119:6987/profile/GetClientAddress?ClientId=3
Controller : api.Controllers.ProfileController
Action : GetClientAddress
Action Parameters : {"messageFormat":"JSON","messageArguments":[{"ClientId":3}]}

2016-07-27 17:43:01.4569|INFO|api.Helpers.NLogger|JSON
Method: GET
URL: http://192.168.1.119:6987/Location/GetAllState
Controller : api.Controllers.LocationController
Action : GetAllState
Action Parameters : {"messageFormat":"JSON","messageArguments":[{}]}

2016-07-27 17:43:16.1941|INFO|api.Helpers.NLogger|JSON
Method: GET
URL: http://192.168.1.119:6987/Location/GetAllCityByStateId?StateId=1
Controller : api.Controllers.LocationController
Action : GetAllCityByStateId
Action Parameters : {"messageFormat":"JSON","messageArguments":[{"StateId":1}]}

2016-07-27 17:43:30.0632|INFO|api.Helpers.NLogger|JSON
Method: POST
URL: http://192.168.1.119:6987/profile/AddClientAddress
Controller : api.Controllers.ProfileController
Action : AddClientAddress
Action Parameters : {"messageFormat":"JSON","messageArguments":[{"ModelData":{"Id":0,"ClientId":3,"Address":"Hzhahah habzhaja havahabaaj jabsshajis sjabajzabhzba zjabzhabzjai zjanJahziajanIa aIanaisis izabzjajzij","State":1,"StateName":null,"City":6,"CityName":null,"ZipCode":"90028","Latitude":null,"Longitude":null,"IsDefaultAddress":null,"AllowDelete":false,"ShowAddressInApp":false,"PhoneNumber":null,"MobileNumber":null,"OfficeNumber":null,"HomeNumber":null,"Email":null}}]}

2016-07-27 17:45:43.1392|INFO|api.Helpers.NLogger|JSON
Method: POST
URL: http://192.168.1.119:6987/employee/GetServiceUnitDetails
Controller : api.Controllers.EmployeeController
Action : GetServiceUnitDetails
Action Parameters : {"messageFormat":"JSON","messageArguments":[{"emp":{"EmployeeId":0,"Month":0,"Day":0,"ServiceId":0,"ReportId":0,"UnitId":54,"Latitude":null,"Longitude":null,"SearchTerm":null,"PageId":0,"LastCallDateTime":null,"PageNumber":null,"pageSize":0,"OrderId":0,"StatDate":null,"EndDate":null}}]}

2016-07-27 17:46:10.1588|INFO|api.Helpers.NLogger|JSON
Method: POST
URL: http://192.168.1.119:6987/employee/GetServiceUnitDetails
Controller : api.Controllers.EmployeeController
Action : GetServiceUnitDetails
Action Parameters : {"messageFormat":"JSON","messageArguments":[{"emp":{"EmployeeId":0,"Month":0,"Day":0,"ServiceId":0,"ReportId":0,"UnitId":54,"Latitude":null,"Longitude":null,"SearchTerm":null,"PageId":0,"LastCallDateTime":null,"PageNumber":null,"pageSize":0,"OrderId":0,"StatDate":null,"EndDate":null}}]}

2016-07-27 17:48:21.9849|INFO|api.Helpers.NLogger|JSON
Method: GET
URL: http://192.168.1.119:6987/profile/GetClientAddress?ClientId=3
Controller : api.Controllers.ProfileController
Action : GetClientAddress
Action Parameters : {"messageFormat":"JSON","messageArguments":[{"ClientId":3}]}

2016-07-27 17:48:23.6838|INFO|api.Helpers.NLogger|JSON
Method: POST
URL: http://192.168.1.119:6987/profile/ClientDashboard
Controller : api.Controllers.ProfileController
Action : ClientDashboard
Action Parameters : {"messageFormat":"JSON","messageArguments":[{"request":{"Email":null,"ClientId":3,"PlanTypeId":0,"PlanId":0,"Month":0,"AddressId":null,"UnitId":0,"ServiceId":0,"PartType":null,"PageId":0,"ShowDeleted":false,"LastCallDateTime":null,"PageNumber":null,"pageSize":0}}]}

2016-07-27 17:57:09.6111|INFO|api.Helpers.NLogger|JSON
Method: POST
URL: http://192.168.1.119:6987/employee/GetServiceUnitDetails
Controller : api.Controllers.EmployeeController
Action : GetServiceUnitDetails
Action Parameters : {"messageFormat":"JSON","messageArguments":[{"emp":{"EmployeeId":0,"Month":0,"Day":0,"ServiceId":0,"ReportId":0,"UnitId":54,"Latitude":null,"Longitude":null,"SearchTerm":null,"PageId":0,"LastCallDateTime":null,"PageNumber":null,"pageSize":0,"OrderId":0,"StatDate":null,"EndDate":null}}]}

2016-07-27 17:59:04.4565|INFO|api.Helpers.NLogger|JSON
Method: POST
URL: http://192.168.1.119:6987/employee/GetServiceUnitDetails
Controller : api.Controllers.EmployeeController
Action : GetServiceUnitDetails
Action Parameters : {"messageFormat":"JSON","messageArguments":[{"emp":{"EmployeeId":0,"Month":0,"Day":0,"ServiceId":0,"ReportId":0,"UnitId":54,"Latitude":null,"Longitude":null,"SearchTerm":null,"PageId":0,"LastCallDateTime":null,"PageNumber":null,"pageSize":0,"OrderId":0,"StatDate":null,"EndDate":null}}]}

2016-07-27 18:00:27.0951|INFO|api.Helpers.NLogger|JSON
Method: POST
URL: http://192.168.1.119:6987/employee/GetServiceUnitDetails
Controller : api.Controllers.EmployeeController
Action : GetServiceUnitDetails
Action Parameters : {"messageFormat":"JSON","messageArguments":[{"emp":{"EmployeeId":0,"Month":0,"Day":0,"ServiceId":0,"ReportId":0,"UnitId":54,"Latitude":null,"Longitude":null,"SearchTerm":null,"PageId":0,"LastCallDateTime":null,"PageNumber":null,"pageSize":0,"OrderId":0,"StatDate":null,"EndDate":null}}]}

2016-07-27 18:02:36.2580|INFO|api.Helpers.NLogger|JSON
Method: POST
URL: http://192.168.1.119:6987/employee/GetServiceUnitDetails
Controller : api.Controllers.EmployeeController
Action : GetServiceUnitDetails
Action Parameters : {"messageFormat":"JSON","messageArguments":[{"emp":{"EmployeeId":0,"Month":0,"Day":0,"ServiceId":0,"ReportId":0,"UnitId":54,"Latitude":null,"Longitude":null,"SearchTerm":null,"PageId":0,"LastCallDateTime":null,"PageNumber":null,"pageSize":0,"OrderId":0,"StatDate":null,"EndDate":null}}]}

2016-07-27 18:03:50.9026|INFO|api.Helpers.NLogger|JSON
Method: POST
URL: http://192.168.1.119:6987/employee/GetServiceUnitDetails
Controller : api.Controllers.EmployeeController
Action : GetServiceUnitDetails
Action Parameters : {"messageFormat":"JSON","messageArguments":[{"emp":{"EmployeeId":0,"Month":0,"Day":0,"ServiceId":0,"ReportId":0,"UnitId":54,"Latitude":null,"Longitude":null,"SearchTerm":null,"PageId":0,"LastCallDateTime":null,"PageNumber":null,"pageSize":0,"OrderId":0,"StatDate":null,"EndDate":null}}]}

2016-07-27 18:04:48.9438|INFO|api.Helpers.NLogger|JSON
Method: POST
URL: http://192.168.1.119:6987/employee/GetServiceUnitDetails
Controller : api.Controllers.EmployeeController
Action : GetServiceUnitDetails
Action Parameters : {"messageFormat":"JSON","messageArguments":[{"emp":{"EmployeeId":0,"Month":0,"Day":0,"ServiceId":0,"ReportId":0,"UnitId":54,"Latitude":null,"Longitude":null,"SearchTerm":null,"PageId":0,"LastCallDateTime":null,"PageNumber":null,"pageSize":0,"OrderId":0,"StatDate":null,"EndDate":null}}]}

2016-07-27 18:05:02.5336|INFO|api.Helpers.NLogger|JSON
Method: GET
URL: http://192.168.1.119:6987/common/getallplantype
Controller : api.Controllers.CommonController
Action : GetAllPlanType
Action Parameters : {"messageFormat":"JSON","messageArguments":[{}]}

2016-07-27 18:05:02.6827|INFO|api.Helpers.NLogger|JSON
Method: GET
URL: http://192.168.1.119:6987/profile/GetClientAddress?ClientId=3
Controller : api.Controllers.ProfileController
Action : GetClientAddress
Action Parameters : {"messageFormat":"JSON","messageArguments":[{"ClientId":3}]}

2016-07-27 18:05:02.9599|INFO|api.Helpers.NLogger|JSON
Method: POST
URL: http://192.168.1.119:6987/common/GetSpecialRateByPlanType
Controller : api.Controllers.CommonController
Action : GetSpecialRateByPlanType
Action Parameters : {"messageFormat":"JSON","messageArguments":[{"request":{"Email":null,"ClientId":0,"PlanTypeId":1,"PlanId":0,"Month":0,"AddressId":null,"UnitId":0,"ServiceId":0,"PartType":null,"PageId":0,"ShowDeleted":false,"LastCallDateTime":null,"PageNumber":null,"pageSize":0}}]}

2016-07-27 18:10:31.2348|INFO|api.Helpers.NLogger|JSON
Method: POST
URL: http://192.168.1.119:6987/common/GetSpecialRateByPlanType
Controller : api.Controllers.CommonController
Action : GetSpecialRateByPlanType
Action Parameters : {"messageFormat":"JSON","messageArguments":[{"request":{"Email":null,"ClientId":0,"PlanTypeId":2,"PlanId":0,"Month":0,"AddressId":null,"UnitId":0,"ServiceId":0,"PartType":null,"PageId":0,"ShowDeleted":false,"LastCallDateTime":null,"PageNumber":null,"pageSize":0}}]}

2016-07-27 18:10:32.6754|INFO|api.Helpers.NLogger|JSON
Method: POST
URL: http://192.168.1.119:6987/common/GetSpecialRateByPlanType
Controller : api.Controllers.CommonController
Action : GetSpecialRateByPlanType
Action Parameters : {"messageFormat":"JSON","messageArguments":[{"request":{"Email":null,"ClientId":0,"PlanTypeId":3,"PlanId":0,"Month":0,"AddressId":null,"UnitId":0,"ServiceId":0,"PartType":null,"PageId":0,"ShowDeleted":false,"LastCallDateTime":null,"PageNumber":null,"pageSize":0}}]}

2016-07-27 18:10:33.5061|INFO|api.Helpers.NLogger|JSON
Method: POST
URL: http://192.168.1.119:6987/common/GetSpecialRateByPlanType
Controller : api.Controllers.CommonController
Action : GetSpecialRateByPlanType
Action Parameters : {"messageFormat":"JSON","messageArguments":[{"request":{"Email":null,"ClientId":0,"PlanTypeId":2,"PlanId":0,"Month":0,"AddressId":null,"UnitId":0,"ServiceId":0,"PartType":null,"PageId":0,"ShowDeleted":false,"LastCallDateTime":null,"PageNumber":null,"pageSize":0}}]}

2016-07-27 18:10:42.4011|INFO|api.Helpers.NLogger|JSON
Method: POST
URL: http://192.168.1.119:6987/common/GetSpecialRateByPlanType
Controller : api.Controllers.CommonController
Action : GetSpecialRateByPlanType
Action Parameters : {"messageFormat":"JSON","messageArguments":[{"request":{"Email":null,"ClientId":0,"PlanTypeId":1,"PlanId":0,"Month":0,"AddressId":null,"UnitId":0,"ServiceId":0,"PartType":null,"PageId":0,"ShowDeleted":false,"LastCallDateTime":null,"PageNumber":null,"pageSize":0}}]}

2016-07-27 18:13:13.4373|INFO|api.Helpers.NLogger|JSON
Method: POST
URL: http://192.168.1.119:6987/profile/ClientDashboard
Controller : api.Controllers.ProfileController
Action : ClientDashboard
Action Parameters : {"messageFormat":"JSON","messageArguments":[{"request":{"Email":null,"ClientId":3,"PlanTypeId":0,"PlanId":0,"Month":0,"AddressId":null,"UnitId":0,"ServiceId":0,"PartType":null,"PageId":0,"ShowDeleted":false,"LastCallDateTime":null,"PageNumber":null,"pageSize":0}}]}

2016-07-27 18:15:32.0125|INFO|api.Helpers.NLogger|JSON
Method: POST
URL: http://192.168.1.119:6987/profile/ClientDashboard
Controller : api.Controllers.ProfileController
Action : ClientDashboard
Action Parameters : {"messageFormat":"JSON","messageArguments":[{"request":{"Email":null,"ClientId":3,"PlanTypeId":0,"PlanId":0,"Month":0,"AddressId":null,"UnitId":0,"ServiceId":0,"PartType":null,"PageId":0,"ShowDeleted":false,"LastCallDateTime":null,"PageNumber":null,"pageSize":0}}]}

2016-07-27 18:15:37.5055|INFO|api.Helpers.NLogger|JSON
Method: GET
URL: http://192.168.1.119:6987/common/getallplantype
Controller : api.Controllers.CommonController
Action : GetAllPlanType
Action Parameters : {"messageFormat":"JSON","messageArguments":[{}]}

2016-07-27 18:15:37.6246|INFO|api.Helpers.NLogger|JSON
Method: GET
URL: http://192.168.1.119:6987/profile/GetClientAddress?ClientId=3
Controller : api.Controllers.ProfileController
Action : GetClientAddress
Action Parameters : {"messageFormat":"JSON","messageArguments":[{"ClientId":3}]}

2016-07-27 18:15:38.2826|INFO|api.Helpers.NLogger|JSON
Method: POST
URL: http://192.168.1.119:6987/common/GetSpecialRateByPlanType
Controller : api.Controllers.CommonController
Action : GetSpecialRateByPlanType
Action Parameters : {"messageFormat":"JSON","messageArguments":[{"request":{"Email":null,"ClientId":0,"PlanTypeId":1,"PlanId":0,"Month":0,"AddressId":null,"UnitId":0,"ServiceId":0,"PartType":null,"PageId":0,"ShowDeleted":false,"LastCallDateTime":null,"PageNumber":null,"pageSize":0}}]}

2016-07-27 18:15:39.2426|INFO|api.Helpers.NLogger|JSON
Method: POST
URL: http://192.168.1.119:6987/common/GetSpecialRateByPlanType
Controller : api.Controllers.CommonController
Action : GetSpecialRateByPlanType
Action Parameters : {"messageFormat":"JSON","messageArguments":[{"request":{"Email":null,"ClientId":0,"PlanTypeId":3,"PlanId":0,"Month":0,"AddressId":null,"UnitId":0,"ServiceId":0,"PartType":null,"PageId":0,"ShowDeleted":false,"LastCallDateTime":null,"PageNumber":null,"pageSize":0}}]}

2016-07-27 18:16:16.2458|INFO|api.Helpers.NLogger|JSON
Method: POST
URL: http://192.168.1.119:6987/common/GetSpecialRateByPlanType
Controller : api.Controllers.CommonController
Action : GetSpecialRateByPlanType
Action Parameters : {"messageFormat":"JSON","messageArguments":[{"request":{"Email":null,"ClientId":0,"PlanTypeId":4,"PlanId":0,"Month":0,"AddressId":null,"UnitId":0,"ServiceId":0,"PartType":null,"PageId":0,"ShowDeleted":false,"LastCallDateTime":null,"PageNumber":null,"pageSize":0}}]}

2016-07-27 18:16:24.0876|INFO|api.Helpers.NLogger|JSON
Method: POST
URL: http://192.168.1.119:6987/common/GetSpecialRateByPlanType
Controller : api.Controllers.CommonController
Action : GetSpecialRateByPlanType
Action Parameters : {"messageFormat":"JSON","messageArguments":[{"request":{"Email":null,"ClientId":0,"PlanTypeId":1,"PlanId":0,"Month":0,"AddressId":null,"UnitId":0,"ServiceId":0,"PartType":null,"PageId":0,"ShowDeleted":false,"LastCallDateTime":null,"PageNumber":null,"pageSize":0}}]}

2016-07-27 18:16:28.0609|INFO|api.Helpers.NLogger|JSON
Method: POST
URL: http://192.168.1.119:6987/profile/addclientunit
Controller : api.Controllers.ProfileController
Action : AddClientUnit
Action Parameters : {"messageFormat":"JSON","messageArguments":[{"request":{"ClientId":3,"UnitName":"","ManufactureDate":"\/Date(1469557800000)\/","PlanTypeId":1,"UnitTon":"","AddressId":2,"UnitTypeId":1,"AutoRenewal":false,"SpecialOffer":null,"Status":null,"OptionalInformation":[{"SplitType":"Packaged","ModelNumber":"","SerialNumber":"","QuantityOfFilter":0,"Filters":[],"QuantityOfFuses":0,"FuseTypes":[],"BoosterTypes":null}],"DeleteOldData":true}}]}

2016-07-27 18:16:40.1185|INFO|api.Helpers.NLogger|JSON
Method: GET
URL: http://192.168.1.119:6987/common/getallplantype
Controller : api.Controllers.CommonController
Action : GetAllPlanType
Action Parameters : {"messageFormat":"JSON","messageArguments":[{}]}

2016-07-27 18:16:40.6860|INFO|api.Helpers.NLogger|JSON
Method: GET
URL: http://192.168.1.119:6987/profile/GetClientAddress?ClientId=3
Controller : api.Controllers.ProfileController
Action : GetClientAddress
Action Parameters : {"messageFormat":"JSON","messageArguments":[{"ClientId":3}]}

2016-07-27 18:16:40.7978|INFO|api.Helpers.NLogger|JSON
Method: POST
URL: http://192.168.1.119:6987/common/GetSpecialRateByPlanType
Controller : api.Controllers.CommonController
Action : GetSpecialRateByPlanType
Action Parameters : {"messageFormat":"JSON","messageArguments":[{"request":{"Email":null,"ClientId":0,"PlanTypeId":1,"PlanId":0,"Month":0,"AddressId":null,"UnitId":0,"ServiceId":0,"PartType":null,"PageId":0,"ShowDeleted":false,"LastCallDateTime":null,"PageNumber":null,"pageSize":0}}]}

2016-07-27 18:16:46.5019|INFO|api.Helpers.NLogger|JSON
Method: POST
URL: http://192.168.1.119:6987/profile/MyCart
Controller : api.Controllers.ProfileController
Action : MyCart
Action Parameters : {"messageFormat":"JSON","messageArguments":[{"request":{"Email":null,"ClientId":3,"PlanTypeId":0,"PlanId":0,"Month":0,"AddressId":null,"UnitId":0,"ServiceId":0,"PartType":null,"PageId":0,"ShowDeleted":false,"LastCallDateTime":null,"PageNumber":null,"pageSize":0}}]}

2016-07-27 18:17:04.3490|INFO|api.Helpers.NLogger|JSON
Method: POST
URL: http://192.168.1.119:6987/profile/RemoveUnit
Controller : api.Controllers.ProfileController
Action : RemoveUnit
Action Parameters : {"messageFormat":"JSON","messageArguments":[{"request":{"Email":null,"ClientId":3,"PlanTypeId":0,"PlanId":0,"Month":0,"AddressId":null,"UnitId":77,"ServiceId":0,"PartType":null,"PageId":0,"ShowDeleted":false,"LastCallDateTime":null,"PageNumber":null,"pageSize":0}}]}

2016-07-27 18:17:04.4885|INFO|api.Helpers.NLogger|JSON
Method: GET
URL: http://192.168.1.119:6987/common/getallplantype
Controller : api.Controllers.CommonController
Action : GetAllPlanType
Action Parameters : {"messageFormat":"JSON","messageArguments":[{}]}

2016-07-27 18:17:04.5575|INFO|api.Helpers.NLogger|JSON
Method: GET
URL: http://192.168.1.119:6987/profile/GetClientAddress?ClientId=3
Controller : api.Controllers.ProfileController
Action : GetClientAddress
Action Parameters : {"messageFormat":"JSON","messageArguments":[{"ClientId":3}]}

2016-07-27 18:17:04.6091|INFO|api.Helpers.NLogger|JSON
Method: POST
URL: http://192.168.1.119:6987/common/GetSpecialRateByPlanType
Controller : api.Controllers.CommonController
Action : GetSpecialRateByPlanType
Action Parameters : {"messageFormat":"JSON","messageArguments":[{"request":{"Email":null,"ClientId":0,"PlanTypeId":1,"PlanId":0,"Month":0,"AddressId":null,"UnitId":0,"ServiceId":0,"PartType":null,"PageId":0,"ShowDeleted":false,"LastCallDateTime":null,"PageNumber":null,"pageSize":0}}]}

2016-07-27 18:17:06.3599|INFO|api.Helpers.NLogger|JSON
Method: POST
URL: http://192.168.1.119:6987/profile/ClientDashboard
Controller : api.Controllers.ProfileController
Action : ClientDashboard
Action Parameters : {"messageFormat":"JSON","messageArguments":[{"request":{"Email":null,"ClientId":3,"PlanTypeId":0,"PlanId":0,"Month":0,"AddressId":null,"UnitId":0,"ServiceId":0,"PartType":null,"PageId":0,"ShowDeleted":false,"LastCallDateTime":null,"PageNumber":null,"pageSize":0}}]}

2016-07-27 18:17:10.2204|INFO|api.Helpers.NLogger|JSON
Method: GET
URL: http://192.168.1.119:6987/profile/GetClientAddress?ClientId=3
Controller : api.Controllers.ProfileController
Action : GetClientAddress
Action Parameters : {"messageFormat":"JSON","messageArguments":[{"ClientId":3}]}

2016-07-27 18:17:11.3285|INFO|api.Helpers.NLogger|JSON
Method: POST
URL: http://192.168.1.119:6987/profile/UpdateClientAddress
Controller : api.Controllers.ProfileController
Action : UpdateClientAddress
Action Parameters : {"messageFormat":"JSON","messageArguments":[{"ModelData":{"Id":23,"ClientId":null,"Address":null,"State":null,"StateName":null,"City":null,"CityName":null,"ZipCode":null,"Latitude":null,"Longitude":null,"IsDefaultAddress":true,"AllowDelete":false,"ShowAddressInApp":false,"PhoneNumber":null,"MobileNumber":null,"OfficeNumber":null,"HomeNumber":null,"Email":null}}]}

2016-07-27 18:17:14.7848|INFO|api.Helpers.NLogger|JSON
Method: POST
URL: http://192.168.1.119:6987/profile/ClientDashboard
Controller : api.Controllers.ProfileController
Action : ClientDashboard
Action Parameters : {"messageFormat":"JSON","messageArguments":[{"request":{"Email":null,"ClientId":3,"PlanTypeId":0,"PlanId":0,"Month":0,"AddressId":null,"UnitId":0,"ServiceId":0,"PartType":null,"PageId":0,"ShowDeleted":false,"LastCallDateTime":null,"PageNumber":null,"pageSize":0}}]}

2016-07-27 18:17:17.3644|INFO|api.Helpers.NLogger|JSON
Method: GET
URL: http://192.168.1.119:6987/profile/GetClientAddress?ClientId=3
Controller : api.Controllers.ProfileController
Action : GetClientAddress
Action Parameters : {"messageFormat":"JSON","messageArguments":[{"ClientId":3}]}

2016-07-27 18:17:18.1111|INFO|api.Helpers.NLogger|JSON
Method: POST
URL: http://192.168.1.119:6987/profile/UpdateClientAddress
Controller : api.Controllers.ProfileController
Action : UpdateClientAddress
Action Parameters : {"messageFormat":"JSON","messageArguments":[{"ModelData":{"Id":2,"ClientId":null,"Address":null,"State":null,"StateName":null,"City":null,"CityName":null,"ZipCode":null,"Latitude":null,"Longitude":null,"IsDefaultAddress":true,"AllowDelete":false,"ShowAddressInApp":false,"PhoneNumber":null,"MobileNumber":null,"OfficeNumber":null,"HomeNumber":null,"Email":null}}]}

2016-07-27 18:17:20.9779|INFO|api.Helpers.NLogger|JSON
Method: POST
URL: http://192.168.1.119:6987/profile/ClientDashboard
Controller : api.Controllers.ProfileController
Action : ClientDashboard
Action Parameters : {"messageFormat":"JSON","messageArguments":[{"request":{"Email":null,"ClientId":3,"PlanTypeId":0,"PlanId":0,"Month":0,"AddressId":null,"UnitId":0,"ServiceId":0,"PartType":null,"PageId":0,"ShowDeleted":false,"LastCallDateTime":null,"PageNumber":null,"pageSize":0}}]}

2016-07-27 18:17:48.7638|INFO|api.Helpers.NLogger|JSON
Method: POST
URL: http://192.168.1.119:6987/profile/ClientDashboard
Controller : api.Controllers.ProfileController
Action : ClientDashboard
Action Parameters : {"messageFormat":"JSON","messageArguments":[{"request":{"Email":null,"ClientId":3,"PlanTypeId":0,"PlanId":0,"Month":0,"AddressId":null,"UnitId":0,"ServiceId":0,"PartType":null,"PageId":0,"ShowDeleted":false,"LastCallDateTime":null,"PageNumber":null,"pageSize":0}}]}

2016-07-27 18:21:58.2042|INFO|api.Helpers.NLogger|JSON
Method: POST
URL: http://192.168.1.119:6987/employee/GetAllScheduledServices
Controller : api.Controllers.EmployeeController
Action : GetAllScheduledServices
Action Parameters : {"messageFormat":"JSON","messageArguments":[{"emp":{"EmployeeId":4,"Month":0,"Day":0,"ServiceId":0,"ReportId":0,"UnitId":0,"Latitude":null,"Longitude":null,"SearchTerm":null,"PageId":0,"LastCallDateTime":null,"PageNumber":1,"pageSize":0,"OrderId":0,"StatDate":"\/Date(1469623919000)\/","EndDate":null}}]}

2016-07-27 18:30:19.2469|INFO|api.Helpers.NLogger|JSON
Method: GET
URL: http://192.168.1.119:6987/common/getallplantype
Controller : api.Controllers.CommonController
Action : GetAllPlanType
Action Parameters : {"messageFormat":"JSON","messageArguments":[{}]}

2016-07-27 18:30:23.9388|INFO|api.Helpers.NLogger|JSON
Method: GET
URL: http://192.168.1.119:6987/profile/GetClientAddress?ClientId=3
Controller : api.Controllers.ProfileController
Action : GetClientAddress
Action Parameters : {"messageFormat":"JSON","messageArguments":[{"ClientId":3}]}

2016-07-27 18:30:27.5425|INFO|api.Helpers.NLogger|JSON
Method: POST
URL: http://192.168.1.119:6987/common/GetSpecialRateByPlanType
Controller : api.Controllers.CommonController
Action : GetSpecialRateByPlanType
Action Parameters : {"messageFormat":"JSON","messageArguments":[{"request":{"Email":null,"ClientId":0,"PlanTypeId":1,"PlanId":0,"Month":0,"AddressId":null,"UnitId":0,"ServiceId":0,"PartType":null,"PageId":0,"ShowDeleted":false,"LastCallDateTime":null,"PageNumber":null,"pageSize":0}}]}

2016-07-27 18:30:41.6381|INFO|api.Helpers.NLogger|JSON
Method: POST
URL: http://192.168.1.119:6987/profile/addclientunit
Controller : api.Controllers.ProfileController
Action : AddClientUnit
Action Parameters : {"messageFormat":"JSON","messageArguments":[{"request":{"ClientId":3,"UnitName":"","ManufactureDate":null,"PlanTypeId":1,"UnitTon":"","AddressId":2,"UnitTypeId":1,"AutoRenewal":false,"SpecialOffer":null,"Status":null,"OptionalInformation":[{"SplitType":"Packaged","ModelNumber":"","SerialNumber":"","QuantityOfFilter":0,"Filters":[],"QuantityOfFuses":0,"FuseTypes":[],"BoosterTypes":null}],"DeleteOldData":true}}]}

2016-07-27 18:30:53.2274|INFO|api.Helpers.NLogger|JSON
Method: POST
URL: http://192.168.1.119:6987/profile/ClientDashboard
Controller : api.Controllers.ProfileController
Action : ClientDashboard
Action Parameters : {"messageFormat":"JSON","messageArguments":[{"request":{"Email":null,"ClientId":3,"PlanTypeId":0,"PlanId":0,"Month":0,"AddressId":null,"UnitId":0,"ServiceId":0,"PartType":null,"PageId":0,"ShowDeleted":false,"LastCallDateTime":null,"PageNumber":null,"pageSize":0}}]}

2016-07-27 18:30:55.2858|INFO|api.Helpers.NLogger|JSON
Method: GET
URL: http://192.168.1.119:6987/profile/GetClientAddress?ClientId=3
Controller : api.Controllers.ProfileController
Action : GetClientAddress
Action Parameters : {"messageFormat":"JSON","messageArguments":[{"ClientId":3}]}

2016-07-27 18:31:04.5625|INFO|api.Helpers.NLogger|JSON
Method: POST
URL: http://192.168.1.119:6987/profile/UpdateClientAddress
Controller : api.Controllers.ProfileController
Action : UpdateClientAddress
Action Parameters : {"messageFormat":"JSON","messageArguments":[{"ModelData":{"Id":23,"ClientId":null,"Address":null,"State":null,"StateName":null,"City":null,"CityName":null,"ZipCode":null,"Latitude":null,"Longitude":null,"IsDefaultAddress":true,"AllowDelete":false,"ShowAddressInApp":false,"PhoneNumber":null,"MobileNumber":null,"OfficeNumber":null,"HomeNumber":null,"Email":null}}]}

2016-07-27 18:31:07.2997|INFO|api.Helpers.NLogger|JSON
Method: POST
URL: http://192.168.1.119:6987/profile/UpdateClientAddress
Controller : api.Controllers.ProfileController
Action : UpdateClientAddress
Action Parameters : {"messageFormat":"JSON","messageArguments":[{"ModelData":{"Id":2,"ClientId":null,"Address":null,"State":null,"StateName":null,"City":null,"CityName":null,"ZipCode":null,"Latitude":null,"Longitude":null,"IsDefaultAddress":true,"AllowDelete":false,"ShowAddressInApp":false,"PhoneNumber":null,"MobileNumber":null,"OfficeNumber":null,"HomeNumber":null,"Email":null}}]}

2016-07-27 18:31:10.1573|INFO|api.Helpers.NLogger|JSON
Method: POST
URL: http://192.168.1.119:6987/profile/ClientDashboard
Controller : api.Controllers.ProfileController
Action : ClientDashboard
Action Parameters : {"messageFormat":"JSON","messageArguments":[{"request":{"Email":null,"ClientId":3,"PlanTypeId":0,"PlanId":0,"Month":0,"AddressId":null,"UnitId":0,"ServiceId":0,"PartType":null,"PageId":0,"ShowDeleted":false,"LastCallDateTime":null,"PageNumber":null,"pageSize":0}}]}

2016-07-27 18:31:14.8938|INFO|api.Helpers.NLogger|JSON
Method: POST
URL: http://192.168.1.119:6987/profile/GetPaymentFailedUnit
Controller : api.Controllers.ProfileController
Action : GetPaymentFailedUnit
Action Parameters : {"messageFormat":"JSON","messageArguments":[{"request":{"Email":null,"ClientId":3,"PlanTypeId":0,"PlanId":0,"Month":0,"AddressId":null,"UnitId":0,"ServiceId":0,"PartType":null,"PageId":0,"ShowDeleted":false,"LastCallDateTime":null,"PageNumber":null,"pageSize":0}}]}

2016-07-27 18:31:53.6469|INFO|api.Helpers.NLogger|JSON
Method: GET
URL: http://192.168.1.119:6987/common/getallplantype
Controller : api.Controllers.CommonController
Action : GetAllPlanType
Action Parameters : {"messageFormat":"JSON","messageArguments":[{}]}

2016-07-27 18:31:53.7150|INFO|api.Helpers.NLogger|JSON
Method: GET
URL: http://192.168.1.119:6987/profile/GetClientAddress?ClientId=3
Controller : api.Controllers.ProfileController
Action : GetClientAddress
Action Parameters : {"messageFormat":"JSON","messageArguments":[{"ClientId":3}]}

2016-07-27 18:31:53.7600|INFO|api.Helpers.NLogger|JSON
Method: POST
URL: http://192.168.1.119:6987/common/GetSpecialRateByPlanType
Controller : api.Controllers.CommonController
Action : GetSpecialRateByPlanType
Action Parameters : {"messageFormat":"JSON","messageArguments":[{"request":{"Email":null,"ClientId":0,"PlanTypeId":1,"PlanId":0,"Month":0,"AddressId":null,"UnitId":0,"ServiceId":0,"PartType":null,"PageId":0,"ShowDeleted":false,"LastCallDateTime":null,"PageNumber":null,"pageSize":0}}]}

2016-07-27 18:32:00.3916|INFO|api.Helpers.NLogger|JSON
Method: POST
URL: http://192.168.1.119:6987/profile/ClientDashboard
Controller : api.Controllers.ProfileController
Action : ClientDashboard
Action Parameters : {"messageFormat":"JSON","messageArguments":[{"request":{"Email":null,"ClientId":3,"PlanTypeId":0,"PlanId":0,"Month":0,"AddressId":null,"UnitId":0,"ServiceId":0,"PartType":null,"PageId":0,"ShowDeleted":false,"LastCallDateTime":null,"PageNumber":null,"pageSize":0}}]}

2016-07-27 18:32:04.0588|INFO|api.Helpers.NLogger|JSON
Method: POST
URL: http://192.168.1.119:6987/profile/GetPaymentFailedUnit
Controller : api.Controllers.ProfileController
Action : GetPaymentFailedUnit
Action Parameters : {"messageFormat":"JSON","messageArguments":[{"request":{"Email":null,"ClientId":3,"PlanTypeId":0,"PlanId":0,"Month":0,"AddressId":null,"UnitId":0,"ServiceId":0,"PartType":null,"PageId":0,"ShowDeleted":false,"LastCallDateTime":null,"PageNumber":null,"pageSize":0}}]}

2016-07-27 18:32:27.6006|INFO|api.Helpers.NLogger|JSON
Method: POST
URL: http://192.168.1.119:6987/profile/ClientDashboard
Controller : api.Controllers.ProfileController
Action : ClientDashboard
Action Parameters : {"messageFormat":"JSON","messageArguments":[{"request":{"Email":null,"ClientId":3,"PlanTypeId":0,"PlanId":0,"Month":0,"AddressId":null,"UnitId":0,"ServiceId":0,"PartType":null,"PageId":0,"ShowDeleted":false,"LastCallDateTime":null,"PageNumber":null,"pageSize":0}}]}

2016-07-27 18:32:49.1733|INFO|api.Helpers.NLogger|JSON
Method: POST
URL: http://192.168.1.119:6987/profile/GetClientUnit
Controller : api.Controllers.ProfileController
Action : GetClientUnit
Action Parameters : {"messageFormat":"JSON","messageArguments":[{"request":{"Email":null,"ClientId":3,"PlanTypeId":0,"PlanId":0,"Month":0,"AddressId":null,"UnitId":0,"ServiceId":0,"PartType":null,"PageId":0,"ShowDeleted":false,"LastCallDateTime":null,"PageNumber":1,"pageSize":0}}]}

2016-07-27 18:34:03.6469|INFO|api.Helpers.NLogger|JSON
Method: POST
URL: http://192.168.1.119:6987/profile/GetBillingHistory
Controller : api.Controllers.ProfileController
Action : GetBillingHistory
Action Parameters : {"messageFormat":"JSON","messageArguments":[{"request":{"Email":null,"ClientId":3,"PlanTypeId":0,"PlanId":0,"Month":0,"AddressId":null,"UnitId":0,"ServiceId":0,"PartType":null,"PageId":0,"ShowDeleted":false,"LastCallDateTime":null,"PageNumber":null,"pageSize":0}}]}

2016-07-27 18:51:03.6151|INFO|api.Helpers.NLogger|JSON
Method: POST
URL: http://192.168.1.119:6987/profile/GetBillingHistory
Controller : api.Controllers.ProfileController
Action : GetBillingHistory
Action Parameters : {"messageFormat":"JSON","messageArguments":[{"request":{"Email":null,"ClientId":3,"PlanTypeId":0,"PlanId":0,"Month":0,"AddressId":null,"UnitId":0,"ServiceId":0,"PartType":null,"PageId":0,"ShowDeleted":false,"LastCallDateTime":null,"PageNumber":null,"pageSize":0}}]}

2016-07-27 18:51:56.9734|INFO|api.Helpers.NLogger|JSON
Method: POST
URL: http://192.168.1.119:6987/profile/GetBillingHistory
Controller : api.Controllers.ProfileController
Action : GetBillingHistory
Action Parameters : {"messageFormat":"JSON","messageArguments":[{"request":{"Email":null,"ClientId":3,"PlanTypeId":0,"PlanId":0,"Month":0,"AddressId":null,"UnitId":0,"ServiceId":0,"PartType":null,"PageId":0,"ShowDeleted":false,"LastCallDateTime":null,"PageNumber":null,"pageSize":0}}]}

2016-07-27 18:53:30.1779|INFO|api.Helpers.NLogger|JSON
Method: POST
URL: http://192.168.1.119:6987/profile/GetBillingHistory
Controller : api.Controllers.ProfileController
Action : GetBillingHistory
Action Parameters : {"messageFormat":"JSON","messageArguments":[{"request":{"Email":null,"ClientId":3,"PlanTypeId":0,"PlanId":0,"Month":0,"AddressId":null,"UnitId":0,"ServiceId":0,"PartType":null,"PageId":0,"ShowDeleted":false,"LastCallDateTime":null,"PageNumber":null,"pageSize":0}}]}

