2016-10-10 10:55:34.0970|INFO|api.Helpers.NLogger|JSON
Method: POST
URL: http://ads.siteproofs.net/api/v1/profile/ClientDashboard
Controller : api.Controllers.ProfileController
Action : ClientDashboard
Action Parameters : {"messageFormat":"JSON","messageArguments":[{"request":{"Email":null,"ClientId":7,"PlanTypeId":0,"PlanId":0,"PartId":0,"Month":0,"Year":0,"AddressId":null,"UnitId":0,"ServiceId":null,"RequestedServiceId":null,"PartType":null,"PartTypeId":null,"PageId":0,"ShowDeleted":false,"ServiceCaseNumber":null,"LastCallDateTime":null,"PageNumber":null,"pageSize":0,"DeviceType":null,"DeviceToken":null,"NotificationId":null,"EmployeeId":0,"BillingId":null}}]}

2016-10-10 10:55:43.5246|INFO|api.Helpers.NLogger|JSON
Method: POST
URL: http://ads.siteproofs.net/api/v1/profile/clientlogout
Controller : api.Controllers.ProfileController
Action : clientlogout
Action Parameters : {"messageFormat":"JSON","messageArguments":[{"request":{"Email":null,"ClientId":0,"PlanTypeId":0,"PlanId":0,"PartId":0,"Month":0,"Year":0,"AddressId":null,"UnitId":0,"ServiceId":null,"RequestedServiceId":null,"PartType":null,"PartTypeId":null,"PageId":0,"ShowDeleted":false,"ServiceCaseNumber":null,"LastCallDateTime":null,"PageNumber":null,"pageSize":0,"DeviceType":null,"DeviceToken":null,"NotificationId":null,"EmployeeId":0,"BillingId":null}}]}

2016-10-10 10:55:59.1906|INFO|api.Helpers.NLogger|JSON
Method: POST
URL: http://ads.siteproofs.net/api/v1/profile/clientlogin
Controller : api.Controllers.ProfileController
Action : Login
Action Parameters : {"messageFormat":"JSON","messageArguments":[{"model":{"Email":"andrew@gmail.com","Password":"e10adc3949ba59abbe56e057f20f883e","DeviceType":"Android","DeviceToken":null}}]}

2016-10-10 10:56:01.8112|INFO|api.Helpers.NLogger|JSON
Method: POST
URL: http://ads.siteproofs.net/api/v1/profile/ClientDashboard
Controller : api.Controllers.ProfileController
Action : ClientDashboard
Action Parameters : {"messageFormat":"JSON","messageArguments":[{"request":{"Email":null,"ClientId":7,"PlanTypeId":0,"PlanId":0,"PartId":0,"Month":0,"Year":0,"AddressId":null,"UnitId":0,"ServiceId":null,"RequestedServiceId":null,"PartType":null,"PartTypeId":null,"PageId":0,"ShowDeleted":false,"ServiceCaseNumber":null,"LastCallDateTime":null,"PageNumber":null,"pageSize":0,"DeviceType":null,"DeviceToken":null,"NotificationId":null,"EmployeeId":0,"BillingId":null}}]}

2016-10-10 11:00:12.3683|INFO|api.Helpers.NLogger|JSON
Method: POST
URL: http://ads.siteproofs.net/api/v1/profile/clientlogout
Controller : api.Controllers.ProfileController
Action : clientlogout
Action Parameters : {"messageFormat":"JSON","messageArguments":[{"request":{"Email":null,"ClientId":7,"PlanTypeId":0,"PlanId":0,"PartId":0,"Month":0,"Year":0,"AddressId":null,"UnitId":0,"ServiceId":null,"RequestedServiceId":null,"PartType":null,"PartTypeId":null,"PageId":0,"ShowDeleted":false,"ServiceCaseNumber":null,"LastCallDateTime":null,"PageNumber":null,"pageSize":0,"DeviceType":null,"DeviceToken":null,"NotificationId":null,"EmployeeId":0,"BillingId":null}}]}

2016-10-10 11:01:21.1718|INFO|api.Helpers.NLogger|JSON
Method: POST
URL: http://ads.siteproofs.net/api/v1/profile/clientRegister
Controller : api.Controllers.ProfileController
Action : Register
Action Parameters : {"messageFormat":"JSON","messageArguments":[{"model":{"FirstName":"andrew2","LastName":"jhone","Email":"andrew2@gmail.com","Password":"e10adc3949ba59abbe56e057f20f883e","Image":null,"MobileNumber":"8234784","HVACUnit":"My HVAC Unit is less than 10 years old","AffiliateId":null,"DeviceType":"Android","DeviceToken":null,"AddedDate":"\/Date(-62135596800000)\/"}}]}

2016-10-10 11:01:34.8229|INFO|api.Helpers.NLogger|JSON
Method: POST
URL: http://ads.siteproofs.net/api/v1/profile/ClientDashboard
Controller : api.Controllers.ProfileController
Action : ClientDashboard
Action Parameters : {"messageFormat":"JSON","messageArguments":[{"request":{"Email":null,"ClientId":2080,"PlanTypeId":0,"PlanId":0,"PartId":0,"Month":0,"Year":0,"AddressId":null,"UnitId":0,"ServiceId":null,"RequestedServiceId":null,"PartType":null,"PartTypeId":null,"PageId":0,"ShowDeleted":false,"ServiceCaseNumber":null,"LastCallDateTime":null,"PageNumber":null,"pageSize":0,"DeviceType":null,"DeviceToken":null,"NotificationId":null,"EmployeeId":0,"BillingId":null}}]}

2016-10-10 11:02:53.6291|INFO|api.Helpers.NLogger|JSON
Method: GET
URL: http://ads.siteproofs.net/api/v1/profile/GetClientAddress?ClientId=2080
Controller : api.Controllers.ProfileController
Action : GetClientAddress
Action Parameters : {"messageFormat":"JSON","messageArguments":[{"ClientId":2080}]}

2016-10-10 11:02:55.6244|INFO|api.Helpers.NLogger|JSON
Method: POST
URL: http://ads.siteproofs.net/api/v1/profile/ClientDashboard
Controller : api.Controllers.ProfileController
Action : ClientDashboard
Action Parameters : {"messageFormat":"JSON","messageArguments":[{"request":{"Email":null,"ClientId":2080,"PlanTypeId":0,"PlanId":0,"PartId":0,"Month":0,"Year":0,"AddressId":null,"UnitId":0,"ServiceId":null,"RequestedServiceId":null,"PartType":null,"PartTypeId":null,"PageId":0,"ShowDeleted":false,"ServiceCaseNumber":null,"LastCallDateTime":null,"PageNumber":null,"pageSize":0,"DeviceType":null,"DeviceToken":null,"NotificationId":null,"EmployeeId":0,"BillingId":null}}]}

2016-10-10 11:02:57.9179|INFO|api.Helpers.NLogger|JSON
Method: POST
URL: http://ads.siteproofs.net/api/v1/profile/NotificationList
Controller : api.Controllers.NewProfileController
Action : NotificationList
Action Parameters : {"messageFormat":"JSON","messageArguments":[{"request":{"Email":null,"ClientId":2080,"PlanTypeId":0,"PlanId":0,"PartId":0,"Month":0,"Year":0,"AddressId":null,"UnitId":0,"ServiceId":null,"RequestedServiceId":null,"PartType":null,"PartTypeId":null,"PageId":0,"ShowDeleted":false,"ServiceCaseNumber":null,"LastCallDateTime":null,"PageNumber":1,"pageSize":0,"DeviceType":null,"DeviceToken":null,"NotificationId":null,"EmployeeId":0,"BillingId":null}}]}

2016-10-10 11:02:59.8795|INFO|api.Helpers.NLogger|JSON
Method: POST
URL: http://ads.siteproofs.net/api/v1/profile/ClientDashboard
Controller : api.Controllers.ProfileController
Action : ClientDashboard
Action Parameters : {"messageFormat":"JSON","messageArguments":[{"request":{"Email":null,"ClientId":2080,"PlanTypeId":0,"PlanId":0,"PartId":0,"Month":0,"Year":0,"AddressId":null,"UnitId":0,"ServiceId":null,"RequestedServiceId":null,"PartType":null,"PartTypeId":null,"PageId":0,"ShowDeleted":false,"ServiceCaseNumber":null,"LastCallDateTime":null,"PageNumber":null,"pageSize":0,"DeviceType":null,"DeviceToken":null,"NotificationId":null,"EmployeeId":0,"BillingId":null}}]}

2016-10-10 11:03:00.8741|INFO|api.Helpers.NLogger|JSON
Method: GET
URL: http://ads.siteproofs.net/api/v1/profile/GetClientAddress?ClientId=2080
Controller : api.Controllers.ProfileController
Action : GetClientAddress
Action Parameters : {"messageFormat":"JSON","messageArguments":[{"ClientId":2080}]}

2016-10-10 11:03:03.2842|INFO|api.Helpers.NLogger|JSON
Method: POST
URL: http://ads.siteproofs.net/api/v1/profile/ClientDashboard
Controller : api.Controllers.ProfileController
Action : ClientDashboard
Action Parameters : {"messageFormat":"JSON","messageArguments":[{"request":{"Email":null,"ClientId":2080,"PlanTypeId":0,"PlanId":0,"PartId":0,"Month":0,"Year":0,"AddressId":null,"UnitId":0,"ServiceId":null,"RequestedServiceId":null,"PartType":null,"PartTypeId":null,"PageId":0,"ShowDeleted":false,"ServiceCaseNumber":null,"LastCallDateTime":null,"PageNumber":null,"pageSize":0,"DeviceType":null,"DeviceToken":null,"NotificationId":null,"EmployeeId":0,"BillingId":null}}]}

2016-10-10 11:08:09.5568|INFO|api.Helpers.NLogger|JSON
Method: POST
URL: http://ads.siteproofs.net/api/v1/profile/UpcomingServices
Controller : api.Controllers.ProfileController
Action : UpcomingServices
Action Parameters : {"messageFormat":"JSON","messageArguments":[{"request":{"Email":null,"ClientId":2080,"PlanTypeId":0,"PlanId":0,"PartId":0,"Month":10,"Year":2016,"AddressId":null,"UnitId":0,"ServiceId":null,"RequestedServiceId":null,"PartType":null,"PartTypeId":null,"PageId":0,"ShowDeleted":false,"ServiceCaseNumber":null,"LastCallDateTime":null,"PageNumber":null,"pageSize":0,"DeviceType":null,"DeviceToken":null,"NotificationId":null,"EmployeeId":0,"BillingId":null}}]}

2016-10-10 11:08:12.4356|INFO|api.Helpers.NLogger|JSON
Method: POST
URL: http://ads.siteproofs.net/api/v1/profile/PastServiceListing
Controller : api.Controllers.ProfileController
Action : PastServiceListing
Action Parameters : {"messageFormat":"JSON","messageArguments":[{"request":{"Email":null,"ClientId":2080,"PlanTypeId":0,"PlanId":0,"PartId":0,"Month":0,"Year":0,"AddressId":null,"UnitId":0,"ServiceId":null,"RequestedServiceId":null,"PartType":null,"PartTypeId":null,"PageId":0,"ShowDeleted":false,"ServiceCaseNumber":null,"LastCallDateTime":null,"PageNumber":1,"pageSize":0,"DeviceType":null,"DeviceToken":null,"NotificationId":null,"EmployeeId":0,"BillingId":null}}]}

2016-10-10 11:08:16.0422|INFO|api.Helpers.NLogger|JSON
Method: POST
URL: http://ads.siteproofs.net/api/v1/profile/GetClientUnit
Controller : api.Controllers.ProfileController
Action : GetClientUnit
Action Parameters : {"messageFormat":"JSON","messageArguments":[{"request":{"Email":null,"ClientId":2080,"PlanTypeId":0,"PlanId":0,"PartId":0,"Month":0,"Year":0,"AddressId":null,"UnitId":0,"ServiceId":null,"RequestedServiceId":null,"PartType":null,"PartTypeId":null,"PageId":0,"ShowDeleted":false,"ServiceCaseNumber":null,"LastCallDateTime":null,"PageNumber":1,"pageSize":0,"DeviceType":null,"DeviceToken":null,"NotificationId":null,"EmployeeId":0,"BillingId":null}}]}

2016-10-10 11:08:18.8995|INFO|api.Helpers.NLogger|JSON
Method: GET
URL: http://ads.siteproofs.net/api/v1/profile/GetClientAddress?ClientId=2080
Controller : api.Controllers.ProfileController
Action : GetClientAddress
Action Parameters : {"messageFormat":"JSON","messageArguments":[{"ClientId":2080}]}

2016-10-10 11:08:21.8272|INFO|api.Helpers.NLogger|JSON
Method: GET
URL: http://ads.siteproofs.net/api/v1/profile/GetClientProfile?ClientId=2080
Controller : api.Controllers.ProfileController
Action : GetClientProfile
Action Parameters : {"messageFormat":"JSON","messageArguments":[{"ClientId":2080}]}

2016-10-10 11:08:26.3238|INFO|api.Helpers.NLogger|JSON
Method: POST
URL: http://ads.siteproofs.net/api/v1/profile/GetCreditCard
Controller : api.Controllers.ProfileController
Action : GetCreditCard
Action Parameters : {"messageFormat":"JSON","messageArguments":[{"request":{"Id":0,"ClientId":2080,"CardType":null,"NameOnCard":null,"CardNumber":null,"ExpiryMonth":0,"CVV":0,"ExpiryYear":0,"IsDefaultPayment":null,"StripeCardId":null}}]}

2016-10-10 19:49:55.7991|INFO|api.Helpers.NLogger|JSON
Method: POST
URL: http://192.168.1.119:6987/v1/employee/SubmitServiceReport
Controller : api.Controllers.EmployeeController
Action : SubmitServiceReport
Action Parameters : {"messageFormat":"JSON","messageArguments":[{"request":{"EmployeeId":15,"ServiceId":105,"ScheduleStartTime":"07:48 PM","ScheduleEndTime":"07:49 PM","IsWorkNotDone":false,"WorkPerformed":"Work performed","Recommendationsforcustomer":"Notes to customer","BillingType":null,"EmailToClient":["brett@gmail.com",""],"CCEmail":"","RequestedParts":[],"EmployeeNotes":"Employee notes","Units":[{"Id":38,"UnitName":null,"IsCompleted":true,"ServiceUnitParts":[{"PartId":3,"PartName":null,"Qty":1},{"PartId":4,"PartName":null,"Qty":1},{"PartId":5,"PartName":null,"Qty":2}]}],"Images":null,"ClientId":null}}]}

2016-10-10 19:50:56.3284|INFO|api.Helpers.NLogger|JSON
Method: POST
URL: http://192.168.1.119:6987/v1/employee/SubmitServiceReportImage
Controller : api.Controllers.EmployeeController
Action : SubmitServiceReportImage
Action Parameters : {"messageFormat":"JSON","messageArguments":[{}]}

