2016-08-21 21:36:23.6551|INFO|api.Helpers.NLogger|JSON
Method: POST
URL: http://ads.siteproofs.net/api/v1/profile/ClientDashboard
Controller : api.Controllers.ProfileController
Action : ClientDashboard
Action Parameters : {"messageFormat":"JSON","messageArguments":[{"request":{"Email":null,"ClientId":2,"PlanTypeId":0,"PlanId":0,"PartId":0,"Month":0,"AddressId":null,"UnitId":0,"ServiceId":0,"PartType":null,"PartTypeId":null,"PageId":0,"ShowDeleted":false,"ServiceCaseNumber":null,"LastCallDateTime":null,"PageNumber":null,"pageSize":0,"DeviceType":null,"DeviceToken":null,"NotificationId":null}}]}

2016-08-21 21:38:09.4548|INFO|api.Helpers.NLogger|JSON
Method: GET
URL: http://ads.siteproofs.net/api/v1/common/getallplantype
Controller : api.Controllers.CommonController
Action : GetAllPlanType
Action Parameters : {"messageFormat":"JSON","messageArguments":[{}]}

2016-08-21 21:38:09.6840|INFO|api.Helpers.NLogger|JSON
Method: GET
URL: http://ads.siteproofs.net/api/v1/profile/GetClientAddress?ClientId=2
Controller : api.Controllers.ProfileController
Action : GetClientAddress
Action Parameters : {"messageFormat":"JSON","messageArguments":[{"ClientId":2}]}

2016-08-21 21:38:10.1605|INFO|api.Helpers.NLogger|JSON
Method: POST
URL: http://ads.siteproofs.net/api/v1/common/GetSpecialRateByPlanType
Controller : api.Controllers.CommonController
Action : GetSpecialRateByPlanType
Action Parameters : {"messageFormat":"JSON","messageArguments":[{"request":{"Email":null,"ClientId":2,"PlanTypeId":1,"PlanId":0,"PartId":0,"Month":0,"AddressId":null,"UnitId":0,"ServiceId":0,"PartType":null,"PartTypeId":null,"PageId":0,"ShowDeleted":false,"ServiceCaseNumber":null,"LastCallDateTime":null,"PageNumber":null,"pageSize":0,"DeviceType":null,"DeviceToken":null,"NotificationId":null}}]}

2016-08-21 21:38:31.0392|INFO|api.Helpers.NLogger|JSON
Method: GET
URL: http://ads.siteproofs.net/api/v1/Location/GetAllState
Controller : api.Controllers.LocationController
Action : GetAllState
Action Parameters : {"messageFormat":"JSON","messageArguments":[{}]}

2016-08-21 21:38:35.2880|INFO|api.Helpers.NLogger|JSON
Method: GET
URL: http://ads.siteproofs.net/api/v1/Location/GetAllCityByStateId?StateId=1
Controller : api.Controllers.LocationController
Action : GetAllCityByStateId
Action Parameters : {"messageFormat":"JSON","messageArguments":[{"StateId":1}]}

2016-08-21 21:38:43.9950|INFO|api.Helpers.NLogger|JSON
Method: POST
URL: http://ads.siteproofs.net/api/v1/common/GetPartsByTypeForUnit
Controller : api.Controllers.CommonController
Action : GetPartsByTypeForUnit
Action Parameters : {"messageFormat":"JSON","messageArguments":[{"request":{"Email":null,"ClientId":0,"PlanTypeId":0,"PlanId":0,"PartId":0,"Month":0,"AddressId":null,"UnitId":0,"ServiceId":0,"PartType":"Filter","PartTypeId":null,"PageId":0,"ShowDeleted":false,"ServiceCaseNumber":null,"LastCallDateTime":null,"PageNumber":null,"pageSize":0,"DeviceType":null,"DeviceToken":null,"NotificationId":null}}]}

2016-08-21 21:38:44.5529|INFO|api.Helpers.NLogger|JSON
Method: POST
URL: http://ads.siteproofs.net/api/v1/common/GetPartsByTypeForUnit
Controller : api.Controllers.CommonController
Action : GetPartsByTypeForUnit
Action Parameters : {"messageFormat":"JSON","messageArguments":[{"request":{"Email":null,"ClientId":0,"PlanTypeId":0,"PlanId":0,"PartId":0,"Month":0,"AddressId":null,"UnitId":0,"ServiceId":0,"PartType":"Fuse","PartTypeId":null,"PageId":0,"ShowDeleted":false,"ServiceCaseNumber":null,"LastCallDateTime":null,"PageNumber":null,"pageSize":0,"DeviceType":null,"DeviceToken":null,"NotificationId":null}}]}

2016-08-21 21:38:44.6415|INFO|api.Helpers.NLogger|JSON
Method: POST
URL: http://ads.siteproofs.net/api/v1/common/GetPartsByTypeForUnit
Controller : api.Controllers.CommonController
Action : GetPartsByTypeForUnit
Action Parameters : {"messageFormat":"JSON","messageArguments":[{"request":{"Email":null,"ClientId":0,"PlanTypeId":0,"PlanId":0,"PartId":0,"Month":0,"AddressId":null,"UnitId":0,"ServiceId":0,"PartType":"Booster","PartTypeId":null,"PageId":0,"ShowDeleted":false,"ServiceCaseNumber":null,"LastCallDateTime":null,"PageNumber":null,"pageSize":0,"DeviceType":null,"DeviceToken":null,"NotificationId":null}}]}

2016-08-21 21:40:01.0496|INFO|api.Helpers.NLogger|JSON
Method: POST
URL: http://ads.siteproofs.net/api/v1/profile/ClientDashboard
Controller : api.Controllers.ProfileController
Action : ClientDashboard
Action Parameters : {"messageFormat":"JSON","messageArguments":[{"request":{"Email":null,"ClientId":2,"PlanTypeId":0,"PlanId":0,"PartId":0,"Month":0,"AddressId":null,"UnitId":0,"ServiceId":0,"PartType":null,"PartTypeId":null,"PageId":0,"ShowDeleted":false,"ServiceCaseNumber":null,"LastCallDateTime":null,"PageNumber":null,"pageSize":0,"DeviceType":null,"DeviceToken":null,"NotificationId":null}}]}

2016-08-21 21:40:19.0154|INFO|api.Helpers.NLogger|JSON
Method: POST
URL: http://ads.siteproofs.net/api/v1/profile/UpcomingServices
Controller : api.Controllers.ProfileController
Action : UpcomingServices
Action Parameters : {"messageFormat":"JSON","messageArguments":[{"request":{"Email":null,"ClientId":2,"PlanTypeId":0,"PlanId":0,"PartId":0,"Month":8,"AddressId":null,"UnitId":0,"ServiceId":0,"PartType":null,"PartTypeId":null,"PageId":0,"ShowDeleted":false,"ServiceCaseNumber":null,"LastCallDateTime":null,"PageNumber":null,"pageSize":0,"DeviceType":null,"DeviceToken":null,"NotificationId":null}}]}

2016-08-21 21:40:24.3479|INFO|api.Helpers.NLogger|JSON
Method: POST
URL: http://ads.siteproofs.net/api/v1/profile/UpcomingServices
Controller : api.Controllers.ProfileController
Action : UpcomingServices
Action Parameters : {"messageFormat":"JSON","messageArguments":[{"request":{"Email":null,"ClientId":2,"PlanTypeId":0,"PlanId":0,"PartId":0,"Month":9,"AddressId":null,"UnitId":0,"ServiceId":0,"PartType":null,"PartTypeId":null,"PageId":0,"ShowDeleted":false,"ServiceCaseNumber":null,"LastCallDateTime":null,"PageNumber":null,"pageSize":0,"DeviceType":null,"DeviceToken":null,"NotificationId":null}}]}

2016-08-21 21:40:28.1604|INFO|api.Helpers.NLogger|JSON
Method: POST
URL: http://ads.siteproofs.net/api/v1/profile/UpcomingServices
Controller : api.Controllers.ProfileController
Action : UpcomingServices
Action Parameters : {"messageFormat":"JSON","messageArguments":[{"request":{"Email":null,"ClientId":2,"PlanTypeId":0,"PlanId":0,"PartId":0,"Month":10,"AddressId":null,"UnitId":0,"ServiceId":0,"PartType":null,"PartTypeId":null,"PageId":0,"ShowDeleted":false,"ServiceCaseNumber":null,"LastCallDateTime":null,"PageNumber":null,"pageSize":0,"DeviceType":null,"DeviceToken":null,"NotificationId":null}}]}

2016-08-21 21:40:28.5910|INFO|api.Helpers.NLogger|JSON
Method: POST
URL: http://ads.siteproofs.net/api/v1/profile/UpcomingServices
Controller : api.Controllers.ProfileController
Action : UpcomingServices
Action Parameters : {"messageFormat":"JSON","messageArguments":[{"request":{"Email":null,"ClientId":2,"PlanTypeId":0,"PlanId":0,"PartId":0,"Month":11,"AddressId":null,"UnitId":0,"ServiceId":0,"PartType":null,"PartTypeId":null,"PageId":0,"ShowDeleted":false,"ServiceCaseNumber":null,"LastCallDateTime":null,"PageNumber":null,"pageSize":0,"DeviceType":null,"DeviceToken":null,"NotificationId":null}}]}

2016-08-21 21:40:31.9529|INFO|api.Helpers.NLogger|JSON
Method: POST
URL: http://ads.siteproofs.net/api/v1/profile/PastServiceListing
Controller : api.Controllers.ProfileController
Action : PastServiceListing
Action Parameters : {"messageFormat":"JSON","messageArguments":[{"request":{"Email":null,"ClientId":2,"PlanTypeId":0,"PlanId":0,"PartId":0,"Month":0,"AddressId":null,"UnitId":0,"ServiceId":0,"PartType":null,"PartTypeId":null,"PageId":0,"ShowDeleted":false,"ServiceCaseNumber":null,"LastCallDateTime":null,"PageNumber":1,"pageSize":0,"DeviceType":null,"DeviceToken":null,"NotificationId":null}}]}

2016-08-21 21:40:36.1450|INFO|api.Helpers.NLogger|JSON
Method: POST
URL: http://ads.siteproofs.net/api/v1/profile/PastServiceListingDetail
Controller : api.Controllers.ProfileController
Action : PastServiceListingDetail
Action Parameters : {"messageFormat":"JSON","messageArguments":[{"request":{"Email":null,"ClientId":2,"PlanTypeId":0,"PlanId":0,"PartId":0,"Month":0,"AddressId":null,"UnitId":0,"ServiceId":20207,"PartType":null,"PartTypeId":null,"PageId":0,"ShowDeleted":false,"ServiceCaseNumber":null,"LastCallDateTime":null,"PageNumber":null,"pageSize":0,"DeviceType":null,"DeviceToken":null,"NotificationId":null}}]}

2016-08-21 21:40:57.3776|INFO|api.Helpers.NLogger|JSON
Method: POST
URL: http://ads.siteproofs.net/api/v1/profile/PastServiceListingDetail
Controller : api.Controllers.ProfileController
Action : PastServiceListingDetail
Action Parameters : {"messageFormat":"JSON","messageArguments":[{"request":{"Email":null,"ClientId":2,"PlanTypeId":0,"PlanId":0,"PartId":0,"Month":0,"AddressId":null,"UnitId":0,"ServiceId":4,"PartType":null,"PartTypeId":null,"PageId":0,"ShowDeleted":false,"ServiceCaseNumber":null,"LastCallDateTime":null,"PageNumber":null,"pageSize":0,"DeviceType":null,"DeviceToken":null,"NotificationId":null}}]}

2016-08-21 21:41:01.1597|INFO|api.Helpers.NLogger|JSON
Method: POST
URL: http://ads.siteproofs.net/api/v1/profile/PastServiceListingDetail
Controller : api.Controllers.ProfileController
Action : PastServiceListingDetail
Action Parameters : {"messageFormat":"JSON","messageArguments":[{"request":{"Email":null,"ClientId":2,"PlanTypeId":0,"PlanId":0,"PartId":0,"Month":0,"AddressId":null,"UnitId":0,"ServiceId":17,"PartType":null,"PartTypeId":null,"PageId":0,"ShowDeleted":false,"ServiceCaseNumber":null,"LastCallDateTime":null,"PageNumber":null,"pageSize":0,"DeviceType":null,"DeviceToken":null,"NotificationId":null}}]}

2016-08-21 21:41:16.9662|INFO|api.Helpers.NLogger|JSON
Method: POST
URL: http://ads.siteproofs.net/api/v1/profile/GetClientUnit
Controller : api.Controllers.ProfileController
Action : GetClientUnit
Action Parameters : {"messageFormat":"JSON","messageArguments":[{"request":{"Email":null,"ClientId":2,"PlanTypeId":0,"PlanId":0,"PartId":0,"Month":0,"AddressId":null,"UnitId":0,"ServiceId":0,"PartType":null,"PartTypeId":null,"PageId":0,"ShowDeleted":false,"ServiceCaseNumber":null,"LastCallDateTime":null,"PageNumber":1,"pageSize":0,"DeviceType":null,"DeviceToken":null,"NotificationId":null}}]}

2016-08-21 21:41:17.6516|INFO|api.Helpers.NLogger|JSON
Method: GET
URL: http://ads.siteproofs.net/api/v1/profile/GetClientAddress?ClientId=2
Controller : api.Controllers.ProfileController
Action : GetClientAddress
Action Parameters : {"messageFormat":"JSON","messageArguments":[{"ClientId":2}]}

2016-08-21 21:41:19.2873|INFO|api.Helpers.NLogger|JSON
Method: POST
URL: http://ads.siteproofs.net/api/v1/profile/GetClientUnit
Controller : api.Controllers.ProfileController
Action : GetClientUnit
Action Parameters : {"messageFormat":"JSON","messageArguments":[{"request":{"Email":null,"ClientId":2,"PlanTypeId":0,"PlanId":0,"PartId":0,"Month":0,"AddressId":null,"UnitId":0,"ServiceId":0,"PartType":null,"PartTypeId":null,"PageId":0,"ShowDeleted":false,"ServiceCaseNumber":null,"LastCallDateTime":null,"PageNumber":2,"pageSize":0,"DeviceType":null,"DeviceToken":null,"NotificationId":null}}]}

2016-08-21 21:41:21.9928|INFO|api.Helpers.NLogger|JSON
Method: POST
URL: http://ads.siteproofs.net/api/v1/profile/GetClientUnit
Controller : api.Controllers.ProfileController
Action : GetClientUnit
Action Parameters : {"messageFormat":"JSON","messageArguments":[{"request":{"Email":null,"ClientId":2,"PlanTypeId":0,"PlanId":0,"PartId":0,"Month":0,"AddressId":null,"UnitId":0,"ServiceId":0,"PartType":null,"PartTypeId":null,"PageId":0,"ShowDeleted":false,"ServiceCaseNumber":null,"LastCallDateTime":null,"PageNumber":3,"pageSize":0,"DeviceType":null,"DeviceToken":null,"NotificationId":null}}]}

2016-08-21 21:41:33.3138|INFO|api.Helpers.NLogger|JSON
Method: POST
URL: http://ads.siteproofs.net/api/v1/profile/GetClientUnit
Controller : api.Controllers.ProfileController
Action : GetClientUnit
Action Parameters : {"messageFormat":"JSON","messageArguments":[{"request":{"Email":null,"ClientId":2,"PlanTypeId":0,"PlanId":0,"PartId":0,"Month":0,"AddressId":2012,"UnitId":0,"ServiceId":0,"PartType":null,"PartTypeId":null,"PageId":0,"ShowDeleted":false,"ServiceCaseNumber":null,"LastCallDateTime":null,"PageNumber":1,"pageSize":0,"DeviceType":null,"DeviceToken":null,"NotificationId":null}}]}

2016-08-21 21:41:41.3804|INFO|api.Helpers.NLogger|JSON
Method: POST
URL: http://ads.siteproofs.net/api/v1/profile/GetPlanListing
Controller : api.Controllers.ProfileController
Action : GetPlanListing
Action Parameters : {"messageFormat":"JSON","messageArguments":[{"request":{"Email":null,"ClientId":2,"PlanTypeId":0,"PlanId":0,"PartId":0,"Month":0,"AddressId":null,"UnitId":0,"ServiceId":0,"PartType":null,"PartTypeId":null,"PageId":0,"ShowDeleted":false,"ServiceCaseNumber":null,"LastCallDateTime":null,"PageNumber":null,"pageSize":0,"DeviceType":null,"DeviceToken":null,"NotificationId":null}}]}

2016-08-21 21:41:47.4552|INFO|api.Helpers.NLogger|JSON
Method: POST
URL: http://ads.siteproofs.net/api/v1/profile/GetPlanDetail
Controller : api.Controllers.ProfileController
Action : GetPlanDetail
Action Parameters : {"messageFormat":"JSON","messageArguments":[{"request":{"Email":null,"ClientId":0,"PlanTypeId":3,"PlanId":0,"PartId":0,"Month":0,"AddressId":null,"UnitId":0,"ServiceId":0,"PartType":null,"PartTypeId":null,"PageId":0,"ShowDeleted":false,"ServiceCaseNumber":null,"LastCallDateTime":null,"PageNumber":null,"pageSize":0,"DeviceType":null,"DeviceToken":null,"NotificationId":null}}]}

2016-08-21 21:41:59.7436|INFO|api.Helpers.NLogger|JSON
Method: GET
URL: http://ads.siteproofs.net/api/v1/profile/GetClientProfile?ClientId=2
Controller : api.Controllers.ProfileController
Action : GetClientProfile
Action Parameters : {"messageFormat":"JSON","messageArguments":[{"ClientId":2}]}

2016-08-21 21:42:04.4492|INFO|api.Helpers.NLogger|JSON
Method: POST
URL: http://ads.siteproofs.net/api/v1/profile/GetCreditCard
Controller : api.Controllers.ProfileController
Action : GetCreditCard
Action Parameters : {"messageFormat":"JSON","messageArguments":[{"request":{"Id":0,"ClientId":2,"CardType":null,"NameOnCard":null,"CardNumber":null,"ExpiryMonth":0,"CVV":0,"ExpiryYear":0,"IsDefaultPayment":null,"StripeCardId":null}}]}

2016-08-21 21:42:08.8255|INFO|api.Helpers.NLogger|JSON
Method: POST
URL: http://ads.siteproofs.net/api/v1/profile/UpdateCreditCard
Controller : api.Controllers.ProfileController
Action : UpdateCreditCard
Action Parameters : {"messageFormat":"JSON","messageArguments":[{"request":{"Id":1003,"ClientId":2,"CardType":"Visa","NameOnCard":"Andrew","CardNumber":"************1111","ExpiryMonth":12,"CVV":0,"ExpiryYear":2023,"IsDefaultPayment":true,"StripeCardId":null}}]}

2016-08-21 21:42:14.0356|INFO|api.Helpers.NLogger|JSON
Method: POST
URL: http://ads.siteproofs.net/api/v1/profile/UpdateCreditCard
Controller : api.Controllers.ProfileController
Action : UpdateCreditCard
Action Parameters : {"messageFormat":"JSON","messageArguments":[{"request":{"Id":4,"ClientId":2,"CardType":null,"NameOnCard":"Andrew Jones","CardNumber":"************1111","ExpiryMonth":12,"CVV":0,"ExpiryYear":2016,"IsDefaultPayment":true,"StripeCardId":null}}]}

