2016-07-28 10:41:14.2362|INFO|api.Helpers.NLogger|JSON
Method: POST
URL: http://192.168.1.119:6987/profile/GetBillingHistory
Controller : api.Controllers.ProfileController
Action : GetBillingHistory
Action Parameters : {"messageFormat":"JSON","messageArguments":[{"request":{"Email":null,"ClientId":3,"PlanTypeId":0,"PlanId":0,"Month":0,"AddressId":null,"UnitId":0,"ServiceId":0,"PartType":null,"PageId":0,"ShowDeleted":false,"LastCallDateTime":null,"PageNumber":null,"pageSize":0}}]}

2016-07-28 10:42:07.7427|INFO|api.Helpers.NLogger|JSON
Method: POST
URL: http://192.168.1.119:6987/profile/GetBillingHistory
Controller : api.Controllers.ProfileController
Action : GetBillingHistory
Action Parameters : {"messageFormat":"JSON","messageArguments":[{"request":{"Email":null,"ClientId":3,"PlanTypeId":0,"PlanId":0,"Month":0,"AddressId":null,"UnitId":0,"ServiceId":0,"PartType":null,"PageId":0,"ShowDeleted":false,"LastCallDateTime":null,"PageNumber":null,"pageSize":0}}]}

2016-07-28 10:44:09.7404|INFO|api.Helpers.NLogger|JSON
Method: POST
URL: http://192.168.1.119:6987/profile/GetBillingHistory
Controller : api.Controllers.ProfileController
Action : GetBillingHistory
Action Parameters : {"messageFormat":"JSON","messageArguments":[{"request":{"Email":null,"ClientId":3,"PlanTypeId":0,"PlanId":0,"Month":0,"AddressId":null,"UnitId":0,"ServiceId":0,"PartType":null,"PageId":0,"ShowDeleted":false,"LastCallDateTime":null,"PageNumber":null,"pageSize":0}}]}

2016-07-28 10:45:02.3092|INFO|api.Helpers.NLogger|JSON
Method: POST
URL: http://192.168.1.119:6987/profile/GetBillingHistory
Controller : api.Controllers.ProfileController
Action : GetBillingHistory
Action Parameters : {"messageFormat":"JSON","messageArguments":[{"request":{"Email":null,"ClientId":3,"PlanTypeId":0,"PlanId":0,"Month":0,"AddressId":null,"UnitId":0,"ServiceId":0,"PartType":null,"PageId":0,"ShowDeleted":false,"LastCallDateTime":null,"PageNumber":null,"pageSize":0}}]}

2016-07-28 13:04:13.0978|INFO|api.Helpers.NLogger|JSON
Method: POST
URL: http://192.168.1.119:6987/profile/ClientDashboard
Controller : api.Controllers.ProfileController
Action : ClientDashboard
Action Parameters : {"messageFormat":"JSON","messageArguments":[{"request":{"Email":null,"ClientId":3,"PlanTypeId":0,"PlanId":0,"Month":0,"AddressId":null,"UnitId":0,"ServiceId":0,"PartType":null,"PageId":0,"ShowDeleted":false,"LastCallDateTime":null,"PageNumber":null,"pageSize":0}}]}

2016-07-28 13:04:19.6398|INFO|api.Helpers.NLogger|JSON
Method: GET
URL: http://192.168.1.119:6987/common/getallplantype
Controller : api.Controllers.CommonController
Action : GetAllPlanType
Action Parameters : {"messageFormat":"JSON","messageArguments":[{}]}

2016-07-28 13:04:21.6687|INFO|api.Helpers.NLogger|JSON
Method: GET
URL: http://192.168.1.119:6987/profile/GetClientAddress?ClientId=3
Controller : api.Controllers.ProfileController
Action : GetClientAddress
Action Parameters : {"messageFormat":"JSON","messageArguments":[{"ClientId":3}]}

2016-07-28 13:04:22.2481|INFO|api.Helpers.NLogger|JSON
Method: POST
URL: http://192.168.1.119:6987/common/GetSpecialRateByPlanType
Controller : api.Controllers.CommonController
Action : GetSpecialRateByPlanType
Action Parameters : {"messageFormat":"JSON","messageArguments":[{"request":{"Email":null,"ClientId":0,"PlanTypeId":1,"PlanId":0,"Month":0,"AddressId":null,"UnitId":0,"ServiceId":0,"PartType":null,"PageId":0,"ShowDeleted":false,"LastCallDateTime":null,"PageNumber":null,"pageSize":0}}]}

2016-07-28 13:04:25.1432|INFO|api.Helpers.NLogger|JSON
Method: POST
URL: http://192.168.1.119:6987/profile/ClientDashboard
Controller : api.Controllers.ProfileController
Action : ClientDashboard
Action Parameters : {"messageFormat":"JSON","messageArguments":[{"request":{"Email":null,"ClientId":3,"PlanTypeId":0,"PlanId":0,"Month":0,"AddressId":null,"UnitId":0,"ServiceId":0,"PartType":null,"PageId":0,"ShowDeleted":false,"LastCallDateTime":null,"PageNumber":null,"pageSize":0}}]}

2016-07-28 13:04:33.5939|INFO|api.Helpers.NLogger|JSON
Method: POST
URL: http://192.168.1.119:6987/profile/ClientDashboard
Controller : api.Controllers.ProfileController
Action : ClientDashboard
Action Parameters : {"messageFormat":"JSON","messageArguments":[{"request":{"Email":null,"ClientId":3,"PlanTypeId":0,"PlanId":0,"Month":0,"AddressId":null,"UnitId":0,"ServiceId":0,"PartType":null,"PageId":0,"ShowDeleted":false,"LastCallDateTime":null,"PageNumber":null,"pageSize":0}}]}

2016-07-28 13:04:45.3872|INFO|api.Helpers.NLogger|JSON
Method: GET
URL: http://192.168.1.119:6987/common/getallplantype
Controller : api.Controllers.CommonController
Action : GetAllPlanType
Action Parameters : {"messageFormat":"JSON","messageArguments":[{}]}

2016-07-28 13:04:47.2274|INFO|api.Helpers.NLogger|JSON
Method: GET
URL: http://192.168.1.119:6987/profile/GetClientAddress?ClientId=3
Controller : api.Controllers.ProfileController
Action : GetClientAddress
Action Parameters : {"messageFormat":"JSON","messageArguments":[{"ClientId":3}]}

2016-07-28 13:04:47.5036|INFO|api.Helpers.NLogger|JSON
Method: POST
URL: http://192.168.1.119:6987/common/GetSpecialRateByPlanType
Controller : api.Controllers.CommonController
Action : GetSpecialRateByPlanType
Action Parameters : {"messageFormat":"JSON","messageArguments":[{"request":{"Email":null,"ClientId":0,"PlanTypeId":1,"PlanId":0,"Month":0,"AddressId":null,"UnitId":0,"ServiceId":0,"PartType":null,"PageId":0,"ShowDeleted":false,"LastCallDateTime":null,"PageNumber":null,"pageSize":0}}]}

2016-07-28 13:04:51.8701|INFO|api.Helpers.NLogger|JSON
Method: POST
URL: http://192.168.1.119:6987/profile/addclientunit
Controller : api.Controllers.ProfileController
Action : AddClientUnit
Action Parameters : {"messageFormat":"JSON","messageArguments":[{"request":{"ClientId":3,"UnitName":"","ManufactureDate":null,"PlanTypeId":1,"UnitTon":"","AddressId":2,"UnitTypeId":1,"AutoRenewal":false,"SpecialOffer":null,"Status":null,"OptionalInformation":[{"SplitType":"Packaged","ModelNumber":"","SerialNumber":"","QuantityOfFilter":0,"Filters":[],"QuantityOfFuses":0,"FuseTypes":[],"BoosterTypes":null}],"DeleteOldData":true}}]}

2016-07-28 13:05:07.1002|INFO|api.Helpers.NLogger|JSON
Method: POST
URL: http://192.168.1.119:6987/profile/ClientDashboard
Controller : api.Controllers.ProfileController
Action : ClientDashboard
Action Parameters : {"messageFormat":"JSON","messageArguments":[{"request":{"Email":null,"ClientId":3,"PlanTypeId":0,"PlanId":0,"Month":0,"AddressId":null,"UnitId":0,"ServiceId":0,"PartType":null,"PageId":0,"ShowDeleted":false,"LastCallDateTime":null,"PageNumber":null,"pageSize":0}}]}

2016-07-28 13:05:34.3421|INFO|api.Helpers.NLogger|JSON
Method: GET
URL: http://192.168.1.119:6987/common/getallplantype
Controller : api.Controllers.CommonController
Action : GetAllPlanType
Action Parameters : {"messageFormat":"JSON","messageArguments":[{}]}

2016-07-28 13:05:36.2324|INFO|api.Helpers.NLogger|JSON
Method: GET
URL: http://192.168.1.119:6987/profile/GetClientAddress?ClientId=3
Controller : api.Controllers.ProfileController
Action : GetClientAddress
Action Parameters : {"messageFormat":"JSON","messageArguments":[{"ClientId":3}]}

2016-07-28 13:05:36.5236|INFO|api.Helpers.NLogger|JSON
Method: POST
URL: http://192.168.1.119:6987/common/GetSpecialRateByPlanType
Controller : api.Controllers.CommonController
Action : GetSpecialRateByPlanType
Action Parameters : {"messageFormat":"JSON","messageArguments":[{"request":{"Email":null,"ClientId":0,"PlanTypeId":1,"PlanId":0,"Month":0,"AddressId":null,"UnitId":0,"ServiceId":0,"PartType":null,"PageId":0,"ShowDeleted":false,"LastCallDateTime":null,"PageNumber":null,"pageSize":0}}]}

2016-07-28 13:05:42.2029|INFO|api.Helpers.NLogger|JSON
Method: POST
URL: http://192.168.1.119:6987/profile/addclientunit
Controller : api.Controllers.ProfileController
Action : AddClientUnit
Action Parameters : {"messageFormat":"JSON","messageArguments":[{"request":{"ClientId":3,"UnitName":"","ManufactureDate":null,"PlanTypeId":1,"UnitTon":"","AddressId":2,"UnitTypeId":1,"AutoRenewal":true,"SpecialOffer":null,"Status":null,"OptionalInformation":[{"SplitType":"Packaged","ModelNumber":"","SerialNumber":"","QuantityOfFilter":0,"Filters":[],"QuantityOfFuses":0,"FuseTypes":[],"BoosterTypes":null}],"DeleteOldData":true}}]}

2016-07-28 13:05:48.2529|INFO|api.Helpers.NLogger|JSON
Method: POST
URL: http://192.168.1.119:6987/profile/MyCart
Controller : api.Controllers.ProfileController
Action : MyCart
Action Parameters : {"messageFormat":"JSON","messageArguments":[{"request":{"Email":null,"ClientId":3,"PlanTypeId":0,"PlanId":0,"Month":0,"AddressId":null,"UnitId":0,"ServiceId":0,"PartType":null,"PageId":0,"ShowDeleted":false,"LastCallDateTime":null,"PageNumber":null,"pageSize":0}}]}

2016-07-28 13:05:51.3474|INFO|api.Helpers.NLogger|JSON
Method: POST
URL: http://192.168.1.119:6987/profile/GetCreditCard
Controller : api.Controllers.ProfileController
Action : GetCreditCard
Action Parameters : {"messageFormat":"JSON","messageArguments":[{"request":{"Id":0,"ClientId":3,"CardType":null,"NameOnCard":null,"CardNumber":null,"ExpiryMonth":0,"CVV":0,"ExpiryYear":0,"IsDefaultPayment":null,"StripeCardId":null}}]}

2016-07-28 13:06:09.5213|INFO|api.Helpers.NLogger|JSON
Method: POST
URL: http://192.168.1.119:6987/profile/ValidateCreditCard
Controller : api.Controllers.ProfileController
Action : ValidateCreditCard
Action Parameters : {"messageFormat":"JSON","messageArguments":[{"request":{"ClientId":3,"Address":null,"State":0,"City":0,"ZipCode":null,"PhoneNumber":null,"MobileNumber":null,"CardType":"Visa","NameOnCard":"John","CardNumber":"************1111","CVV":232,"UnitId":null,"ExpiryMonth":7,"ExpiryYear":2016,"StripeCardId":""}}]}

2016-07-28 13:07:04.3752|INFO|api.Helpers.NLogger|JSON
Method: POST
URL: http://192.168.1.119:6987/profile/CheckMyPaymentStatus
Controller : api.Controllers.ProfileController
Action : CheckMyPaymentStatus
Action Parameters : {"messageFormat":"JSON","messageArguments":[{"request":{"ClientId":3,"UnitId":1005}}]}

2016-07-28 13:08:09.1109|INFO|api.Helpers.NLogger|JSON
Method: POST
URL: http://192.168.1.119:6987/profile/ClientDashboard
Controller : api.Controllers.ProfileController
Action : ClientDashboard
Action Parameters : {"messageFormat":"JSON","messageArguments":[{"request":{"Email":null,"ClientId":3,"PlanTypeId":0,"PlanId":0,"Month":0,"AddressId":null,"UnitId":0,"ServiceId":0,"PartType":null,"PageId":0,"ShowDeleted":false,"LastCallDateTime":null,"PageNumber":null,"pageSize":0}}]}

2016-07-28 13:10:46.0344|INFO|api.Helpers.NLogger|JSON
Method: POST
URL: http://192.168.1.119:6987/profile/ClientDashboard
Controller : api.Controllers.ProfileController
Action : ClientDashboard
Action Parameters : {"messageFormat":"JSON","messageArguments":[{"request":{"Email":null,"ClientId":3,"PlanTypeId":0,"PlanId":0,"Month":0,"AddressId":null,"UnitId":0,"ServiceId":0,"PartType":null,"PageId":0,"ShowDeleted":false,"LastCallDateTime":null,"PageNumber":null,"pageSize":0}}]}

2016-07-28 13:10:55.5964|INFO|api.Helpers.NLogger|JSON
Method: GET
URL: http://192.168.1.119:6987/common/getallplantype
Controller : api.Controllers.CommonController
Action : GetAllPlanType
Action Parameters : {"messageFormat":"JSON","messageArguments":[{}]}

2016-07-28 13:10:58.8990|INFO|api.Helpers.NLogger|JSON
Method: GET
URL: http://192.168.1.119:6987/profile/GetClientAddress?ClientId=3
Controller : api.Controllers.ProfileController
Action : GetClientAddress
Action Parameters : {"messageFormat":"JSON","messageArguments":[{"ClientId":3}]}

2016-07-28 13:10:59.4854|INFO|api.Helpers.NLogger|JSON
Method: POST
URL: http://192.168.1.119:6987/common/GetSpecialRateByPlanType
Controller : api.Controllers.CommonController
Action : GetSpecialRateByPlanType
Action Parameters : {"messageFormat":"JSON","messageArguments":[{"request":{"Email":null,"ClientId":0,"PlanTypeId":1,"PlanId":0,"Month":0,"AddressId":null,"UnitId":0,"ServiceId":0,"PartType":null,"PageId":0,"ShowDeleted":false,"LastCallDateTime":null,"PageNumber":null,"pageSize":0}}]}

2016-07-28 13:11:04.1265|INFO|api.Helpers.NLogger|JSON
Method: POST
URL: http://192.168.1.119:6987/profile/addclientunit
Controller : api.Controllers.ProfileController
Action : AddClientUnit
Action Parameters : {"messageFormat":"JSON","messageArguments":[{"request":{"ClientId":3,"UnitName":"","ManufactureDate":null,"PlanTypeId":1,"UnitTon":"","AddressId":2,"UnitTypeId":1,"AutoRenewal":true,"SpecialOffer":null,"Status":null,"OptionalInformation":[{"SplitType":"Packaged","ModelNumber":"","SerialNumber":"","QuantityOfFilter":0,"Filters":[],"QuantityOfFuses":0,"FuseTypes":[],"BoosterTypes":null}],"DeleteOldData":true}}]}

2016-07-28 13:11:06.6771|INFO|api.Helpers.NLogger|JSON
Method: POST
URL: http://192.168.1.119:6987/profile/MyCart
Controller : api.Controllers.ProfileController
Action : MyCart
Action Parameters : {"messageFormat":"JSON","messageArguments":[{"request":{"Email":null,"ClientId":3,"PlanTypeId":0,"PlanId":0,"Month":0,"AddressId":null,"UnitId":0,"ServiceId":0,"PartType":null,"PageId":0,"ShowDeleted":false,"LastCallDateTime":null,"PageNumber":null,"pageSize":0}}]}

2016-07-28 13:11:07.8359|INFO|api.Helpers.NLogger|JSON
Method: POST
URL: http://192.168.1.119:6987/profile/GetCreditCard
Controller : api.Controllers.ProfileController
Action : GetCreditCard
Action Parameters : {"messageFormat":"JSON","messageArguments":[{"request":{"Id":0,"ClientId":3,"CardType":null,"NameOnCard":null,"CardNumber":null,"ExpiryMonth":0,"CVV":0,"ExpiryYear":0,"IsDefaultPayment":null,"StripeCardId":null}}]}

2016-07-28 13:11:15.6955|INFO|api.Helpers.NLogger|JSON
Method: POST
URL: http://192.168.1.119:6987/profile/ValidateCreditCard
Controller : api.Controllers.ProfileController
Action : ValidateCreditCard
Action Parameters : {"messageFormat":"JSON","messageArguments":[{"request":{"ClientId":3,"Address":null,"State":0,"City":0,"ZipCode":null,"PhoneNumber":null,"MobileNumber":null,"CardType":"Visa","NameOnCard":"John","CardNumber":"************1111","CVV":123,"UnitId":null,"ExpiryMonth":7,"ExpiryYear":2016,"StripeCardId":""}}]}

2016-07-28 13:11:15.9756|INFO|api.Helpers.NLogger|JSON
Method: POST
URL: http://192.168.1.119:6987/profile/CheckMyPaymentStatus
Controller : api.Controllers.ProfileController
Action : CheckMyPaymentStatus
Action Parameters : {"messageFormat":"JSON","messageArguments":[{"request":{"ClientId":3,"UnitId":1006}}]}

2016-07-28 13:11:16.0547|INFO|api.Helpers.NLogger|JSON
Method: POST
URL: http://192.168.1.119:6987/profile/CheckMyPaymentStatus
Controller : api.Controllers.ProfileController
Action : CheckMyPaymentStatus
Action Parameters : {"messageFormat":"JSON","messageArguments":[{"request":{"ClientId":3,"UnitId":1006}}]}

2016-07-28 13:11:16.0810|INFO|api.Helpers.NLogger|JSON
Method: POST
URL: http://192.168.1.119:6987/profile/CheckMyPaymentStatus
Controller : api.Controllers.ProfileController
Action : CheckMyPaymentStatus
Action Parameters : {"messageFormat":"JSON","messageArguments":[{"request":{"ClientId":3,"UnitId":1006}}]}

2016-07-28 13:11:16.1070|INFO|api.Helpers.NLogger|JSON
Method: POST
URL: http://192.168.1.119:6987/profile/CheckMyPaymentStatus
Controller : api.Controllers.ProfileController
Action : CheckMyPaymentStatus
Action Parameters : {"messageFormat":"JSON","messageArguments":[{"request":{"ClientId":3,"UnitId":1006}}]}

2016-07-28 13:11:16.1331|INFO|api.Helpers.NLogger|JSON
Method: POST
URL: http://192.168.1.119:6987/profile/CheckMyPaymentStatus
Controller : api.Controllers.ProfileController
Action : CheckMyPaymentStatus
Action Parameters : {"messageFormat":"JSON","messageArguments":[{"request":{"ClientId":3,"UnitId":1006}}]}

2016-07-28 13:11:16.1581|INFO|api.Helpers.NLogger|JSON
Method: POST
URL: http://192.168.1.119:6987/profile/CheckMyPaymentStatus
Controller : api.Controllers.ProfileController
Action : CheckMyPaymentStatus
Action Parameters : {"messageFormat":"JSON","messageArguments":[{"request":{"ClientId":3,"UnitId":1006}}]}

2016-07-28 13:11:16.1841|INFO|api.Helpers.NLogger|JSON
Method: POST
URL: http://192.168.1.119:6987/profile/CheckMyPaymentStatus
Controller : api.Controllers.ProfileController
Action : CheckMyPaymentStatus
Action Parameters : {"messageFormat":"JSON","messageArguments":[{"request":{"ClientId":3,"UnitId":1006}}]}

2016-07-28 13:11:16.2081|INFO|api.Helpers.NLogger|JSON
Method: POST
URL: http://192.168.1.119:6987/profile/CheckMyPaymentStatus
Controller : api.Controllers.ProfileController
Action : CheckMyPaymentStatus
Action Parameters : {"messageFormat":"JSON","messageArguments":[{"request":{"ClientId":3,"UnitId":1006}}]}

2016-07-28 13:11:16.2331|INFO|api.Helpers.NLogger|JSON
Method: POST
URL: http://192.168.1.119:6987/profile/CheckMyPaymentStatus
Controller : api.Controllers.ProfileController
Action : CheckMyPaymentStatus
Action Parameters : {"messageFormat":"JSON","messageArguments":[{"request":{"ClientId":3,"UnitId":1006}}]}

2016-07-28 13:11:16.2671|INFO|api.Helpers.NLogger|JSON
Method: POST
URL: http://192.168.1.119:6987/profile/CheckMyPaymentStatus
Controller : api.Controllers.ProfileController
Action : CheckMyPaymentStatus
Action Parameters : {"messageFormat":"JSON","messageArguments":[{"request":{"ClientId":3,"UnitId":1006}}]}

2016-07-28 13:11:16.2932|INFO|api.Helpers.NLogger|JSON
Method: POST
URL: http://192.168.1.119:6987/profile/CheckMyPaymentStatus
Controller : api.Controllers.ProfileController
Action : CheckMyPaymentStatus
Action Parameters : {"messageFormat":"JSON","messageArguments":[{"request":{"ClientId":3,"UnitId":1006}}]}

2016-07-28 13:11:16.3552|INFO|api.Helpers.NLogger|JSON
Method: POST
URL: http://192.168.1.119:6987/profile/CheckMyPaymentStatus
Controller : api.Controllers.ProfileController
Action : CheckMyPaymentStatus
Action Parameters : {"messageFormat":"JSON","messageArguments":[{"request":{"ClientId":3,"UnitId":1006}}]}

2016-07-28 13:11:16.3942|INFO|api.Helpers.NLogger|JSON
Method: POST
URL: http://192.168.1.119:6987/profile/CheckMyPaymentStatus
Controller : api.Controllers.ProfileController
Action : CheckMyPaymentStatus
Action Parameters : {"messageFormat":"JSON","messageArguments":[{"request":{"ClientId":3,"UnitId":1006}}]}

2016-07-28 13:11:16.4342|INFO|api.Helpers.NLogger|JSON
Method: POST
URL: http://192.168.1.119:6987/profile/CheckMyPaymentStatus
Controller : api.Controllers.ProfileController
Action : CheckMyPaymentStatus
Action Parameters : {"messageFormat":"JSON","messageArguments":[{"request":{"ClientId":3,"UnitId":1006}}]}

2016-07-28 13:11:16.4653|INFO|api.Helpers.NLogger|JSON
Method: POST
URL: http://192.168.1.119:6987/profile/CheckMyPaymentStatus
Controller : api.Controllers.ProfileController
Action : CheckMyPaymentStatus
Action Parameters : {"messageFormat":"JSON","messageArguments":[{"request":{"ClientId":3,"UnitId":1006}}]}

2016-07-28 13:11:16.4933|INFO|api.Helpers.NLogger|JSON
Method: POST
URL: http://192.168.1.119:6987/profile/CheckMyPaymentStatus
Controller : api.Controllers.ProfileController
Action : CheckMyPaymentStatus
Action Parameters : {"messageFormat":"JSON","messageArguments":[{"request":{"ClientId":3,"UnitId":1006}}]}

2016-07-28 13:11:16.5223|INFO|api.Helpers.NLogger|JSON
Method: POST
URL: http://192.168.1.119:6987/profile/CheckMyPaymentStatus
Controller : api.Controllers.ProfileController
Action : CheckMyPaymentStatus
Action Parameters : {"messageFormat":"JSON","messageArguments":[{"request":{"ClientId":3,"UnitId":1006}}]}

2016-07-28 13:11:16.5503|INFO|api.Helpers.NLogger|JSON
Method: POST
URL: http://192.168.1.119:6987/profile/CheckMyPaymentStatus
Controller : api.Controllers.ProfileController
Action : CheckMyPaymentStatus
Action Parameters : {"messageFormat":"JSON","messageArguments":[{"request":{"ClientId":3,"UnitId":1006}}]}

2016-07-28 13:11:16.5773|INFO|api.Helpers.NLogger|JSON
Method: POST
URL: http://192.168.1.119:6987/profile/CheckMyPaymentStatus
Controller : api.Controllers.ProfileController
Action : CheckMyPaymentStatus
Action Parameters : {"messageFormat":"JSON","messageArguments":[{"request":{"ClientId":3,"UnitId":1006}}]}

2016-07-28 13:11:16.6071|INFO|api.Helpers.NLogger|JSON
Method: POST
URL: http://192.168.1.119:6987/profile/CheckMyPaymentStatus
Controller : api.Controllers.ProfileController
Action : CheckMyPaymentStatus
Action Parameters : {"messageFormat":"JSON","messageArguments":[{"request":{"ClientId":3,"UnitId":1006}}]}

2016-07-28 13:11:16.6365|INFO|api.Helpers.NLogger|JSON
Method: POST
URL: http://192.168.1.119:6987/profile/CheckMyPaymentStatus
Controller : api.Controllers.ProfileController
Action : CheckMyPaymentStatus
Action Parameters : {"messageFormat":"JSON","messageArguments":[{"request":{"ClientId":3,"UnitId":1006}}]}

2016-07-28 13:11:16.6645|INFO|api.Helpers.NLogger|JSON
Method: POST
URL: http://192.168.1.119:6987/profile/CheckMyPaymentStatus
Controller : api.Controllers.ProfileController
Action : CheckMyPaymentStatus
Action Parameters : {"messageFormat":"JSON","messageArguments":[{"request":{"ClientId":3,"UnitId":1006}}]}

2016-07-28 13:11:16.6922|INFO|api.Helpers.NLogger|JSON
Method: POST
URL: http://192.168.1.119:6987/profile/CheckMyPaymentStatus
Controller : api.Controllers.ProfileController
Action : CheckMyPaymentStatus
Action Parameters : {"messageFormat":"JSON","messageArguments":[{"request":{"ClientId":3,"UnitId":1006}}]}

2016-07-28 13:11:16.7202|INFO|api.Helpers.NLogger|JSON
Method: POST
URL: http://192.168.1.119:6987/profile/CheckMyPaymentStatus
Controller : api.Controllers.ProfileController
Action : CheckMyPaymentStatus
Action Parameters : {"messageFormat":"JSON","messageArguments":[{"request":{"ClientId":3,"UnitId":1006}}]}

2016-07-28 13:11:16.7467|INFO|api.Helpers.NLogger|JSON
Method: POST
URL: http://192.168.1.119:6987/profile/CheckMyPaymentStatus
Controller : api.Controllers.ProfileController
Action : CheckMyPaymentStatus
Action Parameters : {"messageFormat":"JSON","messageArguments":[{"request":{"ClientId":3,"UnitId":1006}}]}

2016-07-28 13:11:16.7768|INFO|api.Helpers.NLogger|JSON
Method: POST
URL: http://192.168.1.119:6987/profile/CheckMyPaymentStatus
Controller : api.Controllers.ProfileController
Action : CheckMyPaymentStatus
Action Parameters : {"messageFormat":"JSON","messageArguments":[{"request":{"ClientId":3,"UnitId":1006}}]}

2016-07-28 13:11:16.8078|INFO|api.Helpers.NLogger|JSON
Method: POST
URL: http://192.168.1.119:6987/profile/CheckMyPaymentStatus
Controller : api.Controllers.ProfileController
Action : CheckMyPaymentStatus
Action Parameters : {"messageFormat":"JSON","messageArguments":[{"request":{"ClientId":3,"UnitId":1006}}]}

2016-07-28 13:11:16.8328|INFO|api.Helpers.NLogger|JSON
Method: POST
URL: http://192.168.1.119:6987/profile/CheckMyPaymentStatus
Controller : api.Controllers.ProfileController
Action : CheckMyPaymentStatus
Action Parameters : {"messageFormat":"JSON","messageArguments":[{"request":{"ClientId":3,"UnitId":1006}}]}

2016-07-28 13:11:16.8599|INFO|api.Helpers.NLogger|JSON
Method: POST
URL: http://192.168.1.119:6987/profile/CheckMyPaymentStatus
Controller : api.Controllers.ProfileController
Action : CheckMyPaymentStatus
Action Parameters : {"messageFormat":"JSON","messageArguments":[{"request":{"ClientId":3,"UnitId":1006}}]}

2016-07-28 13:11:16.8859|INFO|api.Helpers.NLogger|JSON
Method: POST
URL: http://192.168.1.119:6987/profile/CheckMyPaymentStatus
Controller : api.Controllers.ProfileController
Action : CheckMyPaymentStatus
Action Parameters : {"messageFormat":"JSON","messageArguments":[{"request":{"ClientId":3,"UnitId":1006}}]}

2016-07-28 13:11:16.9110|INFO|api.Helpers.NLogger|JSON
Method: POST
URL: http://192.168.1.119:6987/profile/CheckMyPaymentStatus
Controller : api.Controllers.ProfileController
Action : CheckMyPaymentStatus
Action Parameters : {"messageFormat":"JSON","messageArguments":[{"request":{"ClientId":3,"UnitId":1006}}]}

2016-07-28 13:11:16.9364|INFO|api.Helpers.NLogger|JSON
Method: POST
URL: http://192.168.1.119:6987/profile/CheckMyPaymentStatus
Controller : api.Controllers.ProfileController
Action : CheckMyPaymentStatus
Action Parameters : {"messageFormat":"JSON","messageArguments":[{"request":{"ClientId":3,"UnitId":1006}}]}

2016-07-28 13:11:16.9628|INFO|api.Helpers.NLogger|JSON
Method: POST
URL: http://192.168.1.119:6987/profile/CheckMyPaymentStatus
Controller : api.Controllers.ProfileController
Action : CheckMyPaymentStatus
Action Parameters : {"messageFormat":"JSON","messageArguments":[{"request":{"ClientId":3,"UnitId":1006}}]}

2016-07-28 13:11:16.9892|INFO|api.Helpers.NLogger|JSON
Method: POST
URL: http://192.168.1.119:6987/profile/CheckMyPaymentStatus
Controller : api.Controllers.ProfileController
Action : CheckMyPaymentStatus
Action Parameters : {"messageFormat":"JSON","messageArguments":[{"request":{"ClientId":3,"UnitId":1006}}]}

2016-07-28 13:11:17.0164|INFO|api.Helpers.NLogger|JSON
Method: POST
URL: http://192.168.1.119:6987/profile/CheckMyPaymentStatus
Controller : api.Controllers.ProfileController
Action : CheckMyPaymentStatus
Action Parameters : {"messageFormat":"JSON","messageArguments":[{"request":{"ClientId":3,"UnitId":1006}}]}

2016-07-28 13:11:17.0444|INFO|api.Helpers.NLogger|JSON
Method: POST
URL: http://192.168.1.119:6987/profile/CheckMyPaymentStatus
Controller : api.Controllers.ProfileController
Action : CheckMyPaymentStatus
Action Parameters : {"messageFormat":"JSON","messageArguments":[{"request":{"ClientId":3,"UnitId":1006}}]}

2016-07-28 13:11:17.0765|INFO|api.Helpers.NLogger|JSON
Method: POST
URL: http://192.168.1.119:6987/profile/CheckMyPaymentStatus
Controller : api.Controllers.ProfileController
Action : CheckMyPaymentStatus
Action Parameters : {"messageFormat":"JSON","messageArguments":[{"request":{"ClientId":3,"UnitId":1006}}]}

2016-07-28 13:11:17.1036|INFO|api.Helpers.NLogger|JSON
Method: POST
URL: http://192.168.1.119:6987/profile/CheckMyPaymentStatus
Controller : api.Controllers.ProfileController
Action : CheckMyPaymentStatus
Action Parameters : {"messageFormat":"JSON","messageArguments":[{"request":{"ClientId":3,"UnitId":1006}}]}

2016-07-28 13:11:17.1296|INFO|api.Helpers.NLogger|JSON
Method: POST
URL: http://192.168.1.119:6987/profile/CheckMyPaymentStatus
Controller : api.Controllers.ProfileController
Action : CheckMyPaymentStatus
Action Parameters : {"messageFormat":"JSON","messageArguments":[{"request":{"ClientId":3,"UnitId":1006}}]}

2016-07-28 13:11:17.1544|INFO|api.Helpers.NLogger|JSON
Method: POST
URL: http://192.168.1.119:6987/profile/CheckMyPaymentStatus
Controller : api.Controllers.ProfileController
Action : CheckMyPaymentStatus
Action Parameters : {"messageFormat":"JSON","messageArguments":[{"request":{"ClientId":3,"UnitId":1006}}]}

2016-07-28 13:11:17.1817|INFO|api.Helpers.NLogger|JSON
Method: POST
URL: http://192.168.1.119:6987/profile/CheckMyPaymentStatus
Controller : api.Controllers.ProfileController
Action : CheckMyPaymentStatus
Action Parameters : {"messageFormat":"JSON","messageArguments":[{"request":{"ClientId":3,"UnitId":1006}}]}

2016-07-28 13:11:17.2065|INFO|api.Helpers.NLogger|JSON
Method: POST
URL: http://192.168.1.119:6987/profile/CheckMyPaymentStatus
Controller : api.Controllers.ProfileController
Action : CheckMyPaymentStatus
Action Parameters : {"messageFormat":"JSON","messageArguments":[{"request":{"ClientId":3,"UnitId":1006}}]}

2016-07-28 13:11:17.2323|INFO|api.Helpers.NLogger|JSON
Method: POST
URL: http://192.168.1.119:6987/profile/CheckMyPaymentStatus
Controller : api.Controllers.ProfileController
Action : CheckMyPaymentStatus
Action Parameters : {"messageFormat":"JSON","messageArguments":[{"request":{"ClientId":3,"UnitId":1006}}]}

2016-07-28 13:11:17.2586|INFO|api.Helpers.NLogger|JSON
Method: POST
URL: http://192.168.1.119:6987/profile/CheckMyPaymentStatus
Controller : api.Controllers.ProfileController
Action : CheckMyPaymentStatus
Action Parameters : {"messageFormat":"JSON","messageArguments":[{"request":{"ClientId":3,"UnitId":1006}}]}

2016-07-28 13:11:17.2838|INFO|api.Helpers.NLogger|JSON
Method: POST
URL: http://192.168.1.119:6987/profile/CheckMyPaymentStatus
Controller : api.Controllers.ProfileController
Action : CheckMyPaymentStatus
Action Parameters : {"messageFormat":"JSON","messageArguments":[{"request":{"ClientId":3,"UnitId":1006}}]}

2016-07-28 13:11:17.3087|INFO|api.Helpers.NLogger|JSON
Method: POST
URL: http://192.168.1.119:6987/profile/CheckMyPaymentStatus
Controller : api.Controllers.ProfileController
Action : CheckMyPaymentStatus
Action Parameters : {"messageFormat":"JSON","messageArguments":[{"request":{"ClientId":3,"UnitId":1006}}]}

2016-07-28 13:11:17.3367|INFO|api.Helpers.NLogger|JSON
Method: POST
URL: http://192.168.1.119:6987/profile/CheckMyPaymentStatus
Controller : api.Controllers.ProfileController
Action : CheckMyPaymentStatus
Action Parameters : {"messageFormat":"JSON","messageArguments":[{"request":{"ClientId":3,"UnitId":1006}}]}

2016-07-28 13:11:17.3627|INFO|api.Helpers.NLogger|JSON
Method: POST
URL: http://192.168.1.119:6987/profile/CheckMyPaymentStatus
Controller : api.Controllers.ProfileController
Action : CheckMyPaymentStatus
Action Parameters : {"messageFormat":"JSON","messageArguments":[{"request":{"ClientId":3,"UnitId":1006}}]}

2016-07-28 13:11:17.3908|INFO|api.Helpers.NLogger|JSON
Method: POST
URL: http://192.168.1.119:6987/profile/CheckMyPaymentStatus
Controller : api.Controllers.ProfileController
Action : CheckMyPaymentStatus
Action Parameters : {"messageFormat":"JSON","messageArguments":[{"request":{"ClientId":3,"UnitId":1006}}]}

2016-07-28 13:11:17.4190|INFO|api.Helpers.NLogger|JSON
Method: POST
URL: http://192.168.1.119:6987/profile/CheckMyPaymentStatus
Controller : api.Controllers.ProfileController
Action : CheckMyPaymentStatus
Action Parameters : {"messageFormat":"JSON","messageArguments":[{"request":{"ClientId":3,"UnitId":1006}}]}

2016-07-28 13:11:17.4442|INFO|api.Helpers.NLogger|JSON
Method: POST
URL: http://192.168.1.119:6987/profile/CheckMyPaymentStatus
Controller : api.Controllers.ProfileController
Action : CheckMyPaymentStatus
Action Parameters : {"messageFormat":"JSON","messageArguments":[{"request":{"ClientId":3,"UnitId":1006}}]}

2016-07-28 13:11:17.4693|INFO|api.Helpers.NLogger|JSON
Method: POST
URL: http://192.168.1.119:6987/profile/CheckMyPaymentStatus
Controller : api.Controllers.ProfileController
Action : CheckMyPaymentStatus
Action Parameters : {"messageFormat":"JSON","messageArguments":[{"request":{"ClientId":3,"UnitId":1006}}]}

2016-07-28 13:11:17.4945|INFO|api.Helpers.NLogger|JSON
Method: POST
URL: http://192.168.1.119:6987/profile/CheckMyPaymentStatus
Controller : api.Controllers.ProfileController
Action : CheckMyPaymentStatus
Action Parameters : {"messageFormat":"JSON","messageArguments":[{"request":{"ClientId":3,"UnitId":1006}}]}

2016-07-28 13:11:17.5207|INFO|api.Helpers.NLogger|JSON
Method: POST
URL: http://192.168.1.119:6987/profile/CheckMyPaymentStatus
Controller : api.Controllers.ProfileController
Action : CheckMyPaymentStatus
Action Parameters : {"messageFormat":"JSON","messageArguments":[{"request":{"ClientId":3,"UnitId":1006}}]}

2016-07-28 13:11:17.5488|INFO|api.Helpers.NLogger|JSON
Method: POST
URL: http://192.168.1.119:6987/profile/CheckMyPaymentStatus
Controller : api.Controllers.ProfileController
Action : CheckMyPaymentStatus
Action Parameters : {"messageFormat":"JSON","messageArguments":[{"request":{"ClientId":3,"UnitId":1006}}]}

2016-07-28 13:11:17.5761|INFO|api.Helpers.NLogger|JSON
Method: POST
URL: http://192.168.1.119:6987/profile/CheckMyPaymentStatus
Controller : api.Controllers.ProfileController
Action : CheckMyPaymentStatus
Action Parameters : {"messageFormat":"JSON","messageArguments":[{"request":{"ClientId":3,"UnitId":1006}}]}

2016-07-28 13:11:17.6018|INFO|api.Helpers.NLogger|JSON
Method: POST
URL: http://192.168.1.119:6987/profile/CheckMyPaymentStatus
Controller : api.Controllers.ProfileController
Action : CheckMyPaymentStatus
Action Parameters : {"messageFormat":"JSON","messageArguments":[{"request":{"ClientId":3,"UnitId":1006}}]}

2016-07-28 13:11:17.6292|INFO|api.Helpers.NLogger|JSON
Method: POST
URL: http://192.168.1.119:6987/profile/CheckMyPaymentStatus
Controller : api.Controllers.ProfileController
Action : CheckMyPaymentStatus
Action Parameters : {"messageFormat":"JSON","messageArguments":[{"request":{"ClientId":3,"UnitId":1006}}]}

2016-07-28 13:11:17.6558|INFO|api.Helpers.NLogger|JSON
Method: POST
URL: http://192.168.1.119:6987/profile/CheckMyPaymentStatus
Controller : api.Controllers.ProfileController
Action : CheckMyPaymentStatus
Action Parameters : {"messageFormat":"JSON","messageArguments":[{"request":{"ClientId":3,"UnitId":1006}}]}

2016-07-28 13:11:17.6831|INFO|api.Helpers.NLogger|JSON
Method: POST
URL: http://192.168.1.119:6987/profile/CheckMyPaymentStatus
Controller : api.Controllers.ProfileController
Action : CheckMyPaymentStatus
Action Parameters : {"messageFormat":"JSON","messageArguments":[{"request":{"ClientId":3,"UnitId":1006}}]}

2016-07-28 13:11:17.7098|INFO|api.Helpers.NLogger|JSON
Method: POST
URL: http://192.168.1.119:6987/profile/CheckMyPaymentStatus
Controller : api.Controllers.ProfileController
Action : CheckMyPaymentStatus
Action Parameters : {"messageFormat":"JSON","messageArguments":[{"request":{"ClientId":3,"UnitId":1006}}]}

2016-07-28 13:11:17.7368|INFO|api.Helpers.NLogger|JSON
Method: POST
URL: http://192.168.1.119:6987/profile/CheckMyPaymentStatus
Controller : api.Controllers.ProfileController
Action : CheckMyPaymentStatus
Action Parameters : {"messageFormat":"JSON","messageArguments":[{"request":{"ClientId":3,"UnitId":1006}}]}

2016-07-28 13:11:17.7654|INFO|api.Helpers.NLogger|JSON
Method: POST
URL: http://192.168.1.119:6987/profile/CheckMyPaymentStatus
Controller : api.Controllers.ProfileController
Action : CheckMyPaymentStatus
Action Parameters : {"messageFormat":"JSON","messageArguments":[{"request":{"ClientId":3,"UnitId":1006}}]}

2016-07-28 13:11:17.7917|INFO|api.Helpers.NLogger|JSON
Method: POST
URL: http://192.168.1.119:6987/profile/CheckMyPaymentStatus
Controller : api.Controllers.ProfileController
Action : CheckMyPaymentStatus
Action Parameters : {"messageFormat":"JSON","messageArguments":[{"request":{"ClientId":3,"UnitId":1006}}]}

2016-07-28 13:11:17.8187|INFO|api.Helpers.NLogger|JSON
Method: POST
URL: http://192.168.1.119:6987/profile/CheckMyPaymentStatus
Controller : api.Controllers.ProfileController
Action : CheckMyPaymentStatus
Action Parameters : {"messageFormat":"JSON","messageArguments":[{"request":{"ClientId":3,"UnitId":1006}}]}

2016-07-28 13:11:17.8479|INFO|api.Helpers.NLogger|JSON
Method: POST
URL: http://192.168.1.119:6987/profile/CheckMyPaymentStatus
Controller : api.Controllers.ProfileController
Action : CheckMyPaymentStatus
Action Parameters : {"messageFormat":"JSON","messageArguments":[{"request":{"ClientId":3,"UnitId":1006}}]}

2016-07-28 13:11:17.8769|INFO|api.Helpers.NLogger|JSON
Method: POST
URL: http://192.168.1.119:6987/profile/CheckMyPaymentStatus
Controller : api.Controllers.ProfileController
Action : CheckMyPaymentStatus
Action Parameters : {"messageFormat":"JSON","messageArguments":[{"request":{"ClientId":3,"UnitId":1006}}]}

2016-07-28 13:11:17.9079|INFO|api.Helpers.NLogger|JSON
Method: POST
URL: http://192.168.1.119:6987/profile/CheckMyPaymentStatus
Controller : api.Controllers.ProfileController
Action : CheckMyPaymentStatus
Action Parameters : {"messageFormat":"JSON","messageArguments":[{"request":{"ClientId":3,"UnitId":1006}}]}

2016-07-28 13:11:17.9350|INFO|api.Helpers.NLogger|JSON
Method: POST
URL: http://192.168.1.119:6987/profile/CheckMyPaymentStatus
Controller : api.Controllers.ProfileController
Action : CheckMyPaymentStatus
Action Parameters : {"messageFormat":"JSON","messageArguments":[{"request":{"ClientId":3,"UnitId":1006}}]}

2016-07-28 13:11:17.9622|INFO|api.Helpers.NLogger|JSON
Method: POST
URL: http://192.168.1.119:6987/profile/CheckMyPaymentStatus
Controller : api.Controllers.ProfileController
Action : CheckMyPaymentStatus
Action Parameters : {"messageFormat":"JSON","messageArguments":[{"request":{"ClientId":3,"UnitId":1006}}]}

2016-07-28 13:11:17.9948|INFO|api.Helpers.NLogger|JSON
Method: POST
URL: http://192.168.1.119:6987/profile/CheckMyPaymentStatus
Controller : api.Controllers.ProfileController
Action : CheckMyPaymentStatus
Action Parameters : {"messageFormat":"JSON","messageArguments":[{"request":{"ClientId":3,"UnitId":1006}}]}

2016-07-28 13:11:18.0219|INFO|api.Helpers.NLogger|JSON
Method: POST
URL: http://192.168.1.119:6987/profile/CheckMyPaymentStatus
Controller : api.Controllers.ProfileController
Action : CheckMyPaymentStatus
Action Parameters : {"messageFormat":"JSON","messageArguments":[{"request":{"ClientId":3,"UnitId":1006}}]}

2016-07-28 13:11:18.0511|INFO|api.Helpers.NLogger|JSON
Method: POST
URL: http://192.168.1.119:6987/profile/CheckMyPaymentStatus
Controller : api.Controllers.ProfileController
Action : CheckMyPaymentStatus
Action Parameters : {"messageFormat":"JSON","messageArguments":[{"request":{"ClientId":3,"UnitId":1006}}]}

2016-07-28 13:11:18.0762|INFO|api.Helpers.NLogger|JSON
Method: POST
URL: http://192.168.1.119:6987/profile/CheckMyPaymentStatus
Controller : api.Controllers.ProfileController
Action : CheckMyPaymentStatus
Action Parameters : {"messageFormat":"JSON","messageArguments":[{"request":{"ClientId":3,"UnitId":1006}}]}

2016-07-28 13:11:18.1042|INFO|api.Helpers.NLogger|JSON
Method: POST
URL: http://192.168.1.119:6987/profile/CheckMyPaymentStatus
Controller : api.Controllers.ProfileController
Action : CheckMyPaymentStatus
Action Parameters : {"messageFormat":"JSON","messageArguments":[{"request":{"ClientId":3,"UnitId":1006}}]}

2016-07-28 13:11:18.1292|INFO|api.Helpers.NLogger|JSON
Method: POST
URL: http://192.168.1.119:6987/profile/CheckMyPaymentStatus
Controller : api.Controllers.ProfileController
Action : CheckMyPaymentStatus
Action Parameters : {"messageFormat":"JSON","messageArguments":[{"request":{"ClientId":3,"UnitId":1006}}]}

2016-07-28 13:11:18.1545|INFO|api.Helpers.NLogger|JSON
Method: POST
URL: http://192.168.1.119:6987/profile/CheckMyPaymentStatus
Controller : api.Controllers.ProfileController
Action : CheckMyPaymentStatus
Action Parameters : {"messageFormat":"JSON","messageArguments":[{"request":{"ClientId":3,"UnitId":1006}}]}

2016-07-28 13:11:18.1812|INFO|api.Helpers.NLogger|JSON
Method: POST
URL: http://192.168.1.119:6987/profile/CheckMyPaymentStatus
Controller : api.Controllers.ProfileController
Action : CheckMyPaymentStatus
Action Parameters : {"messageFormat":"JSON","messageArguments":[{"request":{"ClientId":3,"UnitId":1006}}]}

2016-07-28 13:11:18.2079|INFO|api.Helpers.NLogger|JSON
Method: POST
URL: http://192.168.1.119:6987/profile/CheckMyPaymentStatus
Controller : api.Controllers.ProfileController
Action : CheckMyPaymentStatus
Action Parameters : {"messageFormat":"JSON","messageArguments":[{"request":{"ClientId":3,"UnitId":1006}}]}

2016-07-28 13:11:18.2342|INFO|api.Helpers.NLogger|JSON
Method: POST
URL: http://192.168.1.119:6987/profile/CheckMyPaymentStatus
Controller : api.Controllers.ProfileController
Action : CheckMyPaymentStatus
Action Parameters : {"messageFormat":"JSON","messageArguments":[{"request":{"ClientId":3,"UnitId":1006}}]}

2016-07-28 13:11:18.6360|INFO|api.Helpers.NLogger|JSON
Method: POST
URL: http://192.168.1.119:6987/profile/CheckMyPaymentStatus
Controller : api.Controllers.ProfileController
Action : CheckMyPaymentStatus
Action Parameters : {"messageFormat":"JSON","messageArguments":[{"request":{"ClientId":3,"UnitId":1006}}]}

2016-07-28 13:11:18.6650|INFO|api.Helpers.NLogger|JSON
Method: POST
URL: http://192.168.1.119:6987/profile/CheckMyPaymentStatus
Controller : api.Controllers.ProfileController
Action : CheckMyPaymentStatus
Action Parameters : {"messageFormat":"JSON","messageArguments":[{"request":{"ClientId":3,"UnitId":1006}}]}

2016-07-28 13:11:18.6923|INFO|api.Helpers.NLogger|JSON
Method: POST
URL: http://192.168.1.119:6987/profile/CheckMyPaymentStatus
Controller : api.Controllers.ProfileController
Action : CheckMyPaymentStatus
Action Parameters : {"messageFormat":"JSON","messageArguments":[{"request":{"ClientId":3,"UnitId":1006}}]}

2016-07-28 13:11:18.7183|INFO|api.Helpers.NLogger|JSON
Method: POST
URL: http://192.168.1.119:6987/profile/CheckMyPaymentStatus
Controller : api.Controllers.ProfileController
Action : CheckMyPaymentStatus
Action Parameters : {"messageFormat":"JSON","messageArguments":[{"request":{"ClientId":3,"UnitId":1006}}]}

2016-07-28 13:11:18.7454|INFO|api.Helpers.NLogger|JSON
Method: POST
URL: http://192.168.1.119:6987/profile/CheckMyPaymentStatus
Controller : api.Controllers.ProfileController
Action : CheckMyPaymentStatus
Action Parameters : {"messageFormat":"JSON","messageArguments":[{"request":{"ClientId":3,"UnitId":1006}}]}

2016-07-28 13:11:18.7737|INFO|api.Helpers.NLogger|JSON
Method: POST
URL: http://192.168.1.119:6987/profile/CheckMyPaymentStatus
Controller : api.Controllers.ProfileController
Action : CheckMyPaymentStatus
Action Parameters : {"messageFormat":"JSON","messageArguments":[{"request":{"ClientId":3,"UnitId":1006}}]}

2016-07-28 13:11:18.7998|INFO|api.Helpers.NLogger|JSON
Method: POST
URL: http://192.168.1.119:6987/profile/CheckMyPaymentStatus
Controller : api.Controllers.ProfileController
Action : CheckMyPaymentStatus
Action Parameters : {"messageFormat":"JSON","messageArguments":[{"request":{"ClientId":3,"UnitId":1006}}]}

2016-07-28 13:11:18.8276|INFO|api.Helpers.NLogger|JSON
Method: POST
URL: http://192.168.1.119:6987/profile/CheckMyPaymentStatus
Controller : api.Controllers.ProfileController
Action : CheckMyPaymentStatus
Action Parameters : {"messageFormat":"JSON","messageArguments":[{"request":{"ClientId":3,"UnitId":1006}}]}

2016-07-28 13:11:18.8534|INFO|api.Helpers.NLogger|JSON
Method: POST
URL: http://192.168.1.119:6987/profile/CheckMyPaymentStatus
Controller : api.Controllers.ProfileController
Action : CheckMyPaymentStatus
Action Parameters : {"messageFormat":"JSON","messageArguments":[{"request":{"ClientId":3,"UnitId":1006}}]}

2016-07-28 13:11:19.2959|INFO|api.Helpers.NLogger|JSON
Method: POST
URL: http://192.168.1.119:6987/profile/CheckMyPaymentStatus
Controller : api.Controllers.ProfileController
Action : CheckMyPaymentStatus
Action Parameters : {"messageFormat":"JSON","messageArguments":[{"request":{"ClientId":3,"UnitId":1006}}]}

2016-07-28 13:11:19.3419|INFO|api.Helpers.NLogger|JSON
Method: POST
URL: http://192.168.1.119:6987/profile/CheckMyPaymentStatus
Controller : api.Controllers.ProfileController
Action : CheckMyPaymentStatus
Action Parameters : {"messageFormat":"JSON","messageArguments":[{"request":{"ClientId":3,"UnitId":1006}}]}

2016-07-28 13:11:19.3740|INFO|api.Helpers.NLogger|JSON
Method: POST
URL: http://192.168.1.119:6987/profile/CheckMyPaymentStatus
Controller : api.Controllers.ProfileController
Action : CheckMyPaymentStatus
Action Parameters : {"messageFormat":"JSON","messageArguments":[{"request":{"ClientId":3,"UnitId":1006}}]}

2016-07-28 13:11:19.4060|INFO|api.Helpers.NLogger|JSON
Method: POST
URL: http://192.168.1.119:6987/profile/CheckMyPaymentStatus
Controller : api.Controllers.ProfileController
Action : CheckMyPaymentStatus
Action Parameters : {"messageFormat":"JSON","messageArguments":[{"request":{"ClientId":3,"UnitId":1006}}]}

2016-07-28 13:11:19.4360|INFO|api.Helpers.NLogger|JSON
Method: POST
URL: http://192.168.1.119:6987/profile/CheckMyPaymentStatus
Controller : api.Controllers.ProfileController
Action : CheckMyPaymentStatus
Action Parameters : {"messageFormat":"JSON","messageArguments":[{"request":{"ClientId":3,"UnitId":1006}}]}

2016-07-28 13:12:29.0949|INFO|api.Helpers.NLogger|JSON
Method: POST
URL: http://192.168.1.119:6987/profile/ClientDashboard
Controller : api.Controllers.ProfileController
Action : ClientDashboard
Action Parameters : {"messageFormat":"JSON","messageArguments":[{"request":{"Email":null,"ClientId":3,"PlanTypeId":0,"PlanId":0,"Month":0,"AddressId":null,"UnitId":0,"ServiceId":0,"PartType":null,"PageId":0,"ShowDeleted":false,"LastCallDateTime":null,"PageNumber":null,"pageSize":0}}]}

2016-07-28 13:12:46.6692|INFO|api.Helpers.NLogger|JSON
Method: GET
URL: http://192.168.1.119:6987/common/getallplantype
Controller : api.Controllers.CommonController
Action : GetAllPlanType
Action Parameters : {"messageFormat":"JSON","messageArguments":[{}]}

2016-07-28 13:12:48.6116|INFO|api.Helpers.NLogger|JSON
Method: GET
URL: http://192.168.1.119:6987/profile/GetClientAddress?ClientId=3
Controller : api.Controllers.ProfileController
Action : GetClientAddress
Action Parameters : {"messageFormat":"JSON","messageArguments":[{"ClientId":3}]}

2016-07-28 13:12:49.2474|INFO|api.Helpers.NLogger|JSON
Method: POST
URL: http://192.168.1.119:6987/common/GetSpecialRateByPlanType
Controller : api.Controllers.CommonController
Action : GetSpecialRateByPlanType
Action Parameters : {"messageFormat":"JSON","messageArguments":[{"request":{"Email":null,"ClientId":0,"PlanTypeId":1,"PlanId":0,"Month":0,"AddressId":null,"UnitId":0,"ServiceId":0,"PartType":null,"PageId":0,"ShowDeleted":false,"LastCallDateTime":null,"PageNumber":null,"pageSize":0}}]}

2016-07-28 13:12:53.8235|INFO|api.Helpers.NLogger|JSON
Method: POST
URL: http://192.168.1.119:6987/profile/addclientunit
Controller : api.Controllers.ProfileController
Action : AddClientUnit
Action Parameters : {"messageFormat":"JSON","messageArguments":[{"request":{"ClientId":3,"UnitName":"","ManufactureDate":null,"PlanTypeId":1,"UnitTon":"","AddressId":2,"UnitTypeId":1,"AutoRenewal":true,"SpecialOffer":null,"Status":null,"OptionalInformation":[{"SplitType":"Packaged","ModelNumber":"","SerialNumber":"","QuantityOfFilter":0,"Filters":[],"QuantityOfFuses":0,"FuseTypes":[],"BoosterTypes":null}],"DeleteOldData":true}}]}

2016-07-28 13:14:38.3907|INFO|api.Helpers.NLogger|JSON
Method: POST
URL: http://192.168.1.119:6987/profile/addclientunit
Controller : api.Controllers.ProfileController
Action : AddClientUnit
Action Parameters : {"messageFormat":"JSON","messageArguments":[{"request":{"ClientId":3,"UnitName":"","ManufactureDate":null,"PlanTypeId":1,"UnitTon":"","AddressId":2,"UnitTypeId":1,"AutoRenewal":true,"SpecialOffer":null,"Status":null,"OptionalInformation":[{"SplitType":"Packaged","ModelNumber":"","SerialNumber":"","QuantityOfFilter":0,"Filters":[],"QuantityOfFuses":0,"FuseTypes":[],"BoosterTypes":null}],"DeleteOldData":true}}]}

2016-07-28 13:18:17.4969|INFO|api.Helpers.NLogger|JSON
Method: POST
URL: http://192.168.1.119:6987/profile/addclientunit
Controller : api.Controllers.ProfileController
Action : AddClientUnit
Action Parameters : {"messageFormat":"JSON","messageArguments":[{"request":{"ClientId":3,"UnitName":"","ManufactureDate":null,"PlanTypeId":1,"UnitTon":"","AddressId":2,"UnitTypeId":1,"AutoRenewal":true,"SpecialOffer":null,"Status":null,"OptionalInformation":[{"SplitType":"Packaged","ModelNumber":"","SerialNumber":"","QuantityOfFilter":0,"Filters":[],"QuantityOfFuses":0,"FuseTypes":[],"BoosterTypes":null}],"DeleteOldData":true}}]}

2016-07-28 14:36:33.8186|INFO|api.Helpers.NLogger|JSON
Method: POST
URL: http://192.168.1.119:6987/profile/ClientDashboard
Controller : api.Controllers.ProfileController
Action : ClientDashboard
Action Parameters : {"messageFormat":"JSON","messageArguments":[{"request":{"Email":null,"ClientId":3,"PlanTypeId":0,"PlanId":0,"Month":0,"AddressId":null,"UnitId":0,"ServiceId":0,"PartType":null,"PageId":0,"ShowDeleted":false,"LastCallDateTime":null,"PageNumber":null,"pageSize":0}}]}

2016-07-28 14:36:42.6552|INFO|api.Helpers.NLogger|JSON
Method: GET
URL: http://192.168.1.119:6987/common/getallplantype
Controller : api.Controllers.CommonController
Action : GetAllPlanType
Action Parameters : {"messageFormat":"JSON","messageArguments":[{}]}

2016-07-28 14:36:42.7739|INFO|api.Helpers.NLogger|JSON
Method: GET
URL: http://192.168.1.119:6987/profile/GetClientAddress?ClientId=3
Controller : api.Controllers.ProfileController
Action : GetClientAddress
Action Parameters : {"messageFormat":"JSON","messageArguments":[{"ClientId":3}]}

2016-07-28 14:36:43.1081|INFO|api.Helpers.NLogger|JSON
Method: POST
URL: http://192.168.1.119:6987/common/GetSpecialRateByPlanType
Controller : api.Controllers.CommonController
Action : GetSpecialRateByPlanType
Action Parameters : {"messageFormat":"JSON","messageArguments":[{"request":{"Email":null,"ClientId":0,"PlanTypeId":1,"PlanId":0,"Month":0,"AddressId":null,"UnitId":0,"ServiceId":0,"PartType":null,"PageId":0,"ShowDeleted":false,"LastCallDateTime":null,"PageNumber":null,"pageSize":0}}]}

2016-07-28 14:36:43.9997|INFO|api.Helpers.NLogger|JSON
Method: POST
URL: http://192.168.1.119:6987/profile/addclientunit
Controller : api.Controllers.ProfileController
Action : AddClientUnit
Action Parameters : {"messageFormat":"JSON","messageArguments":[{"request":{"ClientId":3,"UnitName":"","ManufactureDate":null,"PlanTypeId":1,"UnitTon":"","AddressId":2,"UnitTypeId":1,"AutoRenewal":true,"SpecialOffer":null,"Status":null,"OptionalInformation":[{"SplitType":"Packaged","ModelNumber":"","SerialNumber":"","QuantityOfFilter":0,"Filters":[],"QuantityOfFuses":0,"FuseTypes":[],"BoosterTypes":null}],"DeleteOldData":true}}]}

2016-07-28 14:36:48.1013|INFO|api.Helpers.NLogger|JSON
Method: GET
URL: http://192.168.1.119:6987/common/getallplantype
Controller : api.Controllers.CommonController
Action : GetAllPlanType
Action Parameters : {"messageFormat":"JSON","messageArguments":[{}]}

2016-07-28 14:36:48.1343|INFO|api.Helpers.NLogger|JSON
Method: GET
URL: http://192.168.1.119:6987/profile/GetClientAddress?ClientId=3
Controller : api.Controllers.ProfileController
Action : GetClientAddress
Action Parameters : {"messageFormat":"JSON","messageArguments":[{"ClientId":3}]}

2016-07-28 14:36:48.1927|INFO|api.Helpers.NLogger|JSON
Method: POST
URL: http://192.168.1.119:6987/common/GetSpecialRateByPlanType
Controller : api.Controllers.CommonController
Action : GetSpecialRateByPlanType
Action Parameters : {"messageFormat":"JSON","messageArguments":[{"request":{"Email":null,"ClientId":0,"PlanTypeId":1,"PlanId":0,"Month":0,"AddressId":null,"UnitId":0,"ServiceId":0,"PartType":null,"PageId":0,"ShowDeleted":false,"LastCallDateTime":null,"PageNumber":null,"pageSize":0}}]}

2016-07-28 14:36:51.1568|INFO|api.Helpers.NLogger|JSON
Method: POST
URL: http://192.168.1.119:6987/profile/addclientunit
Controller : api.Controllers.ProfileController
Action : AddClientUnit
Action Parameters : {"messageFormat":"JSON","messageArguments":[{"request":{"ClientId":3,"UnitName":"","ManufactureDate":null,"PlanTypeId":1,"UnitTon":"","AddressId":2,"UnitTypeId":1,"AutoRenewal":false,"SpecialOffer":null,"Status":null,"OptionalInformation":[{"SplitType":"Packaged","ModelNumber":"","SerialNumber":"","QuantityOfFilter":0,"Filters":[],"QuantityOfFuses":0,"FuseTypes":[],"BoosterTypes":null}],"DeleteOldData":false}}]}

2016-07-28 14:36:53.8945|INFO|api.Helpers.NLogger|JSON
Method: POST
URL: http://192.168.1.119:6987/profile/MyCart
Controller : api.Controllers.ProfileController
Action : MyCart
Action Parameters : {"messageFormat":"JSON","messageArguments":[{"request":{"Email":null,"ClientId":3,"PlanTypeId":0,"PlanId":0,"Month":0,"AddressId":null,"UnitId":0,"ServiceId":0,"PartType":null,"PageId":0,"ShowDeleted":false,"LastCallDateTime":null,"PageNumber":null,"pageSize":0}}]}

2016-07-28 14:36:54.7396|INFO|api.Helpers.NLogger|JSON
Method: POST
URL: http://192.168.1.119:6987/profile/GetCreditCard
Controller : api.Controllers.ProfileController
Action : GetCreditCard
Action Parameters : {"messageFormat":"JSON","messageArguments":[{"request":{"Id":0,"ClientId":3,"CardType":null,"NameOnCard":null,"CardNumber":null,"ExpiryMonth":0,"CVV":0,"ExpiryYear":0,"IsDefaultPayment":null,"StripeCardId":null}}]}

2016-07-28 14:37:01.2007|INFO|api.Helpers.NLogger|JSON
Method: POST
URL: http://192.168.1.119:6987/profile/ValidateCreditCard
Controller : api.Controllers.ProfileController
Action : ValidateCreditCard
Action Parameters : {"messageFormat":"JSON","messageArguments":[{"request":{"ClientId":3,"Address":null,"State":0,"City":0,"ZipCode":null,"PhoneNumber":null,"MobileNumber":null,"CardType":"Visa","NameOnCard":"John","CardNumber":"************1111","CVV":123,"UnitId":null,"ExpiryMonth":7,"ExpiryYear":2016,"StripeCardId":""}}]}

2016-07-28 14:37:01.5105|INFO|api.Helpers.NLogger|JSON
Method: POST
URL: http://192.168.1.119:6987/profile/CheckMyPaymentStatus
Controller : api.Controllers.ProfileController
Action : CheckMyPaymentStatus
Action Parameters : {"messageFormat":"JSON","messageArguments":[{"request":{"ClientId":3,"UnitId":2004}}]}

2016-07-28 14:37:01.6886|INFO|api.Helpers.NLogger|JSON
Method: POST
URL: http://192.168.1.119:6987/profile/CheckMyPaymentStatus
Controller : api.Controllers.ProfileController
Action : CheckMyPaymentStatus
Action Parameters : {"messageFormat":"JSON","messageArguments":[{"request":{"ClientId":3,"UnitId":2004}}]}

2016-07-28 14:37:01.7186|INFO|api.Helpers.NLogger|JSON
Method: POST
URL: http://192.168.1.119:6987/profile/CheckMyPaymentStatus
Controller : api.Controllers.ProfileController
Action : CheckMyPaymentStatus
Action Parameters : {"messageFormat":"JSON","messageArguments":[{"request":{"ClientId":3,"UnitId":2004}}]}

2016-07-28 14:37:01.7467|INFO|api.Helpers.NLogger|JSON
Method: POST
URL: http://192.168.1.119:6987/profile/CheckMyPaymentStatus
Controller : api.Controllers.ProfileController
Action : CheckMyPaymentStatus
Action Parameters : {"messageFormat":"JSON","messageArguments":[{"request":{"ClientId":3,"UnitId":2004}}]}

2016-07-28 14:37:01.7745|INFO|api.Helpers.NLogger|JSON
Method: POST
URL: http://192.168.1.119:6987/profile/CheckMyPaymentStatus
Controller : api.Controllers.ProfileController
Action : CheckMyPaymentStatus
Action Parameters : {"messageFormat":"JSON","messageArguments":[{"request":{"ClientId":3,"UnitId":2004}}]}

2016-07-28 14:37:01.8018|INFO|api.Helpers.NLogger|JSON
Method: POST
URL: http://192.168.1.119:6987/profile/CheckMyPaymentStatus
Controller : api.Controllers.ProfileController
Action : CheckMyPaymentStatus
Action Parameters : {"messageFormat":"JSON","messageArguments":[{"request":{"ClientId":3,"UnitId":2004}}]}

2016-07-28 14:37:01.8297|INFO|api.Helpers.NLogger|JSON
Method: POST
URL: http://192.168.1.119:6987/profile/CheckMyPaymentStatus
Controller : api.Controllers.ProfileController
Action : CheckMyPaymentStatus
Action Parameters : {"messageFormat":"JSON","messageArguments":[{"request":{"ClientId":3,"UnitId":2004}}]}

2016-07-28 14:37:01.8793|INFO|api.Helpers.NLogger|JSON
Method: POST
URL: http://192.168.1.119:6987/profile/CheckMyPaymentStatus
Controller : api.Controllers.ProfileController
Action : CheckMyPaymentStatus
Action Parameters : {"messageFormat":"JSON","messageArguments":[{"request":{"ClientId":3,"UnitId":2004}}]}

2016-07-28 14:37:01.9048|INFO|api.Helpers.NLogger|JSON
Method: POST
URL: http://192.168.1.119:6987/profile/CheckMyPaymentStatus
Controller : api.Controllers.ProfileController
Action : CheckMyPaymentStatus
Action Parameters : {"messageFormat":"JSON","messageArguments":[{"request":{"ClientId":3,"UnitId":2004}}]}

2016-07-28 14:37:01.9322|INFO|api.Helpers.NLogger|JSON
Method: POST
URL: http://192.168.1.119:6987/profile/CheckMyPaymentStatus
Controller : api.Controllers.ProfileController
Action : CheckMyPaymentStatus
Action Parameters : {"messageFormat":"JSON","messageArguments":[{"request":{"ClientId":3,"UnitId":2004}}]}

2016-07-28 14:37:01.9923|INFO|api.Helpers.NLogger|JSON
Method: POST
URL: http://192.168.1.119:6987/profile/CheckMyPaymentStatus
Controller : api.Controllers.ProfileController
Action : CheckMyPaymentStatus
Action Parameters : {"messageFormat":"JSON","messageArguments":[{"request":{"ClientId":3,"UnitId":2004}}]}

2016-07-28 14:37:02.0222|INFO|api.Helpers.NLogger|JSON
Method: POST
URL: http://192.168.1.119:6987/profile/CheckMyPaymentStatus
Controller : api.Controllers.ProfileController
Action : CheckMyPaymentStatus
Action Parameters : {"messageFormat":"JSON","messageArguments":[{"request":{"ClientId":3,"UnitId":2004}}]}

2016-07-28 14:37:02.0628|INFO|api.Helpers.NLogger|JSON
Method: POST
URL: http://192.168.1.119:6987/profile/CheckMyPaymentStatus
Controller : api.Controllers.ProfileController
Action : CheckMyPaymentStatus
Action Parameters : {"messageFormat":"JSON","messageArguments":[{"request":{"ClientId":3,"UnitId":2004}}]}

2016-07-28 14:37:02.0929|INFO|api.Helpers.NLogger|JSON
Method: POST
URL: http://192.168.1.119:6987/profile/CheckMyPaymentStatus
Controller : api.Controllers.ProfileController
Action : CheckMyPaymentStatus
Action Parameters : {"messageFormat":"JSON","messageArguments":[{"request":{"ClientId":3,"UnitId":2004}}]}

2016-07-28 14:37:02.1240|INFO|api.Helpers.NLogger|JSON
Method: POST
URL: http://192.168.1.119:6987/profile/CheckMyPaymentStatus
Controller : api.Controllers.ProfileController
Action : CheckMyPaymentStatus
Action Parameters : {"messageFormat":"JSON","messageArguments":[{"request":{"ClientId":3,"UnitId":2004}}]}

2016-07-28 14:37:02.1528|INFO|api.Helpers.NLogger|JSON
Method: POST
URL: http://192.168.1.119:6987/profile/CheckMyPaymentStatus
Controller : api.Controllers.ProfileController
Action : CheckMyPaymentStatus
Action Parameters : {"messageFormat":"JSON","messageArguments":[{"request":{"ClientId":3,"UnitId":2004}}]}

2016-07-28 14:37:02.1821|INFO|api.Helpers.NLogger|JSON
Method: POST
URL: http://192.168.1.119:6987/profile/CheckMyPaymentStatus
Controller : api.Controllers.ProfileController
Action : CheckMyPaymentStatus
Action Parameters : {"messageFormat":"JSON","messageArguments":[{"request":{"ClientId":3,"UnitId":2004}}]}

2016-07-28 14:37:02.2092|INFO|api.Helpers.NLogger|JSON
Method: POST
URL: http://192.168.1.119:6987/profile/CheckMyPaymentStatus
Controller : api.Controllers.ProfileController
Action : CheckMyPaymentStatus
Action Parameters : {"messageFormat":"JSON","messageArguments":[{"request":{"ClientId":3,"UnitId":2004}}]}

2016-07-28 14:37:02.2377|INFO|api.Helpers.NLogger|JSON
Method: POST
URL: http://192.168.1.119:6987/profile/CheckMyPaymentStatus
Controller : api.Controllers.ProfileController
Action : CheckMyPaymentStatus
Action Parameters : {"messageFormat":"JSON","messageArguments":[{"request":{"ClientId":3,"UnitId":2004}}]}

2016-07-28 14:37:02.2748|INFO|api.Helpers.NLogger|JSON
Method: POST
URL: http://192.168.1.119:6987/profile/CheckMyPaymentStatus
Controller : api.Controllers.ProfileController
Action : CheckMyPaymentStatus
Action Parameters : {"messageFormat":"JSON","messageArguments":[{"request":{"ClientId":3,"UnitId":2004}}]}

2016-07-28 14:37:02.3128|INFO|api.Helpers.NLogger|JSON
Method: POST
URL: http://192.168.1.119:6987/profile/CheckMyPaymentStatus
Controller : api.Controllers.ProfileController
Action : CheckMyPaymentStatus
Action Parameters : {"messageFormat":"JSON","messageArguments":[{"request":{"ClientId":3,"UnitId":2004}}]}

2016-07-28 14:37:02.3400|INFO|api.Helpers.NLogger|JSON
Method: POST
URL: http://192.168.1.119:6987/profile/CheckMyPaymentStatus
Controller : api.Controllers.ProfileController
Action : CheckMyPaymentStatus
Action Parameters : {"messageFormat":"JSON","messageArguments":[{"request":{"ClientId":3,"UnitId":2004}}]}

2016-07-28 14:37:02.3691|INFO|api.Helpers.NLogger|JSON
Method: POST
URL: http://192.168.1.119:6987/profile/CheckMyPaymentStatus
Controller : api.Controllers.ProfileController
Action : CheckMyPaymentStatus
Action Parameters : {"messageFormat":"JSON","messageArguments":[{"request":{"ClientId":3,"UnitId":2004}}]}

2016-07-28 14:37:02.4165|INFO|api.Helpers.NLogger|JSON
Method: POST
URL: http://192.168.1.119:6987/profile/CheckMyPaymentStatus
Controller : api.Controllers.ProfileController
Action : CheckMyPaymentStatus
Action Parameters : {"messageFormat":"JSON","messageArguments":[{"request":{"ClientId":3,"UnitId":2004}}]}

2016-07-28 14:37:02.4437|INFO|api.Helpers.NLogger|JSON
Method: POST
URL: http://192.168.1.119:6987/profile/CheckMyPaymentStatus
Controller : api.Controllers.ProfileController
Action : CheckMyPaymentStatus
Action Parameters : {"messageFormat":"JSON","messageArguments":[{"request":{"ClientId":3,"UnitId":2004}}]}

2016-07-28 14:37:02.4723|INFO|api.Helpers.NLogger|JSON
Method: POST
URL: http://192.168.1.119:6987/profile/CheckMyPaymentStatus
Controller : api.Controllers.ProfileController
Action : CheckMyPaymentStatus
Action Parameters : {"messageFormat":"JSON","messageArguments":[{"request":{"ClientId":3,"UnitId":2004}}]}

2016-07-28 14:37:02.5009|INFO|api.Helpers.NLogger|JSON
Method: POST
URL: http://192.168.1.119:6987/profile/CheckMyPaymentStatus
Controller : api.Controllers.ProfileController
Action : CheckMyPaymentStatus
Action Parameters : {"messageFormat":"JSON","messageArguments":[{"request":{"ClientId":3,"UnitId":2004}}]}

2016-07-28 14:37:02.5289|INFO|api.Helpers.NLogger|JSON
Method: POST
URL: http://192.168.1.119:6987/profile/CheckMyPaymentStatus
Controller : api.Controllers.ProfileController
Action : CheckMyPaymentStatus
Action Parameters : {"messageFormat":"JSON","messageArguments":[{"request":{"ClientId":3,"UnitId":2004}}]}

2016-07-28 14:37:02.5572|INFO|api.Helpers.NLogger|JSON
Method: POST
URL: http://192.168.1.119:6987/profile/CheckMyPaymentStatus
Controller : api.Controllers.ProfileController
Action : CheckMyPaymentStatus
Action Parameters : {"messageFormat":"JSON","messageArguments":[{"request":{"ClientId":3,"UnitId":2004}}]}

2016-07-28 14:37:02.5888|INFO|api.Helpers.NLogger|JSON
Method: POST
URL: http://192.168.1.119:6987/profile/CheckMyPaymentStatus
Controller : api.Controllers.ProfileController
Action : CheckMyPaymentStatus
Action Parameters : {"messageFormat":"JSON","messageArguments":[{"request":{"ClientId":3,"UnitId":2004}}]}

2016-07-28 14:37:02.6201|INFO|api.Helpers.NLogger|JSON
Method: POST
URL: http://192.168.1.119:6987/profile/CheckMyPaymentStatus
Controller : api.Controllers.ProfileController
Action : CheckMyPaymentStatus
Action Parameters : {"messageFormat":"JSON","messageArguments":[{"request":{"ClientId":3,"UnitId":2004}}]}

2016-07-28 14:37:02.6723|INFO|api.Helpers.NLogger|JSON
Method: POST
URL: http://192.168.1.119:6987/profile/CheckMyPaymentStatus
Controller : api.Controllers.ProfileController
Action : CheckMyPaymentStatus
Action Parameters : {"messageFormat":"JSON","messageArguments":[{"request":{"ClientId":3,"UnitId":2004}}]}

2016-07-28 14:37:02.7001|INFO|api.Helpers.NLogger|JSON
Method: POST
URL: http://192.168.1.119:6987/profile/CheckMyPaymentStatus
Controller : api.Controllers.ProfileController
Action : CheckMyPaymentStatus
Action Parameters : {"messageFormat":"JSON","messageArguments":[{"request":{"ClientId":3,"UnitId":2004}}]}

2016-07-28 14:37:02.7261|INFO|api.Helpers.NLogger|JSON
Method: POST
URL: http://192.168.1.119:6987/profile/CheckMyPaymentStatus
Controller : api.Controllers.ProfileController
Action : CheckMyPaymentStatus
Action Parameters : {"messageFormat":"JSON","messageArguments":[{"request":{"ClientId":3,"UnitId":2004}}]}

2016-07-28 14:37:02.7536|INFO|api.Helpers.NLogger|JSON
Method: POST
URL: http://192.168.1.119:6987/profile/CheckMyPaymentStatus
Controller : api.Controllers.ProfileController
Action : CheckMyPaymentStatus
Action Parameters : {"messageFormat":"JSON","messageArguments":[{"request":{"ClientId":3,"UnitId":2004}}]}

2016-07-28 14:37:02.7823|INFO|api.Helpers.NLogger|JSON
Method: POST
URL: http://192.168.1.119:6987/profile/CheckMyPaymentStatus
Controller : api.Controllers.ProfileController
Action : CheckMyPaymentStatus
Action Parameters : {"messageFormat":"JSON","messageArguments":[{"request":{"ClientId":3,"UnitId":2004}}]}

2016-07-28 14:37:02.8093|INFO|api.Helpers.NLogger|JSON
Method: POST
URL: http://192.168.1.119:6987/profile/CheckMyPaymentStatus
Controller : api.Controllers.ProfileController
Action : CheckMyPaymentStatus
Action Parameters : {"messageFormat":"JSON","messageArguments":[{"request":{"ClientId":3,"UnitId":2004}}]}

2016-07-28 14:37:02.8376|INFO|api.Helpers.NLogger|JSON
Method: POST
URL: http://192.168.1.119:6987/profile/CheckMyPaymentStatus
Controller : api.Controllers.ProfileController
Action : CheckMyPaymentStatus
Action Parameters : {"messageFormat":"JSON","messageArguments":[{"request":{"ClientId":3,"UnitId":2004}}]}

2016-07-28 14:37:02.8646|INFO|api.Helpers.NLogger|JSON
Method: POST
URL: http://192.168.1.119:6987/profile/CheckMyPaymentStatus
Controller : api.Controllers.ProfileController
Action : CheckMyPaymentStatus
Action Parameters : {"messageFormat":"JSON","messageArguments":[{"request":{"ClientId":3,"UnitId":2004}}]}

2016-07-28 14:37:02.8907|INFO|api.Helpers.NLogger|JSON
Method: POST
URL: http://192.168.1.119:6987/profile/CheckMyPaymentStatus
Controller : api.Controllers.ProfileController
Action : CheckMyPaymentStatus
Action Parameters : {"messageFormat":"JSON","messageArguments":[{"request":{"ClientId":3,"UnitId":2004}}]}

2016-07-28 14:37:02.9175|INFO|api.Helpers.NLogger|JSON
Method: POST
URL: http://192.168.1.119:6987/profile/CheckMyPaymentStatus
Controller : api.Controllers.ProfileController
Action : CheckMyPaymentStatus
Action Parameters : {"messageFormat":"JSON","messageArguments":[{"request":{"ClientId":3,"UnitId":2004}}]}

2016-07-28 14:37:02.9467|INFO|api.Helpers.NLogger|JSON
Method: POST
URL: http://192.168.1.119:6987/profile/CheckMyPaymentStatus
Controller : api.Controllers.ProfileController
Action : CheckMyPaymentStatus
Action Parameters : {"messageFormat":"JSON","messageArguments":[{"request":{"ClientId":3,"UnitId":2004}}]}

2016-07-28 14:37:02.9750|INFO|api.Helpers.NLogger|JSON
Method: POST
URL: http://192.168.1.119:6987/profile/CheckMyPaymentStatus
Controller : api.Controllers.ProfileController
Action : CheckMyPaymentStatus
Action Parameters : {"messageFormat":"JSON","messageArguments":[{"request":{"ClientId":3,"UnitId":2004}}]}

2016-07-28 14:37:03.0011|INFO|api.Helpers.NLogger|JSON
Method: POST
URL: http://192.168.1.119:6987/profile/CheckMyPaymentStatus
Controller : api.Controllers.ProfileController
Action : CheckMyPaymentStatus
Action Parameters : {"messageFormat":"JSON","messageArguments":[{"request":{"ClientId":3,"UnitId":2004}}]}

2016-07-28 14:37:03.0286|INFO|api.Helpers.NLogger|JSON
Method: POST
URL: http://192.168.1.119:6987/profile/CheckMyPaymentStatus
Controller : api.Controllers.ProfileController
Action : CheckMyPaymentStatus
Action Parameters : {"messageFormat":"JSON","messageArguments":[{"request":{"ClientId":3,"UnitId":2004}}]}

2016-07-28 14:37:03.3249|INFO|api.Helpers.NLogger|JSON
Method: POST
URL: http://192.168.1.119:6987/profile/CheckMyPaymentStatus
Controller : api.Controllers.ProfileController
Action : CheckMyPaymentStatus
Action Parameters : {"messageFormat":"JSON","messageArguments":[{"request":{"ClientId":3,"UnitId":2004}}]}

2016-07-28 14:37:03.3549|INFO|api.Helpers.NLogger|JSON
Method: POST
URL: http://192.168.1.119:6987/profile/CheckMyPaymentStatus
Controller : api.Controllers.ProfileController
Action : CheckMyPaymentStatus
Action Parameters : {"messageFormat":"JSON","messageArguments":[{"request":{"ClientId":3,"UnitId":2004}}]}

2016-07-28 14:37:03.3859|INFO|api.Helpers.NLogger|JSON
Method: POST
URL: http://192.168.1.119:6987/profile/CheckMyPaymentStatus
Controller : api.Controllers.ProfileController
Action : CheckMyPaymentStatus
Action Parameters : {"messageFormat":"JSON","messageArguments":[{"request":{"ClientId":3,"UnitId":2004}}]}

2016-07-28 14:37:03.4139|INFO|api.Helpers.NLogger|JSON
Method: POST
URL: http://192.168.1.119:6987/profile/CheckMyPaymentStatus
Controller : api.Controllers.ProfileController
Action : CheckMyPaymentStatus
Action Parameters : {"messageFormat":"JSON","messageArguments":[{"request":{"ClientId":3,"UnitId":2004}}]}

2016-07-28 14:37:03.4419|INFO|api.Helpers.NLogger|JSON
Method: POST
URL: http://192.168.1.119:6987/profile/CheckMyPaymentStatus
Controller : api.Controllers.ProfileController
Action : CheckMyPaymentStatus
Action Parameters : {"messageFormat":"JSON","messageArguments":[{"request":{"ClientId":3,"UnitId":2004}}]}

2016-07-28 14:37:03.4719|INFO|api.Helpers.NLogger|JSON
Method: POST
URL: http://192.168.1.119:6987/profile/CheckMyPaymentStatus
Controller : api.Controllers.ProfileController
Action : CheckMyPaymentStatus
Action Parameters : {"messageFormat":"JSON","messageArguments":[{"request":{"ClientId":3,"UnitId":2004}}]}

2016-07-28 14:37:03.5000|INFO|api.Helpers.NLogger|JSON
Method: POST
URL: http://192.168.1.119:6987/profile/CheckMyPaymentStatus
Controller : api.Controllers.ProfileController
Action : CheckMyPaymentStatus
Action Parameters : {"messageFormat":"JSON","messageArguments":[{"request":{"ClientId":3,"UnitId":2004}}]}

2016-07-28 14:37:03.5268|INFO|api.Helpers.NLogger|JSON
Method: POST
URL: http://192.168.1.119:6987/profile/CheckMyPaymentStatus
Controller : api.Controllers.ProfileController
Action : CheckMyPaymentStatus
Action Parameters : {"messageFormat":"JSON","messageArguments":[{"request":{"ClientId":3,"UnitId":2004}}]}

2016-07-28 14:37:03.5562|INFO|api.Helpers.NLogger|JSON
Method: POST
URL: http://192.168.1.119:6987/profile/CheckMyPaymentStatus
Controller : api.Controllers.ProfileController
Action : CheckMyPaymentStatus
Action Parameters : {"messageFormat":"JSON","messageArguments":[{"request":{"ClientId":3,"UnitId":2004}}]}

2016-07-28 14:37:03.5860|INFO|api.Helpers.NLogger|JSON
Method: POST
URL: http://192.168.1.119:6987/profile/CheckMyPaymentStatus
Controller : api.Controllers.ProfileController
Action : CheckMyPaymentStatus
Action Parameters : {"messageFormat":"JSON","messageArguments":[{"request":{"ClientId":3,"UnitId":2004}}]}

2016-07-28 14:37:03.6132|INFO|api.Helpers.NLogger|JSON
Method: POST
URL: http://192.168.1.119:6987/profile/CheckMyPaymentStatus
Controller : api.Controllers.ProfileController
Action : CheckMyPaymentStatus
Action Parameters : {"messageFormat":"JSON","messageArguments":[{"request":{"ClientId":3,"UnitId":2004}}]}

2016-07-28 14:37:03.6417|INFO|api.Helpers.NLogger|JSON
Method: POST
URL: http://192.168.1.119:6987/profile/CheckMyPaymentStatus
Controller : api.Controllers.ProfileController
Action : CheckMyPaymentStatus
Action Parameters : {"messageFormat":"JSON","messageArguments":[{"request":{"ClientId":3,"UnitId":2004}}]}

2016-07-28 14:37:03.6693|INFO|api.Helpers.NLogger|JSON
Method: POST
URL: http://192.168.1.119:6987/profile/CheckMyPaymentStatus
Controller : api.Controllers.ProfileController
Action : CheckMyPaymentStatus
Action Parameters : {"messageFormat":"JSON","messageArguments":[{"request":{"ClientId":3,"UnitId":2004}}]}

2016-07-28 14:37:03.6947|INFO|api.Helpers.NLogger|JSON
Method: POST
URL: http://192.168.1.119:6987/profile/CheckMyPaymentStatus
Controller : api.Controllers.ProfileController
Action : CheckMyPaymentStatus
Action Parameters : {"messageFormat":"JSON","messageArguments":[{"request":{"ClientId":3,"UnitId":2004}}]}

2016-07-28 14:37:03.7200|INFO|api.Helpers.NLogger|JSON
Method: POST
URL: http://192.168.1.119:6987/profile/CheckMyPaymentStatus
Controller : api.Controllers.ProfileController
Action : CheckMyPaymentStatus
Action Parameters : {"messageFormat":"JSON","messageArguments":[{"request":{"ClientId":3,"UnitId":2004}}]}

2016-07-28 14:37:03.7484|INFO|api.Helpers.NLogger|JSON
Method: POST
URL: http://192.168.1.119:6987/profile/CheckMyPaymentStatus
Controller : api.Controllers.ProfileController
Action : CheckMyPaymentStatus
Action Parameters : {"messageFormat":"JSON","messageArguments":[{"request":{"ClientId":3,"UnitId":2004}}]}

2016-07-28 14:37:03.7755|INFO|api.Helpers.NLogger|JSON
Method: POST
URL: http://192.168.1.119:6987/profile/CheckMyPaymentStatus
Controller : api.Controllers.ProfileController
Action : CheckMyPaymentStatus
Action Parameters : {"messageFormat":"JSON","messageArguments":[{"request":{"ClientId":3,"UnitId":2004}}]}

2016-07-28 14:37:03.8039|INFO|api.Helpers.NLogger|JSON
Method: POST
URL: http://192.168.1.119:6987/profile/CheckMyPaymentStatus
Controller : api.Controllers.ProfileController
Action : CheckMyPaymentStatus
Action Parameters : {"messageFormat":"JSON","messageArguments":[{"request":{"ClientId":3,"UnitId":2004}}]}

2016-07-28 14:37:03.8320|INFO|api.Helpers.NLogger|JSON
Method: POST
URL: http://192.168.1.119:6987/profile/CheckMyPaymentStatus
Controller : api.Controllers.ProfileController
Action : CheckMyPaymentStatus
Action Parameters : {"messageFormat":"JSON","messageArguments":[{"request":{"ClientId":3,"UnitId":2004}}]}

2016-07-28 14:37:03.8606|INFO|api.Helpers.NLogger|JSON
Method: POST
URL: http://192.168.1.119:6987/profile/CheckMyPaymentStatus
Controller : api.Controllers.ProfileController
Action : CheckMyPaymentStatus
Action Parameters : {"messageFormat":"JSON","messageArguments":[{"request":{"ClientId":3,"UnitId":2004}}]}

2016-07-28 14:37:03.8886|INFO|api.Helpers.NLogger|JSON
Method: POST
URL: http://192.168.1.119:6987/profile/CheckMyPaymentStatus
Controller : api.Controllers.ProfileController
Action : CheckMyPaymentStatus
Action Parameters : {"messageFormat":"JSON","messageArguments":[{"request":{"ClientId":3,"UnitId":2004}}]}

2016-07-28 14:37:03.9171|INFO|api.Helpers.NLogger|JSON
Method: POST
URL: http://192.168.1.119:6987/profile/CheckMyPaymentStatus
Controller : api.Controllers.ProfileController
Action : CheckMyPaymentStatus
Action Parameters : {"messageFormat":"JSON","messageArguments":[{"request":{"ClientId":3,"UnitId":2004}}]}

2016-07-28 14:37:03.9838|INFO|api.Helpers.NLogger|JSON
Method: POST
URL: http://192.168.1.119:6987/profile/CheckMyPaymentStatus
Controller : api.Controllers.ProfileController
Action : CheckMyPaymentStatus
Action Parameters : {"messageFormat":"JSON","messageArguments":[{"request":{"ClientId":3,"UnitId":2004}}]}

2016-07-28 14:37:04.0291|INFO|api.Helpers.NLogger|JSON
Method: POST
URL: http://192.168.1.119:6987/profile/CheckMyPaymentStatus
Controller : api.Controllers.ProfileController
Action : CheckMyPaymentStatus
Action Parameters : {"messageFormat":"JSON","messageArguments":[{"request":{"ClientId":3,"UnitId":2004}}]}

2016-07-28 14:37:04.0611|INFO|api.Helpers.NLogger|JSON
Method: POST
URL: http://192.168.1.119:6987/profile/CheckMyPaymentStatus
Controller : api.Controllers.ProfileController
Action : CheckMyPaymentStatus
Action Parameters : {"messageFormat":"JSON","messageArguments":[{"request":{"ClientId":3,"UnitId":2004}}]}

2016-07-28 14:37:04.1122|INFO|api.Helpers.NLogger|JSON
Method: POST
URL: http://192.168.1.119:6987/profile/CheckMyPaymentStatus
Controller : api.Controllers.ProfileController
Action : CheckMyPaymentStatus
Action Parameters : {"messageFormat":"JSON","messageArguments":[{"request":{"ClientId":3,"UnitId":2004}}]}

2016-07-28 14:37:04.1395|INFO|api.Helpers.NLogger|JSON
Method: POST
URL: http://192.168.1.119:6987/profile/CheckMyPaymentStatus
Controller : api.Controllers.ProfileController
Action : CheckMyPaymentStatus
Action Parameters : {"messageFormat":"JSON","messageArguments":[{"request":{"ClientId":3,"UnitId":2004}}]}

2016-07-28 14:37:04.1659|INFO|api.Helpers.NLogger|JSON
Method: POST
URL: http://192.168.1.119:6987/profile/CheckMyPaymentStatus
Controller : api.Controllers.ProfileController
Action : CheckMyPaymentStatus
Action Parameters : {"messageFormat":"JSON","messageArguments":[{"request":{"ClientId":3,"UnitId":2004}}]}

2016-07-28 14:37:04.1925|INFO|api.Helpers.NLogger|JSON
Method: POST
URL: http://192.168.1.119:6987/profile/CheckMyPaymentStatus
Controller : api.Controllers.ProfileController
Action : CheckMyPaymentStatus
Action Parameters : {"messageFormat":"JSON","messageArguments":[{"request":{"ClientId":3,"UnitId":2004}}]}

2016-07-28 14:37:04.2187|INFO|api.Helpers.NLogger|JSON
Method: POST
URL: http://192.168.1.119:6987/profile/CheckMyPaymentStatus
Controller : api.Controllers.ProfileController
Action : CheckMyPaymentStatus
Action Parameters : {"messageFormat":"JSON","messageArguments":[{"request":{"ClientId":3,"UnitId":2004}}]}

2016-07-28 14:37:04.2445|INFO|api.Helpers.NLogger|JSON
Method: POST
URL: http://192.168.1.119:6987/profile/CheckMyPaymentStatus
Controller : api.Controllers.ProfileController
Action : CheckMyPaymentStatus
Action Parameters : {"messageFormat":"JSON","messageArguments":[{"request":{"ClientId":3,"UnitId":2004}}]}

2016-07-28 14:37:04.2723|INFO|api.Helpers.NLogger|JSON
Method: POST
URL: http://192.168.1.119:6987/profile/CheckMyPaymentStatus
Controller : api.Controllers.ProfileController
Action : CheckMyPaymentStatus
Action Parameters : {"messageFormat":"JSON","messageArguments":[{"request":{"ClientId":3,"UnitId":2004}}]}

2016-07-28 14:37:04.2993|INFO|api.Helpers.NLogger|JSON
Method: POST
URL: http://192.168.1.119:6987/profile/CheckMyPaymentStatus
Controller : api.Controllers.ProfileController
Action : CheckMyPaymentStatus
Action Parameters : {"messageFormat":"JSON","messageArguments":[{"request":{"ClientId":3,"UnitId":2004}}]}

2016-07-28 14:37:04.3259|INFO|api.Helpers.NLogger|JSON
Method: POST
URL: http://192.168.1.119:6987/profile/CheckMyPaymentStatus
Controller : api.Controllers.ProfileController
Action : CheckMyPaymentStatus
Action Parameters : {"messageFormat":"JSON","messageArguments":[{"request":{"ClientId":3,"UnitId":2004}}]}

2016-07-28 14:37:04.7850|INFO|api.Helpers.NLogger|JSON
Method: POST
URL: http://192.168.1.119:6987/profile/CheckMyPaymentStatus
Controller : api.Controllers.ProfileController
Action : CheckMyPaymentStatus
Action Parameters : {"messageFormat":"JSON","messageArguments":[{"request":{"ClientId":3,"UnitId":2004}}]}

2016-07-28 14:37:04.8289|INFO|api.Helpers.NLogger|JSON
Method: POST
URL: http://192.168.1.119:6987/profile/CheckMyPaymentStatus
Controller : api.Controllers.ProfileController
Action : CheckMyPaymentStatus
Action Parameters : {"messageFormat":"JSON","messageArguments":[{"request":{"ClientId":3,"UnitId":2004}}]}

2016-07-28 14:37:04.8749|INFO|api.Helpers.NLogger|JSON
Method: POST
URL: http://192.168.1.119:6987/profile/CheckMyPaymentStatus
Controller : api.Controllers.ProfileController
Action : CheckMyPaymentStatus
Action Parameters : {"messageFormat":"JSON","messageArguments":[{"request":{"ClientId":3,"UnitId":2004}}]}

2016-07-28 14:37:04.9198|INFO|api.Helpers.NLogger|JSON
Method: POST
URL: http://192.168.1.119:6987/profile/CheckMyPaymentStatus
Controller : api.Controllers.ProfileController
Action : CheckMyPaymentStatus
Action Parameters : {"messageFormat":"JSON","messageArguments":[{"request":{"ClientId":3,"UnitId":2004}}]}

2016-07-28 14:37:04.9539|INFO|api.Helpers.NLogger|JSON
Method: POST
URL: http://192.168.1.119:6987/profile/CheckMyPaymentStatus
Controller : api.Controllers.ProfileController
Action : CheckMyPaymentStatus
Action Parameters : {"messageFormat":"JSON","messageArguments":[{"request":{"ClientId":3,"UnitId":2004}}]}

2016-07-28 14:37:04.9847|INFO|api.Helpers.NLogger|JSON
Method: POST
URL: http://192.168.1.119:6987/profile/CheckMyPaymentStatus
Controller : api.Controllers.ProfileController
Action : CheckMyPaymentStatus
Action Parameters : {"messageFormat":"JSON","messageArguments":[{"request":{"ClientId":3,"UnitId":2004}}]}

2016-07-28 14:37:05.0153|INFO|api.Helpers.NLogger|JSON
Method: POST
URL: http://192.168.1.119:6987/profile/CheckMyPaymentStatus
Controller : api.Controllers.ProfileController
Action : CheckMyPaymentStatus
Action Parameters : {"messageFormat":"JSON","messageArguments":[{"request":{"ClientId":3,"UnitId":2004}}]}

2016-07-28 14:37:05.0455|INFO|api.Helpers.NLogger|JSON
Method: POST
URL: http://192.168.1.119:6987/profile/CheckMyPaymentStatus
Controller : api.Controllers.ProfileController
Action : CheckMyPaymentStatus
Action Parameters : {"messageFormat":"JSON","messageArguments":[{"request":{"ClientId":3,"UnitId":2004}}]}

2016-07-28 14:37:05.0773|INFO|api.Helpers.NLogger|JSON
Method: POST
URL: http://192.168.1.119:6987/profile/CheckMyPaymentStatus
Controller : api.Controllers.ProfileController
Action : CheckMyPaymentStatus
Action Parameters : {"messageFormat":"JSON","messageArguments":[{"request":{"ClientId":3,"UnitId":2004}}]}

2016-07-28 14:37:05.1078|INFO|api.Helpers.NLogger|JSON
Method: POST
URL: http://192.168.1.119:6987/profile/CheckMyPaymentStatus
Controller : api.Controllers.ProfileController
Action : CheckMyPaymentStatus
Action Parameters : {"messageFormat":"JSON","messageArguments":[{"request":{"ClientId":3,"UnitId":2004}}]}

2016-07-28 14:37:05.1359|INFO|api.Helpers.NLogger|JSON
Method: POST
URL: http://192.168.1.119:6987/profile/CheckMyPaymentStatus
Controller : api.Controllers.ProfileController
Action : CheckMyPaymentStatus
Action Parameters : {"messageFormat":"JSON","messageArguments":[{"request":{"ClientId":3,"UnitId":2004}}]}

2016-07-28 14:37:05.1635|INFO|api.Helpers.NLogger|JSON
Method: POST
URL: http://192.168.1.119:6987/profile/CheckMyPaymentStatus
Controller : api.Controllers.ProfileController
Action : CheckMyPaymentStatus
Action Parameters : {"messageFormat":"JSON","messageArguments":[{"request":{"ClientId":3,"UnitId":2004}}]}

2016-07-28 14:37:05.1909|INFO|api.Helpers.NLogger|JSON
Method: POST
URL: http://192.168.1.119:6987/profile/CheckMyPaymentStatus
Controller : api.Controllers.ProfileController
Action : CheckMyPaymentStatus
Action Parameters : {"messageFormat":"JSON","messageArguments":[{"request":{"ClientId":3,"UnitId":2004}}]}

2016-07-28 14:37:05.2179|INFO|api.Helpers.NLogger|JSON
Method: POST
URL: http://192.168.1.119:6987/profile/CheckMyPaymentStatus
Controller : api.Controllers.ProfileController
Action : CheckMyPaymentStatus
Action Parameters : {"messageFormat":"JSON","messageArguments":[{"request":{"ClientId":3,"UnitId":2004}}]}

2016-07-28 14:37:05.2460|INFO|api.Helpers.NLogger|JSON
Method: POST
URL: http://192.168.1.119:6987/profile/CheckMyPaymentStatus
Controller : api.Controllers.ProfileController
Action : CheckMyPaymentStatus
Action Parameters : {"messageFormat":"JSON","messageArguments":[{"request":{"ClientId":3,"UnitId":2004}}]}

2016-07-28 14:37:05.2738|INFO|api.Helpers.NLogger|JSON
Method: POST
URL: http://192.168.1.119:6987/profile/CheckMyPaymentStatus
Controller : api.Controllers.ProfileController
Action : CheckMyPaymentStatus
Action Parameters : {"messageFormat":"JSON","messageArguments":[{"request":{"ClientId":3,"UnitId":2004}}]}

2016-07-28 14:37:05.3025|INFO|api.Helpers.NLogger|JSON
Method: POST
URL: http://192.168.1.119:6987/profile/CheckMyPaymentStatus
Controller : api.Controllers.ProfileController
Action : CheckMyPaymentStatus
Action Parameters : {"messageFormat":"JSON","messageArguments":[{"request":{"ClientId":3,"UnitId":2004}}]}

2016-07-28 14:37:05.3297|INFO|api.Helpers.NLogger|JSON
Method: POST
URL: http://192.168.1.119:6987/profile/CheckMyPaymentStatus
Controller : api.Controllers.ProfileController
Action : CheckMyPaymentStatus
Action Parameters : {"messageFormat":"JSON","messageArguments":[{"request":{"ClientId":3,"UnitId":2004}}]}

2016-07-28 14:37:05.3587|INFO|api.Helpers.NLogger|JSON
Method: POST
URL: http://192.168.1.119:6987/profile/CheckMyPaymentStatus
Controller : api.Controllers.ProfileController
Action : CheckMyPaymentStatus
Action Parameters : {"messageFormat":"JSON","messageArguments":[{"request":{"ClientId":3,"UnitId":2004}}]}

2016-07-28 14:37:05.3908|INFO|api.Helpers.NLogger|JSON
Method: POST
URL: http://192.168.1.119:6987/profile/CheckMyPaymentStatus
Controller : api.Controllers.ProfileController
Action : CheckMyPaymentStatus
Action Parameters : {"messageFormat":"JSON","messageArguments":[{"request":{"ClientId":3,"UnitId":2004}}]}

2016-07-28 14:37:05.4278|INFO|api.Helpers.NLogger|JSON
Method: POST
URL: http://192.168.1.119:6987/profile/CheckMyPaymentStatus
Controller : api.Controllers.ProfileController
Action : CheckMyPaymentStatus
Action Parameters : {"messageFormat":"JSON","messageArguments":[{"request":{"ClientId":3,"UnitId":2004}}]}

2016-07-28 14:37:05.4719|INFO|api.Helpers.NLogger|JSON
Method: POST
URL: http://192.168.1.119:6987/profile/CheckMyPaymentStatus
Controller : api.Controllers.ProfileController
Action : CheckMyPaymentStatus
Action Parameters : {"messageFormat":"JSON","messageArguments":[{"request":{"ClientId":3,"UnitId":2005}}]}

2016-07-28 14:37:27.8718|INFO|api.Helpers.NLogger|JSON
Method: POST
URL: http://192.168.1.119:6987/profile/ClientDashboard
Controller : api.Controllers.ProfileController
Action : ClientDashboard
Action Parameters : {"messageFormat":"JSON","messageArguments":[{"request":{"Email":null,"ClientId":3,"PlanTypeId":0,"PlanId":0,"Month":0,"AddressId":null,"UnitId":0,"ServiceId":0,"PartType":null,"PageId":0,"ShowDeleted":false,"LastCallDateTime":null,"PageNumber":null,"pageSize":0}}]}

2016-07-28 14:50:50.3805|INFO|api.Helpers.NLogger|JSON
Method: POST
URL: http://192.168.1.119:6987/common/GetCMSPages
Controller : api.Controllers.CommonController
Action : GetCMSPages
Action Parameters : {"messageFormat":"JSON","messageArguments":[{"request":{"Email":null,"ClientId":0,"PlanTypeId":0,"PlanId":0,"Month":0,"AddressId":null,"UnitId":0,"ServiceId":0,"PartType":null,"PageId":1,"ShowDeleted":false,"LastCallDateTime":null,"PageNumber":null,"pageSize":0}}]}

2016-07-28 14:50:56.9769|INFO|api.Helpers.NLogger|JSON
Method: POST
URL: http://192.168.1.119:6987/profile/ClientDashboard
Controller : api.Controllers.ProfileController
Action : ClientDashboard
Action Parameters : {"messageFormat":"JSON","messageArguments":[{"request":{"Email":null,"ClientId":3,"PlanTypeId":0,"PlanId":0,"Month":0,"AddressId":null,"UnitId":0,"ServiceId":0,"PartType":null,"PageId":0,"ShowDeleted":false,"LastCallDateTime":null,"PageNumber":null,"pageSize":0}}]}

2016-07-28 14:51:00.5378|INFO|api.Helpers.NLogger|JSON
Method: POST
URL: http://192.168.1.119:6987/profile/GetPlanListing
Controller : api.Controllers.ProfileController
Action : GetPlanListing
Action Parameters : {"messageFormat":"JSON","messageArguments":[{"request":null}]}

2016-07-28 14:51:13.6038|INFO|api.Helpers.NLogger|JSON
Method: POST
URL: http://192.168.1.119:6987/common/GetCMSPages
Controller : api.Controllers.CommonController
Action : GetCMSPages
Action Parameters : {"messageFormat":"JSON","messageArguments":[{"request":{"Email":null,"ClientId":0,"PlanTypeId":0,"PlanId":0,"Month":0,"AddressId":null,"UnitId":0,"ServiceId":0,"PartType":null,"PageId":3,"ShowDeleted":false,"LastCallDateTime":null,"PageNumber":null,"pageSize":0}}]}

2016-07-28 14:51:19.4986|INFO|api.Helpers.NLogger|JSON
Method: POST
URL: http://192.168.1.119:6987/profile/GetPlanListing
Controller : api.Controllers.ProfileController
Action : GetPlanListing
Action Parameters : {"messageFormat":"JSON","messageArguments":[{"request":null}]}

2016-07-28 14:51:26.7061|INFO|api.Helpers.NLogger|JSON
Method: POST
URL: http://192.168.1.119:6987/profile/GetPlanDetail
Controller : api.Controllers.ProfileController
Action : GetPlanDetail
Action Parameters : {"messageFormat":"JSON","messageArguments":[{"request":{"Email":null,"ClientId":0,"PlanTypeId":1,"PlanId":0,"Month":0,"AddressId":null,"UnitId":0,"ServiceId":0,"PartType":null,"PageId":0,"ShowDeleted":false,"LastCallDateTime":null,"PageNumber":null,"pageSize":0}}]}

2016-07-28 15:20:57.9008|INFO|api.Helpers.NLogger|JSON
Method: POST
URL: http://192.168.1.119:6987/profile/GetClientUnit
Controller : api.Controllers.ProfileController
Action : GetClientUnit
Action Parameters : {"messageFormat":"JSON","messageArguments":[{"request":{"Email":null,"ClientId":3,"PlanTypeId":0,"PlanId":0,"Month":0,"AddressId":null,"UnitId":0,"ServiceId":0,"PartType":null,"PageId":0,"ShowDeleted":false,"LastCallDateTime":null,"PageNumber":null,"pageSize":0}}]}

2016-07-28 15:27:26.2783|INFO|api.Helpers.NLogger|JSON
Method: POST
URL: http://192.168.1.119:6987/profile/GetClientUnit
Controller : api.Controllers.ProfileController
Action : GetClientUnit
Action Parameters : {"messageFormat":"JSON","messageArguments":[{"request":{"Email":null,"ClientId":3,"PlanTypeId":0,"PlanId":0,"Month":0,"AddressId":null,"UnitId":0,"ServiceId":0,"PartType":null,"PageId":0,"ShowDeleted":false,"LastCallDateTime":null,"PageNumber":null,"pageSize":0}}]}

2016-07-28 15:28:57.1957|INFO|api.Helpers.NLogger|JSON
Method: POST
URL: http://192.168.1.119:6987/profile/GetClientUnit
Controller : api.Controllers.ProfileController
Action : GetClientUnit
Action Parameters : {"messageFormat":"JSON","messageArguments":[{"request":{"Email":null,"ClientId":3,"PlanTypeId":0,"PlanId":0,"Month":0,"AddressId":null,"UnitId":0,"ServiceId":0,"PartType":null,"PageId":0,"ShowDeleted":false,"LastCallDateTime":null,"PageNumber":null,"pageSize":0}}]}

2016-07-28 16:56:16.7173|INFO|api.Helpers.NLogger|JSON
Method: POST
URL: http://192.168.1.119:6987/employee/GetServiceDetails
Controller : api.Controllers.EmployeeController
Action : GetServiceDetails
Action Parameters : {"messageFormat":"JSON","messageArguments":[{"emp":{"EmployeeId":4,"Month":0,"Day":0,"ServiceId":10002,"ReportId":0,"UnitId":0,"Latitude":null,"Longitude":null,"SearchTerm":null,"PageId":0,"LastCallDateTime":null,"PageNumber":null,"pageSize":0,"OrderId":0,"StatDate":null,"EndDate":null}}]}

2016-07-28 17:00:33.8636|INFO|api.Helpers.NLogger|JSON
Method: POST
URL: http://192.168.1.119:6987/employee/GetServiceDetails
Controller : api.Controllers.EmployeeController
Action : GetServiceDetails
Action Parameters : {"messageFormat":"JSON","messageArguments":[{"emp":{"EmployeeId":4,"Month":0,"Day":0,"ServiceId":10002,"ReportId":0,"UnitId":0,"Latitude":null,"Longitude":null,"SearchTerm":null,"PageId":0,"LastCallDateTime":null,"PageNumber":null,"pageSize":0,"OrderId":0,"StatDate":null,"EndDate":null}}]}

2016-07-28 17:06:01.6688|INFO|api.Helpers.NLogger|JSON
Method: POST
URL: http://192.168.1.119:6987/employee/GetServiceDetails
Controller : api.Controllers.EmployeeController
Action : GetServiceDetails
Action Parameters : {"messageFormat":"JSON","messageArguments":[{"emp":{"EmployeeId":4,"Month":0,"Day":0,"ServiceId":10002,"ReportId":0,"UnitId":0,"Latitude":null,"Longitude":null,"SearchTerm":null,"PageId":0,"LastCallDateTime":null,"PageNumber":null,"pageSize":0,"OrderId":0,"StatDate":null,"EndDate":null}}]}

2016-07-28 17:06:15.8633|INFO|api.Helpers.NLogger|JSON
Method: POST
URL: http://192.168.1.119:6987/employee/GetServiceDetails
Controller : api.Controllers.EmployeeController
Action : GetServiceDetails
Action Parameters : {"messageFormat":"JSON","messageArguments":[{"emp":{"EmployeeId":4,"Month":0,"Day":0,"ServiceId":10002,"ReportId":0,"UnitId":0,"Latitude":null,"Longitude":null,"SearchTerm":null,"PageId":0,"LastCallDateTime":null,"PageNumber":null,"pageSize":0,"OrderId":0,"StatDate":null,"EndDate":null}}]}

2016-07-28 18:26:10.8872|INFO|api.Helpers.NLogger|JSON
Method: POST
URL: http://192.168.1.119:6987/profile/ClientDashboard
Controller : api.Controllers.ProfileController
Action : ClientDashboard
Action Parameters : {"messageFormat":"JSON","messageArguments":[{"request":{"Email":null,"ClientId":1004,"PlanTypeId":0,"PlanId":0,"Month":0,"AddressId":null,"UnitId":0,"ServiceId":0,"PartType":null,"PageId":0,"ShowDeleted":false,"LastCallDateTime":null,"PageNumber":null,"pageSize":0}}]}

2016-07-28 18:26:42.2348|INFO|api.Helpers.NLogger|JSON
Method: GET
URL: http://192.168.1.119:6987/common/getallplantype
Controller : api.Controllers.CommonController
Action : GetAllPlanType
Action Parameters : {"messageFormat":"JSON","messageArguments":[{}]}

2016-07-28 18:26:44.2923|INFO|api.Helpers.NLogger|JSON
Method: GET
URL: http://192.168.1.119:6987/profile/GetClientAddress?ClientId=1004
Controller : api.Controllers.ProfileController
Action : GetClientAddress
Action Parameters : {"messageFormat":"JSON","messageArguments":[{"ClientId":1004}]}

2016-07-28 18:26:44.9893|INFO|api.Helpers.NLogger|JSON
Method: POST
URL: http://192.168.1.119:6987/common/GetSpecialRateByPlanType
Controller : api.Controllers.CommonController
Action : GetSpecialRateByPlanType
Action Parameters : {"messageFormat":"JSON","messageArguments":[{"request":{"Email":null,"ClientId":0,"PlanTypeId":1,"PlanId":0,"Month":0,"AddressId":null,"UnitId":0,"ServiceId":0,"PartType":null,"PageId":0,"ShowDeleted":false,"LastCallDateTime":null,"PageNumber":null,"pageSize":0}}]}

2016-07-28 18:26:49.1878|INFO|api.Helpers.NLogger|JSON
Method: POST
URL: http://192.168.1.119:6987/profile/addclientunit
Controller : api.Controllers.ProfileController
Action : AddClientUnit
Action Parameters : {"messageFormat":"JSON","messageArguments":[{"request":{"ClientId":1004,"UnitName":"","ManufactureDate":null,"PlanTypeId":1,"UnitTon":"","AddressId":2013,"UnitTypeId":1,"AutoRenewal":true,"SpecialOffer":null,"Status":null,"OptionalInformation":[{"SplitType":"Packaged","ModelNumber":"","SerialNumber":"","QuantityOfFilter":0,"Filters":[],"QuantityOfFuses":0,"FuseTypes":[],"BoosterTypes":null}],"DeleteOldData":true}}]}

2016-07-28 18:28:01.7391|INFO|api.Helpers.NLogger|JSON
Method: POST
URL: http://192.168.1.119:6987/profile/ClientDashboard
Controller : api.Controllers.ProfileController
Action : ClientDashboard
Action Parameters : {"messageFormat":"JSON","messageArguments":[{"request":{"Email":null,"ClientId":1004,"PlanTypeId":0,"PlanId":0,"Month":0,"AddressId":null,"UnitId":0,"ServiceId":0,"PartType":null,"PageId":0,"ShowDeleted":false,"LastCallDateTime":null,"PageNumber":null,"pageSize":0}}]}

2016-07-28 18:28:07.1956|INFO|api.Helpers.NLogger|JSON
Method: GET
URL: http://192.168.1.119:6987/common/getallplantype
Controller : api.Controllers.CommonController
Action : GetAllPlanType
Action Parameters : {"messageFormat":"JSON","messageArguments":[{}]}

2016-07-28 18:28:09.1239|INFO|api.Helpers.NLogger|JSON
Method: GET
URL: http://192.168.1.119:6987/profile/GetClientAddress?ClientId=1004
Controller : api.Controllers.ProfileController
Action : GetClientAddress
Action Parameters : {"messageFormat":"JSON","messageArguments":[{"ClientId":1004}]}

2016-07-28 18:28:09.4738|INFO|api.Helpers.NLogger|JSON
Method: POST
URL: http://192.168.1.119:6987/common/GetSpecialRateByPlanType
Controller : api.Controllers.CommonController
Action : GetSpecialRateByPlanType
Action Parameters : {"messageFormat":"JSON","messageArguments":[{"request":{"Email":null,"ClientId":0,"PlanTypeId":1,"PlanId":0,"Month":0,"AddressId":null,"UnitId":0,"ServiceId":0,"PartType":null,"PageId":0,"ShowDeleted":false,"LastCallDateTime":null,"PageNumber":null,"pageSize":0}}]}

2016-07-28 18:28:17.5563|INFO|api.Helpers.NLogger|JSON
Method: POST
URL: http://192.168.1.119:6987/profile/ClientDashboard
Controller : api.Controllers.ProfileController
Action : ClientDashboard
Action Parameters : {"messageFormat":"JSON","messageArguments":[{"request":{"Email":null,"ClientId":1004,"PlanTypeId":0,"PlanId":0,"Month":0,"AddressId":null,"UnitId":0,"ServiceId":0,"PartType":null,"PageId":0,"ShowDeleted":false,"LastCallDateTime":null,"PageNumber":null,"pageSize":0}}]}

2016-07-28 18:28:45.3016|INFO|api.Helpers.NLogger|JSON
Method: GET
URL: http://192.168.1.119:6987/common/getallplantype
Controller : api.Controllers.CommonController
Action : GetAllPlanType
Action Parameters : {"messageFormat":"JSON","messageArguments":[{}]}

2016-07-28 18:28:47.2412|INFO|api.Helpers.NLogger|JSON
Method: GET
URL: http://192.168.1.119:6987/profile/GetClientAddress?ClientId=1004
Controller : api.Controllers.ProfileController
Action : GetClientAddress
Action Parameters : {"messageFormat":"JSON","messageArguments":[{"ClientId":1004}]}

2016-07-28 18:28:47.5358|INFO|api.Helpers.NLogger|JSON
Method: POST
URL: http://192.168.1.119:6987/common/GetSpecialRateByPlanType
Controller : api.Controllers.CommonController
Action : GetSpecialRateByPlanType
Action Parameters : {"messageFormat":"JSON","messageArguments":[{"request":{"Email":null,"ClientId":0,"PlanTypeId":1,"PlanId":0,"Month":0,"AddressId":null,"UnitId":0,"ServiceId":0,"PartType":null,"PageId":0,"ShowDeleted":false,"LastCallDateTime":null,"PageNumber":null,"pageSize":0}}]}

2016-07-28 18:56:09.1314|INFO|api.Helpers.NLogger|JSON
Method: POST
URL: http://192.168.1.119:6987/profile/UpdateCreditCard
Controller : api.Controllers.ProfileController
Action : UpdateCreditCard
Action Parameters : {"messageFormat":"JSON","messageArguments":[{"request":{"Id":4,"ClientId":2,"CardType":"MasterCard","NameOnCard":"Andrew john","CardNumber":null,"ExpiryMonth":11,"CVV":123,"ExpiryYear":2020,"IsDefaultPayment":false,"StripeCardId":null}}]}

2016-07-28 18:56:25.8351|INFO|api.Helpers.NLogger|JSON
Method: POST
URL: http://192.168.1.119:6987/profile/UpdateCreditCard
Controller : api.Controllers.ProfileController
Action : UpdateCreditCard
Action Parameters : {"messageFormat":"JSON","messageArguments":[{"request":{"Id":4,"ClientId":2,"CardType":"MasterCard","NameOnCard":"Andrew john","CardNumber":null,"ExpiryMonth":11,"CVV":123,"ExpiryYear":2020,"IsDefaultPayment":false,"StripeCardId":null}}]}

2016-07-28 19:06:23.9291|INFO|api.Helpers.NLogger|JSON
Method: POST
URL: http://192.168.1.119:6987/profile/GetCreditCard
Controller : api.Controllers.ProfileController
Action : GetCreditCard
Action Parameters : {"messageFormat":"JSON","messageArguments":[{"request":{"Id":0,"ClientId":2,"CardType":null,"NameOnCard":null,"CardNumber":null,"ExpiryMonth":0,"CVV":0,"ExpiryYear":0,"IsDefaultPayment":null,"StripeCardId":null}}]}

