2016-10-09 12:38:56.8257|INFO|api.Helpers.NLogger|JSON
Method: POST
URL: http://ads.siteproofs.net/api/v1/profile/clientUpdateToken
Controller : api.Controllers.ProfileController
Action : clientUpdateToken
Action Parameters : {"messageFormat":"JSON","messageArguments":[{"request":{"Email":null,"ClientId":2,"PlanTypeId":0,"PlanId":0,"PartId":0,"Month":0,"Year":0,"AddressId":null,"UnitId":0,"ServiceId":null,"RequestedServiceId":null,"PartType":null,"PartTypeId":null,"PageId":0,"ShowDeleted":false,"ServiceCaseNumber":null,"LastCallDateTime":null,"PageNumber":null,"pageSize":0,"DeviceType":"iPhone","DeviceToken":"49bcb116e31fa426952ff475944ab93db743305ced74b2f7d5731752bb3bdf02","NotificationId":null,"EmployeeId":0,"BillingId":null}}]}

2016-10-09 12:38:56.8257|INFO|api.Helpers.NLogger|JSON
Method: POST
URL: http://ads.siteproofs.net/api/v1/profile/ClientDashboard
Controller : api.Controllers.ProfileController
Action : ClientDashboard
Action Parameters : {"messageFormat":"JSON","messageArguments":[{"request":{"Email":null,"ClientId":2,"PlanTypeId":0,"PlanId":0,"PartId":0,"Month":0,"Year":0,"AddressId":null,"UnitId":0,"ServiceId":null,"RequestedServiceId":null,"PartType":null,"PartTypeId":null,"PageId":0,"ShowDeleted":false,"ServiceCaseNumber":null,"LastCallDateTime":null,"PageNumber":null,"pageSize":0,"DeviceType":null,"DeviceToken":null,"NotificationId":null,"EmployeeId":0,"BillingId":null}}]}

2016-10-09 12:39:12.8571|INFO|api.Helpers.NLogger|JSON
Method: POST
URL: http://ads.siteproofs.net/api/v1/profile/WaitingServiceDetail
Controller : api.Controllers.ProfileController
Action : WaitingServiceDetail
Action Parameters : {"messageFormat":"JSON","messageArguments":[{"request":{"ClientId":2,"CardId":0,"UnitId":0,"NotificationId":31644,"ServiceId":31359,"Status":false}}]}

2016-10-09 12:39:16.8041|INFO|api.Helpers.NLogger|JSON
Method: POST
URL: http://ads.siteproofs.net/api/v1/profile/ClientDashboard
Controller : api.Controllers.ProfileController
Action : ClientDashboard
Action Parameters : {"messageFormat":"JSON","messageArguments":[{"request":{"Email":null,"ClientId":2,"PlanTypeId":0,"PlanId":0,"PartId":0,"Month":0,"Year":0,"AddressId":null,"UnitId":0,"ServiceId":null,"RequestedServiceId":null,"PartType":null,"PartTypeId":null,"PageId":0,"ShowDeleted":false,"ServiceCaseNumber":null,"LastCallDateTime":null,"PageNumber":null,"pageSize":0,"DeviceType":null,"DeviceToken":null,"NotificationId":null,"EmployeeId":0,"BillingId":null}}]}

2016-10-09 12:39:16.8111|INFO|api.Helpers.NLogger|JSON
Method: POST
URL: http://ads.siteproofs.net/api/v1/profile/clientUpdateToken
Controller : api.Controllers.ProfileController
Action : clientUpdateToken
Action Parameters : {"messageFormat":"JSON","messageArguments":[{"request":{"Email":null,"ClientId":2,"PlanTypeId":0,"PlanId":0,"PartId":0,"Month":0,"Year":0,"AddressId":null,"UnitId":0,"ServiceId":null,"RequestedServiceId":null,"PartType":null,"PartTypeId":null,"PageId":0,"ShowDeleted":false,"ServiceCaseNumber":null,"LastCallDateTime":null,"PageNumber":null,"pageSize":0,"DeviceType":"iPhone","DeviceToken":"49bcb116e31fa426952ff475944ab93db743305ced74b2f7d5731752bb3bdf02","NotificationId":null,"EmployeeId":0,"BillingId":null}}]}

2016-10-09 12:39:18.3412|INFO|api.Helpers.NLogger|JSON
Method: POST
URL: http://ads.siteproofs.net/api/v1/profile/WaitingServiceDetail
Controller : api.Controllers.ProfileController
Action : WaitingServiceDetail
Action Parameters : {"messageFormat":"JSON","messageArguments":[{"request":{"ClientId":2,"CardId":0,"UnitId":0,"NotificationId":31644,"ServiceId":31359,"Status":false}}]}

2016-10-09 12:39:20.6965|INFO|api.Helpers.NLogger|JSON
Method: POST
URL: http://ads.siteproofs.net/api/v1/employee/GetDashBoardMonthDayWiseServiceList
Controller : api.Controllers.EmployeeController
Action : GetDashBoardMonthDayWiseServiceList
Action Parameters : {"messageFormat":"JSON","messageArguments":[{"request":{"NotificationId":0,"EmployeeId":1,"SalesVisitRequestId":0,"Month":10,"Year":2016,"Day":9,"ServiceId":0,"ReportId":0,"UnitId":0,"Latitude":null,"Longitude":null,"SearchTerm":null,"PageId":0,"LastCallDateTime":null,"PageNumber":null,"pageSize":0,"OrderId":0,"StatDate":null,"EndDate":null,"DeviceType":null,"DeviceToken":null,"ClientEmails":null}}]}

2016-10-09 12:39:20.6965|INFO|api.Helpers.NLogger|JSON
Method: POST
URL: http://ads.siteproofs.net/api/v1/employee/GetDashBoardMonthWiseServiceCount
Controller : api.Controllers.EmployeeController
Action : GetDashBoardMonthWiseServiceCount
Action Parameters : {"messageFormat":"JSON","messageArguments":[{"request":{"NotificationId":0,"EmployeeId":1,"SalesVisitRequestId":0,"Month":10,"Year":2016,"Day":0,"ServiceId":0,"ReportId":0,"UnitId":0,"Latitude":null,"Longitude":null,"SearchTerm":null,"PageId":0,"LastCallDateTime":null,"PageNumber":null,"pageSize":0,"OrderId":0,"StatDate":null,"EndDate":null,"DeviceType":null,"DeviceToken":null,"ClientEmails":null}}]}

2016-10-09 12:39:20.6965|INFO|api.Helpers.NLogger|JSON
Method: POST
URL: http://ads.siteproofs.net/api/v1/employee/GetDashBoardMonthWiseServiceCount
Controller : api.Controllers.EmployeeController
Action : GetDashBoardMonthWiseServiceCount
Action Parameters : {"messageFormat":"JSON","messageArguments":[{"request":{"NotificationId":0,"EmployeeId":1,"SalesVisitRequestId":0,"Month":11,"Year":2016,"Day":0,"ServiceId":0,"ReportId":0,"UnitId":0,"Latitude":null,"Longitude":null,"SearchTerm":null,"PageId":0,"LastCallDateTime":null,"PageNumber":null,"pageSize":0,"OrderId":0,"StatDate":null,"EndDate":null,"DeviceType":null,"DeviceToken":null,"ClientEmails":null}}]}

2016-10-09 12:39:20.8206|INFO|api.Helpers.NLogger|JSON
Method: POST
URL: http://ads.siteproofs.net/api/v1/employee/UpdateEmployeeLocation
Controller : api.Controllers.EmployeeController
Action : UpdateEmployeeLocation
Action Parameters : {"messageFormat":"JSON","messageArguments":[{"request":{"NotificationId":0,"EmployeeId":1,"SalesVisitRequestId":0,"Month":0,"Year":0,"Day":0,"ServiceId":0,"ReportId":0,"UnitId":0,"Latitude":-118.37335222,"Longitude":34.05932626,"SearchTerm":null,"PageId":0,"LastCallDateTime":null,"PageNumber":null,"pageSize":0,"OrderId":0,"StatDate":null,"EndDate":null,"DeviceType":null,"DeviceToken":null,"ClientEmails":null}}]}

2016-10-09 12:39:21.5199|INFO|api.Helpers.NLogger|JSON
Method: POST
URL: http://ads.siteproofs.net/api/v1/employee/employeeUpdateToken
Controller : api.Controllers.NewEmployeeController
Action : employeeUpdateToken
Action Parameters : {"messageFormat":"JSON","messageArguments":[{"request":{"NotificationId":0,"EmployeeId":1,"SalesVisitRequestId":0,"Month":0,"Year":0,"Day":0,"ServiceId":0,"ReportId":0,"UnitId":0,"Latitude":null,"Longitude":null,"SearchTerm":null,"PageId":0,"LastCallDateTime":null,"PageNumber":null,"pageSize":0,"OrderId":0,"StatDate":null,"EndDate":null,"DeviceType":"iPhone","DeviceToken":"411134f88045a783a8976922a48e134cc0765248029077d4252c2e689b2b42d2","ClientEmails":null}}]}

2016-10-09 12:39:27.8707|INFO|api.Helpers.NLogger|JSON
Method: POST
URL: http://ads.siteproofs.net/api/v1/employee/GetDashBoardMonthDayWiseServiceList
Controller : api.Controllers.EmployeeController
Action : GetDashBoardMonthDayWiseServiceList
Action Parameters : {"messageFormat":"JSON","messageArguments":[{"request":{"NotificationId":0,"EmployeeId":1,"SalesVisitRequestId":0,"Month":10,"Year":2016,"Day":10,"ServiceId":0,"ReportId":0,"UnitId":0,"Latitude":null,"Longitude":null,"SearchTerm":null,"PageId":0,"LastCallDateTime":null,"PageNumber":null,"pageSize":0,"OrderId":0,"StatDate":null,"EndDate":null,"DeviceType":null,"DeviceToken":null,"ClientEmails":null}}]}

2016-10-09 12:39:29.1161|INFO|api.Helpers.NLogger|JSON
Method: POST
URL: http://ads.siteproofs.net/api/v1/employee/GetDashBoardMonthDayWiseServiceList
Controller : api.Controllers.EmployeeController
Action : GetDashBoardMonthDayWiseServiceList
Action Parameters : {"messageFormat":"JSON","messageArguments":[{"request":{"NotificationId":0,"EmployeeId":1,"SalesVisitRequestId":0,"Month":10,"Year":2016,"Day":10,"ServiceId":0,"ReportId":0,"UnitId":0,"Latitude":null,"Longitude":null,"SearchTerm":null,"PageId":0,"LastCallDateTime":null,"PageNumber":null,"pageSize":0,"OrderId":0,"StatDate":null,"EndDate":null,"DeviceType":null,"DeviceToken":null,"ClientEmails":null}}]}

2016-10-09 12:39:31.0346|INFO|api.Helpers.NLogger|JSON
Method: POST
URL: http://ads.siteproofs.net/api/v1/employee/GetDashBoardMonthDayWiseServiceList
Controller : api.Controllers.EmployeeController
Action : GetDashBoardMonthDayWiseServiceList
Action Parameters : {"messageFormat":"JSON","messageArguments":[{"request":{"NotificationId":0,"EmployeeId":1,"SalesVisitRequestId":0,"Month":10,"Year":2016,"Day":10,"ServiceId":0,"ReportId":0,"UnitId":0,"Latitude":null,"Longitude":null,"SearchTerm":null,"PageId":0,"LastCallDateTime":null,"PageNumber":null,"pageSize":0,"OrderId":0,"StatDate":null,"EndDate":null,"DeviceType":null,"DeviceToken":null,"ClientEmails":null}}]}

2016-10-09 12:39:34.4229|INFO|api.Helpers.NLogger|JSON
Method: POST
URL: http://ads.siteproofs.net/api/v1/employee/GetDashBoardMonthDayWiseServiceList
Controller : api.Controllers.EmployeeController
Action : GetDashBoardMonthDayWiseServiceList
Action Parameters : {"messageFormat":"JSON","messageArguments":[{"request":{"NotificationId":0,"EmployeeId":1,"SalesVisitRequestId":0,"Month":10,"Year":2016,"Day":10,"ServiceId":0,"ReportId":0,"UnitId":0,"Latitude":null,"Longitude":null,"SearchTerm":null,"PageId":0,"LastCallDateTime":null,"PageNumber":null,"pageSize":0,"OrderId":0,"StatDate":null,"EndDate":null,"DeviceType":null,"DeviceToken":null,"ClientEmails":null}}]}

2016-10-09 12:39:43.4990|INFO|api.Helpers.NLogger|JSON
Method: POST
URL: http://ads.siteproofs.net/api/v1/employee/GetDashBoardMonthWiseServiceCount
Controller : api.Controllers.EmployeeController
Action : GetDashBoardMonthWiseServiceCount
Action Parameters : {"messageFormat":"JSON","messageArguments":[{"request":{"NotificationId":0,"EmployeeId":1,"SalesVisitRequestId":0,"Month":10,"Year":2016,"Day":0,"ServiceId":0,"ReportId":0,"UnitId":0,"Latitude":null,"Longitude":null,"SearchTerm":null,"PageId":0,"LastCallDateTime":null,"PageNumber":null,"pageSize":0,"OrderId":0,"StatDate":null,"EndDate":null,"DeviceType":null,"DeviceToken":null,"ClientEmails":null}}]}

2016-10-09 12:39:43.4990|INFO|api.Helpers.NLogger|JSON
Method: POST
URL: http://ads.siteproofs.net/api/v1/employee/GetDashBoardMonthWiseServiceCount
Controller : api.Controllers.EmployeeController
Action : GetDashBoardMonthWiseServiceCount
Action Parameters : {"messageFormat":"JSON","messageArguments":[{"request":{"NotificationId":0,"EmployeeId":1,"SalesVisitRequestId":0,"Month":11,"Year":2016,"Day":0,"ServiceId":0,"ReportId":0,"UnitId":0,"Latitude":null,"Longitude":null,"SearchTerm":null,"PageId":0,"LastCallDateTime":null,"PageNumber":null,"pageSize":0,"OrderId":0,"StatDate":null,"EndDate":null,"DeviceType":null,"DeviceToken":null,"ClientEmails":null}}]}

2016-10-09 12:39:44.8244|INFO|api.Helpers.NLogger|JSON
Method: POST
URL: http://ads.siteproofs.net/api/v1/employee/GetDashBoardMonthDayWiseServiceList
Controller : api.Controllers.EmployeeController
Action : GetDashBoardMonthDayWiseServiceList
Action Parameters : {"messageFormat":"JSON","messageArguments":[{"request":{"NotificationId":0,"EmployeeId":1,"SalesVisitRequestId":0,"Month":10,"Year":2016,"Day":17,"ServiceId":0,"ReportId":0,"UnitId":0,"Latitude":null,"Longitude":null,"SearchTerm":null,"PageId":0,"LastCallDateTime":null,"PageNumber":null,"pageSize":0,"OrderId":0,"StatDate":null,"EndDate":null,"DeviceType":null,"DeviceToken":null,"ClientEmails":null}}]}

2016-10-09 12:39:47.6430|INFO|api.Helpers.NLogger|JSON
Method: POST
URL: http://ads.siteproofs.net/api/v1/employee/GetDashBoardMonthWiseServiceCount
Controller : api.Controllers.EmployeeController
Action : GetDashBoardMonthWiseServiceCount
Action Parameters : {"messageFormat":"JSON","messageArguments":[{"request":{"NotificationId":0,"EmployeeId":1,"SalesVisitRequestId":0,"Month":11,"Year":2016,"Day":0,"ServiceId":0,"ReportId":0,"UnitId":0,"Latitude":null,"Longitude":null,"SearchTerm":null,"PageId":0,"LastCallDateTime":null,"PageNumber":null,"pageSize":0,"OrderId":0,"StatDate":null,"EndDate":null,"DeviceType":null,"DeviceToken":null,"ClientEmails":null}}]}

2016-10-09 12:39:47.6430|INFO|api.Helpers.NLogger|JSON
Method: POST
URL: http://ads.siteproofs.net/api/v1/employee/GetDashBoardMonthWiseServiceCount
Controller : api.Controllers.EmployeeController
Action : GetDashBoardMonthWiseServiceCount
Action Parameters : {"messageFormat":"JSON","messageArguments":[{"request":{"NotificationId":0,"EmployeeId":1,"SalesVisitRequestId":0,"Month":10,"Year":2016,"Day":0,"ServiceId":0,"ReportId":0,"UnitId":0,"Latitude":null,"Longitude":null,"SearchTerm":null,"PageId":0,"LastCallDateTime":null,"PageNumber":null,"pageSize":0,"OrderId":0,"StatDate":null,"EndDate":null,"DeviceType":null,"DeviceToken":null,"ClientEmails":null}}]}

2016-10-09 12:39:48.7124|INFO|api.Helpers.NLogger|JSON
Method: POST
URL: http://ads.siteproofs.net/api/v1/employee/GetDashBoardMonthDayWiseServiceList
Controller : api.Controllers.EmployeeController
Action : GetDashBoardMonthDayWiseServiceList
Action Parameters : {"messageFormat":"JSON","messageArguments":[{"request":{"NotificationId":0,"EmployeeId":1,"SalesVisitRequestId":0,"Month":10,"Year":2016,"Day":10,"ServiceId":0,"ReportId":0,"UnitId":0,"Latitude":null,"Longitude":null,"SearchTerm":null,"PageId":0,"LastCallDateTime":null,"PageNumber":null,"pageSize":0,"OrderId":0,"StatDate":null,"EndDate":null,"DeviceType":null,"DeviceToken":null,"ClientEmails":null}}]}

2016-10-09 12:39:50.5701|INFO|api.Helpers.NLogger|JSON
Method: POST
URL: http://ads.siteproofs.net/api/v1/employee/GetServiceDetails
Controller : api.Controllers.EmployeeController
Action : GetServiceDetails
Action Parameters : {"messageFormat":"JSON","messageArguments":[{"request":{"NotificationId":0,"EmployeeId":1,"SalesVisitRequestId":0,"Month":0,"Year":0,"Day":0,"ServiceId":31359,"ReportId":0,"UnitId":0,"Latitude":null,"Longitude":null,"SearchTerm":null,"PageId":0,"LastCallDateTime":null,"PageNumber":null,"pageSize":0,"OrderId":0,"StatDate":null,"EndDate":null,"DeviceType":null,"DeviceToken":null,"ClientEmails":null}}]}

2016-10-09 12:40:00.9028|INFO|api.Helpers.NLogger|JSON
Method: POST
URL: http://ads.siteproofs.net/api/v1/employee/GetDashBoardMonthWiseServiceCount
Controller : api.Controllers.EmployeeController
Action : GetDashBoardMonthWiseServiceCount
Action Parameters : {"messageFormat":"JSON","messageArguments":[{"request":{"NotificationId":0,"EmployeeId":1,"SalesVisitRequestId":0,"Month":11,"Year":2016,"Day":0,"ServiceId":0,"ReportId":0,"UnitId":0,"Latitude":null,"Longitude":null,"SearchTerm":null,"PageId":0,"LastCallDateTime":null,"PageNumber":null,"pageSize":0,"OrderId":0,"StatDate":null,"EndDate":null,"DeviceType":null,"DeviceToken":null,"ClientEmails":null}}]}

2016-10-09 12:40:00.9028|INFO|api.Helpers.NLogger|JSON
Method: POST
URL: http://ads.siteproofs.net/api/v1/employee/GetDashBoardMonthWiseServiceCount
Controller : api.Controllers.EmployeeController
Action : GetDashBoardMonthWiseServiceCount
Action Parameters : {"messageFormat":"JSON","messageArguments":[{"request":{"NotificationId":0,"EmployeeId":1,"SalesVisitRequestId":0,"Month":10,"Year":2016,"Day":0,"ServiceId":0,"ReportId":0,"UnitId":0,"Latitude":null,"Longitude":null,"SearchTerm":null,"PageId":0,"LastCallDateTime":null,"PageNumber":null,"pageSize":0,"OrderId":0,"StatDate":null,"EndDate":null,"DeviceType":null,"DeviceToken":null,"ClientEmails":null}}]}

2016-10-09 12:40:01.8397|INFO|api.Helpers.NLogger|JSON
Method: POST
URL: http://ads.siteproofs.net/api/v1/employee/GetDashBoardMonthDayWiseServiceList
Controller : api.Controllers.EmployeeController
Action : GetDashBoardMonthDayWiseServiceList
Action Parameters : {"messageFormat":"JSON","messageArguments":[{"request":{"NotificationId":0,"EmployeeId":1,"SalesVisitRequestId":0,"Month":10,"Year":2016,"Day":9,"ServiceId":0,"ReportId":0,"UnitId":0,"Latitude":null,"Longitude":null,"SearchTerm":null,"PageId":0,"LastCallDateTime":null,"PageNumber":null,"pageSize":0,"OrderId":0,"StatDate":null,"EndDate":null,"DeviceType":null,"DeviceToken":null,"ClientEmails":null}}]}

2016-10-09 12:59:55.7169|INFO|api.Helpers.NLogger|JSON
Method: POST
URL: http://ads.siteproofs.net/api/v1/employee/GetDashBoardMonthWiseServiceCount
Controller : api.Controllers.EmployeeController
Action : GetDashBoardMonthWiseServiceCount
Action Parameters : {"messageFormat":"JSON","messageArguments":[{"request":{"NotificationId":0,"EmployeeId":1,"SalesVisitRequestId":0,"Month":11,"Year":2016,"Day":0,"ServiceId":0,"ReportId":0,"UnitId":0,"Latitude":null,"Longitude":null,"SearchTerm":null,"PageId":0,"LastCallDateTime":null,"PageNumber":null,"pageSize":0,"OrderId":0,"StatDate":null,"EndDate":null,"DeviceType":null,"DeviceToken":null,"ClientEmails":null}}]}

2016-10-09 12:59:55.7169|INFO|api.Helpers.NLogger|JSON
Method: POST
URL: http://ads.siteproofs.net/api/v1/employee/GetDashBoardMonthDayWiseServiceList
Controller : api.Controllers.EmployeeController
Action : GetDashBoardMonthDayWiseServiceList
Action Parameters : {"messageFormat":"JSON","messageArguments":[{"request":{"NotificationId":0,"EmployeeId":1,"SalesVisitRequestId":0,"Month":10,"Year":2016,"Day":9,"ServiceId":0,"ReportId":0,"UnitId":0,"Latitude":null,"Longitude":null,"SearchTerm":null,"PageId":0,"LastCallDateTime":null,"PageNumber":null,"pageSize":0,"OrderId":0,"StatDate":null,"EndDate":null,"DeviceType":null,"DeviceToken":null,"ClientEmails":null}}]}

2016-10-09 12:59:55.7169|INFO|api.Helpers.NLogger|JSON
Method: POST
URL: http://ads.siteproofs.net/api/v1/employee/GetDashBoardMonthWiseServiceCount
Controller : api.Controllers.EmployeeController
Action : GetDashBoardMonthWiseServiceCount
Action Parameters : {"messageFormat":"JSON","messageArguments":[{"request":{"NotificationId":0,"EmployeeId":1,"SalesVisitRequestId":0,"Month":10,"Year":2016,"Day":0,"ServiceId":0,"ReportId":0,"UnitId":0,"Latitude":null,"Longitude":null,"SearchTerm":null,"PageId":0,"LastCallDateTime":null,"PageNumber":null,"pageSize":0,"OrderId":0,"StatDate":null,"EndDate":null,"DeviceType":null,"DeviceToken":null,"ClientEmails":null}}]}

2016-10-09 12:59:55.8921|INFO|api.Helpers.NLogger|JSON
Method: POST
URL: http://ads.siteproofs.net/api/v1/employee/UpdateEmployeeLocation
Controller : api.Controllers.EmployeeController
Action : UpdateEmployeeLocation
Action Parameters : {"messageFormat":"JSON","messageArguments":[{"request":{"NotificationId":0,"EmployeeId":1,"SalesVisitRequestId":0,"Month":0,"Year":0,"Day":0,"ServiceId":0,"ReportId":0,"UnitId":0,"Latitude":-118.37332753,"Longitude":34.05933574,"SearchTerm":null,"PageId":0,"LastCallDateTime":null,"PageNumber":null,"pageSize":0,"OrderId":0,"StatDate":null,"EndDate":null,"DeviceType":null,"DeviceToken":null,"ClientEmails":null}}]}

2016-10-09 12:59:56.0632|INFO|api.Helpers.NLogger|JSON
Method: POST
URL: http://ads.siteproofs.net/api/v1/employee/employeeUpdateToken
Controller : api.Controllers.NewEmployeeController
Action : employeeUpdateToken
Action Parameters : {"messageFormat":"JSON","messageArguments":[{"request":{"NotificationId":0,"EmployeeId":1,"SalesVisitRequestId":0,"Month":0,"Year":0,"Day":0,"ServiceId":0,"ReportId":0,"UnitId":0,"Latitude":null,"Longitude":null,"SearchTerm":null,"PageId":0,"LastCallDateTime":null,"PageNumber":null,"pageSize":0,"OrderId":0,"StatDate":null,"EndDate":null,"DeviceType":"iPhone","DeviceToken":"411134f88045a783a8976922a48e134cc0765248029077d4252c2e689b2b42d2","ClientEmails":null}}]}

2016-10-09 12:59:57.8723|INFO|api.Helpers.NLogger|JSON
Method: POST
URL: http://ads.siteproofs.net/api/v1/employee/NotificationList
Controller : api.Controllers.NewEmployeeController
Action : NotificationList
Action Parameters : {"messageFormat":"JSON","messageArguments":[{"request":{"NotificationId":0,"EmployeeId":1,"SalesVisitRequestId":0,"Month":0,"Year":0,"Day":0,"ServiceId":0,"ReportId":0,"UnitId":0,"Latitude":null,"Longitude":null,"SearchTerm":null,"PageId":0,"LastCallDateTime":null,"PageNumber":1,"pageSize":0,"OrderId":0,"StatDate":null,"EndDate":null,"DeviceType":null,"DeviceToken":null,"ClientEmails":null}}]}

2016-10-09 12:59:59.4331|INFO|api.Helpers.NLogger|JSON
Method: POST
URL: http://ads.siteproofs.net/api/v1/employee/NotificationList
Controller : api.Controllers.NewEmployeeController
Action : NotificationList
Action Parameters : {"messageFormat":"JSON","messageArguments":[{"request":{"NotificationId":0,"EmployeeId":1,"SalesVisitRequestId":0,"Month":0,"Year":0,"Day":0,"ServiceId":0,"ReportId":0,"UnitId":0,"Latitude":null,"Longitude":null,"SearchTerm":null,"PageId":0,"LastCallDateTime":null,"PageNumber":2,"pageSize":0,"OrderId":0,"StatDate":null,"EndDate":null,"DeviceType":null,"DeviceToken":null,"ClientEmails":null}}]}

2016-10-09 13:00:00.6099|INFO|api.Helpers.NLogger|JSON
Method: POST
URL: http://ads.siteproofs.net/api/v1/employee/GetServiceDetails
Controller : api.Controllers.EmployeeController
Action : GetServiceDetails
Action Parameters : {"messageFormat":"JSON","messageArguments":[{"request":{"NotificationId":31628,"EmployeeId":1,"SalesVisitRequestId":0,"Month":0,"Year":0,"Day":0,"ServiceId":31359,"ReportId":0,"UnitId":0,"Latitude":null,"Longitude":null,"SearchTerm":null,"PageId":0,"LastCallDateTime":null,"PageNumber":null,"pageSize":0,"OrderId":0,"StatDate":null,"EndDate":null,"DeviceType":null,"DeviceToken":null,"ClientEmails":null}}]}

2016-10-09 13:00:06.5865|INFO|api.Helpers.NLogger|JSON
Method: POST
URL: http://ads.siteproofs.net/api/v1/empcommon/GetScheduleTimeByServiceId
Controller : api.Controllers.EmpCommonController
Action : GetScheduleTimeByPlanTypeServiceId
Action Parameters : {"messageFormat":"JSON","messageArguments":[{"request":{"Email":null,"ClientId":0,"PlanTypeId":0,"PlanId":0,"PartId":0,"Month":0,"Year":0,"AddressId":null,"UnitId":0,"ServiceId":31359,"RequestedServiceId":null,"PartType":null,"PartTypeId":null,"PageId":0,"ShowDeleted":false,"ServiceCaseNumber":null,"LastCallDateTime":null,"PageNumber":null,"pageSize":0,"DeviceType":null,"DeviceToken":null,"NotificationId":null,"EmployeeId":1,"BillingId":null}}]}

2016-10-09 13:00:21.8973|INFO|api.Helpers.NLogger|JSON
Method: POST
URL: http://ads.siteproofs.net/api/v1/employee/ServiceRecheduleRequest
Controller : api.Controllers.NewEmployeeController
Action : ServiceRecheduleRequest
Action Parameters : {"messageFormat":"JSON","messageArguments":[{"request":{"EmployeeId":1,"ServiceId":31359,"ClientId":2,"AddressId":0,"PurposeOfVisit":null,"ServiceRequestedTime":"8:00 AM - 12:35 PM","ServiceRequestedOn":"\/Date(1476084609000)\/","Notes":null,"Reason":"Testing","IsCancelled":false,"Units":null,"NotificationId":0}}]}

2016-10-09 13:00:22.8320|INFO|api.Helpers.NLogger|JSON
Method: POST
URL: http://ads.siteproofs.net/api/v1/employee/GetDashBoardMonthWiseServiceCount
Controller : api.Controllers.EmployeeController
Action : GetDashBoardMonthWiseServiceCount
Action Parameters : {"messageFormat":"JSON","messageArguments":[{"request":{"NotificationId":0,"EmployeeId":1,"SalesVisitRequestId":0,"Month":11,"Year":2016,"Day":0,"ServiceId":0,"ReportId":0,"UnitId":0,"Latitude":null,"Longitude":null,"SearchTerm":null,"PageId":0,"LastCallDateTime":null,"PageNumber":null,"pageSize":0,"OrderId":0,"StatDate":null,"EndDate":null,"DeviceType":null,"DeviceToken":null,"ClientEmails":null}}]}

2016-10-09 13:00:22.8320|INFO|api.Helpers.NLogger|JSON
Method: POST
URL: http://ads.siteproofs.net/api/v1/employee/GetDashBoardMonthWiseServiceCount
Controller : api.Controllers.EmployeeController
Action : GetDashBoardMonthWiseServiceCount
Action Parameters : {"messageFormat":"JSON","messageArguments":[{"request":{"NotificationId":0,"EmployeeId":1,"SalesVisitRequestId":0,"Month":10,"Year":2016,"Day":0,"ServiceId":0,"ReportId":0,"UnitId":0,"Latitude":null,"Longitude":null,"SearchTerm":null,"PageId":0,"LastCallDateTime":null,"PageNumber":null,"pageSize":0,"OrderId":0,"StatDate":null,"EndDate":null,"DeviceType":null,"DeviceToken":null,"ClientEmails":null}}]}

2016-10-09 13:00:22.8320|INFO|api.Helpers.NLogger|JSON
Method: POST
URL: http://ads.siteproofs.net/api/v1/employee/GetDashBoardMonthDayWiseServiceList
Controller : api.Controllers.EmployeeController
Action : GetDashBoardMonthDayWiseServiceList
Action Parameters : {"messageFormat":"JSON","messageArguments":[{"request":{"NotificationId":0,"EmployeeId":1,"SalesVisitRequestId":0,"Month":10,"Year":2016,"Day":9,"ServiceId":0,"ReportId":0,"UnitId":0,"Latitude":null,"Longitude":null,"SearchTerm":null,"PageId":0,"LastCallDateTime":null,"PageNumber":null,"pageSize":0,"OrderId":0,"StatDate":null,"EndDate":null,"DeviceType":null,"DeviceToken":null,"ClientEmails":null}}]}

