2016-11-21 15:19:31.9417|INFO|api.Helpers.NLogger|JSON
Method: POST
URL: http://192.168.1.119:6987/v1/employee/CheckUnitMatchDetails
Controller : api.Controllers.EmployeeController
Action : CheckUnitMatchDetails
Action Parameters : {"messageFormat":"JSON","messageArguments":[{"request":{"EmployeeId":4,"Parts":[{"UnitType":"Packaged","ModelNumber":"acm1000","SerialNumber":"acs1000"}]}}]}

2016-11-21 15:23:05.4181|INFO|api.Helpers.NLogger|JSON
Method: POST
URL: http://192.168.1.119:6987/v1/employee/CheckUnitMatchDetails
Controller : api.Controllers.EmployeeController
Action : CheckUnitMatchDetails
Action Parameters : {"messageFormat":"JSON","messageArguments":[{"request":{"EmployeeId":4,"Parts":[{"UnitType":"Packaged","ModelNumber":"acm1000","SerialNumber":"acs1000"}]}}]}

2016-11-21 15:48:42.3971|INFO|api.Helpers.NLogger|JSON
Method: POST
URL: http://192.168.1.119:6987/v1/employee/CheckUnitMatchDetails
Controller : api.Controllers.EmployeeController
Action : CheckUnitMatchDetails
Action Parameters : {"messageFormat":"JSON","messageArguments":[{"request":{"EmployeeId":4,"Parts":[{"UnitType":"Packaged","ModelNumber":"acm1000","SerialNumber":"Dani"}]}}]}

2016-11-21 15:49:28.8809|INFO|api.Helpers.NLogger|JSON
Method: POST
URL: http://192.168.1.119:6987/v1/employee/CheckUnitMatchDetails
Controller : api.Controllers.EmployeeController
Action : CheckUnitMatchDetails
Action Parameters : {"messageFormat":"JSON","messageArguments":[{"request":{"EmployeeId":4,"Parts":[{"UnitType":"Packaged","ModelNumber":"acm4200","SerialNumber":"Dani"}]}}]}

2016-11-21 16:13:00.3208|INFO|api.Helpers.NLogger|JSON
Method: POST
URL: http://192.168.1.119:6987/v1/employee/CheckUnitMatchDetails
Controller : api.Controllers.EmployeeController
Action : CheckUnitMatchDetails
Action Parameters : {"messageFormat":"JSON","messageArguments":[{"request":{"EmployeeId":4,"Parts":[{"UnitType":"Packaged","ModelNumber":"acm4200","SerialNumber":"Dani"}]}}]}

2016-11-21 16:23:34.7810|INFO|api.Helpers.NLogger|JSON
Method: POST
URL: http://192.168.1.119:6987/v1/employee/GetServiceUnitDetails
Controller : api.Controllers.EmployeeController
Action : GetServiceUnitDetails
Action Parameters : {"messageFormat":"JSON","messageArguments":[{"request":{"NotificationId":0,"EmployeeId":7,"SalesVisitRequestId":0,"Month":0,"Year":0,"Day":0,"ServiceId":0,"ReportId":0,"UnitId":1,"Latitude":null,"Longitude":null,"SearchTerm":null,"PageId":0,"LastCallDateTime":null,"PageNumber":null,"pageSize":0,"OrderId":0,"StatDate":null,"EndDate":null,"DeviceType":null,"DeviceToken":null,"ClientEmails":null}}]}

2016-11-21 16:24:23.8705|INFO|api.Helpers.NLogger|JSON
Method: POST
URL: http://192.168.1.119:6987/v1/employee/GetServiceUnitDetails
Controller : api.Controllers.EmployeeController
Action : GetServiceUnitDetails
Action Parameters : {"messageFormat":"JSON","messageArguments":[{"request":{"NotificationId":0,"EmployeeId":7,"SalesVisitRequestId":0,"Month":0,"Year":0,"Day":0,"ServiceId":0,"ReportId":0,"UnitId":1,"Latitude":null,"Longitude":null,"SearchTerm":null,"PageId":0,"LastCallDateTime":null,"PageNumber":null,"pageSize":0,"OrderId":0,"StatDate":null,"EndDate":null,"DeviceType":null,"DeviceToken":null,"ClientEmails":null}}]}

2016-11-21 16:24:38.7934|INFO|api.Helpers.NLogger|JSON
Method: POST
URL: http://192.168.1.119:6987/v1/employee/GetServiceUnitDetails
Controller : api.Controllers.EmployeeController
Action : GetServiceUnitDetails
Action Parameters : {"messageFormat":"JSON","messageArguments":[{"request":{"NotificationId":0,"EmployeeId":7,"SalesVisitRequestId":0,"Month":0,"Year":0,"Day":0,"ServiceId":0,"ReportId":0,"UnitId":1,"Latitude":null,"Longitude":null,"SearchTerm":null,"PageId":0,"LastCallDateTime":null,"PageNumber":null,"pageSize":0,"OrderId":0,"StatDate":null,"EndDate":null,"DeviceType":null,"DeviceToken":null,"ClientEmails":null}}]}

2016-11-21 16:29:16.0771|INFO|api.Helpers.NLogger|JSON
Method: POST
URL: http://192.168.1.119:6987/v1/employee/GetServiceUnitDetails
Controller : api.Controllers.EmployeeController
Action : GetServiceUnitDetails
Action Parameters : {"messageFormat":"JSON","messageArguments":[{"request":{"NotificationId":0,"EmployeeId":7,"SalesVisitRequestId":0,"Month":0,"Year":0,"Day":0,"ServiceId":0,"ReportId":0,"UnitId":1,"Latitude":null,"Longitude":null,"SearchTerm":null,"PageId":0,"LastCallDateTime":null,"PageNumber":null,"pageSize":0,"OrderId":0,"StatDate":null,"EndDate":null,"DeviceType":null,"DeviceToken":null,"ClientEmails":null}}]}

2016-11-21 17:00:44.7688|INFO|api.Helpers.NLogger|JSON
Method: POST
URL: http://192.168.1.119:6987/v1/employee/GetServiceUnitDetails
Controller : api.Controllers.EmployeeController
Action : GetServiceUnitDetails
Action Parameters : {"messageFormat":"JSON","messageArguments":[{"request":{"NotificationId":0,"EmployeeId":7,"SalesVisitRequestId":0,"Month":0,"Year":0,"Day":0,"ServiceId":0,"ReportId":0,"UnitId":1,"Latitude":null,"Longitude":null,"SearchTerm":null,"PageId":0,"LastCallDateTime":null,"PageNumber":null,"pageSize":0,"OrderId":0,"StatDate":null,"EndDate":null,"DeviceType":null,"DeviceToken":null,"ClientEmails":null}}]}

2016-11-21 17:50:08.4078|INFO|api.Helpers.NLogger|JSON
Method: POST
URL: http://192.168.1.119:6987/v1/profile/clientlogin
Controller : api.Controllers.ProfileController
Action : Login
Action Parameters : {"messageFormat":"JSON","messageArguments":[{"model":{"Email":"adam@gmail.com","Password":"7f2765757d527eaeeb14fb706039bac7","DeviceType":null,"DeviceToken":null}}]}

2016-11-21 17:52:31.6617|INFO|api.Helpers.NLogger|JSON
Method: POST
URL: http://192.168.1.119:6987/v1/profile/clientlogin
Controller : api.Controllers.ProfileController
Action : Login
Action Parameters : {"messageFormat":"JSON","messageArguments":[{"model":{"Email":"adam@gmail.com","Password":"7f2765757d527eaeeb14fb706039bac7","DeviceType":null,"DeviceToken":null}}]}

2016-11-21 17:53:02.8883|INFO|api.Helpers.NLogger|JSON
Method: POST
URL: http://192.168.1.119:6987/v1/employee/login
Controller : api.Controllers.EmployeeController
Action : Login
Action Parameters : {"messageFormat":"JSON","messageArguments":[{"model":{"Email":"michael@gmail.com","Password":"7f2765757d527eaeeb14fb706039bac7","DeviceType":null,"DeviceToken":null}}]}

2016-11-21 18:43:48.4830|INFO|api.Helpers.NLogger|JSON
Method: POST
URL: http://192.168.1.119:6987/v1/employee/AddUnitDetails
Controller : api.Controllers.NewEmployeeController
Action : AddUnitDetails
Action Parameters : {"messageFormat":"JSON","messageArguments":[{"emp":{"EmployeeId":15,"ClientId":3,"UnitName":"","PlanTypeId":2,"AddressId":2,"UnitTypeId":null,"AutoRenewal":true,"SpecialOffer":false,"IsMatched":false,"Notes":"Fdghfghfgh","Parts":[{"IsMatched":false,"ModelNumber":"new model","SerialNumber":"new serial","UnitType":"Packaged","ManufactureDate":"\/Date(1320152400000)\/","ManufactureBrand":"fghgfhj","UnitTon":"5","Refrigerant":38,"ElectricalService":"230/3/60","Breaker":6,"MaxBreaker":"25amp","Compressor":31,"Capacitor":9,"Contactor":10,"Filterdryer":11,"Defrostboard":12,"Relay":13,"TXVValve":14,"ReversingValve":15,"BlowerMotor":42,"Condensingfanmotor":17,"Inducerdraftmotor":18,"Transformer":19,"Controlboard":20,"Limitswitch":21,"Ignitor":22,"Gasvalve":23,"Pressureswitch":24,"Flamesensor":25,"Rolloutsensor":26,"Doorswitch":27,"Ignitioncontrolboard":28,"CoilCleaner":39,"Misc":40,"OptionalInformation":{"QuantityOfFilter":1,"Filters":[{"size":34,"LocationOfPart":false}],"QuantityOfFuses":2,"FuseTypes":[{"FuseType":2},{"FuseType":30}],"BoosterTypes":4}}]}}]}

2016-11-21 18:47:09.5122|INFO|api.Helpers.NLogger|JSON
Method: POST
URL: http://192.168.1.119:6987/v1/employee/AddUnitDetails
Controller : api.Controllers.NewEmployeeController
Action : AddUnitDetails
Action Parameters : {"messageFormat":"JSON","messageArguments":[{"emp":{"EmployeeId":15,"ClientId":3,"UnitName":"","PlanTypeId":2,"AddressId":2,"UnitTypeId":null,"AutoRenewal":true,"SpecialOffer":false,"IsMatched":false,"Notes":"Fdghfghfgh","Parts":[{"IsMatched":false,"ModelNumber":"new model","SerialNumber":"new serial","UnitType":"Packaged","ManufactureDate":"\/Date(1320152400000)\/","ManufactureBrand":"fghgfhj","UnitTon":"5","Refrigerant":38,"ElectricalService":"230/3/60","Breaker":6,"MaxBreaker":"25amp","Compressor":31,"Capacitor":9,"Contactor":10,"Filterdryer":11,"Defrostboard":12,"Relay":13,"TXVValve":14,"ReversingValve":15,"BlowerMotor":42,"Condensingfanmotor":17,"Inducerdraftmotor":18,"Transformer":19,"Controlboard":20,"Limitswitch":21,"Ignitor":22,"Gasvalve":23,"Pressureswitch":24,"Flamesensor":25,"Rolloutsensor":26,"Doorswitch":27,"Ignitioncontrolboard":28,"CoilCleaner":39,"Misc":40,"OptionalInformation":{"QuantityOfFilter":1,"Filters":[{"size":34,"LocationOfPart":false}],"QuantityOfFuses":2,"FuseTypes":[{"FuseType":2},{"FuseType":30}],"BoosterTypes":4}}]}}]}

2016-11-21 20:09:04.7164|INFO|api.Helpers.NLogger|JSON
Method: POST
URL: http://192.168.1.119:6987/v1/profile/RequestForServiceList
Controller : api.Controllers.ProfileController
Action : RequestForServiceList
Action Parameters : {"messageFormat":"JSON","messageArguments":[{"request":{"Email":null,"ClientId":2087,"PlanTypeId":0,"PlanId":0,"PartId":0,"Month":0,"Year":0,"AddressId":null,"UnitId":0,"ServiceId":null,"RequestedServiceId":null,"PartType":null,"PartTypeId":null,"PageId":0,"ShowDeleted":false,"ServiceCaseNumber":null,"LastCallDateTime":null,"PageNumber":null,"pageSize":0,"DeviceType":null,"DeviceToken":null,"NotificationId":null,"EmployeeId":0,"BillingId":null}}]}

2016-11-21 20:10:29.2204|INFO|api.Helpers.NLogger|JSON
Method: POST
URL: http://192.168.1.119:6987/v1/profile/RequestForServiceList
Controller : api.Controllers.ProfileController
Action : RequestForServiceList
Action Parameters : {"messageFormat":"JSON","messageArguments":[{"request":{"Email":null,"ClientId":2087,"PlanTypeId":0,"PlanId":0,"PartId":0,"Month":0,"Year":0,"AddressId":null,"UnitId":0,"ServiceId":null,"RequestedServiceId":null,"PartType":null,"PartTypeId":null,"PageId":0,"ShowDeleted":false,"ServiceCaseNumber":null,"LastCallDateTime":null,"PageNumber":null,"pageSize":0,"DeviceType":null,"DeviceToken":null,"NotificationId":null,"EmployeeId":0,"BillingId":null}}]}

2016-11-21 20:13:33.4935|INFO|api.Helpers.NLogger|JSON
Method: POST
URL: http://192.168.1.119:6987/v1/profile/RequestForServiceList
Controller : api.Controllers.ProfileController
Action : RequestForServiceList
Action Parameters : {"messageFormat":"JSON","messageArguments":[{"request":{"Email":null,"ClientId":2087,"PlanTypeId":0,"PlanId":0,"PartId":0,"Month":0,"Year":0,"AddressId":null,"UnitId":0,"ServiceId":null,"RequestedServiceId":null,"PartType":null,"PartTypeId":null,"PageId":0,"ShowDeleted":false,"ServiceCaseNumber":null,"LastCallDateTime":null,"PageNumber":null,"pageSize":0,"DeviceType":null,"DeviceToken":null,"NotificationId":null,"EmployeeId":0,"BillingId":null}}]}

2016-11-21 20:13:48.1001|INFO|api.Helpers.NLogger|JSON
Method: POST
URL: http://192.168.1.119:6987/v1/profile/RequestForServiceList
Controller : api.Controllers.ProfileController
Action : RequestForServiceList
Action Parameters : {"messageFormat":"JSON","messageArguments":[{"request":{"Email":null,"ClientId":2087,"PlanTypeId":0,"PlanId":0,"PartId":0,"Month":0,"Year":0,"AddressId":null,"UnitId":0,"ServiceId":null,"RequestedServiceId":null,"PartType":null,"PartTypeId":null,"PageId":0,"ShowDeleted":false,"ServiceCaseNumber":null,"LastCallDateTime":null,"PageNumber":null,"pageSize":0,"DeviceType":null,"DeviceToken":null,"NotificationId":null,"EmployeeId":0,"BillingId":null}}]}

2016-11-21 20:17:11.2247|INFO|api.Helpers.NLogger|JSON
Method: POST
URL: http://192.168.1.119:6987/v1/profile/RequestForServiceList
Controller : api.Controllers.ProfileController
Action : RequestForServiceList
Action Parameters : {"messageFormat":"JSON","messageArguments":[{"request":{"Email":null,"ClientId":2087,"PlanTypeId":0,"PlanId":0,"PartId":0,"Month":0,"Year":0,"AddressId":null,"UnitId":0,"ServiceId":null,"RequestedServiceId":null,"PartType":null,"PartTypeId":null,"PageId":0,"ShowDeleted":false,"ServiceCaseNumber":null,"LastCallDateTime":null,"PageNumber":null,"pageSize":0,"DeviceType":null,"DeviceToken":null,"NotificationId":null,"EmployeeId":0,"BillingId":null}}]}

2016-11-21 20:20:32.6041|INFO|api.Helpers.NLogger|JSON
Method: POST
URL: http://192.168.1.119:6987/v1/profile/RequestForServiceList
Controller : api.Controllers.ProfileController
Action : RequestForServiceList
Action Parameters : {"messageFormat":"JSON","messageArguments":[{"request":{"Email":null,"ClientId":2087,"PlanTypeId":0,"PlanId":0,"PartId":0,"Month":0,"Year":0,"AddressId":null,"UnitId":0,"ServiceId":null,"RequestedServiceId":null,"PartType":null,"PartTypeId":null,"PageId":0,"ShowDeleted":false,"ServiceCaseNumber":null,"LastCallDateTime":null,"PageNumber":null,"pageSize":0,"DeviceType":null,"DeviceToken":null,"NotificationId":null,"EmployeeId":0,"BillingId":null}}]}

