2016-08-11 13:27:45.8161|INFO|api.Helpers.NLogger|JSON
Method: POST
URL: http://192.168.1.119:6987/v1/profile/clientlogin
Controller : api.Controllers.ProfileController
Action : Login
Action Parameters : {"messageFormat":"JSON","messageArguments":[{"model":{"Email":"john@gmail.com","Password":"d4d30dcca6854c6c0cb3cc1da6a1cfc6","DeviceType":"iPhone","DeviceToken":"89611df7373af6975e694b794eab2b0853d335d57e3564d59ac0f53c09306850"}}]}

2016-08-11 13:28:07.0667|INFO|api.Helpers.NLogger|JSON
Method: POST
URL: http://192.168.1.119:6987/v1/profile/ClientDashboard
Controller : api.Controllers.ProfileController
Action : ClientDashboard
Action Parameters : {"messageFormat":"JSON","messageArguments":[{"request":{"Email":null,"ClientId":4,"PlanTypeId":0,"PlanId":0,"Month":0,"AddressId":null,"UnitId":0,"ServiceId":0,"PartType":null,"PartTypeId":null,"PageId":0,"ShowDeleted":false,"ServiceCaseNumber":null,"LastCallDateTime":null,"PageNumber":null,"pageSize":0,"DeviceType":null,"DeviceToken":null}}]}

2016-08-11 13:28:19.6914|INFO|api.Helpers.NLogger|JSON
Method: POST
URL: http://192.168.1.119:6987/v1/profile/clientUpdateToken
Controller : api.Controllers.ProfileController
Action : clientUpdateToken
Action Parameters : {"messageFormat":"JSON","messageArguments":[{"request":{"Email":null,"ClientId":4,"PlanTypeId":0,"PlanId":0,"Month":0,"AddressId":null,"UnitId":0,"ServiceId":0,"PartType":null,"PartTypeId":null,"PageId":0,"ShowDeleted":false,"ServiceCaseNumber":null,"LastCallDateTime":null,"PageNumber":null,"pageSize":0,"DeviceType":"iPhone","DeviceToken":"3683249f0882b4daa9852208f29d29d704010baa15e1359a5d6d27a242afc10b"}}]}

2016-08-11 13:29:03.2198|INFO|api.Helpers.NLogger|JSON
Method: POST
URL: http://192.168.1.119:6987/v1/profile/ClientDashboard
Controller : api.Controllers.ProfileController
Action : ClientDashboard
Action Parameters : {"messageFormat":"JSON","messageArguments":[{"request":{"Email":null,"ClientId":4,"PlanTypeId":0,"PlanId":0,"Month":0,"AddressId":null,"UnitId":0,"ServiceId":0,"PartType":null,"PartTypeId":null,"PageId":0,"ShowDeleted":false,"ServiceCaseNumber":null,"LastCallDateTime":null,"PageNumber":null,"pageSize":0,"DeviceType":null,"DeviceToken":null}}]}

2016-08-11 13:29:20.9926|INFO|api.Helpers.NLogger|JSON
Method: POST
URL: http://192.168.1.119:6987/v1/profile/WaitingServiceDetail
Controller : api.Controllers.ProfileController
Action : WaitingServiceDetail
Action Parameters : {"messageFormat":"JSON","messageArguments":[{"request":{"ClientId":4,"NotificationId":27,"ServiceId":20082,"Status":false}}]}

2016-08-11 13:29:53.9597|INFO|api.Helpers.NLogger|JSON
Method: POST
URL: http://192.168.1.119:6987/v1/profile/ClientDashboard
Controller : api.Controllers.ProfileController
Action : ClientDashboard
Action Parameters : {"messageFormat":"JSON","messageArguments":[{"request":{"Email":null,"ClientId":4,"PlanTypeId":0,"PlanId":0,"Month":0,"AddressId":null,"UnitId":0,"ServiceId":0,"PartType":null,"PartTypeId":null,"PageId":0,"ShowDeleted":false,"ServiceCaseNumber":null,"LastCallDateTime":null,"PageNumber":null,"pageSize":0,"DeviceType":null,"DeviceToken":null}}]}

2016-08-11 13:31:45.1753|INFO|api.Helpers.NLogger|JSON
Method: POST
URL: http://192.168.1.119:6987/v1/profile/ClientDashboard
Controller : api.Controllers.ProfileController
Action : ClientDashboard
Action Parameters : {"messageFormat":"JSON","messageArguments":[{"request":{"Email":null,"ClientId":4,"PlanTypeId":0,"PlanId":0,"Month":0,"AddressId":null,"UnitId":0,"ServiceId":0,"PartType":null,"PartTypeId":null,"PageId":0,"ShowDeleted":false,"ServiceCaseNumber":null,"LastCallDateTime":null,"PageNumber":null,"pageSize":0,"DeviceType":null,"DeviceToken":null}}]}

2016-08-11 13:31:45.2133|INFO|api.Helpers.NLogger|JSON
Method: POST
URL: http://192.168.1.119:6987/v1/profile/clientUpdateToken
Controller : api.Controllers.ProfileController
Action : clientUpdateToken
Action Parameters : {"messageFormat":"JSON","messageArguments":[{"request":{"Email":null,"ClientId":4,"PlanTypeId":0,"PlanId":0,"Month":0,"AddressId":null,"UnitId":0,"ServiceId":0,"PartType":null,"PartTypeId":null,"PageId":0,"ShowDeleted":false,"ServiceCaseNumber":null,"LastCallDateTime":null,"PageNumber":null,"pageSize":0,"DeviceType":"iPhone","DeviceToken":"3683249f0882b4daa9852208f29d29d704010baa15e1359a5d6d27a242afc10b"}}]}

2016-08-11 14:38:28.9987|INFO|api.Helpers.NLogger|JSON
Method: POST
URL: http://192.168.1.119:6987/v1/profile/clientUpdateToken
Controller : api.Controllers.ProfileController
Action : clientUpdateToken
Action Parameters : {"messageFormat":"JSON","messageArguments":[{"request":{"Email":null,"ClientId":4,"PlanTypeId":0,"PlanId":0,"Month":0,"AddressId":null,"UnitId":0,"ServiceId":0,"PartType":null,"PartTypeId":null,"PageId":0,"ShowDeleted":false,"ServiceCaseNumber":null,"LastCallDateTime":null,"PageNumber":null,"pageSize":0,"DeviceType":"iPhone","DeviceToken":"3683249f0882b4daa9852208f29d29d704010baa15e1359a5d6d27a242afc10b"}}]}

2016-08-11 14:38:28.9987|INFO|api.Helpers.NLogger|JSON
Method: POST
URL: http://192.168.1.119:6987/v1/profile/ClientDashboard
Controller : api.Controllers.ProfileController
Action : ClientDashboard
Action Parameters : {"messageFormat":"JSON","messageArguments":[{"request":{"Email":null,"ClientId":4,"PlanTypeId":0,"PlanId":0,"Month":0,"AddressId":null,"UnitId":0,"ServiceId":0,"PartType":null,"PartTypeId":null,"PageId":0,"ShowDeleted":false,"ServiceCaseNumber":null,"LastCallDateTime":null,"PageNumber":null,"pageSize":0,"DeviceType":null,"DeviceToken":null}}]}

2016-08-11 14:38:36.4889|INFO|api.Helpers.NLogger|JSON
Method: POST
URL: http://192.168.1.119:6987/v1/profile/clientlogout
Controller : api.Controllers.ProfileController
Action : clientlogout
Action Parameters : {"messageFormat":"JSON","messageArguments":[{"request":{"Email":null,"ClientId":4,"PlanTypeId":0,"PlanId":0,"Month":0,"AddressId":null,"UnitId":0,"ServiceId":0,"PartType":null,"PartTypeId":null,"PageId":0,"ShowDeleted":false,"ServiceCaseNumber":null,"LastCallDateTime":null,"PageNumber":null,"pageSize":0,"DeviceType":null,"DeviceToken":null}}]}

2016-08-11 14:39:33.5515|INFO|api.Helpers.NLogger|JSON
Method: POST
URL: http://192.168.1.119:6987/v1/profile/clientlogin
Controller : api.Controllers.ProfileController
Action : Login
Action Parameters : {"messageFormat":"JSON","messageArguments":[{"model":{"Email":"john@gmail.con","Password":"d4d30dcca6854c6c0cb3cc1da6a1cfc6","DeviceType":"iPhone","DeviceToken":"c2dc3ee7ac866b2a2f239d59615f8698e4defe6235497b5b99829d0a147b26cf"}}]}

2016-08-11 14:39:50.5912|INFO|api.Helpers.NLogger|JSON
Method: POST
URL: http://192.168.1.119:6987/v1/profile/clientlogin
Controller : api.Controllers.ProfileController
Action : Login
Action Parameters : {"messageFormat":"JSON","messageArguments":[{"model":{"Email":"john@gmail.com","Password":"d4d30dcca6854c6c0cb3cc1da6a1cfc6","DeviceType":"iPhone","DeviceToken":"c2dc3ee7ac866b2a2f239d59615f8698e4defe6235497b5b99829d0a147b26cf"}}]}

2016-08-11 14:39:51.6700|INFO|api.Helpers.NLogger|JSON
Method: POST
URL: http://192.168.1.119:6987/v1/profile/ClientDashboard
Controller : api.Controllers.ProfileController
Action : ClientDashboard
Action Parameters : {"messageFormat":"JSON","messageArguments":[{"request":{"Email":null,"ClientId":4,"PlanTypeId":0,"PlanId":0,"Month":0,"AddressId":null,"UnitId":0,"ServiceId":0,"PartType":null,"PartTypeId":null,"PageId":0,"ShowDeleted":false,"ServiceCaseNumber":null,"LastCallDateTime":null,"PageNumber":null,"pageSize":0,"DeviceType":null,"DeviceToken":null}}]}

2016-08-11 14:39:56.1676|INFO|api.Helpers.NLogger|JSON
Method: POST
URL: http://192.168.1.119:6987/v1/profile/clientUpdateToken
Controller : api.Controllers.ProfileController
Action : clientUpdateToken
Action Parameters : {"messageFormat":"JSON","messageArguments":[{"request":{"Email":null,"ClientId":4,"PlanTypeId":0,"PlanId":0,"Month":0,"AddressId":null,"UnitId":0,"ServiceId":0,"PartType":null,"PartTypeId":null,"PageId":0,"ShowDeleted":false,"ServiceCaseNumber":null,"LastCallDateTime":null,"PageNumber":null,"pageSize":0,"DeviceType":"iPhone","DeviceToken":"73a2d5e2fc39dd5f42d4a23f8741064b3b6dfc2651cfe811347d88e53e5d738b"}}]}

2016-08-11 14:40:17.6607|INFO|api.Helpers.NLogger|JSON
Method: POST
URL: http://192.168.1.119:6987/v1/profile/ClientDashboard
Controller : api.Controllers.ProfileController
Action : ClientDashboard
Action Parameters : {"messageFormat":"JSON","messageArguments":[{"request":{"Email":null,"ClientId":4,"PlanTypeId":0,"PlanId":0,"Month":0,"AddressId":null,"UnitId":0,"ServiceId":0,"PartType":null,"PartTypeId":null,"PageId":0,"ShowDeleted":false,"ServiceCaseNumber":null,"LastCallDateTime":null,"PageNumber":null,"pageSize":0,"DeviceType":null,"DeviceToken":null}}]}

2016-08-11 14:40:37.6166|INFO|api.Helpers.NLogger|JSON
Method: POST
URL: http://192.168.1.119:6987/v1/profile/WaitingServiceDetail
Controller : api.Controllers.ProfileController
Action : WaitingServiceDetail
Action Parameters : {"messageFormat":"JSON","messageArguments":[{"request":{"ClientId":4,"NotificationId":27,"ServiceId":20082,"Status":false}}]}

2016-08-11 14:41:13.4254|INFO|api.Helpers.NLogger|JSON
Method: POST
URL: http://192.168.1.119:6987/v1/profile/ApproveWaitingService
Controller : api.Controllers.ProfileController
Action : ApproveWaitingService
Action Parameters : {"messageFormat":"JSON","messageArguments":[{"request":{"ClientId":4,"NotificationId":0,"ServiceId":20082,"Status":false}}]}

2016-08-11 14:41:13.4524|INFO|api.Helpers.NLogger|JSON
Method: POST
URL: http://192.168.1.119:6987/v1/profile/GetPurposeOfVisitTime
Controller : api.Controllers.ProfileController
Action : GetPurposeOfVisitTime
Action Parameters : {"messageFormat":"JSON","messageArguments":[{"request":{"Email":null,"ClientId":4,"PlanTypeId":0,"PlanId":0,"Month":0,"AddressId":null,"UnitId":0,"ServiceId":0,"PartType":null,"PartTypeId":null,"PageId":0,"ShowDeleted":false,"ServiceCaseNumber":null,"LastCallDateTime":null,"PageNumber":null,"pageSize":0,"DeviceType":null,"DeviceToken":null}}]}

2016-08-11 14:41:40.9273|INFO|api.Helpers.NLogger|JSON
Method: POST
URL: http://192.168.1.119:6987/v1/profile/ClientDashboard
Controller : api.Controllers.ProfileController
Action : ClientDashboard
Action Parameters : {"messageFormat":"JSON","messageArguments":[{"request":{"Email":null,"ClientId":4,"PlanTypeId":0,"PlanId":0,"Month":0,"AddressId":null,"UnitId":0,"ServiceId":0,"PartType":null,"PartTypeId":null,"PageId":0,"ShowDeleted":false,"ServiceCaseNumber":null,"LastCallDateTime":null,"PageNumber":null,"pageSize":0,"DeviceType":null,"DeviceToken":null}}]}

2016-08-11 14:44:50.5149|INFO|api.Helpers.NLogger|JSON
Method: POST
URL: http://192.168.1.119:6987/v1/profile/UpcomingServices
Controller : api.Controllers.ProfileController
Action : UpcomingServices
Action Parameters : {"messageFormat":"JSON","messageArguments":[{"request":{"Email":null,"ClientId":4,"PlanTypeId":0,"PlanId":0,"Month":8,"AddressId":null,"UnitId":0,"ServiceId":0,"PartType":null,"PartTypeId":null,"PageId":0,"ShowDeleted":false,"ServiceCaseNumber":null,"LastCallDateTime":null,"PageNumber":null,"pageSize":0,"DeviceType":null,"DeviceToken":null}}]}

2016-08-11 14:45:41.1376|INFO|api.Helpers.NLogger|JSON
Method: POST
URL: http://192.168.1.119:6987/v1/profile/UpcomingServices
Controller : api.Controllers.ProfileController
Action : UpcomingServices
Action Parameters : {"messageFormat":"JSON","messageArguments":[{"request":{"Email":null,"ClientId":4,"PlanTypeId":0,"PlanId":0,"Month":9,"AddressId":null,"UnitId":0,"ServiceId":0,"PartType":null,"PartTypeId":null,"PageId":0,"ShowDeleted":false,"ServiceCaseNumber":null,"LastCallDateTime":null,"PageNumber":null,"pageSize":0,"DeviceType":null,"DeviceToken":null}}]}

2016-08-11 14:46:02.2586|INFO|api.Helpers.NLogger|JSON
Method: POST
URL: http://192.168.1.119:6987/v1/profile/UpcomingServices
Controller : api.Controllers.ProfileController
Action : UpcomingServices
Action Parameters : {"messageFormat":"JSON","messageArguments":[{"request":{"Email":null,"ClientId":4,"PlanTypeId":0,"PlanId":0,"Month":8,"AddressId":null,"UnitId":0,"ServiceId":0,"PartType":null,"PartTypeId":null,"PageId":0,"ShowDeleted":false,"ServiceCaseNumber":null,"LastCallDateTime":null,"PageNumber":null,"pageSize":0,"DeviceType":null,"DeviceToken":null}}]}

2016-08-11 14:51:51.5699|INFO|api.Helpers.NLogger|JSON
Method: POST
URL: http://192.168.1.119:6987/v1/profile/ApproveWaitingService
Controller : api.Controllers.ProfileController
Action : ApproveWaitingService
Action Parameters : {"messageFormat":"JSON","messageArguments":[{"request":{"ClientId":4,"NotificationId":0,"ServiceId":20082,"Status":false}}]}

2016-08-11 14:53:38.4749|INFO|api.Helpers.NLogger|JSON
Method: POST
URL: http://192.168.1.119:6987/v1/profile/ApproveWaitingService
Controller : api.Controllers.ProfileController
Action : ApproveWaitingService
Action Parameters : {"messageFormat":"JSON","messageArguments":[{"request":{"ClientId":4,"NotificationId":0,"ServiceId":20082,"Status":false}}]}

2016-08-11 14:55:03.5370|INFO|api.Helpers.NLogger|JSON
Method: POST
URL: http://192.168.1.119:6987/v1/profile/ApproveWaitingService
Controller : api.Controllers.ProfileController
Action : ApproveWaitingService
Action Parameters : {"messageFormat":"JSON","messageArguments":[{"request":{"ClientId":4,"NotificationId":0,"ServiceId":20082,"Status":false}}]}

2016-08-11 14:58:12.5737|INFO|api.Helpers.NLogger|JSON
Method: POST
URL: http://192.168.1.119:6987/v1/profile/ApproveWaitingService
Controller : api.Controllers.ProfileController
Action : ApproveWaitingService
Action Parameters : {"messageFormat":"JSON","messageArguments":[{"request":{"ClientId":4,"NotificationId":0,"ServiceId":20082,"Status":false}}]}

2016-08-11 15:02:13.4370|INFO|api.Helpers.NLogger|JSON
Method: POST
URL: http://192.168.1.119:6987/v1/profile/ApproveWaitingService
Controller : api.Controllers.ProfileController
Action : ApproveWaitingService
Action Parameters : {"messageFormat":"JSON","messageArguments":[{"request":{"ClientId":4,"NotificationId":0,"ServiceId":20082,"Status":false}}]}

2016-08-11 15:03:21.0642|INFO|api.Helpers.NLogger|JSON
Method: POST
URL: http://192.168.1.119:6987/v1/profile/ApproveWaitingService
Controller : api.Controllers.ProfileController
Action : ApproveWaitingService
Action Parameters : {"messageFormat":"JSON","messageArguments":[{"request":{"ClientId":4,"NotificationId":0,"ServiceId":20082,"Status":false}}]}

2016-08-11 15:28:16.2553|INFO|api.Helpers.NLogger|JSON
Method: POST
URL: http://192.168.1.119:6987/v1/profile/ApproveWaitingService
Controller : api.Controllers.ProfileController
Action : ApproveWaitingService
Action Parameters : {"messageFormat":"JSON","messageArguments":[{"request":{"ClientId":4,"NotificationId":0,"ServiceId":20082,"Status":false}}]}

2016-08-11 15:30:44.0597|INFO|api.Helpers.NLogger|JSON
Method: POST
URL: http://192.168.1.119:6987/v1/profile/ApproveWaitingService
Controller : api.Controllers.ProfileController
Action : ApproveWaitingService
Action Parameters : {"messageFormat":"JSON","messageArguments":[{"request":{"ClientId":4,"NotificationId":0,"ServiceId":20082,"Status":false}}]}

2016-08-11 15:30:59.1478|INFO|api.Helpers.NLogger|JSON
Method: POST
URL: http://192.168.1.119:6987/v1/profile/ApproveWaitingService
Controller : api.Controllers.ProfileController
Action : ApproveWaitingService
Action Parameters : {"messageFormat":"JSON","messageArguments":[{"request":{"ClientId":4,"NotificationId":0,"ServiceId":20082,"Status":false}}]}

2016-08-11 15:33:31.0667|INFO|api.Helpers.NLogger|JSON
Method: POST
URL: http://192.168.1.119:6987/v1/profile/ApproveWaitingService
Controller : api.Controllers.ProfileController
Action : ApproveWaitingService
Action Parameters : {"messageFormat":"JSON","messageArguments":[{"request":{"ClientId":4,"NotificationId":0,"ServiceId":20082,"Status":false}}]}

2016-08-11 15:33:53.2954|INFO|api.Helpers.NLogger|JSON
Method: POST
URL: http://192.168.1.119:6987/v1/profile/ApproveWaitingService
Controller : api.Controllers.ProfileController
Action : ApproveWaitingService
Action Parameters : {"messageFormat":"JSON","messageArguments":[{"request":{"ClientId":4,"NotificationId":0,"ServiceId":20082,"Status":false}}]}

2016-08-11 15:34:15.5674|INFO|api.Helpers.NLogger|JSON
Method: POST
URL: http://192.168.1.119:6987/v1/profile/ApproveWaitingService
Controller : api.Controllers.ProfileController
Action : ApproveWaitingService
Action Parameters : {"messageFormat":"JSON","messageArguments":[{"request":{"ClientId":4,"NotificationId":0,"ServiceId":20082,"Status":false}}]}

2016-08-11 15:34:36.6036|INFO|api.Helpers.NLogger|JSON
Method: POST
URL: http://192.168.1.119:6987/v1/profile/ApproveWaitingService
Controller : api.Controllers.ProfileController
Action : ApproveWaitingService
Action Parameters : {"messageFormat":"JSON","messageArguments":[{"request":{"ClientId":4,"NotificationId":0,"ServiceId":20082,"Status":false}}]}

2016-08-11 15:36:46.8143|INFO|api.Helpers.NLogger|JSON
Method: POST
URL: http://192.168.1.119:6987/v1/profile/ApproveWaitingService
Controller : api.Controllers.ProfileController
Action : ApproveWaitingService
Action Parameters : {"messageFormat":"JSON","messageArguments":[{"request":{"ClientId":4,"NotificationId":0,"ServiceId":20082,"Status":false}}]}

2016-08-11 15:37:30.9108|INFO|api.Helpers.NLogger|JSON
Method: POST
URL: http://192.168.1.119:6987/v1/profile/ApproveWaitingService
Controller : api.Controllers.ProfileController
Action : ApproveWaitingService
Action Parameters : {"messageFormat":"JSON","messageArguments":[{"request":{"ClientId":4,"NotificationId":0,"ServiceId":20082,"Status":false}}]}

2016-08-11 15:37:48.7962|INFO|api.Helpers.NLogger|JSON
Method: POST
URL: http://192.168.1.119:6987/v1/profile/ApproveWaitingService
Controller : api.Controllers.ProfileController
Action : ApproveWaitingService
Action Parameters : {"messageFormat":"JSON","messageArguments":[{"request":{"ClientId":4,"NotificationId":0,"ServiceId":20082,"Status":false}}]}

2016-08-11 15:47:33.5100|INFO|api.Helpers.NLogger|JSON
Method: POST
URL: http://192.168.1.119:6987/v1/profile/ClientDashboard
Controller : api.Controllers.ProfileController
Action : ClientDashboard
Action Parameters : {"messageFormat":"JSON","messageArguments":[{"request":{"Email":null,"ClientId":2,"PlanTypeId":0,"PlanId":0,"Month":0,"AddressId":null,"UnitId":0,"ServiceId":0,"PartType":null,"PartTypeId":null,"PageId":0,"ShowDeleted":false,"ServiceCaseNumber":null,"LastCallDateTime":null,"PageNumber":null,"pageSize":0,"DeviceType":null,"DeviceToken":null}}]}

2016-08-11 15:48:38.4095|INFO|api.Helpers.NLogger|JSON
Method: POST
URL: http://192.168.1.119:6987/v1/profile/ClientDashboard
Controller : api.Controllers.ProfileController
Action : ClientDashboard
Action Parameters : {"messageFormat":"JSON","messageArguments":[{"request":{"Email":null,"ClientId":2,"PlanTypeId":0,"PlanId":0,"Month":0,"AddressId":null,"UnitId":0,"ServiceId":0,"PartType":null,"PartTypeId":null,"PageId":0,"ShowDeleted":false,"ServiceCaseNumber":null,"LastCallDateTime":null,"PageNumber":null,"pageSize":0,"DeviceType":null,"DeviceToken":null}}]}

2016-08-11 15:49:23.3762|INFO|api.Helpers.NLogger|JSON
Method: POST
URL: http://192.168.1.119:6987/v1/profile/ClientDashboard
Controller : api.Controllers.ProfileController
Action : ClientDashboard
Action Parameters : {"messageFormat":"JSON","messageArguments":[{"request":{"Email":null,"ClientId":2,"PlanTypeId":0,"PlanId":0,"Month":0,"AddressId":null,"UnitId":0,"ServiceId":0,"PartType":null,"PartTypeId":null,"PageId":0,"ShowDeleted":false,"ServiceCaseNumber":null,"LastCallDateTime":null,"PageNumber":null,"pageSize":0,"DeviceType":null,"DeviceToken":null}}]}

2016-08-11 15:57:20.4680|INFO|api.Helpers.NLogger|JSON
Method: POST
URL: http://192.168.1.119:6987/v1/profile/ClientDashboard
Controller : api.Controllers.ProfileController
Action : ClientDashboard
Action Parameters : {"messageFormat":"JSON","messageArguments":[{"request":{"Email":null,"ClientId":2,"PlanTypeId":0,"PlanId":0,"Month":0,"AddressId":null,"UnitId":0,"ServiceId":0,"PartType":null,"PartTypeId":null,"PageId":0,"ShowDeleted":false,"ServiceCaseNumber":null,"LastCallDateTime":null,"PageNumber":null,"pageSize":0,"DeviceType":null,"DeviceToken":null}}]}

2016-08-11 15:57:36.4491|INFO|api.Helpers.NLogger|JSON
Method: POST
URL: http://192.168.1.119:6987/v1/profile/ClientDashboard
Controller : api.Controllers.ProfileController
Action : ClientDashboard
Action Parameters : {"messageFormat":"JSON","messageArguments":[{"request":{"Email":null,"ClientId":2,"PlanTypeId":0,"PlanId":0,"Month":0,"AddressId":null,"UnitId":0,"ServiceId":0,"PartType":null,"PartTypeId":null,"PageId":0,"ShowDeleted":false,"ServiceCaseNumber":null,"LastCallDateTime":null,"PageNumber":null,"pageSize":0,"DeviceType":null,"DeviceToken":null}}]}

2016-08-11 15:59:14.2793|INFO|api.Helpers.NLogger|JSON
Method: POST
URL: http://192.168.1.119:6987/v1/profile/ClientDashboard
Controller : api.Controllers.ProfileController
Action : ClientDashboard
Action Parameters : {"messageFormat":"JSON","messageArguments":[{"request":{"Email":null,"ClientId":2,"PlanTypeId":0,"PlanId":0,"Month":0,"AddressId":null,"UnitId":0,"ServiceId":0,"PartType":null,"PartTypeId":null,"PageId":0,"ShowDeleted":false,"ServiceCaseNumber":null,"LastCallDateTime":null,"PageNumber":null,"pageSize":0,"DeviceType":null,"DeviceToken":null}}]}

2016-08-11 16:01:26.4810|INFO|api.Helpers.NLogger|JSON
Method: POST
URL: http://192.168.1.119:6987/v1/profile/ClientDashboard
Controller : api.Controllers.ProfileController
Action : ClientDashboard
Action Parameters : {"messageFormat":"JSON","messageArguments":[{"request":{"Email":null,"ClientId":2,"PlanTypeId":0,"PlanId":0,"Month":0,"AddressId":null,"UnitId":0,"ServiceId":0,"PartType":null,"PartTypeId":null,"PageId":0,"ShowDeleted":false,"ServiceCaseNumber":null,"LastCallDateTime":null,"PageNumber":null,"pageSize":0,"DeviceType":null,"DeviceToken":null}}]}

2016-08-11 16:03:43.2948|INFO|api.Helpers.NLogger|JSON
Method: POST
URL: http://192.168.1.119:6987/v1/profile/ClientDashboard
Controller : api.Controllers.ProfileController
Action : ClientDashboard
Action Parameters : {"messageFormat":"JSON","messageArguments":[{"request":{"Email":null,"ClientId":2,"PlanTypeId":0,"PlanId":0,"Month":0,"AddressId":null,"UnitId":0,"ServiceId":0,"PartType":null,"PartTypeId":null,"PageId":0,"ShowDeleted":false,"ServiceCaseNumber":null,"LastCallDateTime":null,"PageNumber":null,"pageSize":0,"DeviceType":null,"DeviceToken":null}}]}

2016-08-11 16:03:52.8604|INFO|api.Helpers.NLogger|JSON
Method: POST
URL: http://192.168.1.119:6987/v1/profile/ClientDashboard
Controller : api.Controllers.ProfileController
Action : ClientDashboard
Action Parameters : {"messageFormat":"JSON","messageArguments":[{"request":{"Email":null,"ClientId":2,"PlanTypeId":0,"PlanId":0,"Month":0,"AddressId":null,"UnitId":0,"ServiceId":0,"PartType":null,"PartTypeId":null,"PageId":0,"ShowDeleted":false,"ServiceCaseNumber":null,"LastCallDateTime":null,"PageNumber":null,"pageSize":0,"DeviceType":null,"DeviceToken":null}}]}

2016-08-11 16:04:22.9852|INFO|api.Helpers.NLogger|JSON
Method: POST
URL: http://192.168.1.119:6987/v1/profile/ClientDashboard
Controller : api.Controllers.ProfileController
Action : ClientDashboard
Action Parameters : {"messageFormat":"JSON","messageArguments":[{"request":{"Email":null,"ClientId":2,"PlanTypeId":0,"PlanId":0,"Month":0,"AddressId":null,"UnitId":0,"ServiceId":0,"PartType":null,"PartTypeId":null,"PageId":0,"ShowDeleted":false,"ServiceCaseNumber":null,"LastCallDateTime":null,"PageNumber":null,"pageSize":0,"DeviceType":null,"DeviceToken":null}}]}

2016-08-11 16:05:55.4168|INFO|api.Helpers.NLogger|JSON
Method: POST
URL: http://192.168.1.119:6987/v1/profile/ClientDashboard
Controller : api.Controllers.ProfileController
Action : ClientDashboard
Action Parameters : {"messageFormat":"JSON","messageArguments":[{"request":{"Email":null,"ClientId":2,"PlanTypeId":0,"PlanId":0,"Month":0,"AddressId":null,"UnitId":0,"ServiceId":0,"PartType":null,"PartTypeId":null,"PageId":0,"ShowDeleted":false,"ServiceCaseNumber":null,"LastCallDateTime":null,"PageNumber":null,"pageSize":0,"DeviceType":null,"DeviceToken":null}}]}

2016-08-11 16:10:49.2637|INFO|api.Helpers.NLogger|JSON
Method: POST
URL: http://192.168.1.119:6987/v1/profile/ApproveWaitingService
Controller : api.Controllers.ProfileController
Action : ApproveWaitingService
Action Parameters : {"messageFormat":"JSON","messageArguments":[{"request":{"ClientId":4,"NotificationId":0,"ServiceId":20082,"Status":false}}]}

2016-08-11 16:11:02.7967|INFO|api.Helpers.NLogger|JSON
Method: POST
URL: http://192.168.1.119:6987/v1/profile/ApproveWaitingService
Controller : api.Controllers.ProfileController
Action : ApproveWaitingService
Action Parameters : {"messageFormat":"JSON","messageArguments":[{"request":{"ClientId":4,"NotificationId":0,"ServiceId":20082,"Status":false}}]}

2016-08-11 16:12:08.6561|INFO|api.Helpers.NLogger|JSON
Method: POST
URL: http://192.168.1.119:6987/v1/profile/ApproveWaitingService
Controller : api.Controllers.ProfileController
Action : ApproveWaitingService
Action Parameters : {"messageFormat":"JSON","messageArguments":[{"request":{"ClientId":4,"NotificationId":0,"ServiceId":20082,"Status":false}}]}

2016-08-11 16:13:51.8539|INFO|api.Helpers.NLogger|JSON
Method: POST
URL: http://192.168.1.119:6987/v1/profile/ApproveWaitingService
Controller : api.Controllers.ProfileController
Action : ApproveWaitingService
Action Parameters : {"messageFormat":"JSON","messageArguments":[{"request":{"ClientId":4,"NotificationId":0,"ServiceId":20082,"Status":false}}]}

2016-08-11 16:14:51.1350|INFO|api.Helpers.NLogger|JSON
Method: POST
URL: http://192.168.1.119:6987/v1/profile/ApproveWaitingService
Controller : api.Controllers.ProfileController
Action : ApproveWaitingService
Action Parameters : {"messageFormat":"JSON","messageArguments":[{"request":{"ClientId":4,"NotificationId":0,"ServiceId":20082,"Status":false}}]}

2016-08-11 16:16:10.7205|INFO|api.Helpers.NLogger|JSON
Method: POST
URL: http://192.168.1.119:6987/v1/profile/ApproveWaitingService
Controller : api.Controllers.ProfileController
Action : ApproveWaitingService
Action Parameters : {"messageFormat":"JSON","messageArguments":[{"request":{"ClientId":4,"NotificationId":0,"ServiceId":20082,"Status":false}}]}

2016-08-11 16:16:51.6312|INFO|api.Helpers.NLogger|JSON
Method: POST
URL: http://192.168.1.119:6987/v1/profile/ApproveWaitingService
Controller : api.Controllers.ProfileController
Action : ApproveWaitingService
Action Parameters : {"messageFormat":"JSON","messageArguments":[{"request":{"ClientId":4,"NotificationId":0,"ServiceId":20082,"Status":false}}]}

2016-08-11 16:46:46.8723|INFO|api.Helpers.NLogger|JSON
Method: POST
URL: http://192.168.1.119:6987/v1/employee/UpdateUnitDetails
Controller : api.Controllers.EmployeeController
Action : UpdateUnitDetails
Action Parameters : {"messageFormat":"JSON","messageArguments":[{"emp":{"EmployeeId":4,"ClientId":0,"UnitId":2099,"UnitName":null,"AddressId":0,"Parts":[{"IsMatched":true,"ModelNumber":"ACM1000","SerialNumber":"ACS1000","UnitType":"Packaged","ManufactureDate":"\/Date(1402252200000)\/","ManufactureBrand":null,"UnitTon":null,"Refrigerant":null,"ElectricalService":null,"MaxBreaker":null,"Compressor":null,"Capacitor":null,"Contactor":null,"Filterdryer":null,"Defrostboard":null,"Relay":null,"TXVValve":null,"ReversingValve":null,"BlowerMotor":null,"Condensingfanmotor":null,"Inducerdraftmotor":null,"Transformer":null,"Controlboard":null,"Limitswitch":null,"Ignitor":null,"Gasvalve":null,"Pressureswitch":null,"Flamesensor":null,"Rolloutsensor":null,"Doorswitch":null,"Ignitioncontrolboard":null,"OptionalInformation":{"QuantityOfFilter":1,"Filters":[{"size":1,"LocationOfPart":false}],"QuantityOfFuses":1,"FuseTypes":[{"FuseType":2}],"BoosterTypes":null}}]}}]}

2016-08-11 16:50:35.9117|INFO|api.Helpers.NLogger|JSON
Method: POST
URL: http://192.168.1.119:6987/v1/employee/UpdateUnitDetails
Controller : api.Controllers.EmployeeController
Action : UpdateUnitDetails
Action Parameters : {"messageFormat":"JSON","messageArguments":[{"emp":{"EmployeeId":4,"ClientId":0,"UnitId":2099,"UnitName":null,"AddressId":0,"Parts":[{"IsMatched":true,"ModelNumber":"ACM1000","SerialNumber":"ACS1000","UnitType":"Packaged","ManufactureDate":"\/Date(1402252200000)\/","ManufactureBrand":null,"UnitTon":null,"Refrigerant":null,"ElectricalService":null,"MaxBreaker":null,"Compressor":null,"Capacitor":null,"Contactor":null,"Filterdryer":null,"Defrostboard":null,"Relay":null,"TXVValve":null,"ReversingValve":null,"BlowerMotor":null,"Condensingfanmotor":null,"Inducerdraftmotor":null,"Transformer":null,"Controlboard":null,"Limitswitch":null,"Ignitor":null,"Gasvalve":null,"Pressureswitch":null,"Flamesensor":null,"Rolloutsensor":null,"Doorswitch":null,"Ignitioncontrolboard":null,"OptionalInformation":{"QuantityOfFilter":1,"Filters":[{"size":1,"LocationOfPart":false}],"QuantityOfFuses":1,"FuseTypes":[{"FuseType":2}],"BoosterTypes":null}}]}}]}

2016-08-11 16:53:03.2348|INFO|api.Helpers.NLogger|JSON
Method: POST
URL: http://192.168.1.119:6987/v1/employee/UpdateUnitDetails
Controller : api.Controllers.EmployeeController
Action : UpdateUnitDetails
Action Parameters : {"messageFormat":"JSON","messageArguments":[{"emp":{"EmployeeId":4,"ClientId":0,"UnitId":2099,"UnitName":null,"AddressId":0,"Parts":[{"IsMatched":true,"ModelNumber":"ACM1000","SerialNumber":"ACS1000","UnitType":"Packaged","ManufactureDate":"\/Date(1402252200000)\/","ManufactureBrand":null,"UnitTon":null,"Refrigerant":null,"ElectricalService":null,"MaxBreaker":null,"Compressor":null,"Capacitor":null,"Contactor":null,"Filterdryer":null,"Defrostboard":null,"Relay":null,"TXVValve":null,"ReversingValve":null,"BlowerMotor":null,"Condensingfanmotor":null,"Inducerdraftmotor":null,"Transformer":null,"Controlboard":null,"Limitswitch":null,"Ignitor":null,"Gasvalve":null,"Pressureswitch":null,"Flamesensor":null,"Rolloutsensor":null,"Doorswitch":null,"Ignitioncontrolboard":null,"OptionalInformation":{"QuantityOfFilter":1,"Filters":[{"size":1,"LocationOfPart":false}],"QuantityOfFuses":1,"FuseTypes":[{"FuseType":2}],"BoosterTypes":null}}]}}]}

2016-08-11 16:56:53.8990|INFO|api.Helpers.NLogger|JSON
Method: POST
URL: http://192.168.1.119:6987/v1/employee/UpdateUnitDetails
Controller : api.Controllers.EmployeeController
Action : UpdateUnitDetails
Action Parameters : {"messageFormat":"JSON","messageArguments":[{"emp":{"EmployeeId":4,"ClientId":0,"UnitId":2099,"UnitName":null,"AddressId":0,"Parts":[{"IsMatched":true,"ModelNumber":"ACM1000","SerialNumber":"ACS1000","UnitType":"Packaged","ManufactureDate":"\/Date(1402252200000)\/","ManufactureBrand":null,"UnitTon":null,"Refrigerant":null,"ElectricalService":null,"MaxBreaker":null,"Compressor":null,"Capacitor":null,"Contactor":null,"Filterdryer":null,"Defrostboard":null,"Relay":null,"TXVValve":null,"ReversingValve":null,"BlowerMotor":null,"Condensingfanmotor":null,"Inducerdraftmotor":null,"Transformer":null,"Controlboard":null,"Limitswitch":null,"Ignitor":null,"Gasvalve":null,"Pressureswitch":null,"Flamesensor":null,"Rolloutsensor":null,"Doorswitch":null,"Ignitioncontrolboard":null,"OptionalInformation":{"QuantityOfFilter":1,"Filters":[{"size":1,"LocationOfPart":false}],"QuantityOfFuses":1,"FuseTypes":[{"FuseType":2}],"BoosterTypes":null}}]}}]}

2016-08-11 16:59:46.3188|INFO|api.Helpers.NLogger|JSON
Method: POST
URL: http://192.168.1.119:6987/v1/employee/UpdateUnitDetails
Controller : api.Controllers.EmployeeController
Action : UpdateUnitDetails
Action Parameters : {"messageFormat":"JSON","messageArguments":[{"emp":{"EmployeeId":4,"ClientId":0,"UnitId":2099,"UnitName":null,"AddressId":0,"Parts":[{"IsMatched":true,"ModelNumber":"ACM1000","SerialNumber":"ACS1000","UnitType":"Packaged","ManufactureDate":"\/Date(1356201000000)\/","ManufactureBrand":null,"UnitTon":null,"Refrigerant":null,"ElectricalService":null,"MaxBreaker":null,"Compressor":null,"Capacitor":null,"Contactor":null,"Filterdryer":null,"Defrostboard":null,"Relay":null,"TXVValve":null,"ReversingValve":null,"BlowerMotor":null,"Condensingfanmotor":null,"Inducerdraftmotor":null,"Transformer":null,"Controlboard":null,"Limitswitch":null,"Ignitor":null,"Gasvalve":null,"Pressureswitch":null,"Flamesensor":null,"Rolloutsensor":null,"Doorswitch":null,"Ignitioncontrolboard":null,"OptionalInformation":{"QuantityOfFilter":1,"Filters":[{"size":0,"LocationOfPart":true}],"QuantityOfFuses":1,"FuseTypes":[{"FuseType":2}],"BoosterTypes":null}}]}}]}

2016-08-11 17:11:47.0809|INFO|api.Helpers.NLogger|JSON
Method: POST
URL: http://192.168.1.119:6987/v1/employee/UpdateUnitDetails
Controller : api.Controllers.EmployeeController
Action : UpdateUnitDetails
Action Parameters : {"messageFormat":"JSON","messageArguments":[{"emp":{"EmployeeId":4,"ClientId":0,"UnitId":2099,"UnitName":null,"AddressId":0,"Parts":[{"IsMatched":true,"ModelNumber":"ACM1000","SerialNumber":"ACS1000","UnitType":"Packaged","ManufactureDate":"\/Date(1356201000000)\/","ManufactureBrand":null,"UnitTon":null,"Refrigerant":null,"ElectricalService":null,"MaxBreaker":null,"Compressor":null,"Capacitor":null,"Contactor":null,"Filterdryer":null,"Defrostboard":null,"Relay":null,"TXVValve":null,"ReversingValve":null,"BlowerMotor":null,"Condensingfanmotor":null,"Inducerdraftmotor":null,"Transformer":null,"Controlboard":null,"Limitswitch":null,"Ignitor":null,"Gasvalve":null,"Pressureswitch":null,"Flamesensor":null,"Rolloutsensor":null,"Doorswitch":null,"Ignitioncontrolboard":null,"OptionalInformation":{"QuantityOfFilter":1,"Filters":[{"size":0,"LocationOfPart":true}],"QuantityOfFuses":1,"FuseTypes":[{"FuseType":2}],"BoosterTypes":null}}]}}]}

2016-08-11 17:12:56.2378|INFO|api.Helpers.NLogger|JSON
Method: POST
URL: http://192.168.1.119:6987/v1/employee/UpdateUnitDetails
Controller : api.Controllers.EmployeeController
Action : UpdateUnitDetails
Action Parameters : {"messageFormat":"JSON","messageArguments":[{"emp":{"EmployeeId":4,"ClientId":0,"UnitId":2099,"UnitName":null,"AddressId":0,"Parts":[{"IsMatched":true,"ModelNumber":"ACM1000","SerialNumber":"ACS1000","UnitType":"Packaged","ManufactureDate":"\/Date(1356201000000)\/","ManufactureBrand":null,"UnitTon":null,"Refrigerant":null,"ElectricalService":null,"MaxBreaker":null,"Compressor":null,"Capacitor":null,"Contactor":null,"Filterdryer":null,"Defrostboard":null,"Relay":null,"TXVValve":null,"ReversingValve":null,"BlowerMotor":null,"Condensingfanmotor":null,"Inducerdraftmotor":null,"Transformer":null,"Controlboard":null,"Limitswitch":null,"Ignitor":null,"Gasvalve":null,"Pressureswitch":null,"Flamesensor":null,"Rolloutsensor":null,"Doorswitch":null,"Ignitioncontrolboard":null,"OptionalInformation":{"QuantityOfFilter":1,"Filters":[{"size":0,"LocationOfPart":true}],"QuantityOfFuses":1,"FuseTypes":[{"FuseType":2}],"BoosterTypes":null}}]}}]}

2016-08-11 17:14:01.4640|INFO|api.Helpers.NLogger|JSON
Method: POST
URL: http://192.168.1.119:6987/v1/employee/UpdateUnitDetails
Controller : api.Controllers.EmployeeController
Action : UpdateUnitDetails
Action Parameters : {"messageFormat":"JSON","messageArguments":[{"emp":{"EmployeeId":4,"ClientId":0,"UnitId":2099,"UnitName":null,"AddressId":0,"Parts":[{"IsMatched":true,"ModelNumber":"ACM1000","SerialNumber":"ACS1000","UnitType":"Packaged","ManufactureDate":"\/Date(1356201000000)\/","ManufactureBrand":null,"UnitTon":null,"Refrigerant":null,"ElectricalService":null,"MaxBreaker":null,"Compressor":null,"Capacitor":null,"Contactor":null,"Filterdryer":null,"Defrostboard":null,"Relay":null,"TXVValve":null,"ReversingValve":null,"BlowerMotor":null,"Condensingfanmotor":null,"Inducerdraftmotor":null,"Transformer":null,"Controlboard":null,"Limitswitch":null,"Ignitor":null,"Gasvalve":null,"Pressureswitch":null,"Flamesensor":null,"Rolloutsensor":null,"Doorswitch":null,"Ignitioncontrolboard":null,"OptionalInformation":{"QuantityOfFilter":1,"Filters":[{"size":1,"LocationOfPart":true}],"QuantityOfFuses":1,"FuseTypes":[{"FuseType":2}],"BoosterTypes":null}}]}}]}

2016-08-11 17:18:27.3234|INFO|api.Helpers.NLogger|JSON
Method: POST
URL: http://192.168.1.119:6987/v1/employee/UpdateUnitDetails
Controller : api.Controllers.EmployeeController
Action : UpdateUnitDetails
Action Parameters : {"messageFormat":"JSON","messageArguments":[{"emp":{"EmployeeId":4,"ClientId":0,"UnitId":2099,"UnitName":null,"AddressId":0,"Parts":[{"IsMatched":true,"ModelNumber":"ACM1000","SerialNumber":"ACS1000","UnitType":"Packaged","ManufactureDate":"\/Date(1356201000000)\/","ManufactureBrand":null,"UnitTon":null,"Refrigerant":null,"ElectricalService":null,"MaxBreaker":null,"Compressor":null,"Capacitor":null,"Contactor":null,"Filterdryer":null,"Defrostboard":null,"Relay":null,"TXVValve":null,"ReversingValve":null,"BlowerMotor":null,"Condensingfanmotor":null,"Inducerdraftmotor":null,"Transformer":null,"Controlboard":null,"Limitswitch":null,"Ignitor":null,"Gasvalve":null,"Pressureswitch":null,"Flamesensor":null,"Rolloutsensor":null,"Doorswitch":null,"Ignitioncontrolboard":null,"OptionalInformation":{"QuantityOfFilter":1,"Filters":[{"size":1,"LocationOfPart":true}],"QuantityOfFuses":1,"FuseTypes":[{"FuseType":2}],"BoosterTypes":null}}]}}]}

2016-08-11 17:21:57.5349|INFO|api.Helpers.NLogger|JSON
Method: POST
URL: http://192.168.1.119:6987/v1/employee/UpdateUnitDetails
Controller : api.Controllers.EmployeeController
Action : UpdateUnitDetails
Action Parameters : {"messageFormat":"JSON","messageArguments":[{"emp":{"EmployeeId":4,"ClientId":0,"UnitId":2099,"UnitName":null,"AddressId":0,"Parts":[{"IsMatched":true,"ModelNumber":"ACM1000","SerialNumber":"ACS1000","UnitType":"Packaged","ManufactureDate":"\/Date(1356201000000)\/","ManufactureBrand":null,"UnitTon":null,"Refrigerant":null,"ElectricalService":null,"MaxBreaker":null,"Compressor":null,"Capacitor":null,"Contactor":null,"Filterdryer":null,"Defrostboard":null,"Relay":null,"TXVValve":null,"ReversingValve":null,"BlowerMotor":null,"Condensingfanmotor":null,"Inducerdraftmotor":null,"Transformer":null,"Controlboard":null,"Limitswitch":null,"Ignitor":null,"Gasvalve":null,"Pressureswitch":null,"Flamesensor":null,"Rolloutsensor":null,"Doorswitch":null,"Ignitioncontrolboard":null,"OptionalInformation":{"QuantityOfFilter":1,"Filters":[{"size":1,"LocationOfPart":true}],"QuantityOfFuses":1,"FuseTypes":[{"FuseType":2}],"BoosterTypes":null}}]}}]}

2016-08-11 17:22:53.8379|INFO|api.Helpers.NLogger|JSON
Method: POST
URL: http://192.168.1.119:6987/v1/employee/UpdateUnitDetails
Controller : api.Controllers.EmployeeController
Action : UpdateUnitDetails
Action Parameters : {"messageFormat":"JSON","messageArguments":[{"emp":{"EmployeeId":4,"ClientId":0,"UnitId":2099,"UnitName":null,"AddressId":0,"Parts":[{"IsMatched":true,"ModelNumber":"ACM1000","SerialNumber":"ACS1000","UnitType":"Packaged","ManufactureDate":"\/Date(1356201000000)\/","ManufactureBrand":null,"UnitTon":null,"Refrigerant":null,"ElectricalService":null,"MaxBreaker":null,"Compressor":null,"Capacitor":null,"Contactor":null,"Filterdryer":null,"Defrostboard":null,"Relay":null,"TXVValve":null,"ReversingValve":null,"BlowerMotor":null,"Condensingfanmotor":null,"Inducerdraftmotor":null,"Transformer":null,"Controlboard":null,"Limitswitch":null,"Ignitor":null,"Gasvalve":null,"Pressureswitch":null,"Flamesensor":null,"Rolloutsensor":null,"Doorswitch":null,"Ignitioncontrolboard":null,"OptionalInformation":{"QuantityOfFilter":1,"Filters":[{"size":1,"LocationOfPart":true}],"QuantityOfFuses":1,"FuseTypes":[{"FuseType":2}],"BoosterTypes":null}}]}}]}

2016-08-11 17:27:58.5860|INFO|api.Helpers.NLogger|JSON
Method: POST
URL: http://192.168.1.119:6987/v1/employee/UpdateUnitDetails
Controller : api.Controllers.EmployeeController
Action : UpdateUnitDetails
Action Parameters : {"messageFormat":"JSON","messageArguments":[{"emp":{"EmployeeId":4,"ClientId":0,"UnitId":2099,"UnitName":null,"AddressId":0,"Parts":[{"IsMatched":true,"ModelNumber":"ACM1000","SerialNumber":"ACS1000","UnitType":"Packaged","ManufactureDate":"\/Date(1356201000000)\/","ManufactureBrand":null,"UnitTon":null,"Refrigerant":null,"ElectricalService":null,"MaxBreaker":null,"Compressor":null,"Capacitor":null,"Contactor":null,"Filterdryer":null,"Defrostboard":null,"Relay":null,"TXVValve":null,"ReversingValve":null,"BlowerMotor":null,"Condensingfanmotor":null,"Inducerdraftmotor":null,"Transformer":null,"Controlboard":null,"Limitswitch":null,"Ignitor":null,"Gasvalve":null,"Pressureswitch":null,"Flamesensor":null,"Rolloutsensor":null,"Doorswitch":null,"Ignitioncontrolboard":null,"OptionalInformation":{"QuantityOfFilter":1,"Filters":[{"size":1,"LocationOfPart":true}],"QuantityOfFuses":1,"FuseTypes":[{"FuseType":2}],"BoosterTypes":null}}]}}]}

2016-08-11 17:29:18.1376|INFO|api.Helpers.NLogger|JSON
Method: POST
URL: http://192.168.1.119:6987/v1/employee/UpdateUnitDetails
Controller : api.Controllers.EmployeeController
Action : UpdateUnitDetails
Action Parameters : {"messageFormat":"JSON","messageArguments":[{"emp":{"EmployeeId":4,"ClientId":0,"UnitId":2099,"UnitName":null,"AddressId":0,"Parts":[{"IsMatched":true,"ModelNumber":"ACM1000","SerialNumber":"ACS1000","UnitType":"Packaged","ManufactureDate":"\/Date(1356201000000)\/","ManufactureBrand":null,"UnitTon":null,"Refrigerant":null,"ElectricalService":null,"MaxBreaker":null,"Compressor":null,"Capacitor":null,"Contactor":null,"Filterdryer":null,"Defrostboard":null,"Relay":null,"TXVValve":null,"ReversingValve":null,"BlowerMotor":null,"Condensingfanmotor":null,"Inducerdraftmotor":null,"Transformer":null,"Controlboard":null,"Limitswitch":null,"Ignitor":null,"Gasvalve":null,"Pressureswitch":null,"Flamesensor":null,"Rolloutsensor":null,"Doorswitch":null,"Ignitioncontrolboard":null,"OptionalInformation":{"QuantityOfFilter":1,"Filters":[{"size":1,"LocationOfPart":true}],"QuantityOfFuses":1,"FuseTypes":[{"FuseType":2}],"BoosterTypes":null}}]}}]}

2016-08-11 17:36:20.0166|INFO|api.Helpers.NLogger|JSON
Method: POST
URL: http://192.168.1.119:6987/v1/employee/UpdateUnitDetails
Controller : api.Controllers.EmployeeController
Action : UpdateUnitDetails
Action Parameters : {"messageFormat":"JSON","messageArguments":[{"emp":{"EmployeeId":4,"ClientId":0,"UnitId":2099,"UnitName":null,"AddressId":0,"Parts":[{"IsMatched":true,"ModelNumber":"ACM1000","SerialNumber":"ACS1000","UnitType":"Packaged","ManufactureDate":"\/Date(1356201000000)\/","ManufactureBrand":null,"UnitTon":null,"Refrigerant":null,"ElectricalService":null,"MaxBreaker":null,"Compressor":null,"Capacitor":null,"Contactor":null,"Filterdryer":null,"Defrostboard":null,"Relay":null,"TXVValve":null,"ReversingValve":null,"BlowerMotor":null,"Condensingfanmotor":null,"Inducerdraftmotor":null,"Transformer":null,"Controlboard":null,"Limitswitch":null,"Ignitor":null,"Gasvalve":null,"Pressureswitch":null,"Flamesensor":null,"Rolloutsensor":null,"Doorswitch":null,"Ignitioncontrolboard":null,"OptionalInformation":{"QuantityOfFilter":1,"Filters":[{"size":1,"LocationOfPart":true}],"QuantityOfFuses":1,"FuseTypes":[{"FuseType":2}],"BoosterTypes":null}}]}}]}

2016-08-11 17:39:39.1074|INFO|api.Helpers.NLogger|JSON
Method: POST
URL: http://192.168.1.119:6987/v1/employee/UpdateUnitDetails
Controller : api.Controllers.EmployeeController
Action : UpdateUnitDetails
Action Parameters : {"messageFormat":"JSON","messageArguments":[{"emp":{"EmployeeId":4,"ClientId":0,"UnitId":2099,"UnitName":null,"AddressId":0,"Parts":[{"IsMatched":true,"ModelNumber":"ACM1000","SerialNumber":"ACS1000","UnitType":"Packaged","ManufactureDate":"\/Date(1356201000000)\/","ManufactureBrand":null,"UnitTon":null,"Refrigerant":null,"ElectricalService":null,"MaxBreaker":null,"Compressor":null,"Capacitor":null,"Contactor":null,"Filterdryer":null,"Defrostboard":null,"Relay":null,"TXVValve":null,"ReversingValve":null,"BlowerMotor":null,"Condensingfanmotor":null,"Inducerdraftmotor":null,"Transformer":null,"Controlboard":null,"Limitswitch":null,"Ignitor":null,"Gasvalve":null,"Pressureswitch":null,"Flamesensor":null,"Rolloutsensor":null,"Doorswitch":null,"Ignitioncontrolboard":null,"OptionalInformation":{"QuantityOfFilter":1,"Filters":[{"size":1,"LocationOfPart":true}],"QuantityOfFuses":1,"FuseTypes":[{"FuseType":2}],"BoosterTypes":null}}]}}]}

2016-08-11 17:41:54.9132|INFO|api.Helpers.NLogger|JSON
Method: POST
URL: http://192.168.1.119:6987/v1/employee/UpdateUnitDetails
Controller : api.Controllers.EmployeeController
Action : UpdateUnitDetails
Action Parameters : {"messageFormat":"JSON","messageArguments":[{"emp":{"EmployeeId":4,"ClientId":0,"UnitId":2099,"UnitName":null,"AddressId":0,"Parts":[{"IsMatched":true,"ModelNumber":"ACM1000","SerialNumber":"ACS1000","UnitType":"Packaged","ManufactureDate":"\/Date(1356201000000)\/","ManufactureBrand":null,"UnitTon":null,"Refrigerant":null,"ElectricalService":null,"MaxBreaker":null,"Compressor":null,"Capacitor":null,"Contactor":null,"Filterdryer":null,"Defrostboard":null,"Relay":null,"TXVValve":null,"ReversingValve":null,"BlowerMotor":null,"Condensingfanmotor":null,"Inducerdraftmotor":null,"Transformer":null,"Controlboard":null,"Limitswitch":null,"Ignitor":null,"Gasvalve":null,"Pressureswitch":null,"Flamesensor":null,"Rolloutsensor":null,"Doorswitch":null,"Ignitioncontrolboard":null,"OptionalInformation":{"QuantityOfFilter":1,"Filters":[{"size":1,"LocationOfPart":true}],"QuantityOfFuses":1,"FuseTypes":[{"FuseType":2}],"BoosterTypes":null}}]}}]}

2016-08-11 17:42:59.2894|INFO|api.Helpers.NLogger|JSON
Method: POST
URL: http://192.168.1.119:6987/v1/employee/UpdateUnitDetails
Controller : api.Controllers.EmployeeController
Action : UpdateUnitDetails
Action Parameters : {"messageFormat":"JSON","messageArguments":[{"emp":{"EmployeeId":4,"ClientId":0,"UnitId":2099,"UnitName":null,"AddressId":0,"Parts":[{"IsMatched":true,"ModelNumber":"ACM1000","SerialNumber":"ACS1000","UnitType":"Packaged","ManufactureDate":"\/Date(1356201000000)\/","ManufactureBrand":null,"UnitTon":null,"Refrigerant":null,"ElectricalService":null,"MaxBreaker":null,"Compressor":null,"Capacitor":null,"Contactor":null,"Filterdryer":null,"Defrostboard":null,"Relay":null,"TXVValve":null,"ReversingValve":null,"BlowerMotor":null,"Condensingfanmotor":null,"Inducerdraftmotor":null,"Transformer":null,"Controlboard":null,"Limitswitch":null,"Ignitor":null,"Gasvalve":null,"Pressureswitch":null,"Flamesensor":null,"Rolloutsensor":null,"Doorswitch":null,"Ignitioncontrolboard":null,"OptionalInformation":{"QuantityOfFilter":1,"Filters":[{"size":1,"LocationOfPart":true}],"QuantityOfFuses":1,"FuseTypes":[{"FuseType":2}],"BoosterTypes":null}}]}}]}

2016-08-11 17:48:13.6932|INFO|api.Helpers.NLogger|JSON
Method: POST
URL: http://192.168.1.119:6987/v1/employee/UpdateUnitDetails
Controller : api.Controllers.EmployeeController
Action : UpdateUnitDetails
Action Parameters : {"messageFormat":"JSON","messageArguments":[{"emp":{"EmployeeId":4,"ClientId":0,"UnitId":2102,"UnitName":null,"AddressId":0,"Parts":[{"IsMatched":false,"ModelNumber":"sdgdfg","SerialNumber":"fghfgh","UnitType":"Cooling","ManufactureDate":"\/Date(1059417000000)\/","ManufactureBrand":"ghjghj","UnitTon":"hgjghj","Refrigerant":null,"ElectricalService":null,"MaxBreaker":6,"Compressor":7,"Capacitor":8,"Contactor":10,"Filterdryer":11,"Defrostboard":12,"Relay":13,"TXVValve":null,"ReversingValve":null,"BlowerMotor":null,"Condensingfanmotor":null,"Inducerdraftmotor":null,"Transformer":null,"Controlboard":null,"Limitswitch":null,"Ignitor":null,"Gasvalve":null,"Pressureswitch":null,"Flamesensor":null,"Rolloutsensor":null,"Doorswitch":null,"Ignitioncontrolboard":null,"OptionalInformation":{"QuantityOfFilter":1,"Filters":[{"size":1,"LocationOfPart":true}],"QuantityOfFuses":1,"FuseTypes":[{"FuseType":2}],"BoosterTypes":null}},{"IsMatched":false,"ModelNumber":"fgjfhj","SerialNumber":"gfjghjghj","UnitType":"Cooling","ManufactureDate":"\/Date(1130697000000)\/","ManufactureBrand":null,"UnitTon":null,"Refrigerant":null,"ElectricalService":null,"MaxBreaker":6,"Compressor":7,"Capacitor":8,"Contactor":null,"Filterdryer":null,"Defrostboard":null,"Relay":null,"TXVValve":null,"ReversingValve":null,"BlowerMotor":null,"Condensingfanmotor":null,"Inducerdraftmotor":null,"Transformer":null,"Controlboard":null,"Limitswitch":null,"Ignitor":null,"Gasvalve":null,"Pressureswitch":null,"Flamesensor":null,"Rolloutsensor":null,"Doorswitch":null,"Ignitioncontrolboard":null,"OptionalInformation":{"QuantityOfFilter":1,"Filters":[{"size":1,"LocationOfPart":true}],"QuantityOfFuses":2,"FuseTypes":[{"FuseType":2},{"FuseType":2}],"BoosterTypes":4}}]}}]}

2016-08-11 17:49:49.6822|INFO|api.Helpers.NLogger|JSON
Method: POST
URL: http://192.168.1.119:6987/v1/employee/UpdateUnitDetails
Controller : api.Controllers.EmployeeController
Action : UpdateUnitDetails
Action Parameters : {"messageFormat":"JSON","messageArguments":[{"emp":{"EmployeeId":4,"ClientId":0,"UnitId":2099,"UnitName":null,"AddressId":0,"Parts":[{"IsMatched":true,"ModelNumber":"ACM1000","SerialNumber":"ACS1000","UnitType":"Packaged","ManufactureDate":"\/Date(1356201000000)\/","ManufactureBrand":null,"UnitTon":null,"Refrigerant":null,"ElectricalService":null,"MaxBreaker":null,"Compressor":null,"Capacitor":null,"Contactor":null,"Filterdryer":null,"Defrostboard":null,"Relay":null,"TXVValve":null,"ReversingValve":null,"BlowerMotor":null,"Condensingfanmotor":null,"Inducerdraftmotor":null,"Transformer":null,"Controlboard":null,"Limitswitch":null,"Ignitor":null,"Gasvalve":null,"Pressureswitch":null,"Flamesensor":null,"Rolloutsensor":null,"Doorswitch":null,"Ignitioncontrolboard":null,"OptionalInformation":{"QuantityOfFilter":1,"Filters":[{"size":1,"LocationOfPart":true}],"QuantityOfFuses":1,"FuseTypes":[{"FuseType":2}],"BoosterTypes":null}}]}}]}

2016-08-11 19:26:55.0788|INFO|api.Helpers.NLogger|JSON
Method: POST
URL: http://192.168.1.119:6987/v1/employee/UpdateUnitDetails
Controller : api.Controllers.EmployeeController
Action : UpdateUnitDetails
Action Parameters : {"messageFormat":"JSON","messageArguments":[{"emp":null}]}

2016-08-11 19:27:43.2960|INFO|api.Helpers.NLogger|JSON
Method: POST
URL: http://192.168.1.119:6987/v1/employee/UpdateUnitDetails
Controller : api.Controllers.EmployeeController
Action : UpdateUnitDetails
Action Parameters : {"messageFormat":"JSON","messageArguments":[{"emp":{"EmployeeId":4,"ClientId":0,"UnitId":2198,"UnitName":null,"AddressId":0,"Parts":[{"IsMatched":false,"ModelNumber":"ACM1002","SerialNumber":"ACS1002","UnitType":"Heating","ManufactureDate":"\/Date(1099247400000)\/","ManufactureBrand":"Dikin","UnitTon":"20 ton","Refrigerant":null,"ElectricalService":null,"MaxBreaker":6,"Compressor":7,"Capacitor":8,"Contactor":10,"Filterdryer":11,"Defrostboard":null,"Relay":null,"TXVValve":null,"ReversingValve":null,"BlowerMotor":null,"Condensingfanmotor":null,"Inducerdraftmotor":null,"Transformer":null,"Controlboard":null,"Limitswitch":null,"Ignitor":null,"Gasvalve":null,"Pressureswitch":null,"Flamesensor":null,"Rolloutsensor":null,"Doorswitch":null,"Ignitioncontrolboard":null,"OptionalInformation":{"QuantityOfFilter":1,"Filters":[{"size":1,"LocationOfPart":true}],"QuantityOfFuses":1,"FuseTypes":[{"FuseType":2}],"BoosterTypes":null}}]}}]}

2016-08-11 19:30:57.8647|INFO|api.Helpers.NLogger|JSON
Method: POST
URL: http://192.168.1.119:6987/v1/employee/UpdateUnitDetails
Controller : api.Controllers.EmployeeController
Action : UpdateUnitDetails
Action Parameters : {"messageFormat":"JSON","messageArguments":[{"emp":{"EmployeeId":4,"ClientId":0,"UnitId":2198,"UnitName":null,"AddressId":0,"Parts":[{"IsMatched":false,"ModelNumber":"ACM1002","SerialNumber":"ACS1002","UnitType":"Heating","ManufactureDate":"\/Date(1099247400000)\/","ManufactureBrand":"Dikin","UnitTon":"20 ton","Refrigerant":null,"ElectricalService":null,"MaxBreaker":6,"Compressor":7,"Capacitor":8,"Contactor":10,"Filterdryer":11,"Defrostboard":null,"Relay":null,"TXVValve":null,"ReversingValve":null,"BlowerMotor":null,"Condensingfanmotor":null,"Inducerdraftmotor":null,"Transformer":null,"Controlboard":null,"Limitswitch":null,"Ignitor":null,"Gasvalve":null,"Pressureswitch":null,"Flamesensor":null,"Rolloutsensor":null,"Doorswitch":null,"Ignitioncontrolboard":null,"OptionalInformation":{"QuantityOfFilter":1,"Filters":[{"size":1,"LocationOfPart":true}],"QuantityOfFuses":1,"FuseTypes":[{"FuseType":2}],"BoosterTypes":null}}]}}]}

2016-08-11 19:39:01.9598|INFO|api.Helpers.NLogger|JSON
Method: POST
URL: http://192.168.1.119:6987/v1/profile/GetExpiredPlanUnitById
Controller : api.Controllers.NewProfileController
Action : GetExpiredPlanUnitById
Action Parameters : {"messageFormat":"JSON","messageArguments":[{"request":{"ClientId":1018,"CardId":0,"UnitId":1005,"NotificationId":1,"ServiceId":0,"Status":false}}]}

2016-08-11 19:39:18.8992|INFO|api.Helpers.NLogger|JSON
Method: POST
URL: http://192.168.1.119:6987/v1/profile/GetExpiredPlanUnitById
Controller : api.Controllers.NewProfileController
Action : GetExpiredPlanUnitById
Action Parameters : {"messageFormat":"JSON","messageArguments":[{"request":{"ClientId":1018,"CardId":0,"UnitId":1005,"NotificationId":1,"ServiceId":0,"Status":false}}]}

2016-08-11 19:46:10.6862|INFO|api.Helpers.NLogger|JSON
Method: POST
URL: http://192.168.1.119:6987/v1/employee/UpdateUnitDetails
Controller : api.Controllers.EmployeeController
Action : UpdateUnitDetails
Action Parameters : {"messageFormat":"JSON","messageArguments":[{"emp":{"EmployeeId":4,"ClientId":0,"UnitId":2204,"UnitName":null,"AddressId":0,"Parts":[{"IsMatched":false,"ModelNumber":"ACM2000","SerialNumber":"ACS2000","UnitType":"Heating","ManufactureDate":"\/Date(1159813800000)\/","ManufactureBrand":"Samsung","UnitTon":"50 ton","Refrigerant":null,"ElectricalService":null,"MaxBreaker":6,"Compressor":7,"Capacitor":8,"Contactor":null,"Filterdryer":null,"Defrostboard":null,"Relay":null,"TXVValve":null,"ReversingValve":null,"BlowerMotor":null,"Condensingfanmotor":null,"Inducerdraftmotor":null,"Transformer":null,"Controlboard":null,"Limitswitch":null,"Ignitor":null,"Gasvalve":null,"Pressureswitch":null,"Flamesensor":null,"Rolloutsensor":null,"Doorswitch":null,"Ignitioncontrolboard":null,"OptionalInformation":{"QuantityOfFilter":1,"Filters":[{"size":1,"LocationOfPart":true}],"QuantityOfFuses":1,"FuseTypes":[{"FuseType":2}],"BoosterTypes":null}},{"IsMatched":false,"ModelNumber":"ACM2001","SerialNumber":"ACS2001","UnitType":"Cooling","ManufactureDate":"\/Date(1178217000000)\/","ManufactureBrand":null,"UnitTon":null,"Refrigerant":null,"ElectricalService":null,"MaxBreaker":6,"Compressor":7,"Capacitor":8,"Contactor":null,"Filterdryer":null,"Defrostboard":null,"Relay":null,"TXVValve":null,"ReversingValve":null,"BlowerMotor":null,"Condensingfanmotor":null,"Inducerdraftmotor":null,"Transformer":null,"Controlboard":null,"Limitswitch":null,"Ignitor":null,"Gasvalve":null,"Pressureswitch":null,"Flamesensor":null,"Rolloutsensor":null,"Doorswitch":null,"Ignitioncontrolboard":null,"OptionalInformation":{"QuantityOfFilter":1,"Filters":[{"size":1,"LocationOfPart":true}],"QuantityOfFuses":1,"FuseTypes":[{"FuseType":2}],"BoosterTypes":3}}]}}]}

2016-08-11 19:57:14.2878|INFO|api.Helpers.NLogger|JSON
Method: POST
URL: http://192.168.1.119:6987/v1/employee/UpdateUnitDetails
Controller : api.Controllers.EmployeeController
Action : UpdateUnitDetails
Action Parameters : {"messageFormat":"JSON","messageArguments":[{"emp":{"EmployeeId":4,"ClientId":0,"UnitId":2271,"UnitName":null,"AddressId":0,"Parts":[{"IsMatched":false,"ModelNumber":"ACM3000","SerialNumber":"ACM3000","UnitType":"Heating","ManufactureDate":"\/Date(1470925488000)\/","ManufactureBrand":"Samsung","UnitTon":"10 ton","Refrigerant":null,"ElectricalService":null,"MaxBreaker":6,"Compressor":7,"Capacitor":8,"Contactor":10,"Filterdryer":null,"Defrostboard":null,"Relay":null,"TXVValve":null,"ReversingValve":null,"BlowerMotor":null,"Condensingfanmotor":null,"Inducerdraftmotor":null,"Transformer":null,"Controlboard":null,"Limitswitch":null,"Ignitor":null,"Gasvalve":null,"Pressureswitch":null,"Flamesensor":null,"Rolloutsensor":null,"Doorswitch":null,"Ignitioncontrolboard":null,"OptionalInformation":{"QuantityOfFilter":1,"Filters":[{"size":1,"LocationOfPart":true}],"QuantityOfFuses":1,"FuseTypes":[{"FuseType":2}],"BoosterTypes":null}},{"IsMatched":false,"ModelNumber":"ACM3001","SerialNumber":"ACS3001","UnitType":"Cooling","ManufactureDate":"\/Date(1267381800000)\/","ManufactureBrand":"Dikin","UnitTon":"50 ton","Refrigerant":null,"ElectricalService":null,"MaxBreaker":6,"Compressor":7,"Capacitor":8,"Contactor":10,"Filterdryer":null,"Defrostboard":null,"Relay":null,"TXVValve":null,"ReversingValve":null,"BlowerMotor":null,"Condensingfanmotor":null,"Inducerdraftmotor":null,"Transformer":null,"Controlboard":null,"Limitswitch":null,"Ignitor":null,"Gasvalve":null,"Pressureswitch":null,"Flamesensor":null,"Rolloutsensor":null,"Doorswitch":null,"Ignitioncontrolboard":null,"OptionalInformation":{"QuantityOfFilter":1,"Filters":[{"size":1,"LocationOfPart":true}],"QuantityOfFuses":1,"FuseTypes":[{"FuseType":2}],"BoosterTypes":3}}]}}]}

