2016-09-11 13:07:34.0878|INFO|api.Helpers.NLogger|JSON
Method: POST
URL: http://ads.siteproofs.net/api/v1/profile/ClientDashboard
Controller : api.Controllers.ProfileController
Action : ClientDashboard
Action Parameters : {"messageFormat":"JSON","messageArguments":[{"request":{"Email":null,"ClientId":2,"PlanTypeId":0,"PlanId":0,"PartId":0,"Month":0,"Year":0,"AddressId":null,"UnitId":0,"ServiceId":null,"RequestedServiceId":null,"PartType":null,"PartTypeId":null,"PageId":0,"ShowDeleted":false,"ServiceCaseNumber":null,"LastCallDateTime":null,"PageNumber":null,"pageSize":0,"DeviceType":null,"DeviceToken":null,"NotificationId":null,"EmployeeId":0}}]}

2016-09-11 13:07:34.0878|INFO|api.Helpers.NLogger|JSON
Method: POST
URL: http://ads.siteproofs.net/api/v1/profile/clientUpdateToken
Controller : api.Controllers.ProfileController
Action : clientUpdateToken
Action Parameters : {"messageFormat":"JSON","messageArguments":[{"request":{"Email":null,"ClientId":2,"PlanTypeId":0,"PlanId":0,"PartId":0,"Month":0,"Year":0,"AddressId":null,"UnitId":0,"ServiceId":null,"RequestedServiceId":null,"PartType":null,"PartTypeId":null,"PageId":0,"ShowDeleted":false,"ServiceCaseNumber":null,"LastCallDateTime":null,"PageNumber":null,"pageSize":0,"DeviceType":"iPhone","DeviceToken":"49bcb116e31fa426952ff475944ab93db743305ced74b2f7d5731752bb3bdf02","NotificationId":null,"EmployeeId":0}}]}

2016-09-11 13:07:57.8578|INFO|api.Helpers.NLogger|JSON
Method: POST
URL: http://ads.siteproofs.net/api/v1/profile/NotificationList
Controller : api.Controllers.NewProfileController
Action : NotificationList
Action Parameters : {"messageFormat":"JSON","messageArguments":[{"request":{"Email":null,"ClientId":2,"PlanTypeId":0,"PlanId":0,"PartId":0,"Month":0,"Year":0,"AddressId":null,"UnitId":0,"ServiceId":null,"RequestedServiceId":null,"PartType":null,"PartTypeId":null,"PageId":0,"ShowDeleted":false,"ServiceCaseNumber":null,"LastCallDateTime":null,"PageNumber":1,"pageSize":0,"DeviceType":null,"DeviceToken":null,"NotificationId":null,"EmployeeId":0}}]}

2016-09-11 13:07:59.2276|INFO|api.Helpers.NLogger|JSON
Method: POST
URL: http://ads.siteproofs.net/api/v1/profile/NotificationList
Controller : api.Controllers.NewProfileController
Action : NotificationList
Action Parameters : {"messageFormat":"JSON","messageArguments":[{"request":{"Email":null,"ClientId":2,"PlanTypeId":0,"PlanId":0,"PartId":0,"Month":0,"Year":0,"AddressId":null,"UnitId":0,"ServiceId":null,"RequestedServiceId":null,"PartType":null,"PartTypeId":null,"PageId":0,"ShowDeleted":false,"ServiceCaseNumber":null,"LastCallDateTime":null,"PageNumber":2,"pageSize":0,"DeviceType":null,"DeviceToken":null,"NotificationId":null,"EmployeeId":0}}]}

2016-09-11 13:08:09.1419|INFO|api.Helpers.NLogger|JSON
Method: POST
URL: http://ads.siteproofs.net/api/v1/profile/ClientDashboard
Controller : api.Controllers.ProfileController
Action : ClientDashboard
Action Parameters : {"messageFormat":"JSON","messageArguments":[{"request":{"Email":null,"ClientId":2,"PlanTypeId":0,"PlanId":0,"PartId":0,"Month":0,"Year":0,"AddressId":null,"UnitId":0,"ServiceId":null,"RequestedServiceId":null,"PartType":null,"PartTypeId":null,"PageId":0,"ShowDeleted":false,"ServiceCaseNumber":null,"LastCallDateTime":null,"PageNumber":null,"pageSize":0,"DeviceType":null,"DeviceToken":null,"NotificationId":null,"EmployeeId":0}}]}

