2016-12-02 17:16:29.5229|INFO|api.Helpers.NLogger|JSON
Method: POST
URL: http://192.168.1.119:6987/v1/employee/login
Controller : api.Controllers.EmployeeController
Action : Login
Action Parameters : {"messageFormat":"JSON","messageArguments":[{"model":{"Email":"micheal@gmai.com","Password":"7f2765757d527eaeeb14fb706039bac7","DeviceType":"iPhone","DeviceToken":""}}]}

2016-12-02 17:18:24.1406|INFO|api.Helpers.NLogger|JSON
Method: POST
URL: http://192.168.1.119:6987/v1/employee/login
Controller : api.Controllers.EmployeeController
Action : Login
Action Parameters : {"messageFormat":"JSON","messageArguments":[{"model":{"Email":"micheal@gmail.com","Password":"7f2765757d527eaeeb14fb706039bac7","DeviceType":"iPhone","DeviceToken":"7d86674e1f05e34d8d2294f579e4215834783f35a49917587c08b39e191873c2"}}]}

2016-12-02 17:20:54.1267|INFO|api.Helpers.NLogger|JSON
Method: POST
URL: http://192.168.1.119:6987/v1/employee/login
Controller : api.Controllers.EmployeeController
Action : Login
Action Parameters : {"messageFormat":"JSON","messageArguments":[{"model":{"Email":"micheal@gmail.com","Password":"7f2765757d527eaeeb14fb706039bac7","DeviceType":"iPhone","DeviceToken":"c699867c026d250187bd93ad68a4739ef51510bdd8db9c210e97346f103fc457"}}]}

2016-12-02 17:23:51.4298|INFO|api.Helpers.NLogger|JSON
Method: POST
URL: http://192.168.1.119:6987/v1/employee/login
Controller : api.Controllers.EmployeeController
Action : Login
Action Parameters : {"messageFormat":"JSON","messageArguments":[{"model":{"Email":"micheal@gmail.com","Password":"7f2765757d527eaeeb14fb706039bac7","DeviceType":"iPhone","DeviceToken":"850f9fc4f33cd9adb3377e32b034dc64f8370146eb87762482896dbedc1e3262"}}]}

2016-12-02 17:25:18.6234|INFO|api.Helpers.NLogger|JSON
Method: POST
URL: http://192.168.1.119:6987/v1/employee/login
Controller : api.Controllers.EmployeeController
Action : Login
Action Parameters : {"messageFormat":"JSON","messageArguments":[{"model":{"Email":"bani.test1221@gmail.com","Password":"e10adc3949ba59abbe56e057f20f883e","DeviceType":"iPhone","DeviceToken":"f356f6c3262b5938207b7211a983096e0bf0b5cf58e36bc3b40efa6b3afbe738"}}]}

2016-12-02 18:03:23.9834|INFO|api.Helpers.NLogger|JSON
Method: POST
URL: http://192.168.1.119:6987/v1/employee/AddUnitDetails
Controller : api.Controllers.NewEmployeeController
Action : AddUnitDetails
Action Parameters : {"messageFormat":"JSON","messageArguments":[{"emp":{"EmployeeId":15,"ClientId":36,"UnitName":"","PlanTypeId":1,"AddressId":3148,"UnitTypeId":null,"AutoRenewal":true,"SpecialOffer":false,"IsMatched":false,"Notes":"Fghfghfgh","Parts":[{"IsMatched":true,"ModelNumber":"acm1000","SerialNumber":"edged fbh","UnitType":"Packaged","ManufactureDate":"\/Date(1322744400000)\/","ManufactureBrand":null,"UnitTon":null,"Refrigerant":null,"ElectricalService":null,"Breaker":null,"MaxBreaker":null,"Compressor":null,"Capacitor":null,"Contactor":null,"Filterdryer":null,"Defrostboard":null,"Relay":null,"TXVValve":null,"ReversingValve":null,"BlowerMotor":null,"Condensingfanmotor":null,"Inducerdraftmotor":null,"Transformer":null,"Controlboard":null,"Limitswitch":null,"Ignitor":null,"Gasvalve":null,"Pressureswitch":null,"Flamesensor":null,"Rolloutsensor":null,"Doorswitch":null,"Ignitioncontrolboard":null,"CoilCleaner":null,"Misc":null,"OptionalInformation":{"QuantityOfFilter":0,"Filters":[],"QuantityOfFuses":0,"FuseTypes":[],"BoosterTypes":null}}]}}]}

2016-12-02 18:05:39.8852|INFO|api.Helpers.NLogger|JSON
Method: POST
URL: http://192.168.1.119:6987/v1/employee/AddUnitDetails
Controller : api.Controllers.NewEmployeeController
Action : AddUnitDetails
Action Parameters : {"messageFormat":"JSON","messageArguments":[{"emp":{"EmployeeId":15,"ClientId":36,"UnitName":"","PlanTypeId":1,"AddressId":3148,"UnitTypeId":null,"AutoRenewal":true,"SpecialOffer":false,"IsMatched":false,"Notes":"Fghfghfgh","Parts":[{"IsMatched":true,"ModelNumber":"acm1000","SerialNumber":"edged fbh","UnitType":"Packaged","ManufactureDate":"\/Date(1322744400000)\/","ManufactureBrand":null,"UnitTon":null,"Refrigerant":null,"ElectricalService":null,"Breaker":null,"MaxBreaker":null,"Compressor":null,"Capacitor":null,"Contactor":null,"Filterdryer":null,"Defrostboard":null,"Relay":null,"TXVValve":null,"ReversingValve":null,"BlowerMotor":null,"Condensingfanmotor":null,"Inducerdraftmotor":null,"Transformer":null,"Controlboard":null,"Limitswitch":null,"Ignitor":null,"Gasvalve":null,"Pressureswitch":null,"Flamesensor":null,"Rolloutsensor":null,"Doorswitch":null,"Ignitioncontrolboard":null,"CoilCleaner":null,"Misc":null,"OptionalInformation":{"QuantityOfFilter":0,"Filters":[],"QuantityOfFuses":0,"FuseTypes":[],"BoosterTypes":null}}]}}]}

2016-12-02 18:11:43.7426|INFO|api.Helpers.NLogger|JSON
Method: POST
URL: http://192.168.1.119:6987/v1/employee/AddUnitDetails
Controller : api.Controllers.NewEmployeeController
Action : AddUnitDetails
Action Parameters : {"messageFormat":"JSON","messageArguments":[{"emp":{"EmployeeId":15,"ClientId":36,"UnitName":"","PlanTypeId":3,"AddressId":3148,"UnitTypeId":null,"AutoRenewal":true,"SpecialOffer":false,"IsMatched":false,"Notes":"Dfhfhfghghj","Parts":[{"IsMatched":true,"ModelNumber":"acm1000","SerialNumber":"dfghghj","UnitType":"Packaged","ManufactureDate":"\/Date(1346504400000)\/","ManufactureBrand":null,"UnitTon":null,"Refrigerant":null,"ElectricalService":null,"Breaker":null,"MaxBreaker":null,"Compressor":null,"Capacitor":null,"Contactor":null,"Filterdryer":null,"Defrostboard":null,"Relay":null,"TXVValve":null,"ReversingValve":null,"BlowerMotor":null,"Condensingfanmotor":null,"Inducerdraftmotor":null,"Transformer":null,"Controlboard":null,"Limitswitch":null,"Ignitor":null,"Gasvalve":null,"Pressureswitch":null,"Flamesensor":null,"Rolloutsensor":null,"Doorswitch":null,"Ignitioncontrolboard":null,"CoilCleaner":null,"Misc":null,"OptionalInformation":{"QuantityOfFilter":0,"Filters":[],"QuantityOfFuses":0,"FuseTypes":[],"BoosterTypes":null}}]}}]}

2016-12-02 18:13:21.4151|INFO|api.Helpers.NLogger|JSON
Method: POST
URL: http://192.168.1.119:6987/v1/employee/AddUnitDetails
Controller : api.Controllers.NewEmployeeController
Action : AddUnitDetails
Action Parameters : {"messageFormat":"JSON","messageArguments":[{"emp":{"EmployeeId":15,"ClientId":36,"UnitName":"","PlanTypeId":3,"AddressId":3148,"UnitTypeId":null,"AutoRenewal":true,"SpecialOffer":false,"IsMatched":false,"Notes":"Dfhfhfghghj","Parts":[{"IsMatched":true,"ModelNumber":"acm1000","SerialNumber":"dfghghj","UnitType":"Packaged","ManufactureDate":"\/Date(1346504400000)\/","ManufactureBrand":null,"UnitTon":null,"Refrigerant":null,"ElectricalService":null,"Breaker":null,"MaxBreaker":null,"Compressor":null,"Capacitor":null,"Contactor":null,"Filterdryer":null,"Defrostboard":null,"Relay":null,"TXVValve":null,"ReversingValve":null,"BlowerMotor":null,"Condensingfanmotor":null,"Inducerdraftmotor":null,"Transformer":null,"Controlboard":null,"Limitswitch":null,"Ignitor":null,"Gasvalve":null,"Pressureswitch":null,"Flamesensor":null,"Rolloutsensor":null,"Doorswitch":null,"Ignitioncontrolboard":null,"CoilCleaner":null,"Misc":null,"OptionalInformation":{"QuantityOfFilter":0,"Filters":[],"QuantityOfFuses":0,"FuseTypes":[],"BoosterTypes":null}}]}}]}

2016-12-02 19:00:09.5807|INFO|api.Helpers.NLogger|JSON
Method: POST
URL: http://192.168.1.119:6987/v1/profile/ClientDashboard
Controller : api.Controllers.ProfileController
Action : ClientDashboard
Action Parameters : {"messageFormat":"JSON","messageArguments":[{"request":{"Email":null,"ClientId":4179,"PlanTypeId":0,"PlanId":0,"PartId":0,"Month":0,"Year":0,"AddressId":null,"UnitId":0,"ServiceId":null,"RequestedServiceId":null,"PartType":null,"PartTypeId":null,"PageId":0,"ShowDeleted":false,"ServiceCaseNumber":null,"LastCallDateTime":null,"PageNumber":null,"pageSize":0,"DeviceType":null,"DeviceToken":null,"NotificationId":null,"EmployeeId":0,"BillingId":null}}]}

2016-12-02 19:00:22.8544|INFO|api.Helpers.NLogger|JSON
Method: GET
URL: http://192.168.1.119:6987/v1/profile/GetClientProfile?ClientId=4179
Controller : api.Controllers.ProfileController
Action : GetClientProfile
Action Parameters : {"messageFormat":"JSON","messageArguments":[{"ClientId":4179}]}

2016-12-02 19:00:26.5619|INFO|api.Helpers.NLogger|JSON
Method: POST
URL: http://192.168.1.119:6987/v1/profile/GetCreditCard
Controller : api.Controllers.ProfileController
Action : GetCreditCard
Action Parameters : {"messageFormat":"JSON","messageArguments":[{"request":{"Id":0,"ClientId":4179,"CardType":null,"NameOnCard":null,"CardNumber":null,"ExpiryMonth":0,"CVV":0,"ExpiryYear":0,"IsDefaultPayment":null,"StripeCardId":null}}]}

2016-12-02 19:01:24.7864|INFO|api.Helpers.NLogger|JSON
Method: POST
URL: http://192.168.1.119:6987/v1/profile/AddCreditCard
Controller : api.Controllers.ProfileController
Action : AddCreditCard
Action Parameters : {"messageFormat":"JSON","messageArguments":[{"request":{"Id":0,"ClientId":4179,"CardType":"AmericanExpress","NameOnCard":"test","CardNumber":"371449635398431","ExpiryMonth":4,"CVV":123,"ExpiryYear":2018,"IsDefaultPayment":false,"StripeCardId":null}}]}

