2016-12-28 11:08:07.9899|INFO|api.Helpers.NLogger|JSON
Method: POST
URL: http://192.168.1.119:9999/api/v1/employee/GetDashBoardMonthDayWiseServiceList
Controller : api.Controllers.EmployeeController
Action : GetDashBoardMonthDayWiseServiceList
Action Parameters : {"messageFormat":"JSON","messageArguments":[{"request":{"NotificationId":0,"EmployeeId":1,"SalesVisitRequestId":0,"Month":12,"Year":2016,"Day":28,"ServiceId":0,"ReportId":0,"UnitId":0,"Latitude":null,"Longitude":null,"SearchTerm":null,"PageId":0,"LastCallDateTime":null,"PageNumber":null,"pageSize":0,"OrderId":0,"StatDate":null,"EndDate":null,"DeviceType":null,"DeviceToken":null,"ClientEmails":null,"CCEmail":null}}]}

2016-12-28 11:08:07.9899|INFO|api.Helpers.NLogger|JSON
Method: POST
URL: http://192.168.1.119:9999/api/v1/employee/GetDashBoardMonthWiseServiceCount
Controller : api.Controllers.EmployeeController
Action : GetDashBoardMonthWiseServiceCount
Action Parameters : {"messageFormat":"JSON","messageArguments":[{"request":{"NotificationId":0,"EmployeeId":1,"SalesVisitRequestId":0,"Month":1,"Year":2017,"Day":0,"ServiceId":0,"ReportId":0,"UnitId":0,"Latitude":null,"Longitude":null,"SearchTerm":null,"PageId":0,"LastCallDateTime":null,"PageNumber":null,"pageSize":0,"OrderId":0,"StatDate":null,"EndDate":null,"DeviceType":null,"DeviceToken":null,"ClientEmails":null,"CCEmail":null}}]}

2016-12-28 11:08:07.9899|INFO|api.Helpers.NLogger|JSON
Method: POST
URL: http://192.168.1.119:9999/api/v1/employee/GetDashBoardMonthWiseServiceCount
Controller : api.Controllers.EmployeeController
Action : GetDashBoardMonthWiseServiceCount
Action Parameters : {"messageFormat":"JSON","messageArguments":[{"request":{"NotificationId":0,"EmployeeId":1,"SalesVisitRequestId":0,"Month":12,"Year":2016,"Day":0,"ServiceId":0,"ReportId":0,"UnitId":0,"Latitude":null,"Longitude":null,"SearchTerm":null,"PageId":0,"LastCallDateTime":null,"PageNumber":null,"pageSize":0,"OrderId":0,"StatDate":null,"EndDate":null,"DeviceType":null,"DeviceToken":null,"ClientEmails":null,"CCEmail":null}}]}

2016-12-28 11:08:07.9899|INFO|api.Helpers.NLogger|JSON
Method: POST
URL: http://192.168.1.119:9999/api/v1/employee/UpdateEmployeeLocation
Controller : api.Controllers.EmployeeController
Action : UpdateEmployeeLocation
Action Parameters : {"messageFormat":"JSON","messageArguments":[{"request":{"NotificationId":0,"EmployeeId":1,"SalesVisitRequestId":0,"Month":0,"Year":0,"Day":0,"ServiceId":0,"ReportId":0,"UnitId":0,"Latitude":39.50184310,"Longitude":-119.77966500,"SearchTerm":null,"PageId":0,"LastCallDateTime":null,"PageNumber":null,"pageSize":0,"OrderId":0,"StatDate":null,"EndDate":null,"DeviceType":null,"DeviceToken":null,"ClientEmails":null,"CCEmail":null}}]}

2016-12-28 11:08:12.3906|INFO|api.Helpers.NLogger|JSON
Method: POST
URL: http://192.168.1.119:9999/api/v1/employee/logout
Controller : api.Controllers.EmployeeController
Action : logout
Action Parameters : {"messageFormat":"JSON","messageArguments":[{"request":{"NotificationId":0,"EmployeeId":1,"SalesVisitRequestId":0,"Month":0,"Year":0,"Day":0,"ServiceId":0,"ReportId":0,"UnitId":0,"Latitude":null,"Longitude":null,"SearchTerm":null,"PageId":0,"LastCallDateTime":null,"PageNumber":null,"pageSize":0,"OrderId":0,"StatDate":null,"EndDate":null,"DeviceType":null,"DeviceToken":null,"ClientEmails":null,"CCEmail":null}}]}

2016-12-28 11:08:23.1756|INFO|api.Helpers.NLogger|JSON
Method: POST
URL: http://192.168.1.119:9999/api/v1/employee/login
Controller : api.Controllers.EmployeeController
Action : Login
Action Parameters : {"messageFormat":"JSON","messageArguments":[{"model":{"Email":"testing.garib@gmail.com","Password":"7f2765757d527eaeeb14fb706039bac7","DeviceType":"iPhone","DeviceToken":"","Latitude":39.50184310,"Longitude":-119.77966500}}]}

2016-12-28 11:08:31.3691|INFO|api.Helpers.NLogger|JSON
Method: POST
URL: http://192.168.1.119:9999/api/v1/employee/login
Controller : api.Controllers.EmployeeController
Action : Login
Action Parameters : {"messageFormat":"JSON","messageArguments":[{"model":{"Email":"testing.garib@gmail.com","Password":"7f2765757d527eaeeb14fb706039bac7","DeviceType":"iPhone","DeviceToken":"","Latitude":39.50184310,"Longitude":-119.77966500}}]}

2016-12-28 11:09:09.8518|INFO|api.Helpers.NLogger|JSON
Method: POST
URL: http://192.168.1.119:9999/api/v1/employee/login
Controller : api.Controllers.EmployeeController
Action : Login
Action Parameters : {"messageFormat":"JSON","messageArguments":[{"model":{"Email":"testing.garib@gmail.com","Password":"7f2765757d527eaeeb14fb706039bac7","DeviceType":"iPhone","DeviceToken":"","Latitude":39.50184310,"Longitude":-119.77966500}}]}

2016-12-28 11:09:10.3625|INFO|api.Helpers.NLogger|JSON
Method: POST
URL: http://192.168.1.119:9999/api/v1/employee/GetDashBoardMonthWiseServiceCount
Controller : api.Controllers.EmployeeController
Action : GetDashBoardMonthWiseServiceCount
Action Parameters : {"messageFormat":"JSON","messageArguments":[{"request":{"NotificationId":0,"EmployeeId":2,"SalesVisitRequestId":0,"Month":12,"Year":2016,"Day":0,"ServiceId":0,"ReportId":0,"UnitId":0,"Latitude":null,"Longitude":null,"SearchTerm":null,"PageId":0,"LastCallDateTime":null,"PageNumber":null,"pageSize":0,"OrderId":0,"StatDate":null,"EndDate":null,"DeviceType":null,"DeviceToken":null,"ClientEmails":null,"CCEmail":null}}]}

2016-12-28 11:09:10.3665|INFO|api.Helpers.NLogger|JSON
Method: POST
URL: http://192.168.1.119:9999/api/v1/employee/GetDashBoardMonthWiseServiceCount
Controller : api.Controllers.EmployeeController
Action : GetDashBoardMonthWiseServiceCount
Action Parameters : {"messageFormat":"JSON","messageArguments":[{"request":{"NotificationId":0,"EmployeeId":2,"SalesVisitRequestId":0,"Month":1,"Year":2017,"Day":0,"ServiceId":0,"ReportId":0,"UnitId":0,"Latitude":null,"Longitude":null,"SearchTerm":null,"PageId":0,"LastCallDateTime":null,"PageNumber":null,"pageSize":0,"OrderId":0,"StatDate":null,"EndDate":null,"DeviceType":null,"DeviceToken":null,"ClientEmails":null,"CCEmail":null}}]}

2016-12-28 11:09:10.3665|INFO|api.Helpers.NLogger|JSON
Method: POST
URL: http://192.168.1.119:9999/api/v1/employee/GetDashBoardMonthDayWiseServiceList
Controller : api.Controllers.EmployeeController
Action : GetDashBoardMonthDayWiseServiceList
Action Parameters : {"messageFormat":"JSON","messageArguments":[{"request":{"NotificationId":0,"EmployeeId":2,"SalesVisitRequestId":0,"Month":12,"Year":2016,"Day":28,"ServiceId":0,"ReportId":0,"UnitId":0,"Latitude":null,"Longitude":null,"SearchTerm":null,"PageId":0,"LastCallDateTime":null,"PageNumber":null,"pageSize":0,"OrderId":0,"StatDate":null,"EndDate":null,"DeviceType":null,"DeviceToken":null,"ClientEmails":null,"CCEmail":null}}]}

2016-12-28 11:09:26.6004|INFO|api.Helpers.NLogger|JSON
Method: POST
URL: http://192.168.1.119:9999/api/v1/employee/NotificationList
Controller : api.Controllers.NewEmployeeController
Action : NotificationList
Action Parameters : {"messageFormat":"JSON","messageArguments":[{"request":{"NotificationId":0,"EmployeeId":2,"SalesVisitRequestId":0,"Month":0,"Year":0,"Day":0,"ServiceId":0,"ReportId":0,"UnitId":0,"Latitude":null,"Longitude":null,"SearchTerm":null,"PageId":0,"LastCallDateTime":null,"PageNumber":1,"pageSize":0,"OrderId":0,"StatDate":null,"EndDate":null,"DeviceType":null,"DeviceToken":null,"ClientEmails":null,"CCEmail":null}}]}

2016-12-28 11:09:30.7328|INFO|api.Helpers.NLogger|JSON
Method: POST
URL: http://192.168.1.119:9999/api/v1/employee/NotificationList
Controller : api.Controllers.NewEmployeeController
Action : NotificationList
Action Parameters : {"messageFormat":"JSON","messageArguments":[{"request":{"NotificationId":0,"EmployeeId":2,"SalesVisitRequestId":0,"Month":0,"Year":0,"Day":0,"ServiceId":0,"ReportId":0,"UnitId":0,"Latitude":null,"Longitude":null,"SearchTerm":null,"PageId":0,"LastCallDateTime":null,"PageNumber":2,"pageSize":0,"OrderId":0,"StatDate":null,"EndDate":null,"DeviceType":null,"DeviceToken":null,"ClientEmails":null,"CCEmail":null}}]}

2016-12-28 11:09:32.9739|INFO|api.Helpers.NLogger|JSON
Method: POST
URL: http://192.168.1.119:9999/api/v1/employee/NotificationList
Controller : api.Controllers.NewEmployeeController
Action : NotificationList
Action Parameters : {"messageFormat":"JSON","messageArguments":[{"request":{"NotificationId":0,"EmployeeId":2,"SalesVisitRequestId":0,"Month":0,"Year":0,"Day":0,"ServiceId":0,"ReportId":0,"UnitId":0,"Latitude":null,"Longitude":null,"SearchTerm":null,"PageId":0,"LastCallDateTime":null,"PageNumber":2,"pageSize":0,"OrderId":0,"StatDate":null,"EndDate":null,"DeviceType":null,"DeviceToken":null,"ClientEmails":null,"CCEmail":null}}]}

2016-12-28 11:09:33.9645|INFO|api.Helpers.NLogger|JSON
Method: POST
URL: http://192.168.1.119:9999/api/v1/employee/GetDashBoardMonthWiseServiceCount
Controller : api.Controllers.EmployeeController
Action : GetDashBoardMonthWiseServiceCount
Action Parameters : {"messageFormat":"JSON","messageArguments":[{"request":{"NotificationId":0,"EmployeeId":2,"SalesVisitRequestId":0,"Month":1,"Year":2017,"Day":0,"ServiceId":0,"ReportId":0,"UnitId":0,"Latitude":null,"Longitude":null,"SearchTerm":null,"PageId":0,"LastCallDateTime":null,"PageNumber":null,"pageSize":0,"OrderId":0,"StatDate":null,"EndDate":null,"DeviceType":null,"DeviceToken":null,"ClientEmails":null,"CCEmail":null}}]}

2016-12-28 11:09:33.9645|INFO|api.Helpers.NLogger|JSON
Method: POST
URL: http://192.168.1.119:9999/api/v1/employee/GetDashBoardMonthWiseServiceCount
Controller : api.Controllers.EmployeeController
Action : GetDashBoardMonthWiseServiceCount
Action Parameters : {"messageFormat":"JSON","messageArguments":[{"request":{"NotificationId":0,"EmployeeId":2,"SalesVisitRequestId":0,"Month":12,"Year":2016,"Day":0,"ServiceId":0,"ReportId":0,"UnitId":0,"Latitude":null,"Longitude":null,"SearchTerm":null,"PageId":0,"LastCallDateTime":null,"PageNumber":null,"pageSize":0,"OrderId":0,"StatDate":null,"EndDate":null,"DeviceType":null,"DeviceToken":null,"ClientEmails":null,"CCEmail":null}}]}

2016-12-28 11:09:33.9645|INFO|api.Helpers.NLogger|JSON
Method: POST
URL: http://192.168.1.119:9999/api/v1/employee/GetDashBoardMonthDayWiseServiceList
Controller : api.Controllers.EmployeeController
Action : GetDashBoardMonthDayWiseServiceList
Action Parameters : {"messageFormat":"JSON","messageArguments":[{"request":{"NotificationId":0,"EmployeeId":2,"SalesVisitRequestId":0,"Month":12,"Year":2016,"Day":28,"ServiceId":0,"ReportId":0,"UnitId":0,"Latitude":null,"Longitude":null,"SearchTerm":null,"PageId":0,"LastCallDateTime":null,"PageNumber":null,"pageSize":0,"OrderId":0,"StatDate":null,"EndDate":null,"DeviceType":null,"DeviceToken":null,"ClientEmails":null,"CCEmail":null}}]}

2016-12-28 11:09:34.9913|INFO|api.Helpers.NLogger|JSON
Method: POST
URL: http://192.168.1.119:9999/api/v1/employee/GetDashBoardMonthWiseServiceCount
Controller : api.Controllers.EmployeeController
Action : GetDashBoardMonthWiseServiceCount
Action Parameters : {"messageFormat":"JSON","messageArguments":[{"request":{"NotificationId":0,"EmployeeId":2,"SalesVisitRequestId":0,"Month":2,"Year":2017,"Day":0,"ServiceId":0,"ReportId":0,"UnitId":0,"Latitude":null,"Longitude":null,"SearchTerm":null,"PageId":0,"LastCallDateTime":null,"PageNumber":null,"pageSize":0,"OrderId":0,"StatDate":null,"EndDate":null,"DeviceType":null,"DeviceToken":null,"ClientEmails":null,"CCEmail":null}}]}

2016-12-28 11:09:35.8567|INFO|api.Helpers.NLogger|JSON
Method: POST
URL: http://192.168.1.119:9999/api/v1/employee/GetDashBoardMonthDayWiseServiceList
Controller : api.Controllers.EmployeeController
Action : GetDashBoardMonthDayWiseServiceList
Action Parameters : {"messageFormat":"JSON","messageArguments":[{"request":{"NotificationId":0,"EmployeeId":2,"SalesVisitRequestId":0,"Month":1,"Year":2017,"Day":4,"ServiceId":0,"ReportId":0,"UnitId":0,"Latitude":null,"Longitude":null,"SearchTerm":null,"PageId":0,"LastCallDateTime":null,"PageNumber":null,"pageSize":0,"OrderId":0,"StatDate":null,"EndDate":null,"DeviceType":null,"DeviceToken":null,"ClientEmails":null,"CCEmail":null}}]}

2016-12-28 11:09:44.6785|INFO|api.Helpers.NLogger|JSON
Method: POST
URL: http://192.168.1.119:9999/api/v1/employee/GetServiceDetails
Controller : api.Controllers.EmployeeController
Action : GetServiceDetails
Action Parameters : {"messageFormat":"JSON","messageArguments":[{"request":{"NotificationId":0,"EmployeeId":2,"SalesVisitRequestId":0,"Month":0,"Year":0,"Day":0,"ServiceId":236,"ReportId":0,"UnitId":0,"Latitude":null,"Longitude":null,"SearchTerm":null,"PageId":0,"LastCallDateTime":null,"PageNumber":null,"pageSize":0,"OrderId":0,"StatDate":null,"EndDate":null,"DeviceType":null,"DeviceToken":null,"ClientEmails":null,"CCEmail":null}}]}

2016-12-28 11:10:38.6527|INFO|api.Helpers.NLogger|JSON
Method: POST
URL: http://192.168.1.119:9999/api/v1/employee/GetDashBoardMonthWiseServiceCount
Controller : api.Controllers.EmployeeController
Action : GetDashBoardMonthWiseServiceCount
Action Parameters : {"messageFormat":"JSON","messageArguments":[{"request":{"NotificationId":0,"EmployeeId":2,"SalesVisitRequestId":0,"Month":12,"Year":2016,"Day":0,"ServiceId":0,"ReportId":0,"UnitId":0,"Latitude":null,"Longitude":null,"SearchTerm":null,"PageId":0,"LastCallDateTime":null,"PageNumber":null,"pageSize":0,"OrderId":0,"StatDate":null,"EndDate":null,"DeviceType":null,"DeviceToken":null,"ClientEmails":null,"CCEmail":null}}]}

2016-12-28 11:10:38.6527|INFO|api.Helpers.NLogger|JSON
Method: POST
URL: http://192.168.1.119:9999/api/v1/employee/GetDashBoardMonthDayWiseServiceList
Controller : api.Controllers.EmployeeController
Action : GetDashBoardMonthDayWiseServiceList
Action Parameters : {"messageFormat":"JSON","messageArguments":[{"request":{"NotificationId":0,"EmployeeId":2,"SalesVisitRequestId":0,"Month":12,"Year":2016,"Day":28,"ServiceId":0,"ReportId":0,"UnitId":0,"Latitude":null,"Longitude":null,"SearchTerm":null,"PageId":0,"LastCallDateTime":null,"PageNumber":null,"pageSize":0,"OrderId":0,"StatDate":null,"EndDate":null,"DeviceType":null,"DeviceToken":null,"ClientEmails":null,"CCEmail":null}}]}

2016-12-28 11:10:38.6527|INFO|api.Helpers.NLogger|JSON
Method: POST
URL: http://192.168.1.119:9999/api/v1/employee/GetDashBoardMonthWiseServiceCount
Controller : api.Controllers.EmployeeController
Action : GetDashBoardMonthWiseServiceCount
Action Parameters : {"messageFormat":"JSON","messageArguments":[{"request":{"NotificationId":0,"EmployeeId":2,"SalesVisitRequestId":0,"Month":1,"Year":2017,"Day":0,"ServiceId":0,"ReportId":0,"UnitId":0,"Latitude":null,"Longitude":null,"SearchTerm":null,"PageId":0,"LastCallDateTime":null,"PageNumber":null,"pageSize":0,"OrderId":0,"StatDate":null,"EndDate":null,"DeviceType":null,"DeviceToken":null,"ClientEmails":null,"CCEmail":null}}]}

2016-12-28 11:10:38.6527|INFO|api.Helpers.NLogger|JSON
Method: POST
URL: http://192.168.1.119:9999/api/v1/employee/UpdateEmployeeLocation
Controller : api.Controllers.EmployeeController
Action : UpdateEmployeeLocation
Action Parameters : {"messageFormat":"JSON","messageArguments":[{"request":{"NotificationId":0,"EmployeeId":2,"SalesVisitRequestId":0,"Month":0,"Year":0,"Day":0,"ServiceId":0,"ReportId":0,"UnitId":0,"Latitude":39.50184310,"Longitude":-119.77966500,"SearchTerm":null,"PageId":0,"LastCallDateTime":null,"PageNumber":null,"pageSize":0,"OrderId":0,"StatDate":null,"EndDate":null,"DeviceType":null,"DeviceToken":null,"ClientEmails":null,"CCEmail":null}}]}

2016-12-28 11:10:40.0130|INFO|api.Helpers.NLogger|JSON
Method: POST
URL: http://192.168.1.119:9999/api/v1/employee/GetDashBoardMonthWiseServiceCount
Controller : api.Controllers.EmployeeController
Action : GetDashBoardMonthWiseServiceCount
Action Parameters : {"messageFormat":"JSON","messageArguments":[{"request":{"NotificationId":0,"EmployeeId":2,"SalesVisitRequestId":0,"Month":2,"Year":2017,"Day":0,"ServiceId":0,"ReportId":0,"UnitId":0,"Latitude":null,"Longitude":null,"SearchTerm":null,"PageId":0,"LastCallDateTime":null,"PageNumber":null,"pageSize":0,"OrderId":0,"StatDate":null,"EndDate":null,"DeviceType":null,"DeviceToken":null,"ClientEmails":null,"CCEmail":null}}]}

2016-12-28 11:10:41.0071|INFO|api.Helpers.NLogger|JSON
Method: POST
URL: http://192.168.1.119:9999/api/v1/employee/GetDashBoardMonthDayWiseServiceList
Controller : api.Controllers.EmployeeController
Action : GetDashBoardMonthDayWiseServiceList
Action Parameters : {"messageFormat":"JSON","messageArguments":[{"request":{"NotificationId":0,"EmployeeId":2,"SalesVisitRequestId":0,"Month":1,"Year":2017,"Day":4,"ServiceId":0,"ReportId":0,"UnitId":0,"Latitude":null,"Longitude":null,"SearchTerm":null,"PageId":0,"LastCallDateTime":null,"PageNumber":null,"pageSize":0,"OrderId":0,"StatDate":null,"EndDate":null,"DeviceType":null,"DeviceToken":null,"ClientEmails":null,"CCEmail":null}}]}

2016-12-28 11:10:41.7829|INFO|api.Helpers.NLogger|JSON
Method: POST
URL: http://192.168.1.119:9999/api/v1/employee/GetServiceDetails
Controller : api.Controllers.EmployeeController
Action : GetServiceDetails
Action Parameters : {"messageFormat":"JSON","messageArguments":[{"request":{"NotificationId":0,"EmployeeId":2,"SalesVisitRequestId":0,"Month":0,"Year":0,"Day":0,"ServiceId":236,"ReportId":0,"UnitId":0,"Latitude":null,"Longitude":null,"SearchTerm":null,"PageId":0,"LastCallDateTime":null,"PageNumber":null,"pageSize":0,"OrderId":0,"StatDate":null,"EndDate":null,"DeviceType":null,"DeviceToken":null,"ClientEmails":null,"CCEmail":null}}]}

2016-12-28 11:11:14.7383|INFO|api.Helpers.NLogger|JSON
Method: POST
URL: http://192.168.1.119:9999/api/v1/employee/SubmitServiceReport
Controller : api.Controllers.EmployeeController
Action : SubmitServiceReport
Action Parameters : {"messageFormat":"JSON","messageArguments":[{"request":{"EmployeeId":2,"ServiceId":236,"ScheduleStartTime":"11:11 AM","ScheduleEndTime":"11:11 AM","IsWorkNotDone":false,"WorkPerformed":"One unit not done","Recommendationsforcustomer":"No recommendation","BillingType":null,"EmailToClient":["brett@gmail.com",""],"CCEmail":"","RequestedParts":[],"EmployeeNotes":"Notes","Units":[{"Id":16,"UnitName":null,"IsCompleted":true,"ServiceUnitParts":[{"PartId":4,"PartName":null,"Qty":1},{"PartId":5,"PartName":null,"Qty":1},{"PartId":3,"PartName":null,"Qty":10}]},{"Id":17,"UnitName":null,"IsCompleted":false,"ServiceUnitParts":[]}],"Images":null,"ClientId":null,"StartLatitude":39.50184310,"StartLongitude":-119.77966500,"EndLatitude":39.50184310,"EndLongitude":-119.77966500,"ClientEmails":null}}]}

2016-12-28 11:11:15.3457|INFO|api.Helpers.NLogger|JSON
Method: POST
URL: http://192.168.1.119:9999/api/v1/employee/SubmitServiceReportImage
Controller : api.Controllers.EmployeeController
Action : SubmitServiceReportImage
Action Parameters : {"messageFormat":"JSON","messageArguments":[{}]}

2016-12-28 11:11:26.5736|INFO|api.Helpers.NLogger|JSON
Method: POST
URL: http://192.168.1.119:9999/api/v1/employee/GetDashBoardMonthWiseServiceCount
Controller : api.Controllers.EmployeeController
Action : GetDashBoardMonthWiseServiceCount
Action Parameters : {"messageFormat":"JSON","messageArguments":[{"request":{"NotificationId":0,"EmployeeId":2,"SalesVisitRequestId":0,"Month":1,"Year":2017,"Day":0,"ServiceId":0,"ReportId":0,"UnitId":0,"Latitude":null,"Longitude":null,"SearchTerm":null,"PageId":0,"LastCallDateTime":null,"PageNumber":null,"pageSize":0,"OrderId":0,"StatDate":null,"EndDate":null,"DeviceType":null,"DeviceToken":null,"ClientEmails":null,"CCEmail":null}}]}

2016-12-28 11:11:26.5736|INFO|api.Helpers.NLogger|JSON
Method: POST
URL: http://192.168.1.119:9999/api/v1/employee/GetDashBoardMonthWiseServiceCount
Controller : api.Controllers.EmployeeController
Action : GetDashBoardMonthWiseServiceCount
Action Parameters : {"messageFormat":"JSON","messageArguments":[{"request":{"NotificationId":0,"EmployeeId":2,"SalesVisitRequestId":0,"Month":1,"Year":2017,"Day":0,"ServiceId":0,"ReportId":0,"UnitId":0,"Latitude":null,"Longitude":null,"SearchTerm":null,"PageId":0,"LastCallDateTime":null,"PageNumber":null,"pageSize":0,"OrderId":0,"StatDate":null,"EndDate":null,"DeviceType":null,"DeviceToken":null,"ClientEmails":null,"CCEmail":null}}]}

2016-12-28 11:11:26.5736|INFO|api.Helpers.NLogger|JSON
Method: POST
URL: http://192.168.1.119:9999/api/v1/employee/GetDashBoardMonthDayWiseServiceList
Controller : api.Controllers.EmployeeController
Action : GetDashBoardMonthDayWiseServiceList
Action Parameters : {"messageFormat":"JSON","messageArguments":[{"request":{"NotificationId":0,"EmployeeId":2,"SalesVisitRequestId":0,"Month":12,"Year":2016,"Day":28,"ServiceId":0,"ReportId":0,"UnitId":0,"Latitude":null,"Longitude":null,"SearchTerm":null,"PageId":0,"LastCallDateTime":null,"PageNumber":null,"pageSize":0,"OrderId":0,"StatDate":null,"EndDate":null,"DeviceType":null,"DeviceToken":null,"ClientEmails":null,"CCEmail":null}}]}

2016-12-28 11:11:26.5736|INFO|api.Helpers.NLogger|JSON
Method: POST
URL: http://192.168.1.119:9999/api/v1/employee/GetDashBoardMonthWiseServiceCount
Controller : api.Controllers.EmployeeController
Action : GetDashBoardMonthWiseServiceCount
Action Parameters : {"messageFormat":"JSON","messageArguments":[{"request":{"NotificationId":0,"EmployeeId":2,"SalesVisitRequestId":0,"Month":12,"Year":2016,"Day":0,"ServiceId":0,"ReportId":0,"UnitId":0,"Latitude":null,"Longitude":null,"SearchTerm":null,"PageId":0,"LastCallDateTime":null,"PageNumber":null,"pageSize":0,"OrderId":0,"StatDate":null,"EndDate":null,"DeviceType":null,"DeviceToken":null,"ClientEmails":null,"CCEmail":null}}]}

2016-12-28 11:11:28.6599|INFO|api.Helpers.NLogger|JSON
Method: POST
URL: http://192.168.1.119:9999/api/v1/employee/GetDashBoardMonthWiseServiceCount
Controller : api.Controllers.EmployeeController
Action : GetDashBoardMonthWiseServiceCount
Action Parameters : {"messageFormat":"JSON","messageArguments":[{"request":{"NotificationId":0,"EmployeeId":2,"SalesVisitRequestId":0,"Month":2,"Year":2017,"Day":0,"ServiceId":0,"ReportId":0,"UnitId":0,"Latitude":null,"Longitude":null,"SearchTerm":null,"PageId":0,"LastCallDateTime":null,"PageNumber":null,"pageSize":0,"OrderId":0,"StatDate":null,"EndDate":null,"DeviceType":null,"DeviceToken":null,"ClientEmails":null,"CCEmail":null}}]}

2016-12-28 11:11:40.3669|INFO|api.Helpers.NLogger|JSON
Method: POST
URL: http://192.168.1.119:9999/api/v1/employee/GetDashBoardMonthWiseServiceCount
Controller : api.Controllers.EmployeeController
Action : GetDashBoardMonthWiseServiceCount
Action Parameters : {"messageFormat":"JSON","messageArguments":[{"request":{"NotificationId":0,"EmployeeId":2,"SalesVisitRequestId":0,"Month":12,"Year":2016,"Day":0,"ServiceId":0,"ReportId":0,"UnitId":0,"Latitude":null,"Longitude":null,"SearchTerm":null,"PageId":0,"LastCallDateTime":null,"PageNumber":null,"pageSize":0,"OrderId":0,"StatDate":null,"EndDate":null,"DeviceType":null,"DeviceToken":null,"ClientEmails":null,"CCEmail":null}}]}

2016-12-28 11:11:40.3669|INFO|api.Helpers.NLogger|JSON
Method: POST
URL: http://192.168.1.119:9999/api/v1/employee/GetDashBoardMonthDayWiseServiceList
Controller : api.Controllers.EmployeeController
Action : GetDashBoardMonthDayWiseServiceList
Action Parameters : {"messageFormat":"JSON","messageArguments":[{"request":{"NotificationId":0,"EmployeeId":2,"SalesVisitRequestId":0,"Month":12,"Year":2016,"Day":28,"ServiceId":0,"ReportId":0,"UnitId":0,"Latitude":null,"Longitude":null,"SearchTerm":null,"PageId":0,"LastCallDateTime":null,"PageNumber":null,"pageSize":0,"OrderId":0,"StatDate":null,"EndDate":null,"DeviceType":null,"DeviceToken":null,"ClientEmails":null,"CCEmail":null}}]}

2016-12-28 11:11:40.3669|INFO|api.Helpers.NLogger|JSON
Method: POST
URL: http://192.168.1.119:9999/api/v1/employee/GetDashBoardMonthWiseServiceCount
Controller : api.Controllers.EmployeeController
Action : GetDashBoardMonthWiseServiceCount
Action Parameters : {"messageFormat":"JSON","messageArguments":[{"request":{"NotificationId":0,"EmployeeId":2,"SalesVisitRequestId":0,"Month":1,"Year":2017,"Day":0,"ServiceId":0,"ReportId":0,"UnitId":0,"Latitude":null,"Longitude":null,"SearchTerm":null,"PageId":0,"LastCallDateTime":null,"PageNumber":null,"pageSize":0,"OrderId":0,"StatDate":null,"EndDate":null,"DeviceType":null,"DeviceToken":null,"ClientEmails":null,"CCEmail":null}}]}

2016-12-28 11:11:43.1246|INFO|api.Helpers.NLogger|JSON
Method: POST
URL: http://192.168.1.119:9999/api/v1/employee/GetAllCompletedReports
Controller : api.Controllers.EmployeeController
Action : GetAllCompletedReports
Action Parameters : {"messageFormat":"JSON","messageArguments":[{"emp":{"NotificationId":0,"EmployeeId":2,"SalesVisitRequestId":0,"Month":0,"Year":0,"Day":0,"ServiceId":0,"ReportId":0,"UnitId":0,"Latitude":null,"Longitude":null,"SearchTerm":"","PageId":0,"LastCallDateTime":null,"PageNumber":1,"pageSize":0,"OrderId":0,"StatDate":null,"EndDate":null,"DeviceType":null,"DeviceToken":null,"ClientEmails":null,"CCEmail":null}}]}

2016-12-28 11:11:43.9659|INFO|api.Helpers.NLogger|JSON
Method: POST
URL: http://192.168.1.119:9999/api/v1/employee/CompletedReportsDetail
Controller : api.Controllers.EmployeeController
Action : CompletedReportsDetail
Action Parameters : {"messageFormat":"JSON","messageArguments":[{"request":{"NotificationId":0,"EmployeeId":2,"SalesVisitRequestId":0,"Month":0,"Year":0,"Day":0,"ServiceId":0,"ReportId":55,"UnitId":0,"Latitude":null,"Longitude":null,"SearchTerm":null,"PageId":0,"LastCallDateTime":null,"PageNumber":null,"pageSize":0,"OrderId":0,"StatDate":null,"EndDate":null,"DeviceType":null,"DeviceToken":null,"ClientEmails":null,"CCEmail":null}}]}

2016-12-28 11:11:45.7695|INFO|api.Helpers.NLogger|JSON
Method: POST
URL: http://192.168.1.119:9999/api/v1/employee/GetServiceUnitDetails
Controller : api.Controllers.EmployeeController
Action : GetServiceUnitDetails
Action Parameters : {"messageFormat":"JSON","messageArguments":[{"request":{"NotificationId":0,"EmployeeId":2,"SalesVisitRequestId":0,"Month":0,"Year":0,"Day":0,"ServiceId":0,"ReportId":0,"UnitId":16,"Latitude":null,"Longitude":null,"SearchTerm":null,"PageId":0,"LastCallDateTime":null,"PageNumber":null,"pageSize":0,"OrderId":0,"StatDate":null,"EndDate":null,"DeviceType":null,"DeviceToken":null,"ClientEmails":null,"CCEmail":null}}]}

2016-12-28 11:11:53.6825|INFO|api.Helpers.NLogger|JSON
Method: POST
URL: http://192.168.1.119:9999/api/v1/employee/GetOrderList
Controller : api.Controllers.EmployeeController
Action : GetOrderList
Action Parameters : {"messageFormat":"JSON","messageArguments":[{"emp":{"NotificationId":0,"EmployeeId":2,"SalesVisitRequestId":0,"Month":0,"Year":0,"Day":0,"ServiceId":0,"ReportId":0,"UnitId":0,"Latitude":null,"Longitude":null,"SearchTerm":null,"PageId":0,"LastCallDateTime":null,"PageNumber":null,"pageSize":0,"OrderId":0,"StatDate":null,"EndDate":null,"DeviceType":null,"DeviceToken":null,"ClientEmails":null,"CCEmail":null}}]}

2016-12-28 12:48:14.1714|INFO|api.Helpers.NLogger|JSON
Method: POST
URL: http://192.168.1.119:9999/api/v1/employee/login
Controller : api.Controllers.EmployeeController
Action : Login
Action Parameters : {"messageFormat":"JSON","messageArguments":[{"model":{"Email":"testing.garib@gmail.com","Password":"7f2765757d527eaeeb14fb706039bac7","DeviceType":"iPhone","DeviceToken":"","Latitude":39.50184310,"Longitude":-119.77966500}}]}

2016-12-28 12:48:19.9027|INFO|api.Helpers.NLogger|JSON
Method: POST
URL: http://192.168.1.119:9999/api/v1/employee/GetDashBoardMonthDayWiseServiceList
Controller : api.Controllers.EmployeeController
Action : GetDashBoardMonthDayWiseServiceList
Action Parameters : {"messageFormat":"JSON","messageArguments":[{"request":{"NotificationId":0,"EmployeeId":2,"SalesVisitRequestId":0,"Month":12,"Year":2016,"Day":28,"ServiceId":0,"ReportId":0,"UnitId":0,"Latitude":null,"Longitude":null,"SearchTerm":null,"PageId":0,"LastCallDateTime":null,"PageNumber":null,"pageSize":0,"OrderId":0,"StatDate":null,"EndDate":null,"DeviceType":null,"DeviceToken":null,"ClientEmails":null,"CCEmail":null}}]}

2016-12-28 12:48:19.9027|INFO|api.Helpers.NLogger|JSON
Method: POST
URL: http://192.168.1.119:9999/api/v1/employee/GetDashBoardMonthWiseServiceCount
Controller : api.Controllers.EmployeeController
Action : GetDashBoardMonthWiseServiceCount
Action Parameters : {"messageFormat":"JSON","messageArguments":[{"request":{"NotificationId":0,"EmployeeId":2,"SalesVisitRequestId":0,"Month":12,"Year":2016,"Day":0,"ServiceId":0,"ReportId":0,"UnitId":0,"Latitude":null,"Longitude":null,"SearchTerm":null,"PageId":0,"LastCallDateTime":null,"PageNumber":null,"pageSize":0,"OrderId":0,"StatDate":null,"EndDate":null,"DeviceType":null,"DeviceToken":null,"ClientEmails":null,"CCEmail":null}}]}

2016-12-28 12:48:19.9027|INFO|api.Helpers.NLogger|JSON
Method: POST
URL: http://192.168.1.119:9999/api/v1/employee/GetDashBoardMonthWiseServiceCount
Controller : api.Controllers.EmployeeController
Action : GetDashBoardMonthWiseServiceCount
Action Parameters : {"messageFormat":"JSON","messageArguments":[{"request":{"NotificationId":0,"EmployeeId":2,"SalesVisitRequestId":0,"Month":1,"Year":2017,"Day":0,"ServiceId":0,"ReportId":0,"UnitId":0,"Latitude":null,"Longitude":null,"SearchTerm":null,"PageId":0,"LastCallDateTime":null,"PageNumber":null,"pageSize":0,"OrderId":0,"StatDate":null,"EndDate":null,"DeviceType":null,"DeviceToken":null,"ClientEmails":null,"CCEmail":null}}]}

2016-12-28 12:48:20.2764|INFO|api.Helpers.NLogger|JSON
Method: POST
URL: http://192.168.1.119:9999/api/v1/employee/GetDashBoardMonthWiseServiceCount
Controller : api.Controllers.EmployeeController
Action : GetDashBoardMonthWiseServiceCount
Action Parameters : {"messageFormat":"JSON","messageArguments":[{"request":{"NotificationId":0,"EmployeeId":2,"SalesVisitRequestId":0,"Month":2,"Year":2017,"Day":0,"ServiceId":0,"ReportId":0,"UnitId":0,"Latitude":null,"Longitude":null,"SearchTerm":null,"PageId":0,"LastCallDateTime":null,"PageNumber":null,"pageSize":0,"OrderId":0,"StatDate":null,"EndDate":null,"DeviceType":null,"DeviceToken":null,"ClientEmails":null,"CCEmail":null}}]}

2016-12-28 12:48:25.0473|INFO|api.Helpers.NLogger|JSON
Method: POST
URL: http://192.168.1.119:9999/api/v1/employee/GetDashBoardMonthWiseServiceCount
Controller : api.Controllers.EmployeeController
Action : GetDashBoardMonthWiseServiceCount
Action Parameters : {"messageFormat":"JSON","messageArguments":[{"request":{"NotificationId":0,"EmployeeId":2,"SalesVisitRequestId":0,"Month":1,"Year":2017,"Day":0,"ServiceId":0,"ReportId":0,"UnitId":0,"Latitude":null,"Longitude":null,"SearchTerm":null,"PageId":0,"LastCallDateTime":null,"PageNumber":null,"pageSize":0,"OrderId":0,"StatDate":null,"EndDate":null,"DeviceType":null,"DeviceToken":null,"ClientEmails":null,"CCEmail":null}}]}

2016-12-28 12:48:25.0673|INFO|api.Helpers.NLogger|JSON
Method: POST
URL: http://192.168.1.119:9999/api/v1/employee/GetDashBoardMonthDayWiseServiceList
Controller : api.Controllers.EmployeeController
Action : GetDashBoardMonthDayWiseServiceList
Action Parameters : {"messageFormat":"JSON","messageArguments":[{"request":{"NotificationId":0,"EmployeeId":2,"SalesVisitRequestId":0,"Month":12,"Year":2016,"Day":28,"ServiceId":0,"ReportId":0,"UnitId":0,"Latitude":null,"Longitude":null,"SearchTerm":null,"PageId":0,"LastCallDateTime":null,"PageNumber":null,"pageSize":0,"OrderId":0,"StatDate":null,"EndDate":null,"DeviceType":null,"DeviceToken":null,"ClientEmails":null,"CCEmail":null}}]}

2016-12-28 12:48:25.0543|INFO|api.Helpers.NLogger|JSON
Method: POST
URL: http://192.168.1.119:9999/api/v1/employee/GetDashBoardMonthWiseServiceCount
Controller : api.Controllers.EmployeeController
Action : GetDashBoardMonthWiseServiceCount
Action Parameters : {"messageFormat":"JSON","messageArguments":[{"request":{"NotificationId":0,"EmployeeId":2,"SalesVisitRequestId":0,"Month":12,"Year":2016,"Day":0,"ServiceId":0,"ReportId":0,"UnitId":0,"Latitude":null,"Longitude":null,"SearchTerm":null,"PageId":0,"LastCallDateTime":null,"PageNumber":null,"pageSize":0,"OrderId":0,"StatDate":null,"EndDate":null,"DeviceType":null,"DeviceToken":null,"ClientEmails":null,"CCEmail":null}}]}

2016-12-28 12:48:26.7806|INFO|api.Helpers.NLogger|JSON
Method: POST
URL: http://192.168.1.119:9999/api/v1/employee/GetDashBoardMonthWiseServiceCount
Controller : api.Controllers.EmployeeController
Action : GetDashBoardMonthWiseServiceCount
Action Parameters : {"messageFormat":"JSON","messageArguments":[{"request":{"NotificationId":0,"EmployeeId":2,"SalesVisitRequestId":0,"Month":2,"Year":2017,"Day":0,"ServiceId":0,"ReportId":0,"UnitId":0,"Latitude":null,"Longitude":null,"SearchTerm":null,"PageId":0,"LastCallDateTime":null,"PageNumber":null,"pageSize":0,"OrderId":0,"StatDate":null,"EndDate":null,"DeviceType":null,"DeviceToken":null,"ClientEmails":null,"CCEmail":null}}]}

2016-12-28 12:48:27.8103|INFO|api.Helpers.NLogger|JSON
Method: POST
URL: http://192.168.1.119:9999/api/v1/employee/GetDashBoardMonthDayWiseServiceList
Controller : api.Controllers.EmployeeController
Action : GetDashBoardMonthDayWiseServiceList
Action Parameters : {"messageFormat":"JSON","messageArguments":[{"request":{"NotificationId":0,"EmployeeId":2,"SalesVisitRequestId":0,"Month":1,"Year":2017,"Day":5,"ServiceId":0,"ReportId":0,"UnitId":0,"Latitude":null,"Longitude":null,"SearchTerm":null,"PageId":0,"LastCallDateTime":null,"PageNumber":null,"pageSize":0,"OrderId":0,"StatDate":null,"EndDate":null,"DeviceType":null,"DeviceToken":null,"ClientEmails":null,"CCEmail":null}}]}

2016-12-28 12:48:34.7050|INFO|api.Helpers.NLogger|JSON
Method: POST
URL: http://192.168.1.119:9999/api/v1/employee/GetServiceDetails
Controller : api.Controllers.EmployeeController
Action : GetServiceDetails
Action Parameters : {"messageFormat":"JSON","messageArguments":[{"request":{"NotificationId":0,"EmployeeId":2,"SalesVisitRequestId":0,"Month":0,"Year":0,"Day":0,"ServiceId":173,"ReportId":0,"UnitId":0,"Latitude":null,"Longitude":null,"SearchTerm":null,"PageId":0,"LastCallDateTime":null,"PageNumber":null,"pageSize":0,"OrderId":0,"StatDate":null,"EndDate":null,"DeviceType":null,"DeviceToken":null,"ClientEmails":null,"CCEmail":null}}]}

2016-12-28 12:50:35.4899|INFO|api.Helpers.NLogger|JSON
Method: POST
URL: http://192.168.1.119:9999/api/v1/employee/SubmitServiceReport
Controller : api.Controllers.EmployeeController
Action : SubmitServiceReport
Action Parameters : {"messageFormat":"JSON","messageArguments":[{"request":{"EmployeeId":2,"ServiceId":173,"ScheduleStartTime":"12:49 PM","ScheduleEndTime":"12:50 PM","IsWorkNotDone":false,"WorkPerformed":"Dogfight","Recommendationsforcustomer":"Fight thigh","BillingType":null,"EmailToClient":["testing.chaman@gmail.com",""],"CCEmail":"","RequestedParts":[],"EmployeeNotes":"Dogfight hi fight thing high","Units":[{"Id":1,"UnitName":null,"IsCompleted":true,"ServiceUnitParts":[{"PartId":3,"PartName":null,"Qty":10},{"PartId":4,"PartName":null,"Qty":1},{"PartId":5,"PartName":null,"Qty":1},{"PartId":6,"PartName":null,"Qty":1}]}],"Images":null,"ClientId":null,"StartLatitude":39.50184310,"StartLongitude":-119.77966500,"EndLatitude":39.50184310,"EndLongitude":-119.77966500,"ClientEmails":null}}]}

2016-12-28 12:51:08.3908|INFO|api.Helpers.NLogger|JSON
Method: POST
URL: http://192.168.1.119:9999/api/v1/employee/SubmitServiceReportImage
Controller : api.Controllers.EmployeeController
Action : SubmitServiceReportImage
Action Parameters : {"messageFormat":"JSON","messageArguments":[{}]}

2016-12-28 13:13:41.0817|INFO|api.Helpers.NLogger|JSON
Method: POST
URL: http://192.168.1.119:9999/api/v1/employee/UpdateEmployeeLocation
Controller : api.Controllers.EmployeeController
Action : UpdateEmployeeLocation
Action Parameters : {"messageFormat":"JSON","messageArguments":[{"request":{"NotificationId":0,"EmployeeId":2,"SalesVisitRequestId":0,"Month":0,"Year":0,"Day":0,"ServiceId":0,"ReportId":0,"UnitId":0,"Latitude":39.50184310,"Longitude":-119.77966500,"SearchTerm":null,"PageId":0,"LastCallDateTime":null,"PageNumber":null,"pageSize":0,"OrderId":0,"StatDate":null,"EndDate":null,"DeviceType":null,"DeviceToken":null,"ClientEmails":null,"CCEmail":null}}]}

2016-12-28 13:13:41.0817|INFO|api.Helpers.NLogger|JSON
Method: POST
URL: http://192.168.1.119:9999/api/v1/employee/GetDashBoardMonthDayWiseServiceList
Controller : api.Controllers.EmployeeController
Action : GetDashBoardMonthDayWiseServiceList
Action Parameters : {"messageFormat":"JSON","messageArguments":[{"request":{"NotificationId":0,"EmployeeId":2,"SalesVisitRequestId":0,"Month":12,"Year":2016,"Day":28,"ServiceId":0,"ReportId":0,"UnitId":0,"Latitude":null,"Longitude":null,"SearchTerm":null,"PageId":0,"LastCallDateTime":null,"PageNumber":null,"pageSize":0,"OrderId":0,"StatDate":null,"EndDate":null,"DeviceType":null,"DeviceToken":null,"ClientEmails":null,"CCEmail":null}}]}

2016-12-28 13:13:44.4134|INFO|api.Helpers.NLogger|JSON
Method: POST
URL: http://192.168.1.119:9999/api/v1/employee/GetDashBoardMonthWiseServiceCount
Controller : api.Controllers.EmployeeController
Action : GetDashBoardMonthWiseServiceCount
Action Parameters : {"messageFormat":"JSON","messageArguments":[{"request":{"NotificationId":0,"EmployeeId":2,"SalesVisitRequestId":0,"Month":12,"Year":2016,"Day":0,"ServiceId":0,"ReportId":0,"UnitId":0,"Latitude":null,"Longitude":null,"SearchTerm":null,"PageId":0,"LastCallDateTime":null,"PageNumber":null,"pageSize":0,"OrderId":0,"StatDate":null,"EndDate":null,"DeviceType":null,"DeviceToken":null,"ClientEmails":null,"CCEmail":null}}]}

2016-12-28 13:13:44.4134|INFO|api.Helpers.NLogger|JSON
Method: POST
URL: http://192.168.1.119:9999/api/v1/employee/GetDashBoardMonthWiseServiceCount
Controller : api.Controllers.EmployeeController
Action : GetDashBoardMonthWiseServiceCount
Action Parameters : {"messageFormat":"JSON","messageArguments":[{"request":{"NotificationId":0,"EmployeeId":2,"SalesVisitRequestId":0,"Month":1,"Year":2017,"Day":0,"ServiceId":0,"ReportId":0,"UnitId":0,"Latitude":null,"Longitude":null,"SearchTerm":null,"PageId":0,"LastCallDateTime":null,"PageNumber":null,"pageSize":0,"OrderId":0,"StatDate":null,"EndDate":null,"DeviceType":null,"DeviceToken":null,"ClientEmails":null,"CCEmail":null}}]}

2016-12-28 13:13:45.2116|INFO|api.Helpers.NLogger|JSON
Method: POST
URL: http://192.168.1.119:9999/api/v1/employee/GetDashBoardMonthWiseServiceCount
Controller : api.Controllers.EmployeeController
Action : GetDashBoardMonthWiseServiceCount
Action Parameters : {"messageFormat":"JSON","messageArguments":[{"request":{"NotificationId":0,"EmployeeId":2,"SalesVisitRequestId":0,"Month":2,"Year":2017,"Day":0,"ServiceId":0,"ReportId":0,"UnitId":0,"Latitude":null,"Longitude":null,"SearchTerm":null,"PageId":0,"LastCallDateTime":null,"PageNumber":null,"pageSize":0,"OrderId":0,"StatDate":null,"EndDate":null,"DeviceType":null,"DeviceToken":null,"ClientEmails":null,"CCEmail":null}}]}

2016-12-28 13:13:45.5108|INFO|api.Helpers.NLogger|JSON
Method: POST
URL: http://192.168.1.119:9999/api/v1/employee/GetDashBoardMonthWiseServiceCount
Controller : api.Controllers.EmployeeController
Action : GetDashBoardMonthWiseServiceCount
Action Parameters : {"messageFormat":"JSON","messageArguments":[{"request":{"NotificationId":0,"EmployeeId":2,"SalesVisitRequestId":0,"Month":2,"Year":2017,"Day":0,"ServiceId":0,"ReportId":0,"UnitId":0,"Latitude":null,"Longitude":null,"SearchTerm":null,"PageId":0,"LastCallDateTime":null,"PageNumber":null,"pageSize":0,"OrderId":0,"StatDate":null,"EndDate":null,"DeviceType":null,"DeviceToken":null,"ClientEmails":null,"CCEmail":null}}]}

2016-12-28 13:13:46.1090|INFO|api.Helpers.NLogger|JSON
Method: POST
URL: http://192.168.1.119:9999/api/v1/employee/NotificationList
Controller : api.Controllers.NewEmployeeController
Action : NotificationList
Action Parameters : {"messageFormat":"JSON","messageArguments":[{"request":{"NotificationId":0,"EmployeeId":2,"SalesVisitRequestId":0,"Month":0,"Year":0,"Day":0,"ServiceId":0,"ReportId":0,"UnitId":0,"Latitude":null,"Longitude":null,"SearchTerm":null,"PageId":0,"LastCallDateTime":null,"PageNumber":1,"pageSize":0,"OrderId":0,"StatDate":null,"EndDate":null,"DeviceType":null,"DeviceToken":null,"ClientEmails":null,"CCEmail":null}}]}

2016-12-28 13:13:46.2756|INFO|api.Helpers.NLogger|JSON
Method: POST
URL: http://192.168.1.119:9999/api/v1/employee/GetDashBoardMonthWiseServiceCount
Controller : api.Controllers.EmployeeController
Action : GetDashBoardMonthWiseServiceCount
Action Parameters : {"messageFormat":"JSON","messageArguments":[{"request":{"NotificationId":0,"EmployeeId":2,"SalesVisitRequestId":0,"Month":2,"Year":2017,"Day":0,"ServiceId":0,"ReportId":0,"UnitId":0,"Latitude":null,"Longitude":null,"SearchTerm":null,"PageId":0,"LastCallDateTime":null,"PageNumber":null,"pageSize":0,"OrderId":0,"StatDate":null,"EndDate":null,"DeviceType":null,"DeviceToken":null,"ClientEmails":null,"CCEmail":null}}]}

2016-12-28 13:13:49.9447|INFO|api.Helpers.NLogger|JSON
Method: POST
URL: http://192.168.1.119:9999/api/v1/employee/GetServiceDetails
Controller : api.Controllers.EmployeeController
Action : GetServiceDetails
Action Parameters : {"messageFormat":"JSON","messageArguments":[{"request":{"NotificationId":487,"EmployeeId":2,"SalesVisitRequestId":0,"Month":0,"Year":0,"Day":0,"ServiceId":128,"ReportId":0,"UnitId":0,"Latitude":null,"Longitude":null,"SearchTerm":null,"PageId":0,"LastCallDateTime":null,"PageNumber":null,"pageSize":0,"OrderId":0,"StatDate":null,"EndDate":null,"DeviceType":null,"DeviceToken":null,"ClientEmails":null,"CCEmail":null}}]}

2016-12-28 13:13:52.2855|INFO|api.Helpers.NLogger|JSON
Method: POST
URL: http://192.168.1.119:9999/api/v1/employee/NotificationList
Controller : api.Controllers.NewEmployeeController
Action : NotificationList
Action Parameters : {"messageFormat":"JSON","messageArguments":[{"request":{"NotificationId":0,"EmployeeId":2,"SalesVisitRequestId":0,"Month":0,"Year":0,"Day":0,"ServiceId":0,"ReportId":0,"UnitId":0,"Latitude":null,"Longitude":null,"SearchTerm":null,"PageId":0,"LastCallDateTime":null,"PageNumber":1,"pageSize":0,"OrderId":0,"StatDate":null,"EndDate":null,"DeviceType":null,"DeviceToken":null,"ClientEmails":null,"CCEmail":null}}]}

2016-12-28 13:13:55.1482|INFO|api.Helpers.NLogger|JSON
Method: POST
URL: http://192.168.1.119:9999/api/v1/employee/GetDashBoardMonthDayWiseServiceList
Controller : api.Controllers.EmployeeController
Action : GetDashBoardMonthDayWiseServiceList
Action Parameters : {"messageFormat":"JSON","messageArguments":[{"request":{"NotificationId":0,"EmployeeId":2,"SalesVisitRequestId":0,"Month":12,"Year":2016,"Day":28,"ServiceId":0,"ReportId":0,"UnitId":0,"Latitude":null,"Longitude":null,"SearchTerm":null,"PageId":0,"LastCallDateTime":null,"PageNumber":null,"pageSize":0,"OrderId":0,"StatDate":null,"EndDate":null,"DeviceType":null,"DeviceToken":null,"ClientEmails":null,"CCEmail":null}}]}

2016-12-28 13:13:55.1853|INFO|api.Helpers.NLogger|JSON
Method: POST
URL: http://192.168.1.119:9999/api/v1/employee/GetDashBoardMonthWiseServiceCount
Controller : api.Controllers.EmployeeController
Action : GetDashBoardMonthWiseServiceCount
Action Parameters : {"messageFormat":"JSON","messageArguments":[{"request":{"NotificationId":0,"EmployeeId":2,"SalesVisitRequestId":0,"Month":1,"Year":2017,"Day":0,"ServiceId":0,"ReportId":0,"UnitId":0,"Latitude":null,"Longitude":null,"SearchTerm":null,"PageId":0,"LastCallDateTime":null,"PageNumber":null,"pageSize":0,"OrderId":0,"StatDate":null,"EndDate":null,"DeviceType":null,"DeviceToken":null,"ClientEmails":null,"CCEmail":null}}]}

2016-12-28 13:13:55.2172|INFO|api.Helpers.NLogger|JSON
Method: POST
URL: http://192.168.1.119:9999/api/v1/employee/GetDashBoardMonthWiseServiceCount
Controller : api.Controllers.EmployeeController
Action : GetDashBoardMonthWiseServiceCount
Action Parameters : {"messageFormat":"JSON","messageArguments":[{"request":{"NotificationId":0,"EmployeeId":2,"SalesVisitRequestId":0,"Month":12,"Year":2016,"Day":0,"ServiceId":0,"ReportId":0,"UnitId":0,"Latitude":null,"Longitude":null,"SearchTerm":null,"PageId":0,"LastCallDateTime":null,"PageNumber":null,"pageSize":0,"OrderId":0,"StatDate":null,"EndDate":null,"DeviceType":null,"DeviceToken":null,"ClientEmails":null,"CCEmail":null}}]}

2016-12-28 13:13:55.1482|INFO|api.Helpers.NLogger|JSON
Method: POST
URL: http://192.168.1.119:9999/api/v1/employee/GetDashBoardMonthWiseServiceCount
Controller : api.Controllers.EmployeeController
Action : GetDashBoardMonthWiseServiceCount
Action Parameters : {"messageFormat":"JSON","messageArguments":[{"request":{"NotificationId":0,"EmployeeId":2,"SalesVisitRequestId":0,"Month":1,"Year":2017,"Day":0,"ServiceId":0,"ReportId":0,"UnitId":0,"Latitude":null,"Longitude":null,"SearchTerm":null,"PageId":0,"LastCallDateTime":null,"PageNumber":null,"pageSize":0,"OrderId":0,"StatDate":null,"EndDate":null,"DeviceType":null,"DeviceToken":null,"ClientEmails":null,"CCEmail":null}}]}

2016-12-28 13:13:58.6594|INFO|api.Helpers.NLogger|JSON
Method: POST
URL: http://192.168.1.119:9999/api/v1/employee/GetDashBoardMonthWiseServiceCount
Controller : api.Controllers.EmployeeController
Action : GetDashBoardMonthWiseServiceCount
Action Parameters : {"messageFormat":"JSON","messageArguments":[{"request":{"NotificationId":0,"EmployeeId":2,"SalesVisitRequestId":0,"Month":12,"Year":2016,"Day":0,"ServiceId":0,"ReportId":0,"UnitId":0,"Latitude":null,"Longitude":null,"SearchTerm":null,"PageId":0,"LastCallDateTime":null,"PageNumber":null,"pageSize":0,"OrderId":0,"StatDate":null,"EndDate":null,"DeviceType":null,"DeviceToken":null,"ClientEmails":null,"CCEmail":null}}]}

2016-12-28 13:13:58.7523|INFO|api.Helpers.NLogger|JSON
Method: POST
URL: http://192.168.1.119:9999/api/v1/employee/GetDashBoardMonthWiseServiceCount
Controller : api.Controllers.EmployeeController
Action : GetDashBoardMonthWiseServiceCount
Action Parameters : {"messageFormat":"JSON","messageArguments":[{"request":{"NotificationId":0,"EmployeeId":2,"SalesVisitRequestId":0,"Month":1,"Year":2017,"Day":0,"ServiceId":0,"ReportId":0,"UnitId":0,"Latitude":null,"Longitude":null,"SearchTerm":null,"PageId":0,"LastCallDateTime":null,"PageNumber":null,"pageSize":0,"OrderId":0,"StatDate":null,"EndDate":null,"DeviceType":null,"DeviceToken":null,"ClientEmails":null,"CCEmail":null}}]}

2016-12-28 13:13:58.7643|INFO|api.Helpers.NLogger|JSON
Method: POST
URL: http://192.168.1.119:9999/api/v1/employee/GetDashBoardMonthDayWiseServiceList
Controller : api.Controllers.EmployeeController
Action : GetDashBoardMonthDayWiseServiceList
Action Parameters : {"messageFormat":"JSON","messageArguments":[{"request":{"NotificationId":0,"EmployeeId":2,"SalesVisitRequestId":0,"Month":12,"Year":2016,"Day":28,"ServiceId":0,"ReportId":0,"UnitId":0,"Latitude":null,"Longitude":null,"SearchTerm":null,"PageId":0,"LastCallDateTime":null,"PageNumber":null,"pageSize":0,"OrderId":0,"StatDate":null,"EndDate":null,"DeviceType":null,"DeviceToken":null,"ClientEmails":null,"CCEmail":null}}]}

2016-12-28 13:14:00.4818|INFO|api.Helpers.NLogger|JSON
Method: POST
URL: http://192.168.1.119:9999/api/v1/employee/GetDashBoardMonthWiseServiceCount
Controller : api.Controllers.EmployeeController
Action : GetDashBoardMonthWiseServiceCount
Action Parameters : {"messageFormat":"JSON","messageArguments":[{"request":{"NotificationId":0,"EmployeeId":2,"SalesVisitRequestId":0,"Month":2,"Year":2017,"Day":0,"ServiceId":0,"ReportId":0,"UnitId":0,"Latitude":null,"Longitude":null,"SearchTerm":null,"PageId":0,"LastCallDateTime":null,"PageNumber":null,"pageSize":0,"OrderId":0,"StatDate":null,"EndDate":null,"DeviceType":null,"DeviceToken":null,"ClientEmails":null,"CCEmail":null}}]}

2016-12-28 13:14:04.0696|INFO|api.Helpers.NLogger|JSON
Method: POST
URL: http://192.168.1.119:9999/api/v1/employee/GetDashBoardMonthDayWiseServiceList
Controller : api.Controllers.EmployeeController
Action : GetDashBoardMonthDayWiseServiceList
Action Parameters : {"messageFormat":"JSON","messageArguments":[{"request":{"NotificationId":0,"EmployeeId":2,"SalesVisitRequestId":0,"Month":1,"Year":2017,"Day":10,"ServiceId":0,"ReportId":0,"UnitId":0,"Latitude":null,"Longitude":null,"SearchTerm":null,"PageId":0,"LastCallDateTime":null,"PageNumber":null,"pageSize":0,"OrderId":0,"StatDate":null,"EndDate":null,"DeviceType":null,"DeviceToken":null,"ClientEmails":null,"CCEmail":null}}]}

2016-12-28 13:14:06.0941|INFO|api.Helpers.NLogger|JSON
Method: POST
URL: http://192.168.1.119:9999/api/v1/employee/GetServiceDetails
Controller : api.Controllers.EmployeeController
Action : GetServiceDetails
Action Parameters : {"messageFormat":"JSON","messageArguments":[{"request":{"NotificationId":0,"EmployeeId":2,"SalesVisitRequestId":0,"Month":0,"Year":0,"Day":0,"ServiceId":130,"ReportId":0,"UnitId":0,"Latitude":null,"Longitude":null,"SearchTerm":null,"PageId":0,"LastCallDateTime":null,"PageNumber":null,"pageSize":0,"OrderId":0,"StatDate":null,"EndDate":null,"DeviceType":null,"DeviceToken":null,"ClientEmails":null,"CCEmail":null}}]}

2016-12-28 13:14:57.5250|INFO|api.Helpers.NLogger|JSON
Method: POST
URL: http://192.168.1.119:9999/api/v1/employee/SubmitServiceReport
Controller : api.Controllers.EmployeeController
Action : SubmitServiceReport
Action Parameters : {"messageFormat":"JSON","messageArguments":[{"request":{"EmployeeId":2,"ServiceId":130,"ScheduleStartTime":"01:14 PM","ScheduleEndTime":"01:15 PM","IsWorkNotDone":false,"WorkPerformed":"Rtf huffy","Recommendationsforcustomer":"Thug highly","BillingType":null,"EmailToClient":["testing.chaman@gmail.com",""],"CCEmail":"","RequestedParts":[],"EmployeeNotes":"Ghjghjkhjk","Units":[{"Id":2,"UnitName":null,"IsCompleted":true,"ServiceUnitParts":[{"PartId":3,"PartName":null,"Qty":10},{"PartId":4,"PartName":null,"Qty":1}]}],"Images":null,"ClientId":null,"StartLatitude":39.50184310,"StartLongitude":-119.77966500,"EndLatitude":39.50184310,"EndLongitude":-119.77966500,"ClientEmails":null}}]}

2016-12-28 13:15:07.6129|INFO|api.Helpers.NLogger|JSON
Method: POST
URL: http://192.168.1.119:9999/api/v1/employee/SubmitServiceReportImage
Controller : api.Controllers.EmployeeController
Action : SubmitServiceReportImage
Action Parameters : {"messageFormat":"JSON","messageArguments":[{}]}

2016-12-28 13:19:07.9186|INFO|api.Helpers.NLogger|JSON
Method: POST
URL: http://192.168.1.119:9999/api/v1/employee/SubmitServiceReport
Controller : api.Controllers.EmployeeController
Action : SubmitServiceReport
Action Parameters : {"messageFormat":"JSON","messageArguments":[{"request":{"EmployeeId":2,"ServiceId":130,"ScheduleStartTime":"01:14 PM","ScheduleEndTime":"01:15 PM","IsWorkNotDone":false,"WorkPerformed":"Rtf huffy","Recommendationsforcustomer":"Thug highly","BillingType":null,"EmailToClient":["testing.chaman@gmail.com",""],"CCEmail":"","RequestedParts":[],"EmployeeNotes":"Ghjghjkhjk","Units":[{"Id":2,"UnitName":null,"IsCompleted":true,"ServiceUnitParts":[{"PartId":3,"PartName":null,"Qty":10},{"PartId":4,"PartName":null,"Qty":1}]}],"Images":null,"ClientId":null,"StartLatitude":39.50184310,"StartLongitude":-119.77966500,"EndLatitude":39.50184310,"EndLongitude":-119.77966500,"ClientEmails":null}}]}

2016-12-28 13:19:11.8922|INFO|api.Helpers.NLogger|JSON
Method: POST
URL: http://192.168.1.119:9999/api/v1/employee/SubmitServiceReportImage
Controller : api.Controllers.EmployeeController
Action : SubmitServiceReportImage
Action Parameters : {"messageFormat":"JSON","messageArguments":[{}]}

2016-12-28 13:21:44.1172|INFO|api.Helpers.NLogger|JSON
Method: POST
URL: http://192.168.1.119:9999/api/v1/employee/SubmitServiceReport
Controller : api.Controllers.EmployeeController
Action : SubmitServiceReport
Action Parameters : {"messageFormat":"JSON","messageArguments":[{"request":{"EmployeeId":2,"ServiceId":130,"ScheduleStartTime":"01:14 PM","ScheduleEndTime":"01:15 PM","IsWorkNotDone":false,"WorkPerformed":"Rtf huffy","Recommendationsforcustomer":"Thug highly","BillingType":null,"EmailToClient":["testing.chaman@gmail.com",""],"CCEmail":"","RequestedParts":[],"EmployeeNotes":"Ghjghjkhjk","Units":[{"Id":2,"UnitName":null,"IsCompleted":true,"ServiceUnitParts":[{"PartId":3,"PartName":null,"Qty":10},{"PartId":4,"PartName":null,"Qty":1}]}],"Images":null,"ClientId":null,"StartLatitude":39.50184310,"StartLongitude":-119.77966500,"EndLatitude":39.50184310,"EndLongitude":-119.77966500,"ClientEmails":null}}]}

2016-12-28 13:21:47.2146|INFO|api.Helpers.NLogger|JSON
Method: POST
URL: http://192.168.1.119:9999/api/v1/employee/SubmitServiceReportImage
Controller : api.Controllers.EmployeeController
Action : SubmitServiceReportImage
Action Parameters : {"messageFormat":"JSON","messageArguments":[{}]}

2016-12-28 14:42:10.2711|INFO|api.Helpers.NLogger|JSON
Method: POST
URL: http://192.168.1.119:9999/api/v1/profile/ClientDashboard
Controller : api.Controllers.ProfileController
Action : ClientDashboard
Action Parameters : {"messageFormat":"JSON","messageArguments":[{"request":{"Email":null,"ClientId":5,"PlanTypeId":0,"PlanId":0,"PartId":0,"Month":0,"Year":0,"AddressId":null,"UnitId":0,"ServiceId":null,"RequestedServiceId":null,"PartType":null,"PartTypeId":null,"PageId":0,"ShowDeleted":false,"ServiceCaseNumber":null,"LastCallDateTime":null,"PageNumber":null,"pageSize":0,"DeviceType":null,"DeviceToken":null,"NotificationId":null,"EmployeeId":0,"BillingId":null}}]}

2016-12-28 14:42:17.8058|INFO|api.Helpers.NLogger|JSON
Method: GET
URL: http://192.168.1.119:9999/api/v1/profile/GetClientAddress?ClientId=5
Controller : api.Controllers.ProfileController
Action : GetClientAddress
Action Parameters : {"messageFormat":"JSON","messageArguments":[{"ClientId":5}]}

2016-12-28 14:42:18.2848|INFO|api.Helpers.NLogger|JSON
Method: GET
URL: http://192.168.1.119:9999/api/v1/common/GetAllPlanTypeFromAddressID?AddressId=4
Controller : api.Controllers.CommonController
Action : GetAllPlanTypeFromAddressID
Action Parameters : {"messageFormat":"JSON","messageArguments":[{"AddressId":4}]}

2016-12-28 14:42:18.5337|INFO|api.Helpers.NLogger|JSON
Method: POST
URL: http://192.168.1.119:9999/api/v1/common/GetScheduleTimeByPlanTypeServiceId
Controller : api.Controllers.CommonController
Action : GetScheduleTimeByPlanTypeServiceId
Action Parameters : {"messageFormat":"JSON","messageArguments":[{"request":{"Email":null,"ClientId":0,"PlanTypeId":2,"PlanId":0,"PartId":0,"Month":0,"Year":0,"AddressId":null,"UnitId":0,"ServiceId":null,"RequestedServiceId":null,"PartType":null,"PartTypeId":null,"PageId":0,"ShowDeleted":false,"ServiceCaseNumber":null,"LastCallDateTime":null,"PageNumber":null,"pageSize":0,"DeviceType":null,"DeviceToken":null,"NotificationId":null,"EmployeeId":0,"BillingId":null}}]}

2016-12-28 14:42:18.8754|INFO|api.Helpers.NLogger|JSON
Method: POST
URL: http://192.168.1.119:9999/api/v1/profile/GetClientUnitByAddressIdPlanType
Controller : api.Controllers.NewProfileController
Action : GetClientUnit
Action Parameters : {"messageFormat":"JSON","messageArguments":[{"request":{"Email":null,"ClientId":5,"PlanTypeId":2,"PlanId":0,"PartId":0,"Month":0,"Year":0,"AddressId":4,"UnitId":0,"ServiceId":null,"RequestedServiceId":null,"PartType":null,"PartTypeId":null,"PageId":0,"ShowDeleted":false,"ServiceCaseNumber":null,"LastCallDateTime":null,"PageNumber":null,"pageSize":0,"DeviceType":null,"DeviceToken":null,"NotificationId":null,"EmployeeId":0,"BillingId":null}}]}

2016-12-28 14:43:10.2976|INFO|api.Helpers.NLogger|JSON
Method: POST
URL: http://192.168.1.119:9999/api/v1/profile/ClientDashboard
Controller : api.Controllers.ProfileController
Action : ClientDashboard
Action Parameters : {"messageFormat":"JSON","messageArguments":[{"request":{"Email":null,"ClientId":5,"PlanTypeId":0,"PlanId":0,"PartId":0,"Month":0,"Year":0,"AddressId":null,"UnitId":0,"ServiceId":null,"RequestedServiceId":null,"PartType":null,"PartTypeId":null,"PageId":0,"ShowDeleted":false,"ServiceCaseNumber":null,"LastCallDateTime":null,"PageNumber":null,"pageSize":0,"DeviceType":null,"DeviceToken":null,"NotificationId":null,"EmployeeId":0,"BillingId":null}}]}

2016-12-28 14:46:44.4992|INFO|api.Helpers.NLogger|JSON
Method: GET
URL: http://192.168.1.119:9999/api/v1/employee/sendfiles
Controller : api.Controllers.EmployeeController
Action : sendfiles
Action Parameters : {"messageFormat":"JSON","messageArguments":[{}]}

2016-12-28 14:50:34.7844|INFO|api.Helpers.NLogger|JSON
Method: GET
URL: http://192.168.1.119:9999/api/v1/employee/sendfiles
Controller : api.Controllers.EmployeeController
Action : sendfiles
Action Parameters : {"messageFormat":"JSON","messageArguments":[{}]}

2016-12-28 14:51:53.5012|INFO|api.Helpers.NLogger|JSON
Method: GET
URL: http://192.168.1.119:9999/api/v1/employee/sendfiles
Controller : api.Controllers.EmployeeController
Action : sendfiles
Action Parameters : {"messageFormat":"JSON","messageArguments":[{}]}

2016-12-28 15:00:59.7722|INFO|api.Helpers.NLogger|JSON
Method: GET
URL: http://192.168.1.119:9999/api/v1/employee/sendfiles
Controller : api.Controllers.EmployeeController
Action : sendfiles
Action Parameters : {"messageFormat":"JSON","messageArguments":[{}]}

2016-12-28 15:02:17.6908|INFO|api.Helpers.NLogger|JSON
Method: GET
URL: http://192.168.1.119:9999/api/v1/employee/sendfiles
Controller : api.Controllers.EmployeeController
Action : sendfiles
Action Parameters : {"messageFormat":"JSON","messageArguments":[{}]}

2016-12-28 15:04:54.2180|INFO|api.Helpers.NLogger|JSON
Method: GET
URL: http://192.168.1.119:9999/api/v1/employee/sendfiles
Controller : api.Controllers.EmployeeController
Action : sendfiles
Action Parameters : {"messageFormat":"JSON","messageArguments":[{}]}

2016-12-28 15:10:19.6119|INFO|api.Helpers.NLogger|JSON
Method: GET
URL: http://192.168.1.119:9999/api/v1/employee/sendfiles
Controller : api.Controllers.EmployeeController
Action : sendfiles
Action Parameters : {"messageFormat":"JSON","messageArguments":[{}]}

2016-12-28 15:12:13.0564|INFO|api.Helpers.NLogger|JSON
Method: GET
URL: http://192.168.1.119:9999/api/v1/employee/sendfiles
Controller : api.Controllers.EmployeeController
Action : sendfiles
Action Parameters : {"messageFormat":"JSON","messageArguments":[{}]}

2016-12-28 15:21:49.5170|INFO|api.Helpers.NLogger|JSON
Method: POST
URL: http://192.168.1.119:9999/api/v1/employee/UpdateEmployeeLocation
Controller : api.Controllers.EmployeeController
Action : UpdateEmployeeLocation
Action Parameters : {"messageFormat":"JSON","messageArguments":[{"request":{"NotificationId":0,"EmployeeId":2,"SalesVisitRequestId":0,"Month":0,"Year":0,"Day":0,"ServiceId":0,"ReportId":0,"UnitId":0,"Latitude":39.50184310,"Longitude":-119.77966500,"SearchTerm":null,"PageId":0,"LastCallDateTime":null,"PageNumber":null,"pageSize":0,"OrderId":0,"StatDate":null,"EndDate":null,"DeviceType":null,"DeviceToken":null,"ClientEmails":null,"CCEmail":null}}]}

2016-12-28 15:21:52.3622|INFO|api.Helpers.NLogger|JSON
Method: POST
URL: http://192.168.1.119:9999/api/v1/employee/GetDashBoardMonthWiseServiceCount
Controller : api.Controllers.EmployeeController
Action : GetDashBoardMonthWiseServiceCount
Action Parameters : {"messageFormat":"JSON","messageArguments":[{"request":{"NotificationId":0,"EmployeeId":2,"SalesVisitRequestId":0,"Month":12,"Year":2016,"Day":0,"ServiceId":0,"ReportId":0,"UnitId":0,"Latitude":null,"Longitude":null,"SearchTerm":null,"PageId":0,"LastCallDateTime":null,"PageNumber":null,"pageSize":0,"OrderId":0,"StatDate":null,"EndDate":null,"DeviceType":null,"DeviceToken":null,"ClientEmails":null,"CCEmail":null}}]}

2016-12-28 15:21:52.3622|INFO|api.Helpers.NLogger|JSON
Method: POST
URL: http://192.168.1.119:9999/api/v1/employee/GetDashBoardMonthDayWiseServiceList
Controller : api.Controllers.EmployeeController
Action : GetDashBoardMonthDayWiseServiceList
Action Parameters : {"messageFormat":"JSON","messageArguments":[{"request":{"NotificationId":0,"EmployeeId":2,"SalesVisitRequestId":0,"Month":12,"Year":2016,"Day":28,"ServiceId":0,"ReportId":0,"UnitId":0,"Latitude":null,"Longitude":null,"SearchTerm":null,"PageId":0,"LastCallDateTime":null,"PageNumber":null,"pageSize":0,"OrderId":0,"StatDate":null,"EndDate":null,"DeviceType":null,"DeviceToken":null,"ClientEmails":null,"CCEmail":null}}]}

2016-12-28 15:21:52.3622|INFO|api.Helpers.NLogger|JSON
Method: POST
URL: http://192.168.1.119:9999/api/v1/employee/GetDashBoardMonthWiseServiceCount
Controller : api.Controllers.EmployeeController
Action : GetDashBoardMonthWiseServiceCount
Action Parameters : {"messageFormat":"JSON","messageArguments":[{"request":{"NotificationId":0,"EmployeeId":2,"SalesVisitRequestId":0,"Month":1,"Year":2017,"Day":0,"ServiceId":0,"ReportId":0,"UnitId":0,"Latitude":null,"Longitude":null,"SearchTerm":null,"PageId":0,"LastCallDateTime":null,"PageNumber":null,"pageSize":0,"OrderId":0,"StatDate":null,"EndDate":null,"DeviceType":null,"DeviceToken":null,"ClientEmails":null,"CCEmail":null}}]}

2016-12-28 15:21:56.3036|INFO|api.Helpers.NLogger|JSON
Method: POST
URL: http://192.168.1.119:9999/api/v1/employee/logout
Controller : api.Controllers.EmployeeController
Action : logout
Action Parameters : {"messageFormat":"JSON","messageArguments":[{"request":{"NotificationId":0,"EmployeeId":2,"SalesVisitRequestId":0,"Month":0,"Year":0,"Day":0,"ServiceId":0,"ReportId":0,"UnitId":0,"Latitude":null,"Longitude":null,"SearchTerm":null,"PageId":0,"LastCallDateTime":null,"PageNumber":null,"pageSize":0,"OrderId":0,"StatDate":null,"EndDate":null,"DeviceType":null,"DeviceToken":null,"ClientEmails":null,"CCEmail":null}}]}

2016-12-28 15:22:07.9845|INFO|api.Helpers.NLogger|JSON
Method: POST
URL: http://192.168.1.119:9999/api/v1/employee/login
Controller : api.Controllers.EmployeeController
Action : Login
Action Parameters : {"messageFormat":"JSON","messageArguments":[{"model":{"Email":"testing.demo@gmail.com","Password":"7f2765757d527eaeeb14fb706039bac7","DeviceType":"iPhone","DeviceToken":"","Latitude":39.50184310,"Longitude":-119.77966500}}]}

2016-12-28 15:22:15.9532|INFO|api.Helpers.NLogger|JSON
Method: POST
URL: http://192.168.1.119:9999/api/v1/employee/login
Controller : api.Controllers.EmployeeController
Action : Login
Action Parameters : {"messageFormat":"JSON","messageArguments":[{"model":{"Email":"testing.demo@gmail.com","Password":"7f2765757d527eaeeb14fb706039bac7","DeviceType":"iPhone","DeviceToken":"","Latitude":39.50184310,"Longitude":-119.77966500}}]}

2016-12-28 15:22:29.7424|INFO|api.Helpers.NLogger|JSON
Method: POST
URL: http://192.168.1.119:9999/api/v1/employee/login
Controller : api.Controllers.EmployeeController
Action : Login
Action Parameters : {"messageFormat":"JSON","messageArguments":[{"model":{"Email":"testing.demu@gmail.com","Password":"7f2765757d527eaeeb14fb706039bac7","DeviceType":"iPhone","DeviceToken":"","Latitude":39.50184310,"Longitude":-119.77966500}}]}

2016-12-28 15:22:29.8644|INFO|api.Helpers.NLogger|JSON
Method: POST
URL: http://192.168.1.119:9999/api/v1/employee/GetDashBoardMonthWiseServiceCount
Controller : api.Controllers.EmployeeController
Action : GetDashBoardMonthWiseServiceCount
Action Parameters : {"messageFormat":"JSON","messageArguments":[{"request":{"NotificationId":0,"EmployeeId":1,"SalesVisitRequestId":0,"Month":12,"Year":2016,"Day":0,"ServiceId":0,"ReportId":0,"UnitId":0,"Latitude":null,"Longitude":null,"SearchTerm":null,"PageId":0,"LastCallDateTime":null,"PageNumber":null,"pageSize":0,"OrderId":0,"StatDate":null,"EndDate":null,"DeviceType":null,"DeviceToken":null,"ClientEmails":null,"CCEmail":null}}]}

2016-12-28 15:22:29.8644|INFO|api.Helpers.NLogger|JSON
Method: POST
URL: http://192.168.1.119:9999/api/v1/employee/GetDashBoardMonthDayWiseServiceList
Controller : api.Controllers.EmployeeController
Action : GetDashBoardMonthDayWiseServiceList
Action Parameters : {"messageFormat":"JSON","messageArguments":[{"request":{"NotificationId":0,"EmployeeId":1,"SalesVisitRequestId":0,"Month":12,"Year":2016,"Day":28,"ServiceId":0,"ReportId":0,"UnitId":0,"Latitude":null,"Longitude":null,"SearchTerm":null,"PageId":0,"LastCallDateTime":null,"PageNumber":null,"pageSize":0,"OrderId":0,"StatDate":null,"EndDate":null,"DeviceType":null,"DeviceToken":null,"ClientEmails":null,"CCEmail":null}}]}

2016-12-28 15:22:29.8644|INFO|api.Helpers.NLogger|JSON
Method: POST
URL: http://192.168.1.119:9999/api/v1/employee/GetDashBoardMonthWiseServiceCount
Controller : api.Controllers.EmployeeController
Action : GetDashBoardMonthWiseServiceCount
Action Parameters : {"messageFormat":"JSON","messageArguments":[{"request":{"NotificationId":0,"EmployeeId":1,"SalesVisitRequestId":0,"Month":1,"Year":2017,"Day":0,"ServiceId":0,"ReportId":0,"UnitId":0,"Latitude":null,"Longitude":null,"SearchTerm":null,"PageId":0,"LastCallDateTime":null,"PageNumber":null,"pageSize":0,"OrderId":0,"StatDate":null,"EndDate":null,"DeviceType":null,"DeviceToken":null,"ClientEmails":null,"CCEmail":null}}]}

2016-12-28 15:22:31.5565|INFO|api.Helpers.NLogger|JSON
Method: POST
URL: http://192.168.1.119:9999/api/v1/employee/GetDashBoardMonthDayWiseServiceList
Controller : api.Controllers.EmployeeController
Action : GetDashBoardMonthDayWiseServiceList
Action Parameters : {"messageFormat":"JSON","messageArguments":[{"request":{"NotificationId":0,"EmployeeId":1,"SalesVisitRequestId":0,"Month":12,"Year":2016,"Day":29,"ServiceId":0,"ReportId":0,"UnitId":0,"Latitude":null,"Longitude":null,"SearchTerm":null,"PageId":0,"LastCallDateTime":null,"PageNumber":null,"pageSize":0,"OrderId":0,"StatDate":null,"EndDate":null,"DeviceType":null,"DeviceToken":null,"ClientEmails":null,"CCEmail":null}}]}

2016-12-28 15:22:33.4919|INFO|api.Helpers.NLogger|JSON
Method: POST
URL: http://192.168.1.119:9999/api/v1/employee/GetDashBoardMonthDayWiseServiceList
Controller : api.Controllers.EmployeeController
Action : GetDashBoardMonthDayWiseServiceList
Action Parameters : {"messageFormat":"JSON","messageArguments":[{"request":{"NotificationId":0,"EmployeeId":1,"SalesVisitRequestId":0,"Month":12,"Year":2016,"Day":30,"ServiceId":0,"ReportId":0,"UnitId":0,"Latitude":null,"Longitude":null,"SearchTerm":null,"PageId":0,"LastCallDateTime":null,"PageNumber":null,"pageSize":0,"OrderId":0,"StatDate":null,"EndDate":null,"DeviceType":null,"DeviceToken":null,"ClientEmails":null,"CCEmail":null}}]}

2016-12-28 15:22:34.6887|INFO|api.Helpers.NLogger|JSON
Method: POST
URL: http://192.168.1.119:9999/api/v1/employee/GetDashBoardMonthWiseServiceCount
Controller : api.Controllers.EmployeeController
Action : GetDashBoardMonthWiseServiceCount
Action Parameters : {"messageFormat":"JSON","messageArguments":[{"request":{"NotificationId":0,"EmployeeId":1,"SalesVisitRequestId":0,"Month":2,"Year":2017,"Day":0,"ServiceId":0,"ReportId":0,"UnitId":0,"Latitude":null,"Longitude":null,"SearchTerm":null,"PageId":0,"LastCallDateTime":null,"PageNumber":null,"pageSize":0,"OrderId":0,"StatDate":null,"EndDate":null,"DeviceType":null,"DeviceToken":null,"ClientEmails":null,"CCEmail":null}}]}

2016-12-28 15:22:35.6438|INFO|api.Helpers.NLogger|JSON
Method: POST
URL: http://192.168.1.119:9999/api/v1/employee/GetDashBoardMonthDayWiseServiceList
Controller : api.Controllers.EmployeeController
Action : GetDashBoardMonthDayWiseServiceList
Action Parameters : {"messageFormat":"JSON","messageArguments":[{"request":{"NotificationId":0,"EmployeeId":1,"SalesVisitRequestId":0,"Month":1,"Year":2017,"Day":2,"ServiceId":0,"ReportId":0,"UnitId":0,"Latitude":null,"Longitude":null,"SearchTerm":null,"PageId":0,"LastCallDateTime":null,"PageNumber":null,"pageSize":0,"OrderId":0,"StatDate":null,"EndDate":null,"DeviceType":null,"DeviceToken":null,"ClientEmails":null,"CCEmail":null}}]}

2016-12-28 15:22:36.3868|INFO|api.Helpers.NLogger|JSON
Method: POST
URL: http://192.168.1.119:9999/api/v1/employee/GetDashBoardMonthWiseServiceCount
Controller : api.Controllers.EmployeeController
Action : GetDashBoardMonthWiseServiceCount
Action Parameters : {"messageFormat":"JSON","messageArguments":[{"request":{"NotificationId":0,"EmployeeId":1,"SalesVisitRequestId":0,"Month":1,"Year":2017,"Day":0,"ServiceId":0,"ReportId":0,"UnitId":0,"Latitude":null,"Longitude":null,"SearchTerm":null,"PageId":0,"LastCallDateTime":null,"PageNumber":null,"pageSize":0,"OrderId":0,"StatDate":null,"EndDate":null,"DeviceType":null,"DeviceToken":null,"ClientEmails":null,"CCEmail":null}}]}

2016-12-28 15:22:37.4369|INFO|api.Helpers.NLogger|JSON
Method: POST
URL: http://192.168.1.119:9999/api/v1/employee/GetDashBoardMonthDayWiseServiceList
Controller : api.Controllers.EmployeeController
Action : GetDashBoardMonthDayWiseServiceList
Action Parameters : {"messageFormat":"JSON","messageArguments":[{"request":{"NotificationId":0,"EmployeeId":1,"SalesVisitRequestId":0,"Month":12,"Year":2016,"Day":29,"ServiceId":0,"ReportId":0,"UnitId":0,"Latitude":null,"Longitude":null,"SearchTerm":null,"PageId":0,"LastCallDateTime":null,"PageNumber":null,"pageSize":0,"OrderId":0,"StatDate":null,"EndDate":null,"DeviceType":null,"DeviceToken":null,"ClientEmails":null,"CCEmail":null}}]}

2016-12-28 15:22:38.7580|INFO|api.Helpers.NLogger|JSON
Method: POST
URL: http://192.168.1.119:9999/api/v1/employee/GetServiceDetails
Controller : api.Controllers.EmployeeController
Action : GetServiceDetails
Action Parameters : {"messageFormat":"JSON","messageArguments":[{"request":{"NotificationId":0,"EmployeeId":1,"SalesVisitRequestId":0,"Month":0,"Year":0,"Day":0,"ServiceId":207,"ReportId":0,"UnitId":0,"Latitude":null,"Longitude":null,"SearchTerm":null,"PageId":0,"LastCallDateTime":null,"PageNumber":null,"pageSize":0,"OrderId":0,"StatDate":null,"EndDate":null,"DeviceType":null,"DeviceToken":null,"ClientEmails":null,"CCEmail":null}}]}

2016-12-28 15:22:57.9798|INFO|api.Helpers.NLogger|JSON
Method: POST
URL: http://192.168.1.119:9999/api/v1/employee/GetServiceUnitDetails
Controller : api.Controllers.EmployeeController
Action : GetServiceUnitDetails
Action Parameters : {"messageFormat":"JSON","messageArguments":[{"request":{"NotificationId":0,"EmployeeId":1,"SalesVisitRequestId":0,"Month":0,"Year":0,"Day":0,"ServiceId":0,"ReportId":0,"UnitId":12,"Latitude":null,"Longitude":null,"SearchTerm":null,"PageId":0,"LastCallDateTime":null,"PageNumber":null,"pageSize":0,"OrderId":0,"StatDate":null,"EndDate":null,"DeviceType":null,"DeviceToken":null,"ClientEmails":null,"CCEmail":null}}]}

2016-12-28 15:23:18.2586|INFO|api.Helpers.NLogger|JSON
Method: POST
URL: http://192.168.1.119:9999/api/v1/employee/GetServiceUnitDetails
Controller : api.Controllers.EmployeeController
Action : GetServiceUnitDetails
Action Parameters : {"messageFormat":"JSON","messageArguments":[{"request":{"NotificationId":0,"EmployeeId":1,"SalesVisitRequestId":0,"Month":0,"Year":0,"Day":0,"ServiceId":0,"ReportId":0,"UnitId":45,"Latitude":null,"Longitude":null,"SearchTerm":null,"PageId":0,"LastCallDateTime":null,"PageNumber":null,"pageSize":0,"OrderId":0,"StatDate":null,"EndDate":null,"DeviceType":null,"DeviceToken":null,"ClientEmails":null,"CCEmail":null}}]}

2016-12-28 15:23:55.8590|INFO|api.Helpers.NLogger|JSON
Method: POST
URL: http://192.168.1.119:9999/api/v1/employee/CompletedReportsDetail
Controller : api.Controllers.EmployeeController
Action : CompletedReportsDetail
Action Parameters : {"messageFormat":"JSON","messageArguments":[{"request":{"NotificationId":0,"EmployeeId":1,"SalesVisitRequestId":0,"Month":0,"Year":0,"Day":0,"ServiceId":0,"ReportId":43,"UnitId":0,"Latitude":null,"Longitude":null,"SearchTerm":null,"PageId":0,"LastCallDateTime":null,"PageNumber":null,"pageSize":0,"OrderId":0,"StatDate":null,"EndDate":null,"DeviceType":null,"DeviceToken":null,"ClientEmails":null,"CCEmail":null}}]}

2016-12-28 15:24:17.1063|INFO|api.Helpers.NLogger|JSON
Method: POST
URL: http://192.168.1.119:9999/api/v1/employee/GetDashBoardMonthWiseServiceCount
Controller : api.Controllers.EmployeeController
Action : GetDashBoardMonthWiseServiceCount
Action Parameters : {"messageFormat":"JSON","messageArguments":[{"request":{"NotificationId":0,"EmployeeId":1,"SalesVisitRequestId":0,"Month":12,"Year":2016,"Day":0,"ServiceId":0,"ReportId":0,"UnitId":0,"Latitude":null,"Longitude":null,"SearchTerm":null,"PageId":0,"LastCallDateTime":null,"PageNumber":null,"pageSize":0,"OrderId":0,"StatDate":null,"EndDate":null,"DeviceType":null,"DeviceToken":null,"ClientEmails":null,"CCEmail":null}}]}

2016-12-28 15:24:17.1063|INFO|api.Helpers.NLogger|JSON
Method: POST
URL: http://192.168.1.119:9999/api/v1/employee/GetDashBoardMonthWiseServiceCount
Controller : api.Controllers.EmployeeController
Action : GetDashBoardMonthWiseServiceCount
Action Parameters : {"messageFormat":"JSON","messageArguments":[{"request":{"NotificationId":0,"EmployeeId":1,"SalesVisitRequestId":0,"Month":1,"Year":2017,"Day":0,"ServiceId":0,"ReportId":0,"UnitId":0,"Latitude":null,"Longitude":null,"SearchTerm":null,"PageId":0,"LastCallDateTime":null,"PageNumber":null,"pageSize":0,"OrderId":0,"StatDate":null,"EndDate":null,"DeviceType":null,"DeviceToken":null,"ClientEmails":null,"CCEmail":null}}]}

2016-12-28 15:24:17.1063|INFO|api.Helpers.NLogger|JSON
Method: POST
URL: http://192.168.1.119:9999/api/v1/employee/GetDashBoardMonthDayWiseServiceList
Controller : api.Controllers.EmployeeController
Action : GetDashBoardMonthDayWiseServiceList
Action Parameters : {"messageFormat":"JSON","messageArguments":[{"request":{"NotificationId":0,"EmployeeId":1,"SalesVisitRequestId":0,"Month":12,"Year":2016,"Day":28,"ServiceId":0,"ReportId":0,"UnitId":0,"Latitude":null,"Longitude":null,"SearchTerm":null,"PageId":0,"LastCallDateTime":null,"PageNumber":null,"pageSize":0,"OrderId":0,"StatDate":null,"EndDate":null,"DeviceType":null,"DeviceToken":null,"ClientEmails":null,"CCEmail":null}}]}

2016-12-28 15:24:19.8086|INFO|api.Helpers.NLogger|JSON
Method: POST
URL: http://192.168.1.119:9999/api/v1/employee/GetDashBoardMonthWiseServiceCount
Controller : api.Controllers.EmployeeController
Action : GetDashBoardMonthWiseServiceCount
Action Parameters : {"messageFormat":"JSON","messageArguments":[{"request":{"NotificationId":0,"EmployeeId":1,"SalesVisitRequestId":0,"Month":12,"Year":2016,"Day":0,"ServiceId":0,"ReportId":0,"UnitId":0,"Latitude":null,"Longitude":null,"SearchTerm":null,"PageId":0,"LastCallDateTime":null,"PageNumber":null,"pageSize":0,"OrderId":0,"StatDate":null,"EndDate":null,"DeviceType":null,"DeviceToken":null,"ClientEmails":null,"CCEmail":null}}]}

2016-12-28 15:24:19.8086|INFO|api.Helpers.NLogger|JSON
Method: POST
URL: http://192.168.1.119:9999/api/v1/employee/GetDashBoardMonthWiseServiceCount
Controller : api.Controllers.EmployeeController
Action : GetDashBoardMonthWiseServiceCount
Action Parameters : {"messageFormat":"JSON","messageArguments":[{"request":{"NotificationId":0,"EmployeeId":1,"SalesVisitRequestId":0,"Month":1,"Year":2017,"Day":0,"ServiceId":0,"ReportId":0,"UnitId":0,"Latitude":null,"Longitude":null,"SearchTerm":null,"PageId":0,"LastCallDateTime":null,"PageNumber":null,"pageSize":0,"OrderId":0,"StatDate":null,"EndDate":null,"DeviceType":null,"DeviceToken":null,"ClientEmails":null,"CCEmail":null}}]}

2016-12-28 15:24:19.8086|INFO|api.Helpers.NLogger|JSON
Method: POST
URL: http://192.168.1.119:9999/api/v1/employee/GetDashBoardMonthDayWiseServiceList
Controller : api.Controllers.EmployeeController
Action : GetDashBoardMonthDayWiseServiceList
Action Parameters : {"messageFormat":"JSON","messageArguments":[{"request":{"NotificationId":0,"EmployeeId":1,"SalesVisitRequestId":0,"Month":12,"Year":2016,"Day":28,"ServiceId":0,"ReportId":0,"UnitId":0,"Latitude":null,"Longitude":null,"SearchTerm":null,"PageId":0,"LastCallDateTime":null,"PageNumber":null,"pageSize":0,"OrderId":0,"StatDate":null,"EndDate":null,"DeviceType":null,"DeviceToken":null,"ClientEmails":null,"CCEmail":null}}]}

2016-12-28 15:27:39.4866|INFO|api.Helpers.NLogger|JSON
Method: GET
URL: http://192.168.1.119:9999/api/v1/employee/sendfiles
Controller : api.Controllers.EmployeeController
Action : sendfiles
Action Parameters : {"messageFormat":"JSON","messageArguments":[{}]}

2016-12-28 15:29:16.0788|INFO|api.Helpers.NLogger|JSON
Method: POST
URL: http://192.168.1.119:9999/api/v1/profile/ClientDashboard
Controller : api.Controllers.ProfileController
Action : ClientDashboard
Action Parameters : {"messageFormat":"JSON","messageArguments":[{"request":{"Email":null,"ClientId":5,"PlanTypeId":0,"PlanId":0,"PartId":0,"Month":0,"Year":0,"AddressId":null,"UnitId":0,"ServiceId":null,"RequestedServiceId":null,"PartType":null,"PartTypeId":null,"PageId":0,"ShowDeleted":false,"ServiceCaseNumber":null,"LastCallDateTime":null,"PageNumber":null,"pageSize":0,"DeviceType":null,"DeviceToken":null,"NotificationId":null,"EmployeeId":0,"BillingId":null}}]}

2016-12-28 15:30:28.8416|INFO|api.Helpers.NLogger|JSON
Method: POST
URL: http://192.168.1.119:9999/api/v1/profile/ClientDashboard
Controller : api.Controllers.ProfileController
Action : ClientDashboard
Action Parameters : {"messageFormat":"JSON","messageArguments":[{"request":{"Email":null,"ClientId":5,"PlanTypeId":0,"PlanId":0,"PartId":0,"Month":0,"Year":0,"AddressId":null,"UnitId":0,"ServiceId":null,"RequestedServiceId":null,"PartType":null,"PartTypeId":null,"PageId":0,"ShowDeleted":false,"ServiceCaseNumber":null,"LastCallDateTime":null,"PageNumber":null,"pageSize":0,"DeviceType":null,"DeviceToken":null,"NotificationId":null,"EmployeeId":0,"BillingId":null}}]}

2016-12-28 15:31:09.6560|INFO|api.Helpers.NLogger|JSON
Method: GET
URL: http://192.168.1.119:9999/api/v1/employee/sendfiles
Controller : api.Controllers.EmployeeController
Action : sendfiles
Action Parameters : {"messageFormat":"JSON","messageArguments":[{}]}

2016-12-28 15:33:10.5539|INFO|api.Helpers.NLogger|JSON
Method: GET
URL: http://192.168.1.119:9999/api/v1/employee/sendfiles
Controller : api.Controllers.EmployeeController
Action : sendfiles
Action Parameters : {"messageFormat":"JSON","messageArguments":[{}]}

2016-12-28 15:40:00.2514|INFO|api.Helpers.NLogger|JSON
Method: GET
URL: http://192.168.1.119:9999/api/v1/employee/sendfiles
Controller : api.Controllers.EmployeeController
Action : sendfiles
Action Parameters : {"messageFormat":"JSON","messageArguments":[{}]}

2016-12-28 17:57:55.2831|INFO|api.Helpers.NLogger|JSON
Method: POST
URL: http://192.168.1.119:9999/api/v1/employee/CompletedReportsDetail
Controller : api.Controllers.EmployeeController
Action : CompletedReportsDetail
Action Parameters : {"messageFormat":"JSON","messageArguments":[{"request":{"NotificationId":0,"EmployeeId":6,"SalesVisitRequestId":0,"Month":0,"Year":0,"Day":0,"ServiceId":0,"ReportId":116,"UnitId":0,"Latitude":null,"Longitude":null,"SearchTerm":null,"PageId":0,"LastCallDateTime":null,"PageNumber":null,"pageSize":0,"OrderId":0,"StatDate":null,"EndDate":null,"DeviceType":null,"DeviceToken":null,"ClientEmails":null,"CCEmail":null}}]}

2016-12-28 17:58:58.7949|INFO|api.Helpers.NLogger|JSON
Method: POST
URL: http://192.168.1.119:9999/api/v1/employee/CompletedReportsDetail
Controller : api.Controllers.EmployeeController
Action : CompletedReportsDetail
Action Parameters : {"messageFormat":"JSON","messageArguments":[{"request":{"NotificationId":0,"EmployeeId":6,"SalesVisitRequestId":0,"Month":0,"Year":0,"Day":0,"ServiceId":0,"ReportId":116,"UnitId":0,"Latitude":null,"Longitude":null,"SearchTerm":null,"PageId":0,"LastCallDateTime":null,"PageNumber":null,"pageSize":0,"OrderId":0,"StatDate":null,"EndDate":null,"DeviceType":null,"DeviceToken":null,"ClientEmails":null,"CCEmail":null}}]}

2016-12-28 17:59:35.8317|INFO|api.Helpers.NLogger|JSON
Method: POST
URL: http://192.168.1.119:9999/api/v1/employee/CompletedReportsDetail
Controller : api.Controllers.EmployeeController
Action : CompletedReportsDetail
Action Parameters : {"messageFormat":"JSON","messageArguments":[{"request":{"NotificationId":0,"EmployeeId":6,"SalesVisitRequestId":0,"Month":0,"Year":0,"Day":0,"ServiceId":0,"ReportId":30,"UnitId":0,"Latitude":null,"Longitude":null,"SearchTerm":null,"PageId":0,"LastCallDateTime":null,"PageNumber":null,"pageSize":0,"OrderId":0,"StatDate":null,"EndDate":null,"DeviceType":null,"DeviceToken":null,"ClientEmails":null,"CCEmail":null}}]}

2016-12-28 18:11:20.3081|INFO|api.Helpers.NLogger|JSON
Method: POST
URL: http://192.168.1.119:9999/api/v1/profile/clientlogin
Controller : api.Controllers.ProfileController
Action : Login
Action Parameters : {"messageFormat":"JSON","messageArguments":[{"model":{"Email":"andrew@gmail.com","Password":"e10adc3949ba59abbe56e057f20f883e","DeviceType":"Android","DeviceToken":null,"Latitude":null,"Longitude":null}}]}

2016-12-28 18:11:21.7269|INFO|api.Helpers.NLogger|JSON
Method: POST
URL: http://192.168.1.119:9999/api/v1/profile/ClientDashboard
Controller : api.Controllers.ProfileController
Action : ClientDashboard
Action Parameters : {"messageFormat":"JSON","messageArguments":[{"request":{"Email":null,"ClientId":5,"PlanTypeId":0,"PlanId":0,"PartId":0,"Month":0,"Year":0,"AddressId":null,"UnitId":0,"ServiceId":null,"RequestedServiceId":null,"PartType":null,"PartTypeId":null,"PageId":0,"ShowDeleted":false,"ServiceCaseNumber":null,"LastCallDateTime":null,"PageNumber":null,"pageSize":0,"DeviceType":null,"DeviceToken":null,"NotificationId":null,"EmployeeId":0,"BillingId":null}}]}

2016-12-28 18:12:06.7013|INFO|api.Helpers.NLogger|JSON
Method: POST
URL: http://192.168.1.119:9999/api/v1/profile/clientlogin
Controller : api.Controllers.ProfileController
Action : Login
Action Parameters : {"messageFormat":"JSON","messageArguments":[{"model":{"Email":"andrew@gmail.com","Password":"e10adc3949ba59abbe56e057f20f883e","DeviceType":"Android","DeviceToken":null,"Latitude":null,"Longitude":null}}]}

2016-12-28 18:12:07.5462|INFO|api.Helpers.NLogger|JSON
Method: POST
URL: http://192.168.1.119:9999/api/v1/profile/ClientDashboard
Controller : api.Controllers.ProfileController
Action : ClientDashboard
Action Parameters : {"messageFormat":"JSON","messageArguments":[{"request":{"Email":null,"ClientId":5,"PlanTypeId":0,"PlanId":0,"PartId":0,"Month":0,"Year":0,"AddressId":null,"UnitId":0,"ServiceId":null,"RequestedServiceId":null,"PartType":null,"PartTypeId":null,"PageId":0,"ShowDeleted":false,"ServiceCaseNumber":null,"LastCallDateTime":null,"PageNumber":null,"pageSize":0,"DeviceType":null,"DeviceToken":null,"NotificationId":null,"EmployeeId":0,"BillingId":null}}]}

2016-12-28 18:12:12.8440|INFO|api.Helpers.NLogger|JSON
Method: POST
URL: http://192.168.1.119:9999/api/v1/profile/ClientDashboard
Controller : api.Controllers.ProfileController
Action : ClientDashboard
Action Parameters : {"messageFormat":"JSON","messageArguments":[{"request":{"Email":null,"ClientId":5,"PlanTypeId":0,"PlanId":0,"PartId":0,"Month":0,"Year":0,"AddressId":null,"UnitId":0,"ServiceId":null,"RequestedServiceId":null,"PartType":null,"PartTypeId":null,"PageId":0,"ShowDeleted":false,"ServiceCaseNumber":null,"LastCallDateTime":null,"PageNumber":null,"pageSize":0,"DeviceType":null,"DeviceToken":null,"NotificationId":null,"EmployeeId":0,"BillingId":null}}]}

2016-12-28 18:12:18.7068|INFO|api.Helpers.NLogger|JSON
Method: POST
URL: http://192.168.1.119:9999/api/v1/profile/ClientDashboard
Controller : api.Controllers.ProfileController
Action : ClientDashboard
Action Parameters : {"messageFormat":"JSON","messageArguments":[{"request":{"Email":null,"ClientId":5,"PlanTypeId":0,"PlanId":0,"PartId":0,"Month":0,"Year":0,"AddressId":null,"UnitId":0,"ServiceId":null,"RequestedServiceId":null,"PartType":null,"PartTypeId":null,"PageId":0,"ShowDeleted":false,"ServiceCaseNumber":null,"LastCallDateTime":null,"PageNumber":null,"pageSize":0,"DeviceType":null,"DeviceToken":null,"NotificationId":null,"EmployeeId":0,"BillingId":null}}]}

2016-12-28 18:12:44.6137|INFO|api.Helpers.NLogger|JSON
Method: POST
URL: http://192.168.1.119:9999/api/v1/profile/ClientDashboard
Controller : api.Controllers.ProfileController
Action : ClientDashboard
Action Parameters : {"messageFormat":"JSON","messageArguments":[{"request":{"Email":null,"ClientId":5,"PlanTypeId":0,"PlanId":0,"PartId":0,"Month":0,"Year":0,"AddressId":null,"UnitId":0,"ServiceId":null,"RequestedServiceId":null,"PartType":null,"PartTypeId":null,"PageId":0,"ShowDeleted":false,"ServiceCaseNumber":null,"LastCallDateTime":null,"PageNumber":null,"pageSize":0,"DeviceType":null,"DeviceToken":null,"NotificationId":null,"EmployeeId":0,"BillingId":null}}]}

2016-12-28 18:12:56.7872|INFO|api.Helpers.NLogger|JSON
Method: POST
URL: http://192.168.1.119:9999/api/v1/profile/ClientDashboard
Controller : api.Controllers.ProfileController
Action : ClientDashboard
Action Parameters : {"messageFormat":"JSON","messageArguments":[{"request":{"Email":null,"ClientId":5,"PlanTypeId":0,"PlanId":0,"PartId":0,"Month":0,"Year":0,"AddressId":null,"UnitId":0,"ServiceId":null,"RequestedServiceId":null,"PartType":null,"PartTypeId":null,"PageId":0,"ShowDeleted":false,"ServiceCaseNumber":null,"LastCallDateTime":null,"PageNumber":null,"pageSize":0,"DeviceType":null,"DeviceToken":null,"NotificationId":null,"EmployeeId":0,"BillingId":null}}]}

