2016-11-10 11:22:15.2427|INFO|api.Helpers.NLogger|JSON
Method: POST
URL: http://192.168.1.119:6987/v1/employee/UpdateUnitDetails
Controller : api.Controllers.EmployeeController
Action : UpdateUnitDetails
Action Parameters : {"messageFormat":"JSON","messageArguments":[{"request":{"EmployeeId":15,"ClientId":0,"UnitId":3982,"UnitName":null,"Notes":"","AddressId":0,"Parts":[{"IsMatched":true,"ModelNumber":"ACM1000","SerialNumber":"ACS1000","UnitType":"Packaged","ManufactureDate":"\/Date(1312156800000)\/","ManufactureBrand":null,"UnitTon":null,"Refrigerant":null,"ElectricalService":null,"MaxBreaker":null,"Compressor":null,"Capacitor":null,"Contactor":null,"Filterdryer":null,"Defrostboard":null,"Relay":null,"TXVValve":null,"ReversingValve":null,"BlowerMotor":null,"Condensingfanmotor":null,"Inducerdraftmotor":null,"Transformer":null,"Controlboard":null,"Limitswitch":null,"Ignitor":null,"Gasvalve":null,"Pressureswitch":null,"Flamesensor":null,"Rolloutsensor":null,"Doorswitch":null,"Ignitioncontrolboard":null,"CoilCleaner":null,"Misc":null,"OptionalInformation":{"QuantityOfFilter":0,"Filters":[],"QuantityOfFuses":0,"FuseTypes":[],"BoosterTypes":null}}]}}]}

2016-11-10 15:30:03.1766|INFO|api.Helpers.NLogger|JSON
Method: POST
URL: http://192.168.1.119:6987/v1/employee/UpdateUnitDetails
Controller : api.Controllers.EmployeeController
Action : UpdateUnitDetails
Action Parameters : {"messageFormat":"JSON","messageArguments":[{"request":{"EmployeeId":7,"ClientId":0,"UnitId":1371,"UnitName":null,"Notes":"","AddressId":0,"Parts":[{"IsMatched":true,"ModelNumber":"acm1000 ","SerialNumber":"hshsvvs","UnitType":"Packaged","ManufactureDate":"\/Date(1288616400000)\/","ManufactureBrand":null,"UnitTon":null,"Refrigerant":null,"ElectricalService":null,"MaxBreaker":null,"Compressor":null,"Capacitor":null,"Contactor":null,"Filterdryer":null,"Defrostboard":null,"Relay":null,"TXVValve":null,"ReversingValve":null,"BlowerMotor":null,"Condensingfanmotor":null,"Inducerdraftmotor":null,"Transformer":null,"Controlboard":null,"Limitswitch":null,"Ignitor":null,"Gasvalve":null,"Pressureswitch":null,"Flamesensor":null,"Rolloutsensor":null,"Doorswitch":null,"Ignitioncontrolboard":null,"CoilCleaner":null,"Misc":null,"OptionalInformation":{"QuantityOfFilter":0,"Filters":[],"QuantityOfFuses":0,"FuseTypes":[],"BoosterTypes":null}}]}}]}

2016-11-10 15:32:02.4076|INFO|api.Helpers.NLogger|JSON
Method: POST
URL: http://192.168.1.119:6987/v1/employee/UpdateUnitDetails
Controller : api.Controllers.EmployeeController
Action : UpdateUnitDetails
Action Parameters : {"messageFormat":"JSON","messageArguments":[{"request":{"EmployeeId":7,"ClientId":0,"UnitId":1371,"UnitName":null,"Notes":"","AddressId":0,"Parts":[{"IsMatched":true,"ModelNumber":"acm1000","SerialNumber":"hshsvvs","UnitType":"Packaged","ManufactureDate":"\/Date(1320152400000)\/","ManufactureBrand":null,"UnitTon":null,"Refrigerant":null,"ElectricalService":null,"MaxBreaker":null,"Compressor":null,"Capacitor":null,"Contactor":null,"Filterdryer":null,"Defrostboard":null,"Relay":null,"TXVValve":null,"ReversingValve":null,"BlowerMotor":null,"Condensingfanmotor":null,"Inducerdraftmotor":null,"Transformer":null,"Controlboard":null,"Limitswitch":null,"Ignitor":null,"Gasvalve":null,"Pressureswitch":null,"Flamesensor":null,"Rolloutsensor":null,"Doorswitch":null,"Ignitioncontrolboard":null,"CoilCleaner":null,"Misc":null,"OptionalInformation":{"QuantityOfFilter":0,"Filters":[],"QuantityOfFuses":0,"FuseTypes":[],"BoosterTypes":null}}]}}]}

2016-11-10 16:03:29.7100|INFO|api.Helpers.NLogger|JSON
Method: POST
URL: http://192.168.1.119:6987/v1/employee/GetServiceUnitDetails
Controller : api.Controllers.EmployeeController
Action : GetServiceUnitDetails
Action Parameters : {"messageFormat":"JSON","messageArguments":[{"request":{"NotificationId":0,"EmployeeId":15,"SalesVisitRequestId":0,"Month":0,"Year":0,"Day":0,"ServiceId":0,"ReportId":0,"UnitId":3982,"Latitude":null,"Longitude":null,"SearchTerm":null,"PageId":0,"LastCallDateTime":null,"PageNumber":null,"pageSize":0,"OrderId":0,"StatDate":null,"EndDate":null,"DeviceType":null,"DeviceToken":null,"ClientEmails":null}}]}

