2017-05-23 15:29:36.0109|INFO|api.Helpers.NLogger|JSON
Method: POST
URL: http://192.168.1.124:8989/api/v1/employee/GetDashBoardMonthDayWiseServiceList
Controller : api.Controllers.EmployeeController
Action : GetDashBoardMonthDayWiseServiceList
Action Parameters : {"messageFormat":"JSON","messageArguments":[{"request":{"NotificationId":0,"EmployeeId":12,"SalesVisitRequestId":0,"Month":5,"Year":2017,"Day":23,"ServiceId":0,"ReportId":0,"UnitId":0,"Latitude":null,"Longitude":null,"SearchTerm":null,"PageId":0,"LastCallDateTime":null,"PageNumber":null,"pageSize":0,"OrderId":0,"StatDate":null,"EndDate":null,"DeviceType":null,"DeviceToken":null,"ClientEmails":null,"CCEmail":null}}]}

2017-05-23 15:29:36.0109|INFO|api.Helpers.NLogger|JSON
Method: POST
URL: http://192.168.1.124:8989/api/v1/employee/GetDashBoardMonthWiseServiceCount
Controller : api.Controllers.EmployeeController
Action : GetDashBoardMonthWiseServiceCount
Action Parameters : {"messageFormat":"JSON","messageArguments":[{"request":{"NotificationId":0,"EmployeeId":12,"SalesVisitRequestId":0,"Month":5,"Year":2017,"Day":0,"ServiceId":0,"ReportId":0,"UnitId":0,"Latitude":null,"Longitude":null,"SearchTerm":null,"PageId":0,"LastCallDateTime":null,"PageNumber":null,"pageSize":0,"OrderId":0,"StatDate":null,"EndDate":null,"DeviceType":null,"DeviceToken":null,"ClientEmails":null,"CCEmail":null}}]}

2017-05-23 15:29:36.0109|INFO|api.Helpers.NLogger|JSON
Method: POST
URL: http://192.168.1.124:8989/api/v1/employee/UpdateEmployeeLocation
Controller : api.Controllers.EmployeeController
Action : UpdateEmployeeLocation
Action Parameters : {"messageFormat":"JSON","messageArguments":[{"request":{"NotificationId":0,"EmployeeId":12,"SalesVisitRequestId":0,"Month":0,"Year":0,"Day":0,"ServiceId":0,"ReportId":0,"UnitId":0,"Latitude":37.78583400,"Longitude":-122.40641700,"SearchTerm":null,"PageId":0,"LastCallDateTime":null,"PageNumber":null,"pageSize":0,"OrderId":0,"StatDate":null,"EndDate":null,"DeviceType":null,"DeviceToken":null,"ClientEmails":null,"CCEmail":null}}]}

2017-05-23 15:29:42.5719|INFO|api.Helpers.NLogger|JSON
Method: POST
URL: http://192.168.1.124:8989/api/v1/employee/logout
Controller : api.Controllers.EmployeeController
Action : logout
Action Parameters : {"messageFormat":"JSON","messageArguments":[{"request":{"NotificationId":0,"EmployeeId":12,"SalesVisitRequestId":0,"Month":0,"Year":0,"Day":0,"ServiceId":0,"ReportId":0,"UnitId":0,"Latitude":null,"Longitude":null,"SearchTerm":null,"PageId":0,"LastCallDateTime":null,"PageNumber":null,"pageSize":0,"OrderId":0,"StatDate":null,"EndDate":null,"DeviceType":null,"DeviceToken":null,"ClientEmails":null,"CCEmail":null}}]}

2017-05-23 15:30:00.4871|INFO|api.Helpers.NLogger|JSON
Method: POST
URL: http://192.168.1.124:8989/api/v1/employee/login
Controller : api.Controllers.EmployeeController
Action : Login
Action Parameters : {"messageFormat":"JSON","messageArguments":[{"model":{"Email":"itesting.demo@gmail.com","Password":"7f2765757d527eaeeb14fb706039bac7","DeviceType":"iPhone","DeviceToken":"","Latitude":37.78583400,"Longitude":-122.40641700}}]}

2017-05-23 15:30:02.5355|INFO|api.Helpers.NLogger|JSON
Method: POST
URL: http://192.168.1.124:8989/api/v1/employee/GetDashBoardMonthWiseServiceCount
Controller : api.Controllers.EmployeeController
Action : GetDashBoardMonthWiseServiceCount
Action Parameters : {"messageFormat":"JSON","messageArguments":[{"request":{"NotificationId":0,"EmployeeId":12,"SalesVisitRequestId":0,"Month":5,"Year":2017,"Day":0,"ServiceId":0,"ReportId":0,"UnitId":0,"Latitude":null,"Longitude":null,"SearchTerm":null,"PageId":0,"LastCallDateTime":null,"PageNumber":null,"pageSize":0,"OrderId":0,"StatDate":null,"EndDate":null,"DeviceType":null,"DeviceToken":null,"ClientEmails":null,"CCEmail":null}}]}

2017-05-23 15:30:02.5355|INFO|api.Helpers.NLogger|JSON
Method: POST
URL: http://192.168.1.124:8989/api/v1/employee/GetDashBoardMonthDayWiseServiceList
Controller : api.Controllers.EmployeeController
Action : GetDashBoardMonthDayWiseServiceList
Action Parameters : {"messageFormat":"JSON","messageArguments":[{"request":{"NotificationId":0,"EmployeeId":12,"SalesVisitRequestId":0,"Month":5,"Year":2017,"Day":23,"ServiceId":0,"ReportId":0,"UnitId":0,"Latitude":null,"Longitude":null,"SearchTerm":null,"PageId":0,"LastCallDateTime":null,"PageNumber":null,"pageSize":0,"OrderId":0,"StatDate":null,"EndDate":null,"DeviceType":null,"DeviceToken":null,"ClientEmails":null,"CCEmail":null}}]}

2017-05-23 15:30:05.0201|INFO|api.Helpers.NLogger|JSON
Method: POST
URL: http://192.168.1.124:8989/api/v1/employee/GetDashBoardMonthDayWiseServiceList
Controller : api.Controllers.EmployeeController
Action : GetDashBoardMonthDayWiseServiceList
Action Parameters : {"messageFormat":"JSON","messageArguments":[{"request":{"NotificationId":0,"EmployeeId":12,"SalesVisitRequestId":0,"Month":5,"Year":2017,"Day":25,"ServiceId":0,"ReportId":0,"UnitId":0,"Latitude":null,"Longitude":null,"SearchTerm":null,"PageId":0,"LastCallDateTime":null,"PageNumber":null,"pageSize":0,"OrderId":0,"StatDate":null,"EndDate":null,"DeviceType":null,"DeviceToken":null,"ClientEmails":null,"CCEmail":null}}]}

2017-05-23 15:30:07.0427|INFO|api.Helpers.NLogger|JSON
Method: POST
URL: http://192.168.1.124:8989/api/v1/employee/GetServiceDetails
Controller : api.Controllers.EmployeeController
Action : GetServiceDetails
Action Parameters : {"messageFormat":"JSON","messageArguments":[{"request":{"NotificationId":0,"EmployeeId":12,"SalesVisitRequestId":0,"Month":0,"Year":0,"Day":0,"ServiceId":10093,"ReportId":0,"UnitId":0,"Latitude":null,"Longitude":null,"SearchTerm":null,"PageId":0,"LastCallDateTime":null,"PageNumber":null,"pageSize":0,"OrderId":0,"StatDate":null,"EndDate":null,"DeviceType":null,"DeviceToken":null,"ClientEmails":null,"CCEmail":null}}]}

2017-05-23 15:30:09.0657|INFO|api.Helpers.NLogger|JSON
Method: POST
URL: http://192.168.1.124:8989/api/v1/employee/GetDashBoardMonthWiseServiceCount
Controller : api.Controllers.EmployeeController
Action : GetDashBoardMonthWiseServiceCount
Action Parameters : {"messageFormat":"JSON","messageArguments":[{"request":{"NotificationId":0,"EmployeeId":12,"SalesVisitRequestId":0,"Month":5,"Year":2017,"Day":0,"ServiceId":0,"ReportId":0,"UnitId":0,"Latitude":null,"Longitude":null,"SearchTerm":null,"PageId":0,"LastCallDateTime":null,"PageNumber":null,"pageSize":0,"OrderId":0,"StatDate":null,"EndDate":null,"DeviceType":null,"DeviceToken":null,"ClientEmails":null,"CCEmail":null}}]}

2017-05-23 15:30:09.0657|INFO|api.Helpers.NLogger|JSON
Method: POST
URL: http://192.168.1.124:8989/api/v1/employee/GetDashBoardMonthDayWiseServiceList
Controller : api.Controllers.EmployeeController
Action : GetDashBoardMonthDayWiseServiceList
Action Parameters : {"messageFormat":"JSON","messageArguments":[{"request":{"NotificationId":0,"EmployeeId":12,"SalesVisitRequestId":0,"Month":5,"Year":2017,"Day":23,"ServiceId":0,"ReportId":0,"UnitId":0,"Latitude":null,"Longitude":null,"SearchTerm":null,"PageId":0,"LastCallDateTime":null,"PageNumber":null,"pageSize":0,"OrderId":0,"StatDate":null,"EndDate":null,"DeviceType":null,"DeviceToken":null,"ClientEmails":null,"CCEmail":null}}]}

2017-05-23 15:30:10.0641|INFO|api.Helpers.NLogger|JSON
Method: POST
URL: http://192.168.1.124:8989/api/v1/employee/GetDashBoardMonthWiseServiceCount
Controller : api.Controllers.EmployeeController
Action : GetDashBoardMonthWiseServiceCount
Action Parameters : {"messageFormat":"JSON","messageArguments":[{"request":{"NotificationId":0,"EmployeeId":12,"SalesVisitRequestId":0,"Month":5,"Year":2017,"Day":0,"ServiceId":0,"ReportId":0,"UnitId":0,"Latitude":null,"Longitude":null,"SearchTerm":null,"PageId":0,"LastCallDateTime":null,"PageNumber":null,"pageSize":0,"OrderId":0,"StatDate":null,"EndDate":null,"DeviceType":null,"DeviceToken":null,"ClientEmails":null,"CCEmail":null}}]}

2017-05-23 15:30:10.7949|INFO|api.Helpers.NLogger|JSON
Method: POST
URL: http://192.168.1.124:8989/api/v1/employee/GetDashBoardMonthWiseServiceCount
Controller : api.Controllers.EmployeeController
Action : GetDashBoardMonthWiseServiceCount
Action Parameters : {"messageFormat":"JSON","messageArguments":[{"request":{"NotificationId":0,"EmployeeId":12,"SalesVisitRequestId":0,"Month":6,"Year":2017,"Day":0,"ServiceId":0,"ReportId":0,"UnitId":0,"Latitude":null,"Longitude":null,"SearchTerm":null,"PageId":0,"LastCallDateTime":null,"PageNumber":null,"pageSize":0,"OrderId":0,"StatDate":null,"EndDate":null,"DeviceType":null,"DeviceToken":null,"ClientEmails":null,"CCEmail":null}}]}

2017-05-23 15:30:11.2651|INFO|api.Helpers.NLogger|JSON
Method: POST
URL: http://192.168.1.124:8989/api/v1/employee/GetDashBoardMonthWiseServiceCount
Controller : api.Controllers.EmployeeController
Action : GetDashBoardMonthWiseServiceCount
Action Parameters : {"messageFormat":"JSON","messageArguments":[{"request":{"NotificationId":0,"EmployeeId":12,"SalesVisitRequestId":0,"Month":6,"Year":2017,"Day":0,"ServiceId":0,"ReportId":0,"UnitId":0,"Latitude":null,"Longitude":null,"SearchTerm":null,"PageId":0,"LastCallDateTime":null,"PageNumber":null,"pageSize":0,"OrderId":0,"StatDate":null,"EndDate":null,"DeviceType":null,"DeviceToken":null,"ClientEmails":null,"CCEmail":null}}]}

2017-05-23 15:30:11.6493|INFO|api.Helpers.NLogger|JSON
Method: POST
URL: http://192.168.1.124:8989/api/v1/employee/GetDashBoardMonthWiseServiceCount
Controller : api.Controllers.EmployeeController
Action : GetDashBoardMonthWiseServiceCount
Action Parameters : {"messageFormat":"JSON","messageArguments":[{"request":{"NotificationId":0,"EmployeeId":12,"SalesVisitRequestId":0,"Month":6,"Year":2017,"Day":0,"ServiceId":0,"ReportId":0,"UnitId":0,"Latitude":null,"Longitude":null,"SearchTerm":null,"PageId":0,"LastCallDateTime":null,"PageNumber":null,"pageSize":0,"OrderId":0,"StatDate":null,"EndDate":null,"DeviceType":null,"DeviceToken":null,"ClientEmails":null,"CCEmail":null}}]}

2017-05-23 15:30:12.0009|INFO|api.Helpers.NLogger|JSON
Method: POST
URL: http://192.168.1.124:8989/api/v1/employee/GetDashBoardMonthWiseServiceCount
Controller : api.Controllers.EmployeeController
Action : GetDashBoardMonthWiseServiceCount
Action Parameters : {"messageFormat":"JSON","messageArguments":[{"request":{"NotificationId":0,"EmployeeId":12,"SalesVisitRequestId":0,"Month":6,"Year":2017,"Day":0,"ServiceId":0,"ReportId":0,"UnitId":0,"Latitude":null,"Longitude":null,"SearchTerm":null,"PageId":0,"LastCallDateTime":null,"PageNumber":null,"pageSize":0,"OrderId":0,"StatDate":null,"EndDate":null,"DeviceType":null,"DeviceToken":null,"ClientEmails":null,"CCEmail":null}}]}

2017-05-23 15:30:12.3576|INFO|api.Helpers.NLogger|JSON
Method: POST
URL: http://192.168.1.124:8989/api/v1/employee/GetDashBoardMonthWiseServiceCount
Controller : api.Controllers.EmployeeController
Action : GetDashBoardMonthWiseServiceCount
Action Parameters : {"messageFormat":"JSON","messageArguments":[{"request":{"NotificationId":0,"EmployeeId":12,"SalesVisitRequestId":0,"Month":7,"Year":2017,"Day":0,"ServiceId":0,"ReportId":0,"UnitId":0,"Latitude":null,"Longitude":null,"SearchTerm":null,"PageId":0,"LastCallDateTime":null,"PageNumber":null,"pageSize":0,"OrderId":0,"StatDate":null,"EndDate":null,"DeviceType":null,"DeviceToken":null,"ClientEmails":null,"CCEmail":null}}]}

2017-05-23 15:30:12.6853|INFO|api.Helpers.NLogger|JSON
Method: POST
URL: http://192.168.1.124:8989/api/v1/employee/GetDashBoardMonthWiseServiceCount
Controller : api.Controllers.EmployeeController
Action : GetDashBoardMonthWiseServiceCount
Action Parameters : {"messageFormat":"JSON","messageArguments":[{"request":{"NotificationId":0,"EmployeeId":12,"SalesVisitRequestId":0,"Month":7,"Year":2017,"Day":0,"ServiceId":0,"ReportId":0,"UnitId":0,"Latitude":null,"Longitude":null,"SearchTerm":null,"PageId":0,"LastCallDateTime":null,"PageNumber":null,"pageSize":0,"OrderId":0,"StatDate":null,"EndDate":null,"DeviceType":null,"DeviceToken":null,"ClientEmails":null,"CCEmail":null}}]}

2017-05-23 15:30:13.0536|INFO|api.Helpers.NLogger|JSON
Method: POST
URL: http://192.168.1.124:8989/api/v1/employee/GetDashBoardMonthWiseServiceCount
Controller : api.Controllers.EmployeeController
Action : GetDashBoardMonthWiseServiceCount
Action Parameters : {"messageFormat":"JSON","messageArguments":[{"request":{"NotificationId":0,"EmployeeId":12,"SalesVisitRequestId":0,"Month":7,"Year":2017,"Day":0,"ServiceId":0,"ReportId":0,"UnitId":0,"Latitude":null,"Longitude":null,"SearchTerm":null,"PageId":0,"LastCallDateTime":null,"PageNumber":null,"pageSize":0,"OrderId":0,"StatDate":null,"EndDate":null,"DeviceType":null,"DeviceToken":null,"ClientEmails":null,"CCEmail":null}}]}

2017-05-23 15:30:13.3483|INFO|api.Helpers.NLogger|JSON
Method: POST
URL: http://192.168.1.124:8989/api/v1/employee/GetDashBoardMonthWiseServiceCount
Controller : api.Controllers.EmployeeController
Action : GetDashBoardMonthWiseServiceCount
Action Parameters : {"messageFormat":"JSON","messageArguments":[{"request":{"NotificationId":0,"EmployeeId":12,"SalesVisitRequestId":0,"Month":7,"Year":2017,"Day":0,"ServiceId":0,"ReportId":0,"UnitId":0,"Latitude":null,"Longitude":null,"SearchTerm":null,"PageId":0,"LastCallDateTime":null,"PageNumber":null,"pageSize":0,"OrderId":0,"StatDate":null,"EndDate":null,"DeviceType":null,"DeviceToken":null,"ClientEmails":null,"CCEmail":null}}]}

2017-05-23 15:30:13.6647|INFO|api.Helpers.NLogger|JSON
Method: POST
URL: http://192.168.1.124:8989/api/v1/employee/GetDashBoardMonthWiseServiceCount
Controller : api.Controllers.EmployeeController
Action : GetDashBoardMonthWiseServiceCount
Action Parameters : {"messageFormat":"JSON","messageArguments":[{"request":{"NotificationId":0,"EmployeeId":12,"SalesVisitRequestId":0,"Month":7,"Year":2017,"Day":0,"ServiceId":0,"ReportId":0,"UnitId":0,"Latitude":null,"Longitude":null,"SearchTerm":null,"PageId":0,"LastCallDateTime":null,"PageNumber":null,"pageSize":0,"OrderId":0,"StatDate":null,"EndDate":null,"DeviceType":null,"DeviceToken":null,"ClientEmails":null,"CCEmail":null}}]}

2017-05-23 15:30:14.0327|INFO|api.Helpers.NLogger|JSON
Method: POST
URL: http://192.168.1.124:8989/api/v1/employee/GetDashBoardMonthWiseServiceCount
Controller : api.Controllers.EmployeeController
Action : GetDashBoardMonthWiseServiceCount
Action Parameters : {"messageFormat":"JSON","messageArguments":[{"request":{"NotificationId":0,"EmployeeId":12,"SalesVisitRequestId":0,"Month":8,"Year":2017,"Day":0,"ServiceId":0,"ReportId":0,"UnitId":0,"Latitude":null,"Longitude":null,"SearchTerm":null,"PageId":0,"LastCallDateTime":null,"PageNumber":null,"pageSize":0,"OrderId":0,"StatDate":null,"EndDate":null,"DeviceType":null,"DeviceToken":null,"ClientEmails":null,"CCEmail":null}}]}

2017-05-23 15:30:14.3251|INFO|api.Helpers.NLogger|JSON
Method: POST
URL: http://192.168.1.124:8989/api/v1/employee/GetDashBoardMonthWiseServiceCount
Controller : api.Controllers.EmployeeController
Action : GetDashBoardMonthWiseServiceCount
Action Parameters : {"messageFormat":"JSON","messageArguments":[{"request":{"NotificationId":0,"EmployeeId":12,"SalesVisitRequestId":0,"Month":8,"Year":2017,"Day":0,"ServiceId":0,"ReportId":0,"UnitId":0,"Latitude":null,"Longitude":null,"SearchTerm":null,"PageId":0,"LastCallDateTime":null,"PageNumber":null,"pageSize":0,"OrderId":0,"StatDate":null,"EndDate":null,"DeviceType":null,"DeviceToken":null,"ClientEmails":null,"CCEmail":null}}]}

2017-05-23 15:30:14.7537|INFO|api.Helpers.NLogger|JSON
Method: POST
URL: http://192.168.1.124:8989/api/v1/employee/GetDashBoardMonthWiseServiceCount
Controller : api.Controllers.EmployeeController
Action : GetDashBoardMonthWiseServiceCount
Action Parameters : {"messageFormat":"JSON","messageArguments":[{"request":{"NotificationId":0,"EmployeeId":12,"SalesVisitRequestId":0,"Month":8,"Year":2017,"Day":0,"ServiceId":0,"ReportId":0,"UnitId":0,"Latitude":null,"Longitude":null,"SearchTerm":null,"PageId":0,"LastCallDateTime":null,"PageNumber":null,"pageSize":0,"OrderId":0,"StatDate":null,"EndDate":null,"DeviceType":null,"DeviceToken":null,"ClientEmails":null,"CCEmail":null}}]}

2017-05-23 15:30:15.3720|INFO|api.Helpers.NLogger|JSON
Method: POST
URL: http://192.168.1.124:8989/api/v1/employee/GetDashBoardMonthWiseServiceCount
Controller : api.Controllers.EmployeeController
Action : GetDashBoardMonthWiseServiceCount
Action Parameters : {"messageFormat":"JSON","messageArguments":[{"request":{"NotificationId":0,"EmployeeId":12,"SalesVisitRequestId":0,"Month":7,"Year":2017,"Day":0,"ServiceId":0,"ReportId":0,"UnitId":0,"Latitude":null,"Longitude":null,"SearchTerm":null,"PageId":0,"LastCallDateTime":null,"PageNumber":null,"pageSize":0,"OrderId":0,"StatDate":null,"EndDate":null,"DeviceType":null,"DeviceToken":null,"ClientEmails":null,"CCEmail":null}}]}

2017-05-23 15:30:15.7207|INFO|api.Helpers.NLogger|JSON
Method: POST
URL: http://192.168.1.124:8989/api/v1/employee/GetDashBoardMonthWiseServiceCount
Controller : api.Controllers.EmployeeController
Action : GetDashBoardMonthWiseServiceCount
Action Parameters : {"messageFormat":"JSON","messageArguments":[{"request":{"NotificationId":0,"EmployeeId":12,"SalesVisitRequestId":0,"Month":7,"Year":2017,"Day":0,"ServiceId":0,"ReportId":0,"UnitId":0,"Latitude":null,"Longitude":null,"SearchTerm":null,"PageId":0,"LastCallDateTime":null,"PageNumber":null,"pageSize":0,"OrderId":0,"StatDate":null,"EndDate":null,"DeviceType":null,"DeviceToken":null,"ClientEmails":null,"CCEmail":null}}]}

2017-05-23 15:30:16.0482|INFO|api.Helpers.NLogger|JSON
Method: POST
URL: http://192.168.1.124:8989/api/v1/employee/GetDashBoardMonthWiseServiceCount
Controller : api.Controllers.EmployeeController
Action : GetDashBoardMonthWiseServiceCount
Action Parameters : {"messageFormat":"JSON","messageArguments":[{"request":{"NotificationId":0,"EmployeeId":12,"SalesVisitRequestId":0,"Month":7,"Year":2017,"Day":0,"ServiceId":0,"ReportId":0,"UnitId":0,"Latitude":null,"Longitude":null,"SearchTerm":null,"PageId":0,"LastCallDateTime":null,"PageNumber":null,"pageSize":0,"OrderId":0,"StatDate":null,"EndDate":null,"DeviceType":null,"DeviceToken":null,"ClientEmails":null,"CCEmail":null}}]}

2017-05-23 15:30:16.4302|INFO|api.Helpers.NLogger|JSON
Method: POST
URL: http://192.168.1.124:8989/api/v1/employee/GetDashBoardMonthWiseServiceCount
Controller : api.Controllers.EmployeeController
Action : GetDashBoardMonthWiseServiceCount
Action Parameters : {"messageFormat":"JSON","messageArguments":[{"request":{"NotificationId":0,"EmployeeId":12,"SalesVisitRequestId":0,"Month":7,"Year":2017,"Day":0,"ServiceId":0,"ReportId":0,"UnitId":0,"Latitude":null,"Longitude":null,"SearchTerm":null,"PageId":0,"LastCallDateTime":null,"PageNumber":null,"pageSize":0,"OrderId":0,"StatDate":null,"EndDate":null,"DeviceType":null,"DeviceToken":null,"ClientEmails":null,"CCEmail":null}}]}

2017-05-23 15:30:16.8131|INFO|api.Helpers.NLogger|JSON
Method: POST
URL: http://192.168.1.124:8989/api/v1/employee/GetDashBoardMonthWiseServiceCount
Controller : api.Controllers.EmployeeController
Action : GetDashBoardMonthWiseServiceCount
Action Parameters : {"messageFormat":"JSON","messageArguments":[{"request":{"NotificationId":0,"EmployeeId":12,"SalesVisitRequestId":0,"Month":7,"Year":2017,"Day":0,"ServiceId":0,"ReportId":0,"UnitId":0,"Latitude":null,"Longitude":null,"SearchTerm":null,"PageId":0,"LastCallDateTime":null,"PageNumber":null,"pageSize":0,"OrderId":0,"StatDate":null,"EndDate":null,"DeviceType":null,"DeviceToken":null,"ClientEmails":null,"CCEmail":null}}]}

2017-05-23 15:30:17.5678|INFO|api.Helpers.NLogger|JSON
Method: POST
URL: http://192.168.1.124:8989/api/v1/employee/GetDashBoardMonthWiseServiceCount
Controller : api.Controllers.EmployeeController
Action : GetDashBoardMonthWiseServiceCount
Action Parameters : {"messageFormat":"JSON","messageArguments":[{"request":{"NotificationId":0,"EmployeeId":12,"SalesVisitRequestId":0,"Month":6,"Year":2017,"Day":0,"ServiceId":0,"ReportId":0,"UnitId":0,"Latitude":null,"Longitude":null,"SearchTerm":null,"PageId":0,"LastCallDateTime":null,"PageNumber":null,"pageSize":0,"OrderId":0,"StatDate":null,"EndDate":null,"DeviceType":null,"DeviceToken":null,"ClientEmails":null,"CCEmail":null}}]}

2017-05-23 15:30:17.9258|INFO|api.Helpers.NLogger|JSON
Method: POST
URL: http://192.168.1.124:8989/api/v1/employee/GetDashBoardMonthWiseServiceCount
Controller : api.Controllers.EmployeeController
Action : GetDashBoardMonthWiseServiceCount
Action Parameters : {"messageFormat":"JSON","messageArguments":[{"request":{"NotificationId":0,"EmployeeId":12,"SalesVisitRequestId":0,"Month":6,"Year":2017,"Day":0,"ServiceId":0,"ReportId":0,"UnitId":0,"Latitude":null,"Longitude":null,"SearchTerm":null,"PageId":0,"LastCallDateTime":null,"PageNumber":null,"pageSize":0,"OrderId":0,"StatDate":null,"EndDate":null,"DeviceType":null,"DeviceToken":null,"ClientEmails":null,"CCEmail":null}}]}

2017-05-23 15:30:18.2959|INFO|api.Helpers.NLogger|JSON
Method: POST
URL: http://192.168.1.124:8989/api/v1/employee/GetDashBoardMonthWiseServiceCount
Controller : api.Controllers.EmployeeController
Action : GetDashBoardMonthWiseServiceCount
Action Parameters : {"messageFormat":"JSON","messageArguments":[{"request":{"NotificationId":0,"EmployeeId":12,"SalesVisitRequestId":0,"Month":6,"Year":2017,"Day":0,"ServiceId":0,"ReportId":0,"UnitId":0,"Latitude":null,"Longitude":null,"SearchTerm":null,"PageId":0,"LastCallDateTime":null,"PageNumber":null,"pageSize":0,"OrderId":0,"StatDate":null,"EndDate":null,"DeviceType":null,"DeviceToken":null,"ClientEmails":null,"CCEmail":null}}]}

2017-05-23 15:30:18.7143|INFO|api.Helpers.NLogger|JSON
Method: POST
URL: http://192.168.1.124:8989/api/v1/employee/GetDashBoardMonthWiseServiceCount
Controller : api.Controllers.EmployeeController
Action : GetDashBoardMonthWiseServiceCount
Action Parameters : {"messageFormat":"JSON","messageArguments":[{"request":{"NotificationId":0,"EmployeeId":12,"SalesVisitRequestId":0,"Month":6,"Year":2017,"Day":0,"ServiceId":0,"ReportId":0,"UnitId":0,"Latitude":null,"Longitude":null,"SearchTerm":null,"PageId":0,"LastCallDateTime":null,"PageNumber":null,"pageSize":0,"OrderId":0,"StatDate":null,"EndDate":null,"DeviceType":null,"DeviceToken":null,"ClientEmails":null,"CCEmail":null}}]}

2017-05-23 15:30:19.0848|INFO|api.Helpers.NLogger|JSON
Method: POST
URL: http://192.168.1.124:8989/api/v1/employee/GetDashBoardMonthWiseServiceCount
Controller : api.Controllers.EmployeeController
Action : GetDashBoardMonthWiseServiceCount
Action Parameters : {"messageFormat":"JSON","messageArguments":[{"request":{"NotificationId":0,"EmployeeId":12,"SalesVisitRequestId":0,"Month":5,"Year":2017,"Day":0,"ServiceId":0,"ReportId":0,"UnitId":0,"Latitude":null,"Longitude":null,"SearchTerm":null,"PageId":0,"LastCallDateTime":null,"PageNumber":null,"pageSize":0,"OrderId":0,"StatDate":null,"EndDate":null,"DeviceType":null,"DeviceToken":null,"ClientEmails":null,"CCEmail":null}}]}

2017-05-23 15:30:19.4909|INFO|api.Helpers.NLogger|JSON
Method: POST
URL: http://192.168.1.124:8989/api/v1/employee/GetDashBoardMonthWiseServiceCount
Controller : api.Controllers.EmployeeController
Action : GetDashBoardMonthWiseServiceCount
Action Parameters : {"messageFormat":"JSON","messageArguments":[{"request":{"NotificationId":0,"EmployeeId":12,"SalesVisitRequestId":0,"Month":5,"Year":2017,"Day":0,"ServiceId":0,"ReportId":0,"UnitId":0,"Latitude":null,"Longitude":null,"SearchTerm":null,"PageId":0,"LastCallDateTime":null,"PageNumber":null,"pageSize":0,"OrderId":0,"StatDate":null,"EndDate":null,"DeviceType":null,"DeviceToken":null,"ClientEmails":null,"CCEmail":null}}]}

2017-05-23 15:30:20.2681|INFO|api.Helpers.NLogger|JSON
Method: POST
URL: http://192.168.1.124:8989/api/v1/employee/GetDashBoardMonthDayWiseServiceList
Controller : api.Controllers.EmployeeController
Action : GetDashBoardMonthDayWiseServiceList
Action Parameters : {"messageFormat":"JSON","messageArguments":[{"request":{"NotificationId":0,"EmployeeId":12,"SalesVisitRequestId":0,"Month":5,"Year":2017,"Day":26,"ServiceId":0,"ReportId":0,"UnitId":0,"Latitude":null,"Longitude":null,"SearchTerm":null,"PageId":0,"LastCallDateTime":null,"PageNumber":null,"pageSize":0,"OrderId":0,"StatDate":null,"EndDate":null,"DeviceType":null,"DeviceToken":null,"ClientEmails":null,"CCEmail":null}}]}

2017-05-23 15:30:21.1802|INFO|api.Helpers.NLogger|JSON
Method: POST
URL: http://192.168.1.124:8989/api/v1/employee/GetServiceDetails
Controller : api.Controllers.EmployeeController
Action : GetServiceDetails
Action Parameters : {"messageFormat":"JSON","messageArguments":[{"request":{"NotificationId":0,"EmployeeId":12,"SalesVisitRequestId":0,"Month":0,"Year":0,"Day":0,"ServiceId":10136,"ReportId":0,"UnitId":0,"Latitude":null,"Longitude":null,"SearchTerm":null,"PageId":0,"LastCallDateTime":null,"PageNumber":null,"pageSize":0,"OrderId":0,"StatDate":null,"EndDate":null,"DeviceType":null,"DeviceToken":null,"ClientEmails":null,"CCEmail":null}}]}

2017-05-23 15:36:34.4701|INFO|api.Helpers.NLogger|JSON
Method: POST
URL: http://192.168.1.124:8989/api/v1/employee/GetDashBoardMonthDayWiseServiceList
Controller : api.Controllers.EmployeeController
Action : GetDashBoardMonthDayWiseServiceList
Action Parameters : {"messageFormat":"JSON","messageArguments":[{"request":{"NotificationId":0,"EmployeeId":12,"SalesVisitRequestId":0,"Month":5,"Year":2017,"Day":23,"ServiceId":0,"ReportId":0,"UnitId":0,"Latitude":null,"Longitude":null,"SearchTerm":null,"PageId":0,"LastCallDateTime":null,"PageNumber":null,"pageSize":0,"OrderId":0,"StatDate":null,"EndDate":null,"DeviceType":null,"DeviceToken":null,"ClientEmails":null,"CCEmail":null}}]}

2017-05-23 15:36:34.4701|INFO|api.Helpers.NLogger|JSON
Method: POST
URL: http://192.168.1.124:8989/api/v1/employee/UpdateEmployeeLocation
Controller : api.Controllers.EmployeeController
Action : UpdateEmployeeLocation
Action Parameters : {"messageFormat":"JSON","messageArguments":[{"request":{"NotificationId":0,"EmployeeId":12,"SalesVisitRequestId":0,"Month":0,"Year":0,"Day":0,"ServiceId":0,"ReportId":0,"UnitId":0,"Latitude":37.78583400,"Longitude":-122.40641700,"SearchTerm":null,"PageId":0,"LastCallDateTime":null,"PageNumber":null,"pageSize":0,"OrderId":0,"StatDate":null,"EndDate":null,"DeviceType":null,"DeviceToken":null,"ClientEmails":null,"CCEmail":null}}]}

2017-05-23 15:36:37.4653|INFO|api.Helpers.NLogger|JSON
Method: POST
URL: http://192.168.1.124:8989/api/v1/employee/GetDashBoardMonthWiseServiceCount
Controller : api.Controllers.EmployeeController
Action : GetDashBoardMonthWiseServiceCount
Action Parameters : {"messageFormat":"JSON","messageArguments":[{"request":{"NotificationId":0,"EmployeeId":12,"SalesVisitRequestId":0,"Month":5,"Year":2017,"Day":0,"ServiceId":0,"ReportId":0,"UnitId":0,"Latitude":null,"Longitude":null,"SearchTerm":null,"PageId":0,"LastCallDateTime":null,"PageNumber":null,"pageSize":0,"OrderId":0,"StatDate":null,"EndDate":null,"DeviceType":null,"DeviceToken":null,"ClientEmails":null,"CCEmail":null}}]}

2017-05-23 15:36:42.7458|INFO|api.Helpers.NLogger|JSON
Method: POST
URL: http://192.168.1.124:8989/api/v1/employee/GetDashBoardMonthDayWiseServiceList
Controller : api.Controllers.EmployeeController
Action : GetDashBoardMonthDayWiseServiceList
Action Parameters : {"messageFormat":"JSON","messageArguments":[{"request":{"NotificationId":0,"EmployeeId":12,"SalesVisitRequestId":0,"Month":5,"Year":2017,"Day":26,"ServiceId":0,"ReportId":0,"UnitId":0,"Latitude":null,"Longitude":null,"SearchTerm":null,"PageId":0,"LastCallDateTime":null,"PageNumber":null,"pageSize":0,"OrderId":0,"StatDate":null,"EndDate":null,"DeviceType":null,"DeviceToken":null,"ClientEmails":null,"CCEmail":null}}]}

2017-05-23 15:36:43.8493|INFO|api.Helpers.NLogger|JSON
Method: POST
URL: http://192.168.1.124:8989/api/v1/employee/GetServiceDetails
Controller : api.Controllers.EmployeeController
Action : GetServiceDetails
Action Parameters : {"messageFormat":"JSON","messageArguments":[{"request":{"NotificationId":0,"EmployeeId":12,"SalesVisitRequestId":0,"Month":0,"Year":0,"Day":0,"ServiceId":10136,"ReportId":0,"UnitId":0,"Latitude":null,"Longitude":null,"SearchTerm":null,"PageId":0,"LastCallDateTime":null,"PageNumber":null,"pageSize":0,"OrderId":0,"StatDate":null,"EndDate":null,"DeviceType":null,"DeviceToken":null,"ClientEmails":null,"CCEmail":null}}]}

2017-05-23 15:42:51.4296|INFO|api.Helpers.NLogger|JSON
Method: POST
URL: http://192.168.1.124:8989/api/v1/employee/GetDashBoardMonthDayWiseServiceList
Controller : api.Controllers.EmployeeController
Action : GetDashBoardMonthDayWiseServiceList
Action Parameters : {"messageFormat":"JSON","messageArguments":[{"request":{"NotificationId":0,"EmployeeId":12,"SalesVisitRequestId":0,"Month":5,"Year":2017,"Day":23,"ServiceId":0,"ReportId":0,"UnitId":0,"Latitude":null,"Longitude":null,"SearchTerm":null,"PageId":0,"LastCallDateTime":null,"PageNumber":null,"pageSize":0,"OrderId":0,"StatDate":null,"EndDate":null,"DeviceType":null,"DeviceToken":null,"ClientEmails":null,"CCEmail":null}}]}

2017-05-23 15:42:51.4506|INFO|api.Helpers.NLogger|JSON
Method: POST
URL: http://192.168.1.124:8989/api/v1/employee/UpdateEmployeeLocation
Controller : api.Controllers.EmployeeController
Action : UpdateEmployeeLocation
Action Parameters : {"messageFormat":"JSON","messageArguments":[{"request":{"NotificationId":0,"EmployeeId":12,"SalesVisitRequestId":0,"Month":0,"Year":0,"Day":0,"ServiceId":0,"ReportId":0,"UnitId":0,"Latitude":37.78583400,"Longitude":-122.40641700,"SearchTerm":null,"PageId":0,"LastCallDateTime":null,"PageNumber":null,"pageSize":0,"OrderId":0,"StatDate":null,"EndDate":null,"DeviceType":null,"DeviceToken":null,"ClientEmails":null,"CCEmail":null}}]}

2017-05-23 15:42:54.4280|INFO|api.Helpers.NLogger|JSON
Method: POST
URL: http://192.168.1.124:8989/api/v1/employee/GetDashBoardMonthWiseServiceCount
Controller : api.Controllers.EmployeeController
Action : GetDashBoardMonthWiseServiceCount
Action Parameters : {"messageFormat":"JSON","messageArguments":[{"request":{"NotificationId":0,"EmployeeId":12,"SalesVisitRequestId":0,"Month":5,"Year":2017,"Day":0,"ServiceId":0,"ReportId":0,"UnitId":0,"Latitude":null,"Longitude":null,"SearchTerm":null,"PageId":0,"LastCallDateTime":null,"PageNumber":null,"pageSize":0,"OrderId":0,"StatDate":null,"EndDate":null,"DeviceType":null,"DeviceToken":null,"ClientEmails":null,"CCEmail":null}}]}

2017-05-23 15:42:57.4015|INFO|api.Helpers.NLogger|JSON
Method: POST
URL: http://192.168.1.124:8989/api/v1/employee/GetDashBoardMonthDayWiseServiceList
Controller : api.Controllers.EmployeeController
Action : GetDashBoardMonthDayWiseServiceList
Action Parameters : {"messageFormat":"JSON","messageArguments":[{"request":{"NotificationId":0,"EmployeeId":12,"SalesVisitRequestId":0,"Month":5,"Year":2017,"Day":26,"ServiceId":0,"ReportId":0,"UnitId":0,"Latitude":null,"Longitude":null,"SearchTerm":null,"PageId":0,"LastCallDateTime":null,"PageNumber":null,"pageSize":0,"OrderId":0,"StatDate":null,"EndDate":null,"DeviceType":null,"DeviceToken":null,"ClientEmails":null,"CCEmail":null}}]}

2017-05-23 15:42:58.7055|INFO|api.Helpers.NLogger|JSON
Method: POST
URL: http://192.168.1.124:8989/api/v1/employee/GetServiceDetails
Controller : api.Controllers.EmployeeController
Action : GetServiceDetails
Action Parameters : {"messageFormat":"JSON","messageArguments":[{"request":{"NotificationId":0,"EmployeeId":12,"SalesVisitRequestId":0,"Month":0,"Year":0,"Day":0,"ServiceId":10136,"ReportId":0,"UnitId":0,"Latitude":null,"Longitude":null,"SearchTerm":null,"PageId":0,"LastCallDateTime":null,"PageNumber":null,"pageSize":0,"OrderId":0,"StatDate":null,"EndDate":null,"DeviceType":null,"DeviceToken":null,"ClientEmails":null,"CCEmail":null}}]}

2017-05-23 15:43:35.8015|INFO|api.Helpers.NLogger|JSON
Method: POST
URL: http://192.168.1.124:8989/api/v1/employee/GetDashBoardMonthWiseServiceCount
Controller : api.Controllers.EmployeeController
Action : GetDashBoardMonthWiseServiceCount
Action Parameters : {"messageFormat":"JSON","messageArguments":[{"request":{"NotificationId":0,"EmployeeId":12,"SalesVisitRequestId":0,"Month":5,"Year":2017,"Day":0,"ServiceId":0,"ReportId":0,"UnitId":0,"Latitude":null,"Longitude":null,"SearchTerm":null,"PageId":0,"LastCallDateTime":null,"PageNumber":null,"pageSize":0,"OrderId":0,"StatDate":null,"EndDate":null,"DeviceType":null,"DeviceToken":null,"ClientEmails":null,"CCEmail":null}}]}

2017-05-23 15:43:35.8015|INFO|api.Helpers.NLogger|JSON
Method: POST
URL: http://192.168.1.124:8989/api/v1/employee/GetDashBoardMonthDayWiseServiceList
Controller : api.Controllers.EmployeeController
Action : GetDashBoardMonthDayWiseServiceList
Action Parameters : {"messageFormat":"JSON","messageArguments":[{"request":{"NotificationId":0,"EmployeeId":12,"SalesVisitRequestId":0,"Month":5,"Year":2017,"Day":23,"ServiceId":0,"ReportId":0,"UnitId":0,"Latitude":null,"Longitude":null,"SearchTerm":null,"PageId":0,"LastCallDateTime":null,"PageNumber":null,"pageSize":0,"OrderId":0,"StatDate":null,"EndDate":null,"DeviceType":null,"DeviceToken":null,"ClientEmails":null,"CCEmail":null}}]}

2017-05-23 15:43:35.8235|INFO|api.Helpers.NLogger|JSON
Method: POST
URL: http://192.168.1.124:8989/api/v1/employee/UpdateEmployeeLocation
Controller : api.Controllers.EmployeeController
Action : UpdateEmployeeLocation
Action Parameters : {"messageFormat":"JSON","messageArguments":[{"request":{"NotificationId":0,"EmployeeId":12,"SalesVisitRequestId":0,"Month":0,"Year":0,"Day":0,"ServiceId":0,"ReportId":0,"UnitId":0,"Latitude":37.78583400,"Longitude":-122.40641700,"SearchTerm":null,"PageId":0,"LastCallDateTime":null,"PageNumber":null,"pageSize":0,"OrderId":0,"StatDate":null,"EndDate":null,"DeviceType":null,"DeviceToken":null,"ClientEmails":null,"CCEmail":null}}]}

2017-05-23 15:43:37.4984|INFO|api.Helpers.NLogger|JSON
Method: POST
URL: http://192.168.1.124:8989/api/v1/employee/GetDashBoardMonthDayWiseServiceList
Controller : api.Controllers.EmployeeController
Action : GetDashBoardMonthDayWiseServiceList
Action Parameters : {"messageFormat":"JSON","messageArguments":[{"request":{"NotificationId":0,"EmployeeId":12,"SalesVisitRequestId":0,"Month":5,"Year":2017,"Day":26,"ServiceId":0,"ReportId":0,"UnitId":0,"Latitude":null,"Longitude":null,"SearchTerm":null,"PageId":0,"LastCallDateTime":null,"PageNumber":null,"pageSize":0,"OrderId":0,"StatDate":null,"EndDate":null,"DeviceType":null,"DeviceToken":null,"ClientEmails":null,"CCEmail":null}}]}

2017-05-23 15:43:38.3904|INFO|api.Helpers.NLogger|JSON
Method: POST
URL: http://192.168.1.124:8989/api/v1/employee/GetServiceDetails
Controller : api.Controllers.EmployeeController
Action : GetServiceDetails
Action Parameters : {"messageFormat":"JSON","messageArguments":[{"request":{"NotificationId":0,"EmployeeId":12,"SalesVisitRequestId":0,"Month":0,"Year":0,"Day":0,"ServiceId":10136,"ReportId":0,"UnitId":0,"Latitude":null,"Longitude":null,"SearchTerm":null,"PageId":0,"LastCallDateTime":null,"PageNumber":null,"pageSize":0,"OrderId":0,"StatDate":null,"EndDate":null,"DeviceType":null,"DeviceToken":null,"ClientEmails":null,"CCEmail":null}}]}

2017-05-23 15:54:39.4214|INFO|api.Helpers.NLogger|JSON
Method: POST
URL: http://192.168.1.124:8989/api/v1/employee/login
Controller : api.Controllers.EmployeeController
Action : Login
Action Parameters : {"messageFormat":"JSON","messageArguments":[{"model":{"Email":"itesting.demo@gmail.com","Password":"7f2765757d527eaeeb14fb706039bac7","DeviceType":"iPhone","DeviceToken":"aea8986f5eb7a32f1a8b017d34f442653819a190e3d03e635da60ede1be26d75","Latitude":23.02622290,"Longitude":72.52364138}}]}

2017-05-23 15:54:40.0866|INFO|api.Helpers.NLogger|JSON
Method: POST
URL: http://192.168.1.124:8989/api/v1/employee/GetDashBoardMonthWiseServiceCount
Controller : api.Controllers.EmployeeController
Action : GetDashBoardMonthWiseServiceCount
Action Parameters : {"messageFormat":"JSON","messageArguments":[{"request":{"NotificationId":0,"EmployeeId":12,"SalesVisitRequestId":0,"Month":5,"Year":2017,"Day":0,"ServiceId":0,"ReportId":0,"UnitId":0,"Latitude":null,"Longitude":null,"SearchTerm":null,"PageId":0,"LastCallDateTime":null,"PageNumber":null,"pageSize":0,"OrderId":0,"StatDate":null,"EndDate":null,"DeviceType":null,"DeviceToken":null,"ClientEmails":null,"CCEmail":null}}]}

2017-05-23 15:54:40.0976|INFO|api.Helpers.NLogger|JSON
Method: POST
URL: http://192.168.1.124:8989/api/v1/employee/GetDashBoardMonthDayWiseServiceList
Controller : api.Controllers.EmployeeController
Action : GetDashBoardMonthDayWiseServiceList
Action Parameters : {"messageFormat":"JSON","messageArguments":[{"request":{"NotificationId":0,"EmployeeId":12,"SalesVisitRequestId":0,"Month":5,"Year":2017,"Day":23,"ServiceId":0,"ReportId":0,"UnitId":0,"Latitude":null,"Longitude":null,"SearchTerm":null,"PageId":0,"LastCallDateTime":null,"PageNumber":null,"pageSize":0,"OrderId":0,"StatDate":null,"EndDate":null,"DeviceType":null,"DeviceToken":null,"ClientEmails":null,"CCEmail":null}}]}

2017-05-23 15:54:40.6596|INFO|api.Helpers.NLogger|JSON
Method: POST
URL: http://192.168.1.124:8989/api/v1/employee/employeeUpdateToken
Controller : api.Controllers.NewEmployeeController
Action : employeeUpdateToken
Action Parameters : {"messageFormat":"JSON","messageArguments":[{"request":{"NotificationId":0,"EmployeeId":12,"SalesVisitRequestId":0,"Month":0,"Year":0,"Day":0,"ServiceId":0,"ReportId":0,"UnitId":0,"Latitude":null,"Longitude":null,"SearchTerm":null,"PageId":0,"LastCallDateTime":null,"PageNumber":null,"pageSize":0,"OrderId":0,"StatDate":null,"EndDate":null,"DeviceType":"iPhone","DeviceToken":"e17326c2d7339bf2ec79306ae7681cf158fdd93ce21f3c942e7e5cd0f00358b0","ClientEmails":null,"CCEmail":null}}]}

2017-05-23 15:54:41.4166|INFO|api.Helpers.NLogger|JSON
Method: POST
URL: http://192.168.1.124:8989/api/v1/employee/GetDashBoardMonthDayWiseServiceList
Controller : api.Controllers.EmployeeController
Action : GetDashBoardMonthDayWiseServiceList
Action Parameters : {"messageFormat":"JSON","messageArguments":[{"request":{"NotificationId":0,"EmployeeId":12,"SalesVisitRequestId":0,"Month":5,"Year":2017,"Day":26,"ServiceId":0,"ReportId":0,"UnitId":0,"Latitude":null,"Longitude":null,"SearchTerm":null,"PageId":0,"LastCallDateTime":null,"PageNumber":null,"pageSize":0,"OrderId":0,"StatDate":null,"EndDate":null,"DeviceType":null,"DeviceToken":null,"ClientEmails":null,"CCEmail":null}}]}

2017-05-23 15:54:42.3737|INFO|api.Helpers.NLogger|JSON
Method: POST
URL: http://192.168.1.124:8989/api/v1/employee/GetServiceDetails
Controller : api.Controllers.EmployeeController
Action : GetServiceDetails
Action Parameters : {"messageFormat":"JSON","messageArguments":[{"request":{"NotificationId":0,"EmployeeId":12,"SalesVisitRequestId":0,"Month":0,"Year":0,"Day":0,"ServiceId":10136,"ReportId":0,"UnitId":0,"Latitude":null,"Longitude":null,"SearchTerm":null,"PageId":0,"LastCallDateTime":null,"PageNumber":null,"pageSize":0,"OrderId":0,"StatDate":null,"EndDate":null,"DeviceType":null,"DeviceToken":null,"ClientEmails":null,"CCEmail":null}}]}

2017-05-23 15:58:51.8528|INFO|api.Helpers.NLogger|JSON
Method: POST
URL: http://192.168.1.124:8989/api/v1/employee/UpdateEmployeeLocation
Controller : api.Controllers.EmployeeController
Action : UpdateEmployeeLocation
Action Parameters : {"messageFormat":"JSON","messageArguments":[{"request":{"NotificationId":0,"EmployeeId":12,"SalesVisitRequestId":0,"Month":0,"Year":0,"Day":0,"ServiceId":0,"ReportId":0,"UnitId":0,"Latitude":23.02513030,"Longitude":72.52826356,"SearchTerm":null,"PageId":0,"LastCallDateTime":null,"PageNumber":null,"pageSize":0,"OrderId":0,"StatDate":null,"EndDate":null,"DeviceType":null,"DeviceToken":null,"ClientEmails":null,"CCEmail":null}}]}

2017-05-23 15:59:29.1774|INFO|api.Helpers.NLogger|JSON
Method: POST
URL: http://192.168.1.124:8989/api/v1/employee/GetDashBoardMonthWiseServiceCount
Controller : api.Controllers.EmployeeController
Action : GetDashBoardMonthWiseServiceCount
Action Parameters : {"messageFormat":"JSON","messageArguments":[{"request":{"NotificationId":0,"EmployeeId":12,"SalesVisitRequestId":0,"Month":5,"Year":2017,"Day":0,"ServiceId":0,"ReportId":0,"UnitId":0,"Latitude":null,"Longitude":null,"SearchTerm":null,"PageId":0,"LastCallDateTime":null,"PageNumber":null,"pageSize":0,"OrderId":0,"StatDate":null,"EndDate":null,"DeviceType":null,"DeviceToken":null,"ClientEmails":null,"CCEmail":null}}]}

2017-05-23 15:59:29.1774|INFO|api.Helpers.NLogger|JSON
Method: POST
URL: http://192.168.1.124:8989/api/v1/employee/GetDashBoardMonthDayWiseServiceList
Controller : api.Controllers.EmployeeController
Action : GetDashBoardMonthDayWiseServiceList
Action Parameters : {"messageFormat":"JSON","messageArguments":[{"request":{"NotificationId":0,"EmployeeId":12,"SalesVisitRequestId":0,"Month":5,"Year":2017,"Day":23,"ServiceId":0,"ReportId":0,"UnitId":0,"Latitude":null,"Longitude":null,"SearchTerm":null,"PageId":0,"LastCallDateTime":null,"PageNumber":null,"pageSize":0,"OrderId":0,"StatDate":null,"EndDate":null,"DeviceType":null,"DeviceToken":null,"ClientEmails":null,"CCEmail":null}}]}

2017-05-23 15:59:29.2428|INFO|api.Helpers.NLogger|JSON
Method: POST
URL: http://192.168.1.124:8989/api/v1/employee/UpdateEmployeeLocation
Controller : api.Controllers.EmployeeController
Action : UpdateEmployeeLocation
Action Parameters : {"messageFormat":"JSON","messageArguments":[{"request":{"NotificationId":0,"EmployeeId":12,"SalesVisitRequestId":0,"Month":0,"Year":0,"Day":0,"ServiceId":0,"ReportId":0,"UnitId":0,"Latitude":23.02622656,"Longitude":72.52366498,"SearchTerm":null,"PageId":0,"LastCallDateTime":null,"PageNumber":null,"pageSize":0,"OrderId":0,"StatDate":null,"EndDate":null,"DeviceType":null,"DeviceToken":null,"ClientEmails":null,"CCEmail":null}}]}

2017-05-23 15:59:29.2915|INFO|api.Helpers.NLogger|JSON
Method: POST
URL: http://192.168.1.124:8989/api/v1/employee/employeeUpdateToken
Controller : api.Controllers.NewEmployeeController
Action : employeeUpdateToken
Action Parameters : {"messageFormat":"JSON","messageArguments":[{"request":{"NotificationId":0,"EmployeeId":12,"SalesVisitRequestId":0,"Month":0,"Year":0,"Day":0,"ServiceId":0,"ReportId":0,"UnitId":0,"Latitude":null,"Longitude":null,"SearchTerm":null,"PageId":0,"LastCallDateTime":null,"PageNumber":null,"pageSize":0,"OrderId":0,"StatDate":null,"EndDate":null,"DeviceType":"iPhone","DeviceToken":"e17326c2d7339bf2ec79306ae7681cf158fdd93ce21f3c942e7e5cd0f00358b0","ClientEmails":null,"CCEmail":null}}]}

2017-05-23 15:59:34.1137|INFO|api.Helpers.NLogger|JSON
Method: POST
URL: http://192.168.1.124:8989/api/v1/employee/GetDashBoardMonthDayWiseServiceList
Controller : api.Controllers.EmployeeController
Action : GetDashBoardMonthDayWiseServiceList
Action Parameters : {"messageFormat":"JSON","messageArguments":[{"request":{"NotificationId":0,"EmployeeId":12,"SalesVisitRequestId":0,"Month":5,"Year":2017,"Day":26,"ServiceId":0,"ReportId":0,"UnitId":0,"Latitude":null,"Longitude":null,"SearchTerm":null,"PageId":0,"LastCallDateTime":null,"PageNumber":null,"pageSize":0,"OrderId":0,"StatDate":null,"EndDate":null,"DeviceType":null,"DeviceToken":null,"ClientEmails":null,"CCEmail":null}}]}

2017-05-23 15:59:35.3927|INFO|api.Helpers.NLogger|JSON
Method: POST
URL: http://192.168.1.124:8989/api/v1/employee/GetServiceDetails
Controller : api.Controllers.EmployeeController
Action : GetServiceDetails
Action Parameters : {"messageFormat":"JSON","messageArguments":[{"request":{"NotificationId":0,"EmployeeId":12,"SalesVisitRequestId":0,"Month":0,"Year":0,"Day":0,"ServiceId":10136,"ReportId":0,"UnitId":0,"Latitude":null,"Longitude":null,"SearchTerm":null,"PageId":0,"LastCallDateTime":null,"PageNumber":null,"pageSize":0,"OrderId":0,"StatDate":null,"EndDate":null,"DeviceType":null,"DeviceToken":null,"ClientEmails":null,"CCEmail":null}}]}

2017-05-23 16:04:14.2763|INFO|api.Helpers.NLogger|JSON
Method: POST
URL: http://192.168.1.124:8989/api/v1/employee/GetDashBoardMonthWiseServiceCount
Controller : api.Controllers.EmployeeController
Action : GetDashBoardMonthWiseServiceCount
Action Parameters : {"messageFormat":"JSON","messageArguments":[{"request":{"NotificationId":0,"EmployeeId":12,"SalesVisitRequestId":0,"Month":5,"Year":2017,"Day":0,"ServiceId":0,"ReportId":0,"UnitId":0,"Latitude":null,"Longitude":null,"SearchTerm":null,"PageId":0,"LastCallDateTime":null,"PageNumber":null,"pageSize":0,"OrderId":0,"StatDate":null,"EndDate":null,"DeviceType":null,"DeviceToken":null,"ClientEmails":null,"CCEmail":null}}]}

2017-05-23 16:04:14.3333|INFO|api.Helpers.NLogger|JSON
Method: POST
URL: http://192.168.1.124:8989/api/v1/employee/UpdateEmployeeLocation
Controller : api.Controllers.EmployeeController
Action : UpdateEmployeeLocation
Action Parameters : {"messageFormat":"JSON","messageArguments":[{"request":{"NotificationId":0,"EmployeeId":12,"SalesVisitRequestId":0,"Month":0,"Year":0,"Day":0,"ServiceId":0,"ReportId":0,"UnitId":0,"Latitude":37.78583400,"Longitude":-122.40641700,"SearchTerm":null,"PageId":0,"LastCallDateTime":null,"PageNumber":null,"pageSize":0,"OrderId":0,"StatDate":null,"EndDate":null,"DeviceType":null,"DeviceToken":null,"ClientEmails":null,"CCEmail":null}}]}

2017-05-23 16:04:17.2731|INFO|api.Helpers.NLogger|JSON
Method: POST
URL: http://192.168.1.124:8989/api/v1/employee/GetDashBoardMonthDayWiseServiceList
Controller : api.Controllers.EmployeeController
Action : GetDashBoardMonthDayWiseServiceList
Action Parameters : {"messageFormat":"JSON","messageArguments":[{"request":{"NotificationId":0,"EmployeeId":12,"SalesVisitRequestId":0,"Month":5,"Year":2017,"Day":23,"ServiceId":0,"ReportId":0,"UnitId":0,"Latitude":null,"Longitude":null,"SearchTerm":null,"PageId":0,"LastCallDateTime":null,"PageNumber":null,"pageSize":0,"OrderId":0,"StatDate":null,"EndDate":null,"DeviceType":null,"DeviceToken":null,"ClientEmails":null,"CCEmail":null}}]}

2017-05-23 16:04:18.3416|INFO|api.Helpers.NLogger|JSON
Method: POST
URL: http://192.168.1.124:8989/api/v1/employee/logout
Controller : api.Controllers.EmployeeController
Action : logout
Action Parameters : {"messageFormat":"JSON","messageArguments":[{"request":{"NotificationId":0,"EmployeeId":12,"SalesVisitRequestId":0,"Month":0,"Year":0,"Day":0,"ServiceId":0,"ReportId":0,"UnitId":0,"Latitude":null,"Longitude":null,"SearchTerm":null,"PageId":0,"LastCallDateTime":null,"PageNumber":null,"pageSize":0,"OrderId":0,"StatDate":null,"EndDate":null,"DeviceType":null,"DeviceToken":null,"ClientEmails":null,"CCEmail":null}}]}

2017-05-23 16:04:35.7488|INFO|api.Helpers.NLogger|JSON
Method: POST
URL: http://192.168.1.124:8989/api/v1/employee/login
Controller : api.Controllers.EmployeeController
Action : Login
Action Parameters : {"messageFormat":"JSON","messageArguments":[{"model":{"Email":"itesting.demo@gmail.com","Password":"7f2765757d527eaeeb14fb706039bac7","DeviceType":"iPhone","DeviceToken":"","Latitude":37.78583400,"Longitude":-122.40641700}}]}

2017-05-23 16:04:35.9102|INFO|api.Helpers.NLogger|JSON
Method: POST
URL: http://192.168.1.124:8989/api/v1/employee/GetDashBoardMonthWiseServiceCount
Controller : api.Controllers.EmployeeController
Action : GetDashBoardMonthWiseServiceCount
Action Parameters : {"messageFormat":"JSON","messageArguments":[{"request":{"NotificationId":0,"EmployeeId":12,"SalesVisitRequestId":0,"Month":5,"Year":2017,"Day":0,"ServiceId":0,"ReportId":0,"UnitId":0,"Latitude":null,"Longitude":null,"SearchTerm":null,"PageId":0,"LastCallDateTime":null,"PageNumber":null,"pageSize":0,"OrderId":0,"StatDate":null,"EndDate":null,"DeviceType":null,"DeviceToken":null,"ClientEmails":null,"CCEmail":null}}]}

2017-05-23 16:04:35.9102|INFO|api.Helpers.NLogger|JSON
Method: POST
URL: http://192.168.1.124:8989/api/v1/employee/GetDashBoardMonthDayWiseServiceList
Controller : api.Controllers.EmployeeController
Action : GetDashBoardMonthDayWiseServiceList
Action Parameters : {"messageFormat":"JSON","messageArguments":[{"request":{"NotificationId":0,"EmployeeId":12,"SalesVisitRequestId":0,"Month":5,"Year":2017,"Day":23,"ServiceId":0,"ReportId":0,"UnitId":0,"Latitude":null,"Longitude":null,"SearchTerm":null,"PageId":0,"LastCallDateTime":null,"PageNumber":null,"pageSize":0,"OrderId":0,"StatDate":null,"EndDate":null,"DeviceType":null,"DeviceToken":null,"ClientEmails":null,"CCEmail":null}}]}

2017-05-23 16:04:39.9224|INFO|api.Helpers.NLogger|JSON
Method: POST
URL: http://192.168.1.124:8989/api/v1/employee/GetDashBoardMonthDayWiseServiceList
Controller : api.Controllers.EmployeeController
Action : GetDashBoardMonthDayWiseServiceList
Action Parameters : {"messageFormat":"JSON","messageArguments":[{"request":{"NotificationId":0,"EmployeeId":12,"SalesVisitRequestId":0,"Month":5,"Year":2017,"Day":26,"ServiceId":0,"ReportId":0,"UnitId":0,"Latitude":null,"Longitude":null,"SearchTerm":null,"PageId":0,"LastCallDateTime":null,"PageNumber":null,"pageSize":0,"OrderId":0,"StatDate":null,"EndDate":null,"DeviceType":null,"DeviceToken":null,"ClientEmails":null,"CCEmail":null}}]}

2017-05-23 16:04:40.8075|INFO|api.Helpers.NLogger|JSON
Method: POST
URL: http://192.168.1.124:8989/api/v1/employee/GetServiceDetails
Controller : api.Controllers.EmployeeController
Action : GetServiceDetails
Action Parameters : {"messageFormat":"JSON","messageArguments":[{"request":{"NotificationId":0,"EmployeeId":12,"SalesVisitRequestId":0,"Month":0,"Year":0,"Day":0,"ServiceId":10136,"ReportId":0,"UnitId":0,"Latitude":null,"Longitude":null,"SearchTerm":null,"PageId":0,"LastCallDateTime":null,"PageNumber":null,"pageSize":0,"OrderId":0,"StatDate":null,"EndDate":null,"DeviceType":null,"DeviceToken":null,"ClientEmails":null,"CCEmail":null}}]}

2017-05-23 16:05:56.9112|INFO|api.Helpers.NLogger|JSON
Method: POST
URL: http://192.168.1.124:8989/api/v1/employee/GetDashBoardMonthDayWiseServiceList
Controller : api.Controllers.EmployeeController
Action : GetDashBoardMonthDayWiseServiceList
Action Parameters : {"messageFormat":"JSON","messageArguments":[{"request":{"NotificationId":0,"EmployeeId":12,"SalesVisitRequestId":0,"Month":5,"Year":2017,"Day":23,"ServiceId":0,"ReportId":0,"UnitId":0,"Latitude":null,"Longitude":null,"SearchTerm":null,"PageId":0,"LastCallDateTime":null,"PageNumber":null,"pageSize":0,"OrderId":0,"StatDate":null,"EndDate":null,"DeviceType":null,"DeviceToken":null,"ClientEmails":null,"CCEmail":null}}]}

2017-05-23 16:05:56.9112|INFO|api.Helpers.NLogger|JSON
Method: POST
URL: http://192.168.1.124:8989/api/v1/employee/GetDashBoardMonthWiseServiceCount
Controller : api.Controllers.EmployeeController
Action : GetDashBoardMonthWiseServiceCount
Action Parameters : {"messageFormat":"JSON","messageArguments":[{"request":{"NotificationId":0,"EmployeeId":12,"SalesVisitRequestId":0,"Month":5,"Year":2017,"Day":0,"ServiceId":0,"ReportId":0,"UnitId":0,"Latitude":null,"Longitude":null,"SearchTerm":null,"PageId":0,"LastCallDateTime":null,"PageNumber":null,"pageSize":0,"OrderId":0,"StatDate":null,"EndDate":null,"DeviceType":null,"DeviceToken":null,"ClientEmails":null,"CCEmail":null}}]}

2017-05-23 16:05:56.9382|INFO|api.Helpers.NLogger|JSON
Method: POST
URL: http://192.168.1.124:8989/api/v1/employee/UpdateEmployeeLocation
Controller : api.Controllers.EmployeeController
Action : UpdateEmployeeLocation
Action Parameters : {"messageFormat":"JSON","messageArguments":[{"request":{"NotificationId":0,"EmployeeId":12,"SalesVisitRequestId":0,"Month":0,"Year":0,"Day":0,"ServiceId":0,"ReportId":0,"UnitId":0,"Latitude":37.78583400,"Longitude":-122.40641700,"SearchTerm":null,"PageId":0,"LastCallDateTime":null,"PageNumber":null,"pageSize":0,"OrderId":0,"StatDate":null,"EndDate":null,"DeviceType":null,"DeviceToken":null,"ClientEmails":null,"CCEmail":null}}]}

2017-05-23 16:05:59.0578|INFO|api.Helpers.NLogger|JSON
Method: POST
URL: http://192.168.1.124:8989/api/v1/employee/GetDashBoardMonthDayWiseServiceList
Controller : api.Controllers.EmployeeController
Action : GetDashBoardMonthDayWiseServiceList
Action Parameters : {"messageFormat":"JSON","messageArguments":[{"request":{"NotificationId":0,"EmployeeId":12,"SalesVisitRequestId":0,"Month":5,"Year":2017,"Day":26,"ServiceId":0,"ReportId":0,"UnitId":0,"Latitude":null,"Longitude":null,"SearchTerm":null,"PageId":0,"LastCallDateTime":null,"PageNumber":null,"pageSize":0,"OrderId":0,"StatDate":null,"EndDate":null,"DeviceType":null,"DeviceToken":null,"ClientEmails":null,"CCEmail":null}}]}

2017-05-23 16:05:59.9197|INFO|api.Helpers.NLogger|JSON
Method: POST
URL: http://192.168.1.124:8989/api/v1/employee/GetServiceDetails
Controller : api.Controllers.EmployeeController
Action : GetServiceDetails
Action Parameters : {"messageFormat":"JSON","messageArguments":[{"request":{"NotificationId":0,"EmployeeId":12,"SalesVisitRequestId":0,"Month":0,"Year":0,"Day":0,"ServiceId":10136,"ReportId":0,"UnitId":0,"Latitude":null,"Longitude":null,"SearchTerm":null,"PageId":0,"LastCallDateTime":null,"PageNumber":null,"pageSize":0,"OrderId":0,"StatDate":null,"EndDate":null,"DeviceType":null,"DeviceToken":null,"ClientEmails":null,"CCEmail":null}}]}

2017-05-23 16:11:36.9713|INFO|api.Helpers.NLogger|JSON
Method: POST
URL: http://192.168.1.124:8989/api/v1/employee/login
Controller : api.Controllers.EmployeeController
Action : Login
Action Parameters : {"messageFormat":"JSON","messageArguments":[{"model":{"Email":"itesting.demo@gmail.com","Password":"7f2765757d527eaeeb14fb706039bac7","DeviceType":"iPhone","DeviceToken":"76a63c7f982206245d7a5adadf3b4dedd9392f0e8db19e20f3dba02d70047f54","Latitude":23.02623320,"Longitude":72.52367110}}]}

2017-05-23 16:11:37.8254|INFO|api.Helpers.NLogger|JSON
Method: POST
URL: http://192.168.1.124:8989/api/v1/employee/GetDashBoardMonthWiseServiceCount
Controller : api.Controllers.EmployeeController
Action : GetDashBoardMonthWiseServiceCount
Action Parameters : {"messageFormat":"JSON","messageArguments":[{"request":{"NotificationId":0,"EmployeeId":12,"SalesVisitRequestId":0,"Month":5,"Year":2017,"Day":0,"ServiceId":0,"ReportId":0,"UnitId":0,"Latitude":null,"Longitude":null,"SearchTerm":null,"PageId":0,"LastCallDateTime":null,"PageNumber":null,"pageSize":0,"OrderId":0,"StatDate":null,"EndDate":null,"DeviceType":null,"DeviceToken":null,"ClientEmails":null,"CCEmail":null}}]}

2017-05-23 16:11:37.8294|INFO|api.Helpers.NLogger|JSON
Method: POST
URL: http://192.168.1.124:8989/api/v1/employee/GetDashBoardMonthDayWiseServiceList
Controller : api.Controllers.EmployeeController
Action : GetDashBoardMonthDayWiseServiceList
Action Parameters : {"messageFormat":"JSON","messageArguments":[{"request":{"NotificationId":0,"EmployeeId":12,"SalesVisitRequestId":0,"Month":5,"Year":2017,"Day":23,"ServiceId":0,"ReportId":0,"UnitId":0,"Latitude":null,"Longitude":null,"SearchTerm":null,"PageId":0,"LastCallDateTime":null,"PageNumber":null,"pageSize":0,"OrderId":0,"StatDate":null,"EndDate":null,"DeviceType":null,"DeviceToken":null,"ClientEmails":null,"CCEmail":null}}]}

2017-05-23 16:11:38.4394|INFO|api.Helpers.NLogger|JSON
Method: POST
URL: http://192.168.1.124:8989/api/v1/employee/employeeUpdateToken
Controller : api.Controllers.NewEmployeeController
Action : employeeUpdateToken
Action Parameters : {"messageFormat":"JSON","messageArguments":[{"request":{"NotificationId":0,"EmployeeId":12,"SalesVisitRequestId":0,"Month":0,"Year":0,"Day":0,"ServiceId":0,"ReportId":0,"UnitId":0,"Latitude":null,"Longitude":null,"SearchTerm":null,"PageId":0,"LastCallDateTime":null,"PageNumber":null,"pageSize":0,"OrderId":0,"StatDate":null,"EndDate":null,"DeviceType":"iPhone","DeviceToken":"9c8eab0913b4f0152d65bb9fc67b645891c0903c13be9184913f1e8b553aa646","ClientEmails":null,"CCEmail":null}}]}

2017-05-23 16:11:39.9795|INFO|api.Helpers.NLogger|JSON
Method: POST
URL: http://192.168.1.124:8989/api/v1/employee/GetDashBoardMonthDayWiseServiceList
Controller : api.Controllers.EmployeeController
Action : GetDashBoardMonthDayWiseServiceList
Action Parameters : {"messageFormat":"JSON","messageArguments":[{"request":{"NotificationId":0,"EmployeeId":12,"SalesVisitRequestId":0,"Month":5,"Year":2017,"Day":26,"ServiceId":0,"ReportId":0,"UnitId":0,"Latitude":null,"Longitude":null,"SearchTerm":null,"PageId":0,"LastCallDateTime":null,"PageNumber":null,"pageSize":0,"OrderId":0,"StatDate":null,"EndDate":null,"DeviceType":null,"DeviceToken":null,"ClientEmails":null,"CCEmail":null}}]}

2017-05-23 16:11:41.1207|INFO|api.Helpers.NLogger|JSON
Method: POST
URL: http://192.168.1.124:8989/api/v1/employee/GetServiceDetails
Controller : api.Controllers.EmployeeController
Action : GetServiceDetails
Action Parameters : {"messageFormat":"JSON","messageArguments":[{"request":{"NotificationId":0,"EmployeeId":12,"SalesVisitRequestId":0,"Month":0,"Year":0,"Day":0,"ServiceId":10136,"ReportId":0,"UnitId":0,"Latitude":null,"Longitude":null,"SearchTerm":null,"PageId":0,"LastCallDateTime":null,"PageNumber":null,"pageSize":0,"OrderId":0,"StatDate":null,"EndDate":null,"DeviceType":null,"DeviceToken":null,"ClientEmails":null,"CCEmail":null}}]}

2017-05-23 16:15:32.7034|INFO|api.Helpers.NLogger|JSON
Method: POST
URL: http://192.168.1.124:8989/api/v1/employee/GetDashBoardMonthWiseServiceCount
Controller : api.Controllers.EmployeeController
Action : GetDashBoardMonthWiseServiceCount
Action Parameters : {"messageFormat":"JSON","messageArguments":[{"request":{"NotificationId":0,"EmployeeId":12,"SalesVisitRequestId":0,"Month":5,"Year":2017,"Day":0,"ServiceId":0,"ReportId":0,"UnitId":0,"Latitude":null,"Longitude":null,"SearchTerm":null,"PageId":0,"LastCallDateTime":null,"PageNumber":null,"pageSize":0,"OrderId":0,"StatDate":null,"EndDate":null,"DeviceType":null,"DeviceToken":null,"ClientEmails":null,"CCEmail":null}}]}

2017-05-23 16:15:32.8379|INFO|api.Helpers.NLogger|JSON
Method: POST
URL: http://192.168.1.124:8989/api/v1/employee/UpdateEmployeeLocation
Controller : api.Controllers.EmployeeController
Action : UpdateEmployeeLocation
Action Parameters : {"messageFormat":"JSON","messageArguments":[{"request":{"NotificationId":0,"EmployeeId":12,"SalesVisitRequestId":0,"Month":0,"Year":0,"Day":0,"ServiceId":0,"ReportId":0,"UnitId":0,"Latitude":23.02622447,"Longitude":72.52365730,"SearchTerm":null,"PageId":0,"LastCallDateTime":null,"PageNumber":null,"pageSize":0,"OrderId":0,"StatDate":null,"EndDate":null,"DeviceType":null,"DeviceToken":null,"ClientEmails":null,"CCEmail":null}}]}

2017-05-23 16:15:32.9340|INFO|api.Helpers.NLogger|JSON
Method: POST
URL: http://192.168.1.124:8989/api/v1/employee/employeeUpdateToken
Controller : api.Controllers.NewEmployeeController
Action : employeeUpdateToken
Action Parameters : {"messageFormat":"JSON","messageArguments":[{"request":{"NotificationId":0,"EmployeeId":12,"SalesVisitRequestId":0,"Month":0,"Year":0,"Day":0,"ServiceId":0,"ReportId":0,"UnitId":0,"Latitude":null,"Longitude":null,"SearchTerm":null,"PageId":0,"LastCallDateTime":null,"PageNumber":null,"pageSize":0,"OrderId":0,"StatDate":null,"EndDate":null,"DeviceType":"iPhone","DeviceToken":"9c8eab0913b4f0152d65bb9fc67b645891c0903c13be9184913f1e8b553aa646","ClientEmails":null,"CCEmail":null}}]}

2017-05-23 16:15:35.6596|INFO|api.Helpers.NLogger|JSON
Method: POST
URL: http://192.168.1.124:8989/api/v1/employee/GetDashBoardMonthDayWiseServiceList
Controller : api.Controllers.EmployeeController
Action : GetDashBoardMonthDayWiseServiceList
Action Parameters : {"messageFormat":"JSON","messageArguments":[{"request":{"NotificationId":0,"EmployeeId":12,"SalesVisitRequestId":0,"Month":5,"Year":2017,"Day":23,"ServiceId":0,"ReportId":0,"UnitId":0,"Latitude":null,"Longitude":null,"SearchTerm":null,"PageId":0,"LastCallDateTime":null,"PageNumber":null,"pageSize":0,"OrderId":0,"StatDate":null,"EndDate":null,"DeviceType":null,"DeviceToken":null,"ClientEmails":null,"CCEmail":null}}]}

2017-05-23 16:17:16.8359|INFO|api.Helpers.NLogger|JSON
Method: POST
URL: http://192.168.1.124:8989/api/v1/employee/GetDashBoardMonthDayWiseServiceList
Controller : api.Controllers.EmployeeController
Action : GetDashBoardMonthDayWiseServiceList
Action Parameters : {"messageFormat":"JSON","messageArguments":[{"request":{"NotificationId":0,"EmployeeId":12,"SalesVisitRequestId":0,"Month":5,"Year":2017,"Day":26,"ServiceId":0,"ReportId":0,"UnitId":0,"Latitude":null,"Longitude":null,"SearchTerm":null,"PageId":0,"LastCallDateTime":null,"PageNumber":null,"pageSize":0,"OrderId":0,"StatDate":null,"EndDate":null,"DeviceType":null,"DeviceToken":null,"ClientEmails":null,"CCEmail":null}}]}

2017-05-23 16:17:46.0047|INFO|api.Helpers.NLogger|JSON
Method: POST
URL: http://192.168.1.124:8989/api/v1/employee/GetServiceDetails
Controller : api.Controllers.EmployeeController
Action : GetServiceDetails
Action Parameters : {"messageFormat":"JSON","messageArguments":[{"request":{"NotificationId":0,"EmployeeId":12,"SalesVisitRequestId":0,"Month":0,"Year":0,"Day":0,"ServiceId":10136,"ReportId":0,"UnitId":0,"Latitude":null,"Longitude":null,"SearchTerm":null,"PageId":0,"LastCallDateTime":null,"PageNumber":null,"pageSize":0,"OrderId":0,"StatDate":null,"EndDate":null,"DeviceType":null,"DeviceToken":null,"ClientEmails":null,"CCEmail":null}}]}

2017-05-23 16:19:37.8399|INFO|api.Helpers.NLogger|JSON
Method: POST
URL: http://192.168.1.124:8989/api/v1/employee/UpdateEmployeeLocation
Controller : api.Controllers.EmployeeController
Action : UpdateEmployeeLocation
Action Parameters : {"messageFormat":"JSON","messageArguments":[{"request":{"NotificationId":0,"EmployeeId":12,"SalesVisitRequestId":0,"Month":0,"Year":0,"Day":0,"ServiceId":0,"ReportId":0,"UnitId":0,"Latitude":23.02505258,"Longitude":72.52522136,"SearchTerm":null,"PageId":0,"LastCallDateTime":null,"PageNumber":null,"pageSize":0,"OrderId":0,"StatDate":null,"EndDate":null,"DeviceType":null,"DeviceToken":null,"ClientEmails":null,"CCEmail":null}}]}

2017-05-23 16:43:36.6883|INFO|api.Helpers.NLogger|JSON
Method: POST
URL: http://192.168.1.124:8989/api/v1/employee/GetDashBoardMonthDayWiseServiceList
Controller : api.Controllers.EmployeeController
Action : GetDashBoardMonthDayWiseServiceList
Action Parameters : {"messageFormat":"JSON","messageArguments":[{"request":{"NotificationId":0,"EmployeeId":12,"SalesVisitRequestId":0,"Month":5,"Year":2017,"Day":23,"ServiceId":0,"ReportId":0,"UnitId":0,"Latitude":null,"Longitude":null,"SearchTerm":null,"PageId":0,"LastCallDateTime":null,"PageNumber":null,"pageSize":0,"OrderId":0,"StatDate":null,"EndDate":null,"DeviceType":null,"DeviceToken":null,"ClientEmails":null,"CCEmail":null}}]}

2017-05-23 16:43:36.6883|INFO|api.Helpers.NLogger|JSON
Method: POST
URL: http://192.168.1.124:8989/api/v1/employee/UpdateEmployeeLocation
Controller : api.Controllers.EmployeeController
Action : UpdateEmployeeLocation
Action Parameters : {"messageFormat":"JSON","messageArguments":[{"request":{"NotificationId":0,"EmployeeId":12,"SalesVisitRequestId":0,"Month":0,"Year":0,"Day":0,"ServiceId":0,"ReportId":0,"UnitId":0,"Latitude":37.78583400,"Longitude":-122.40641700,"SearchTerm":null,"PageId":0,"LastCallDateTime":null,"PageNumber":null,"pageSize":0,"OrderId":0,"StatDate":null,"EndDate":null,"DeviceType":null,"DeviceToken":null,"ClientEmails":null,"CCEmail":null}}]}

2017-05-23 16:43:37.7134|INFO|api.Helpers.NLogger|JSON
Method: POST
URL: http://192.168.1.124:8989/api/v1/employee/GetDashBoardMonthWiseServiceCount
Controller : api.Controllers.EmployeeController
Action : GetDashBoardMonthWiseServiceCount
Action Parameters : {"messageFormat":"JSON","messageArguments":[{"request":{"NotificationId":0,"EmployeeId":12,"SalesVisitRequestId":0,"Month":5,"Year":2017,"Day":0,"ServiceId":0,"ReportId":0,"UnitId":0,"Latitude":null,"Longitude":null,"SearchTerm":null,"PageId":0,"LastCallDateTime":null,"PageNumber":null,"pageSize":0,"OrderId":0,"StatDate":null,"EndDate":null,"DeviceType":null,"DeviceToken":null,"ClientEmails":null,"CCEmail":null}}]}

2017-05-23 16:43:40.9208|INFO|api.Helpers.NLogger|JSON
Method: POST
URL: http://192.168.1.124:8989/api/v1/employee/logout
Controller : api.Controllers.EmployeeController
Action : logout
Action Parameters : {"messageFormat":"JSON","messageArguments":[{"request":{"NotificationId":0,"EmployeeId":12,"SalesVisitRequestId":0,"Month":0,"Year":0,"Day":0,"ServiceId":0,"ReportId":0,"UnitId":0,"Latitude":null,"Longitude":null,"SearchTerm":null,"PageId":0,"LastCallDateTime":null,"PageNumber":null,"pageSize":0,"OrderId":0,"StatDate":null,"EndDate":null,"DeviceType":null,"DeviceToken":null,"ClientEmails":null,"CCEmail":null}}]}

2017-05-23 16:43:42.5291|INFO|api.Helpers.NLogger|JSON
Method: POST
URL: http://192.168.1.124:8989/api/v1/employee/login
Controller : api.Controllers.EmployeeController
Action : Login
Action Parameters : {"messageFormat":"JSON","messageArguments":[{"model":{"Email":"itesting.demo@gmail.com","Password":"7f2765757d527eaeeb14fb706039bac7","DeviceType":"iPhone","DeviceToken":"","Latitude":37.78583400,"Longitude":-122.40641700}}]}

2017-05-23 16:43:42.8001|INFO|api.Helpers.NLogger|JSON
Method: POST
URL: http://192.168.1.124:8989/api/v1/employee/GetDashBoardMonthWiseServiceCount
Controller : api.Controllers.EmployeeController
Action : GetDashBoardMonthWiseServiceCount
Action Parameters : {"messageFormat":"JSON","messageArguments":[{"request":{"NotificationId":0,"EmployeeId":12,"SalesVisitRequestId":0,"Month":5,"Year":2017,"Day":0,"ServiceId":0,"ReportId":0,"UnitId":0,"Latitude":null,"Longitude":null,"SearchTerm":null,"PageId":0,"LastCallDateTime":null,"PageNumber":null,"pageSize":0,"OrderId":0,"StatDate":null,"EndDate":null,"DeviceType":null,"DeviceToken":null,"ClientEmails":null,"CCEmail":null}}]}

2017-05-23 16:43:42.8001|INFO|api.Helpers.NLogger|JSON
Method: POST
URL: http://192.168.1.124:8989/api/v1/employee/GetDashBoardMonthDayWiseServiceList
Controller : api.Controllers.EmployeeController
Action : GetDashBoardMonthDayWiseServiceList
Action Parameters : {"messageFormat":"JSON","messageArguments":[{"request":{"NotificationId":0,"EmployeeId":12,"SalesVisitRequestId":0,"Month":5,"Year":2017,"Day":23,"ServiceId":0,"ReportId":0,"UnitId":0,"Latitude":null,"Longitude":null,"SearchTerm":null,"PageId":0,"LastCallDateTime":null,"PageNumber":null,"pageSize":0,"OrderId":0,"StatDate":null,"EndDate":null,"DeviceType":null,"DeviceToken":null,"ClientEmails":null,"CCEmail":null}}]}

2017-05-23 16:43:44.2022|INFO|api.Helpers.NLogger|JSON
Method: POST
URL: http://192.168.1.124:8989/api/v1/employee/GetDashBoardMonthDayWiseServiceList
Controller : api.Controllers.EmployeeController
Action : GetDashBoardMonthDayWiseServiceList
Action Parameters : {"messageFormat":"JSON","messageArguments":[{"request":{"NotificationId":0,"EmployeeId":12,"SalesVisitRequestId":0,"Month":5,"Year":2017,"Day":26,"ServiceId":0,"ReportId":0,"UnitId":0,"Latitude":null,"Longitude":null,"SearchTerm":null,"PageId":0,"LastCallDateTime":null,"PageNumber":null,"pageSize":0,"OrderId":0,"StatDate":null,"EndDate":null,"DeviceType":null,"DeviceToken":null,"ClientEmails":null,"CCEmail":null}}]}

2017-05-23 16:43:45.1473|INFO|api.Helpers.NLogger|JSON
Method: POST
URL: http://192.168.1.124:8989/api/v1/employee/GetServiceDetails
Controller : api.Controllers.EmployeeController
Action : GetServiceDetails
Action Parameters : {"messageFormat":"JSON","messageArguments":[{"request":{"NotificationId":0,"EmployeeId":12,"SalesVisitRequestId":0,"Month":0,"Year":0,"Day":0,"ServiceId":10136,"ReportId":0,"UnitId":0,"Latitude":null,"Longitude":null,"SearchTerm":null,"PageId":0,"LastCallDateTime":null,"PageNumber":null,"pageSize":0,"OrderId":0,"StatDate":null,"EndDate":null,"DeviceType":null,"DeviceToken":null,"ClientEmails":null,"CCEmail":null}}]}

2017-05-23 16:50:13.9068|INFO|api.Helpers.NLogger|JSON
Method: POST
URL: http://192.168.1.124:8989/api/v1/employee/login
Controller : api.Controllers.EmployeeController
Action : Login
Action Parameters : {"messageFormat":"JSON","messageArguments":[{"model":{"Email":"itesting.demo@gmail.com","Password":"7f2765757d527eaeeb14fb706039bac7","DeviceType":"iPhone","DeviceToken":"210018ebf011bce00f022bf31e135418da306b1eb65841dca92a75677d11d283","Latitude":23.02620653,"Longitude":72.52363591}}]}

2017-05-23 16:50:14.5480|INFO|api.Helpers.NLogger|JSON
Method: POST
URL: http://192.168.1.124:8989/api/v1/employee/GetDashBoardMonthWiseServiceCount
Controller : api.Controllers.EmployeeController
Action : GetDashBoardMonthWiseServiceCount
Action Parameters : {"messageFormat":"JSON","messageArguments":[{"request":{"NotificationId":0,"EmployeeId":12,"SalesVisitRequestId":0,"Month":5,"Year":2017,"Day":0,"ServiceId":0,"ReportId":0,"UnitId":0,"Latitude":null,"Longitude":null,"SearchTerm":null,"PageId":0,"LastCallDateTime":null,"PageNumber":null,"pageSize":0,"OrderId":0,"StatDate":null,"EndDate":null,"DeviceType":null,"DeviceToken":null,"ClientEmails":null,"CCEmail":null}}]}

2017-05-23 16:50:14.5480|INFO|api.Helpers.NLogger|JSON
Method: POST
URL: http://192.168.1.124:8989/api/v1/employee/GetDashBoardMonthDayWiseServiceList
Controller : api.Controllers.EmployeeController
Action : GetDashBoardMonthDayWiseServiceList
Action Parameters : {"messageFormat":"JSON","messageArguments":[{"request":{"NotificationId":0,"EmployeeId":12,"SalesVisitRequestId":0,"Month":5,"Year":2017,"Day":23,"ServiceId":0,"ReportId":0,"UnitId":0,"Latitude":null,"Longitude":null,"SearchTerm":null,"PageId":0,"LastCallDateTime":null,"PageNumber":null,"pageSize":0,"OrderId":0,"StatDate":null,"EndDate":null,"DeviceType":null,"DeviceToken":null,"ClientEmails":null,"CCEmail":null}}]}

2017-05-23 16:50:15.1288|INFO|api.Helpers.NLogger|JSON
Method: POST
URL: http://192.168.1.124:8989/api/v1/employee/employeeUpdateToken
Controller : api.Controllers.NewEmployeeController
Action : employeeUpdateToken
Action Parameters : {"messageFormat":"JSON","messageArguments":[{"request":{"NotificationId":0,"EmployeeId":12,"SalesVisitRequestId":0,"Month":0,"Year":0,"Day":0,"ServiceId":0,"ReportId":0,"UnitId":0,"Latitude":null,"Longitude":null,"SearchTerm":null,"PageId":0,"LastCallDateTime":null,"PageNumber":null,"pageSize":0,"OrderId":0,"StatDate":null,"EndDate":null,"DeviceType":"iPhone","DeviceToken":"51d0a26cc6ccce8e187ba8161f0e74727f5046dc1557ab65f816b6ccb0231987","ClientEmails":null,"CCEmail":null}}]}

2017-05-23 16:50:21.2301|INFO|api.Helpers.NLogger|JSON
Method: POST
URL: http://192.168.1.124:8989/api/v1/employee/GetDashBoardMonthDayWiseServiceList
Controller : api.Controllers.EmployeeController
Action : GetDashBoardMonthDayWiseServiceList
Action Parameters : {"messageFormat":"JSON","messageArguments":[{"request":{"NotificationId":0,"EmployeeId":12,"SalesVisitRequestId":0,"Month":5,"Year":2017,"Day":26,"ServiceId":0,"ReportId":0,"UnitId":0,"Latitude":null,"Longitude":null,"SearchTerm":null,"PageId":0,"LastCallDateTime":null,"PageNumber":null,"pageSize":0,"OrderId":0,"StatDate":null,"EndDate":null,"DeviceType":null,"DeviceToken":null,"ClientEmails":null,"CCEmail":null}}]}

2017-05-23 16:50:22.3938|INFO|api.Helpers.NLogger|JSON
Method: POST
URL: http://192.168.1.124:8989/api/v1/employee/GetServiceDetails
Controller : api.Controllers.EmployeeController
Action : GetServiceDetails
Action Parameters : {"messageFormat":"JSON","messageArguments":[{"request":{"NotificationId":0,"EmployeeId":12,"SalesVisitRequestId":0,"Month":0,"Year":0,"Day":0,"ServiceId":10136,"ReportId":0,"UnitId":0,"Latitude":null,"Longitude":null,"SearchTerm":null,"PageId":0,"LastCallDateTime":null,"PageNumber":null,"pageSize":0,"OrderId":0,"StatDate":null,"EndDate":null,"DeviceType":null,"DeviceToken":null,"ClientEmails":null,"CCEmail":null}}]}

2017-05-23 16:53:48.0851|INFO|api.Helpers.NLogger|JSON
Method: POST
URL: http://192.168.1.124:8989/api/v1/employee/UpdateEmployeeLocation
Controller : api.Controllers.EmployeeController
Action : UpdateEmployeeLocation
Action Parameters : {"messageFormat":"JSON","messageArguments":[{"request":{"NotificationId":0,"EmployeeId":12,"SalesVisitRequestId":0,"Month":0,"Year":0,"Day":0,"ServiceId":0,"ReportId":0,"UnitId":0,"Latitude":23.02620030,"Longitude":72.52363654,"SearchTerm":null,"PageId":0,"LastCallDateTime":null,"PageNumber":null,"pageSize":0,"OrderId":0,"StatDate":null,"EndDate":null,"DeviceType":null,"DeviceToken":null,"ClientEmails":null,"CCEmail":null}}]}

2017-05-23 17:19:37.8907|INFO|api.Helpers.NLogger|JSON
Method: POST
URL: http://192.168.1.124:8989/api/v1/employee/GetDashBoardMonthDayWiseServiceList
Controller : api.Controllers.EmployeeController
Action : GetDashBoardMonthDayWiseServiceList
Action Parameters : {"messageFormat":"JSON","messageArguments":[{"request":{"NotificationId":0,"EmployeeId":12,"SalesVisitRequestId":0,"Month":5,"Year":2017,"Day":23,"ServiceId":0,"ReportId":0,"UnitId":0,"Latitude":null,"Longitude":null,"SearchTerm":null,"PageId":0,"LastCallDateTime":null,"PageNumber":null,"pageSize":0,"OrderId":0,"StatDate":null,"EndDate":null,"DeviceType":null,"DeviceToken":null,"ClientEmails":null,"CCEmail":null}}]}

2017-05-23 17:19:37.8907|INFO|api.Helpers.NLogger|JSON
Method: POST
URL: http://192.168.1.124:8989/api/v1/employee/UpdateEmployeeLocation
Controller : api.Controllers.EmployeeController
Action : UpdateEmployeeLocation
Action Parameters : {"messageFormat":"JSON","messageArguments":[{"request":{"NotificationId":0,"EmployeeId":12,"SalesVisitRequestId":0,"Month":0,"Year":0,"Day":0,"ServiceId":0,"ReportId":0,"UnitId":0,"Latitude":23.02623327,"Longitude":72.52366737,"SearchTerm":null,"PageId":0,"LastCallDateTime":null,"PageNumber":null,"pageSize":0,"OrderId":0,"StatDate":null,"EndDate":null,"DeviceType":null,"DeviceToken":null,"ClientEmails":null,"CCEmail":null}}]}

2017-05-23 17:19:37.8907|INFO|api.Helpers.NLogger|JSON
Method: POST
URL: http://192.168.1.124:8989/api/v1/employee/employeeUpdateToken
Controller : api.Controllers.NewEmployeeController
Action : employeeUpdateToken
Action Parameters : {"messageFormat":"JSON","messageArguments":[{"request":{"NotificationId":0,"EmployeeId":12,"SalesVisitRequestId":0,"Month":0,"Year":0,"Day":0,"ServiceId":0,"ReportId":0,"UnitId":0,"Latitude":null,"Longitude":null,"SearchTerm":null,"PageId":0,"LastCallDateTime":null,"PageNumber":null,"pageSize":0,"OrderId":0,"StatDate":null,"EndDate":null,"DeviceType":"iPhone","DeviceToken":"51d0a26cc6ccce8e187ba8161f0e74727f5046dc1557ab65f816b6ccb0231987","ClientEmails":null,"CCEmail":null}}]}

2017-05-23 17:19:39.3328|INFO|api.Helpers.NLogger|JSON
Method: POST
URL: http://192.168.1.124:8989/api/v1/employee/GetDashBoardMonthWiseServiceCount
Controller : api.Controllers.EmployeeController
Action : GetDashBoardMonthWiseServiceCount
Action Parameters : {"messageFormat":"JSON","messageArguments":[{"request":{"NotificationId":0,"EmployeeId":12,"SalesVisitRequestId":0,"Month":5,"Year":2017,"Day":0,"ServiceId":0,"ReportId":0,"UnitId":0,"Latitude":null,"Longitude":null,"SearchTerm":null,"PageId":0,"LastCallDateTime":null,"PageNumber":null,"pageSize":0,"OrderId":0,"StatDate":null,"EndDate":null,"DeviceType":null,"DeviceToken":null,"ClientEmails":null,"CCEmail":null}}]}

2017-05-23 17:24:03.4235|INFO|api.Helpers.NLogger|JSON
Method: POST
URL: http://192.168.1.124:8989/api/v1/employee/UpdateEmployeeLocation
Controller : api.Controllers.EmployeeController
Action : UpdateEmployeeLocation
Action Parameters : {"messageFormat":"JSON","messageArguments":[{"request":{"NotificationId":0,"EmployeeId":12,"SalesVisitRequestId":0,"Month":0,"Year":0,"Day":0,"ServiceId":0,"ReportId":0,"UnitId":0,"Latitude":23.02623253,"Longitude":72.52366572,"SearchTerm":null,"PageId":0,"LastCallDateTime":null,"PageNumber":null,"pageSize":0,"OrderId":0,"StatDate":null,"EndDate":null,"DeviceType":null,"DeviceToken":null,"ClientEmails":null,"CCEmail":null}}]}

2017-05-23 17:32:28.9708|INFO|api.Helpers.NLogger|JSON
Method: POST
URL: http://192.168.1.124:8989/api/v1/employee/GetDashBoardMonthDayWiseServiceList
Controller : api.Controllers.EmployeeController
Action : GetDashBoardMonthDayWiseServiceList
Action Parameters : {"messageFormat":"JSON","messageArguments":[{"request":{"NotificationId":0,"EmployeeId":12,"SalesVisitRequestId":0,"Month":5,"Year":2017,"Day":25,"ServiceId":0,"ReportId":0,"UnitId":0,"Latitude":null,"Longitude":null,"SearchTerm":null,"PageId":0,"LastCallDateTime":null,"PageNumber":null,"pageSize":0,"OrderId":0,"StatDate":null,"EndDate":null,"DeviceType":null,"DeviceToken":null,"ClientEmails":null,"CCEmail":null}}]}

2017-05-23 17:32:30.8840|INFO|api.Helpers.NLogger|JSON
Method: POST
URL: http://192.168.1.124:8989/api/v1/employee/GetDashBoardMonthDayWiseServiceList
Controller : api.Controllers.EmployeeController
Action : GetDashBoardMonthDayWiseServiceList
Action Parameters : {"messageFormat":"JSON","messageArguments":[{"request":{"NotificationId":0,"EmployeeId":12,"SalesVisitRequestId":0,"Month":5,"Year":2017,"Day":26,"ServiceId":0,"ReportId":0,"UnitId":0,"Latitude":null,"Longitude":null,"SearchTerm":null,"PageId":0,"LastCallDateTime":null,"PageNumber":null,"pageSize":0,"OrderId":0,"StatDate":null,"EndDate":null,"DeviceType":null,"DeviceToken":null,"ClientEmails":null,"CCEmail":null}}]}

2017-05-23 17:32:34.4121|INFO|api.Helpers.NLogger|JSON
Method: POST
URL: http://192.168.1.124:8989/api/v1/employee/GetServiceDetails
Controller : api.Controllers.EmployeeController
Action : GetServiceDetails
Action Parameters : {"messageFormat":"JSON","messageArguments":[{"request":{"NotificationId":0,"EmployeeId":12,"SalesVisitRequestId":0,"Month":0,"Year":0,"Day":0,"ServiceId":10136,"ReportId":0,"UnitId":0,"Latitude":null,"Longitude":null,"SearchTerm":null,"PageId":0,"LastCallDateTime":null,"PageNumber":null,"pageSize":0,"OrderId":0,"StatDate":null,"EndDate":null,"DeviceType":null,"DeviceToken":null,"ClientEmails":null,"CCEmail":null}}]}

2017-05-23 18:11:13.1902|INFO|api.Helpers.NLogger|JSON
Method: POST
URL: http://192.168.1.124:8989/api/v1/employee/UpdateEmployeeLocation
Controller : api.Controllers.EmployeeController
Action : UpdateEmployeeLocation
Action Parameters : {"messageFormat":"JSON","messageArguments":[{"request":{"NotificationId":0,"EmployeeId":12,"SalesVisitRequestId":0,"Month":0,"Year":0,"Day":0,"ServiceId":0,"ReportId":0,"UnitId":0,"Latitude":23.02621547,"Longitude":72.52365374,"SearchTerm":null,"PageId":0,"LastCallDateTime":null,"PageNumber":null,"pageSize":0,"OrderId":0,"StatDate":null,"EndDate":null,"DeviceType":null,"DeviceToken":null,"ClientEmails":null,"CCEmail":null}}]}

2017-05-23 18:11:13.5962|INFO|api.Helpers.NLogger|JSON
Method: POST
URL: http://192.168.1.124:8989/api/v1/employee/GetDashBoardMonthWiseServiceCount
Controller : api.Controllers.EmployeeController
Action : GetDashBoardMonthWiseServiceCount
Action Parameters : {"messageFormat":"JSON","messageArguments":[{"request":{"NotificationId":0,"EmployeeId":12,"SalesVisitRequestId":0,"Month":5,"Year":2017,"Day":0,"ServiceId":0,"ReportId":0,"UnitId":0,"Latitude":null,"Longitude":null,"SearchTerm":null,"PageId":0,"LastCallDateTime":null,"PageNumber":null,"pageSize":0,"OrderId":0,"StatDate":null,"EndDate":null,"DeviceType":null,"DeviceToken":null,"ClientEmails":null,"CCEmail":null}}]}

2017-05-23 18:11:13.5962|INFO|api.Helpers.NLogger|JSON
Method: POST
URL: http://192.168.1.124:8989/api/v1/employee/GetDashBoardMonthDayWiseServiceList
Controller : api.Controllers.EmployeeController
Action : GetDashBoardMonthDayWiseServiceList
Action Parameters : {"messageFormat":"JSON","messageArguments":[{"request":{"NotificationId":0,"EmployeeId":12,"SalesVisitRequestId":0,"Month":5,"Year":2017,"Day":23,"ServiceId":0,"ReportId":0,"UnitId":0,"Latitude":null,"Longitude":null,"SearchTerm":null,"PageId":0,"LastCallDateTime":null,"PageNumber":null,"pageSize":0,"OrderId":0,"StatDate":null,"EndDate":null,"DeviceType":null,"DeviceToken":null,"ClientEmails":null,"CCEmail":null}}]}

2017-05-23 18:11:13.6572|INFO|api.Helpers.NLogger|JSON
Method: POST
URL: http://192.168.1.124:8989/api/v1/employee/employeeUpdateToken
Controller : api.Controllers.NewEmployeeController
Action : employeeUpdateToken
Action Parameters : {"messageFormat":"JSON","messageArguments":[{"request":{"NotificationId":0,"EmployeeId":12,"SalesVisitRequestId":0,"Month":0,"Year":0,"Day":0,"ServiceId":0,"ReportId":0,"UnitId":0,"Latitude":null,"Longitude":null,"SearchTerm":null,"PageId":0,"LastCallDateTime":null,"PageNumber":null,"pageSize":0,"OrderId":0,"StatDate":null,"EndDate":null,"DeviceType":"iPhone","DeviceToken":"51d0a26cc6ccce8e187ba8161f0e74727f5046dc1557ab65f816b6ccb0231987","ClientEmails":null,"CCEmail":null}}]}

2017-05-23 18:13:40.2731|INFO|api.Helpers.NLogger|JSON
Method: POST
URL: http://192.168.1.124:8989/api/v1/employee/GetDashBoardMonthDayWiseServiceList
Controller : api.Controllers.EmployeeController
Action : GetDashBoardMonthDayWiseServiceList
Action Parameters : {"messageFormat":"JSON","messageArguments":[{"request":{"NotificationId":0,"EmployeeId":12,"SalesVisitRequestId":0,"Month":5,"Year":2017,"Day":25,"ServiceId":0,"ReportId":0,"UnitId":0,"Latitude":null,"Longitude":null,"SearchTerm":null,"PageId":0,"LastCallDateTime":null,"PageNumber":null,"pageSize":0,"OrderId":0,"StatDate":null,"EndDate":null,"DeviceType":null,"DeviceToken":null,"ClientEmails":null,"CCEmail":null}}]}

2017-05-23 18:13:42.1573|INFO|api.Helpers.NLogger|JSON
Method: POST
URL: http://192.168.1.124:8989/api/v1/employee/GetServiceDetails
Controller : api.Controllers.EmployeeController
Action : GetServiceDetails
Action Parameters : {"messageFormat":"JSON","messageArguments":[{"request":{"NotificationId":0,"EmployeeId":12,"SalesVisitRequestId":0,"Month":0,"Year":0,"Day":0,"ServiceId":10093,"ReportId":0,"UnitId":0,"Latitude":null,"Longitude":null,"SearchTerm":null,"PageId":0,"LastCallDateTime":null,"PageNumber":null,"pageSize":0,"OrderId":0,"StatDate":null,"EndDate":null,"DeviceType":null,"DeviceToken":null,"ClientEmails":null,"CCEmail":null}}]}

2017-05-23 18:19:12.8634|INFO|api.Helpers.NLogger|JSON
Method: POST
URL: http://192.168.1.124:8989/api/v1/employee/GetDashBoardMonthDayWiseServiceList
Controller : api.Controllers.EmployeeController
Action : GetDashBoardMonthDayWiseServiceList
Action Parameters : {"messageFormat":"JSON","messageArguments":[{"request":{"NotificationId":0,"EmployeeId":12,"SalesVisitRequestId":0,"Month":5,"Year":2017,"Day":23,"ServiceId":0,"ReportId":0,"UnitId":0,"Latitude":null,"Longitude":null,"SearchTerm":null,"PageId":0,"LastCallDateTime":null,"PageNumber":null,"pageSize":0,"OrderId":0,"StatDate":null,"EndDate":null,"DeviceType":null,"DeviceToken":null,"ClientEmails":null,"CCEmail":null}}]}

2017-05-23 18:19:14.1601|INFO|api.Helpers.NLogger|JSON
Method: POST
URL: http://192.168.1.124:8989/api/v1/employee/GetDashBoardMonthWiseServiceCount
Controller : api.Controllers.EmployeeController
Action : GetDashBoardMonthWiseServiceCount
Action Parameters : {"messageFormat":"JSON","messageArguments":[{"request":{"NotificationId":0,"EmployeeId":12,"SalesVisitRequestId":0,"Month":5,"Year":2017,"Day":0,"ServiceId":0,"ReportId":0,"UnitId":0,"Latitude":null,"Longitude":null,"SearchTerm":null,"PageId":0,"LastCallDateTime":null,"PageNumber":null,"pageSize":0,"OrderId":0,"StatDate":null,"EndDate":null,"DeviceType":null,"DeviceToken":null,"ClientEmails":null,"CCEmail":null}}]}

2017-05-23 18:19:15.7859|INFO|api.Helpers.NLogger|JSON
Method: POST
URL: http://192.168.1.124:8989/api/v1/employee/GetDashBoardMonthWiseServiceCount
Controller : api.Controllers.EmployeeController
Action : GetDashBoardMonthWiseServiceCount
Action Parameters : {"messageFormat":"JSON","messageArguments":[{"request":{"NotificationId":0,"EmployeeId":12,"SalesVisitRequestId":0,"Month":5,"Year":2017,"Day":0,"ServiceId":0,"ReportId":0,"UnitId":0,"Latitude":null,"Longitude":null,"SearchTerm":null,"PageId":0,"LastCallDateTime":null,"PageNumber":null,"pageSize":0,"OrderId":0,"StatDate":null,"EndDate":null,"DeviceType":null,"DeviceToken":null,"ClientEmails":null,"CCEmail":null}}]}

2017-05-23 18:19:21.2928|INFO|api.Helpers.NLogger|JSON
Method: POST
URL: http://192.168.1.124:8989/api/v1/employee/GetDashBoardMonthWiseServiceCount
Controller : api.Controllers.EmployeeController
Action : GetDashBoardMonthWiseServiceCount
Action Parameters : {"messageFormat":"JSON","messageArguments":[{"request":{"NotificationId":0,"EmployeeId":12,"SalesVisitRequestId":0,"Month":6,"Year":2017,"Day":0,"ServiceId":0,"ReportId":0,"UnitId":0,"Latitude":null,"Longitude":null,"SearchTerm":null,"PageId":0,"LastCallDateTime":null,"PageNumber":null,"pageSize":0,"OrderId":0,"StatDate":null,"EndDate":null,"DeviceType":null,"DeviceToken":null,"ClientEmails":null,"CCEmail":null}}]}

2017-05-23 18:19:21.8752|INFO|api.Helpers.NLogger|JSON
Method: POST
URL: http://192.168.1.124:8989/api/v1/employee/GetDashBoardMonthWiseServiceCount
Controller : api.Controllers.EmployeeController
Action : GetDashBoardMonthWiseServiceCount
Action Parameters : {"messageFormat":"JSON","messageArguments":[{"request":{"NotificationId":0,"EmployeeId":12,"SalesVisitRequestId":0,"Month":6,"Year":2017,"Day":0,"ServiceId":0,"ReportId":0,"UnitId":0,"Latitude":null,"Longitude":null,"SearchTerm":null,"PageId":0,"LastCallDateTime":null,"PageNumber":null,"pageSize":0,"OrderId":0,"StatDate":null,"EndDate":null,"DeviceType":null,"DeviceToken":null,"ClientEmails":null,"CCEmail":null}}]}

2017-05-23 18:19:22.3334|INFO|api.Helpers.NLogger|JSON
Method: POST
URL: http://192.168.1.124:8989/api/v1/employee/GetDashBoardMonthWiseServiceCount
Controller : api.Controllers.EmployeeController
Action : GetDashBoardMonthWiseServiceCount
Action Parameters : {"messageFormat":"JSON","messageArguments":[{"request":{"NotificationId":0,"EmployeeId":12,"SalesVisitRequestId":0,"Month":6,"Year":2017,"Day":0,"ServiceId":0,"ReportId":0,"UnitId":0,"Latitude":null,"Longitude":null,"SearchTerm":null,"PageId":0,"LastCallDateTime":null,"PageNumber":null,"pageSize":0,"OrderId":0,"StatDate":null,"EndDate":null,"DeviceType":null,"DeviceToken":null,"ClientEmails":null,"CCEmail":null}}]}

2017-05-23 18:19:22.7068|INFO|api.Helpers.NLogger|JSON
Method: POST
URL: http://192.168.1.124:8989/api/v1/employee/GetDashBoardMonthWiseServiceCount
Controller : api.Controllers.EmployeeController
Action : GetDashBoardMonthWiseServiceCount
Action Parameters : {"messageFormat":"JSON","messageArguments":[{"request":{"NotificationId":0,"EmployeeId":12,"SalesVisitRequestId":0,"Month":6,"Year":2017,"Day":0,"ServiceId":0,"ReportId":0,"UnitId":0,"Latitude":null,"Longitude":null,"SearchTerm":null,"PageId":0,"LastCallDateTime":null,"PageNumber":null,"pageSize":0,"OrderId":0,"StatDate":null,"EndDate":null,"DeviceType":null,"DeviceToken":null,"ClientEmails":null,"CCEmail":null}}]}

2017-05-23 18:19:23.1739|INFO|api.Helpers.NLogger|JSON
Method: POST
URL: http://192.168.1.124:8989/api/v1/employee/GetDashBoardMonthWiseServiceCount
Controller : api.Controllers.EmployeeController
Action : GetDashBoardMonthWiseServiceCount
Action Parameters : {"messageFormat":"JSON","messageArguments":[{"request":{"NotificationId":0,"EmployeeId":12,"SalesVisitRequestId":0,"Month":7,"Year":2017,"Day":0,"ServiceId":0,"ReportId":0,"UnitId":0,"Latitude":null,"Longitude":null,"SearchTerm":null,"PageId":0,"LastCallDateTime":null,"PageNumber":null,"pageSize":0,"OrderId":0,"StatDate":null,"EndDate":null,"DeviceType":null,"DeviceToken":null,"ClientEmails":null,"CCEmail":null}}]}

2017-05-23 18:19:23.8511|INFO|api.Helpers.NLogger|JSON
Method: POST
URL: http://192.168.1.124:8989/api/v1/employee/NotificationList
Controller : api.Controllers.NewEmployeeController
Action : NotificationList
Action Parameters : {"messageFormat":"JSON","messageArguments":[{"request":{"NotificationId":0,"EmployeeId":12,"SalesVisitRequestId":0,"Month":0,"Year":0,"Day":0,"ServiceId":0,"ReportId":0,"UnitId":0,"Latitude":null,"Longitude":null,"SearchTerm":null,"PageId":0,"LastCallDateTime":null,"PageNumber":1,"pageSize":0,"OrderId":0,"StatDate":null,"EndDate":null,"DeviceType":null,"DeviceToken":null,"ClientEmails":null,"CCEmail":null}}]}

2017-05-23 18:19:27.7311|INFO|api.Helpers.NLogger|JSON
Method: POST
URL: http://192.168.1.124:8989/api/v1/employee/GetServiceDetails
Controller : api.Controllers.EmployeeController
Action : GetServiceDetails
Action Parameters : {"messageFormat":"JSON","messageArguments":[{"request":{"NotificationId":10802,"EmployeeId":12,"SalesVisitRequestId":0,"Month":0,"Year":0,"Day":0,"ServiceId":10153,"ReportId":0,"UnitId":0,"Latitude":null,"Longitude":null,"SearchTerm":null,"PageId":0,"LastCallDateTime":null,"PageNumber":null,"pageSize":0,"OrderId":0,"StatDate":null,"EndDate":null,"DeviceType":null,"DeviceToken":null,"ClientEmails":null,"CCEmail":null}}]}

2017-05-23 18:19:52.9985|INFO|api.Helpers.NLogger|JSON
Method: POST
URL: http://192.168.1.124:8989/api/v1/employee/GetServiceUnitDetails
Controller : api.Controllers.EmployeeController
Action : GetServiceUnitDetails
Action Parameters : {"messageFormat":"JSON","messageArguments":[{"request":{"NotificationId":0,"EmployeeId":12,"SalesVisitRequestId":0,"Month":0,"Year":0,"Day":0,"ServiceId":0,"ReportId":0,"UnitId":1056,"Latitude":null,"Longitude":null,"SearchTerm":null,"PageId":0,"LastCallDateTime":null,"PageNumber":null,"pageSize":0,"OrderId":0,"StatDate":null,"EndDate":null,"DeviceType":null,"DeviceToken":null,"ClientEmails":null,"CCEmail":null}}]}

2017-05-23 18:27:12.4047|INFO|api.Helpers.NLogger|JSON
Method: POST
URL: http://192.168.1.124:8989/api/v1/employee/NotificationList
Controller : api.Controllers.NewEmployeeController
Action : NotificationList
Action Parameters : {"messageFormat":"JSON","messageArguments":[{"request":{"NotificationId":0,"EmployeeId":12,"SalesVisitRequestId":0,"Month":0,"Year":0,"Day":0,"ServiceId":0,"ReportId":0,"UnitId":0,"Latitude":null,"Longitude":null,"SearchTerm":null,"PageId":0,"LastCallDateTime":null,"PageNumber":1,"pageSize":0,"OrderId":0,"StatDate":null,"EndDate":null,"DeviceType":null,"DeviceToken":null,"ClientEmails":null,"CCEmail":null}}]}

2017-05-23 18:27:14.1198|INFO|api.Helpers.NLogger|JSON
Method: POST
URL: http://192.168.1.124:8989/api/v1/employee/GetDashBoardMonthWiseServiceCount
Controller : api.Controllers.EmployeeController
Action : GetDashBoardMonthWiseServiceCount
Action Parameters : {"messageFormat":"JSON","messageArguments":[{"request":{"NotificationId":0,"EmployeeId":12,"SalesVisitRequestId":0,"Month":5,"Year":2017,"Day":0,"ServiceId":0,"ReportId":0,"UnitId":0,"Latitude":null,"Longitude":null,"SearchTerm":null,"PageId":0,"LastCallDateTime":null,"PageNumber":null,"pageSize":0,"OrderId":0,"StatDate":null,"EndDate":null,"DeviceType":null,"DeviceToken":null,"ClientEmails":null,"CCEmail":null}}]}

2017-05-23 18:27:14.1398|INFO|api.Helpers.NLogger|JSON
Method: POST
URL: http://192.168.1.124:8989/api/v1/employee/GetDashBoardMonthWiseServiceCount
Controller : api.Controllers.EmployeeController
Action : GetDashBoardMonthWiseServiceCount
Action Parameters : {"messageFormat":"JSON","messageArguments":[{"request":{"NotificationId":0,"EmployeeId":12,"SalesVisitRequestId":0,"Month":5,"Year":2017,"Day":0,"ServiceId":0,"ReportId":0,"UnitId":0,"Latitude":null,"Longitude":null,"SearchTerm":null,"PageId":0,"LastCallDateTime":null,"PageNumber":null,"pageSize":0,"OrderId":0,"StatDate":null,"EndDate":null,"DeviceType":null,"DeviceToken":null,"ClientEmails":null,"CCEmail":null}}]}

2017-05-23 18:27:14.1398|INFO|api.Helpers.NLogger|JSON
Method: POST
URL: http://192.168.1.124:8989/api/v1/employee/GetDashBoardMonthDayWiseServiceList
Controller : api.Controllers.EmployeeController
Action : GetDashBoardMonthDayWiseServiceList
Action Parameters : {"messageFormat":"JSON","messageArguments":[{"request":{"NotificationId":0,"EmployeeId":12,"SalesVisitRequestId":0,"Month":5,"Year":2017,"Day":23,"ServiceId":0,"ReportId":0,"UnitId":0,"Latitude":null,"Longitude":null,"SearchTerm":null,"PageId":0,"LastCallDateTime":null,"PageNumber":null,"pageSize":0,"OrderId":0,"StatDate":null,"EndDate":null,"DeviceType":null,"DeviceToken":null,"ClientEmails":null,"CCEmail":null}}]}

2017-05-23 18:27:15.5455|INFO|api.Helpers.NLogger|JSON
Method: POST
URL: http://192.168.1.124:8989/api/v1/employee/GetDashBoardMonthDayWiseServiceList
Controller : api.Controllers.EmployeeController
Action : GetDashBoardMonthDayWiseServiceList
Action Parameters : {"messageFormat":"JSON","messageArguments":[{"request":{"NotificationId":0,"EmployeeId":12,"SalesVisitRequestId":0,"Month":5,"Year":2017,"Day":26,"ServiceId":0,"ReportId":0,"UnitId":0,"Latitude":null,"Longitude":null,"SearchTerm":null,"PageId":0,"LastCallDateTime":null,"PageNumber":null,"pageSize":0,"OrderId":0,"StatDate":null,"EndDate":null,"DeviceType":null,"DeviceToken":null,"ClientEmails":null,"CCEmail":null}}]}

2017-05-23 18:27:16.4569|INFO|api.Helpers.NLogger|JSON
Method: POST
URL: http://192.168.1.124:8989/api/v1/employee/GetServiceDetails
Controller : api.Controllers.EmployeeController
Action : GetServiceDetails
Action Parameters : {"messageFormat":"JSON","messageArguments":[{"request":{"NotificationId":0,"EmployeeId":12,"SalesVisitRequestId":0,"Month":0,"Year":0,"Day":0,"ServiceId":10136,"ReportId":0,"UnitId":0,"Latitude":null,"Longitude":null,"SearchTerm":null,"PageId":0,"LastCallDateTime":null,"PageNumber":null,"pageSize":0,"OrderId":0,"StatDate":null,"EndDate":null,"DeviceType":null,"DeviceToken":null,"ClientEmails":null,"CCEmail":null}}]}

2017-05-23 18:30:10.4697|INFO|api.Helpers.NLogger|JSON
Method: POST
URL: http://192.168.1.124:8989/api/v1/employee/UpdateEmployeeLocation
Controller : api.Controllers.EmployeeController
Action : UpdateEmployeeLocation
Action Parameters : {"messageFormat":"JSON","messageArguments":[{"request":{"NotificationId":0,"EmployeeId":12,"SalesVisitRequestId":0,"Month":0,"Year":0,"Day":0,"ServiceId":0,"ReportId":0,"UnitId":0,"Latitude":23.02621672,"Longitude":72.52365125,"SearchTerm":null,"PageId":0,"LastCallDateTime":null,"PageNumber":null,"pageSize":0,"OrderId":0,"StatDate":null,"EndDate":null,"DeviceType":null,"DeviceToken":null,"ClientEmails":null,"CCEmail":null}}]}

2017-05-23 18:34:01.0751|INFO|api.Helpers.NLogger|JSON
Method: POST
URL: http://192.168.1.124:8989/api/v1/employee/UpdateEmployeeLocation
Controller : api.Controllers.EmployeeController
Action : UpdateEmployeeLocation
Action Parameters : {"messageFormat":"JSON","messageArguments":[{"request":{"NotificationId":0,"EmployeeId":12,"SalesVisitRequestId":0,"Month":0,"Year":0,"Day":0,"ServiceId":0,"ReportId":0,"UnitId":0,"Latitude":23.02621412,"Longitude":72.52365033,"SearchTerm":null,"PageId":0,"LastCallDateTime":null,"PageNumber":null,"pageSize":0,"OrderId":0,"StatDate":null,"EndDate":null,"DeviceType":null,"DeviceToken":null,"ClientEmails":null,"CCEmail":null}}]}

2017-05-23 18:47:58.2764|INFO|api.Helpers.NLogger|JSON
Method: POST
URL: http://192.168.1.124:8989/api/v1/employee/GetDashBoardMonthWiseServiceCount
Controller : api.Controllers.EmployeeController
Action : GetDashBoardMonthWiseServiceCount
Action Parameters : {"messageFormat":"JSON","messageArguments":[{"request":{"NotificationId":0,"EmployeeId":12,"SalesVisitRequestId":0,"Month":5,"Year":2017,"Day":0,"ServiceId":0,"ReportId":0,"UnitId":0,"Latitude":null,"Longitude":null,"SearchTerm":null,"PageId":0,"LastCallDateTime":null,"PageNumber":null,"pageSize":0,"OrderId":0,"StatDate":null,"EndDate":null,"DeviceType":null,"DeviceToken":null,"ClientEmails":null,"CCEmail":null}}]}

2017-05-23 18:47:58.3813|INFO|api.Helpers.NLogger|JSON
Method: POST
URL: http://192.168.1.124:8989/api/v1/employee/UpdateEmployeeLocation
Controller : api.Controllers.EmployeeController
Action : UpdateEmployeeLocation
Action Parameters : {"messageFormat":"JSON","messageArguments":[{"request":{"NotificationId":0,"EmployeeId":12,"SalesVisitRequestId":0,"Month":0,"Year":0,"Day":0,"ServiceId":0,"ReportId":0,"UnitId":0,"Latitude":23.02620360,"Longitude":72.52363705,"SearchTerm":null,"PageId":0,"LastCallDateTime":null,"PageNumber":null,"pageSize":0,"OrderId":0,"StatDate":null,"EndDate":null,"DeviceType":null,"DeviceToken":null,"ClientEmails":null,"CCEmail":null}}]}

2017-05-23 18:47:58.3813|INFO|api.Helpers.NLogger|JSON
Method: POST
URL: http://192.168.1.124:8989/api/v1/employee/employeeUpdateToken
Controller : api.Controllers.NewEmployeeController
Action : employeeUpdateToken
Action Parameters : {"messageFormat":"JSON","messageArguments":[{"request":{"NotificationId":0,"EmployeeId":12,"SalesVisitRequestId":0,"Month":0,"Year":0,"Day":0,"ServiceId":0,"ReportId":0,"UnitId":0,"Latitude":null,"Longitude":null,"SearchTerm":null,"PageId":0,"LastCallDateTime":null,"PageNumber":null,"pageSize":0,"OrderId":0,"StatDate":null,"EndDate":null,"DeviceType":"iPhone","DeviceToken":"51d0a26cc6ccce8e187ba8161f0e74727f5046dc1557ab65f816b6ccb0231987","ClientEmails":null,"CCEmail":null}}]}

2017-05-23 18:48:01.2835|INFO|api.Helpers.NLogger|JSON
Method: POST
URL: http://192.168.1.124:8989/api/v1/employee/GetDashBoardMonthDayWiseServiceList
Controller : api.Controllers.EmployeeController
Action : GetDashBoardMonthDayWiseServiceList
Action Parameters : {"messageFormat":"JSON","messageArguments":[{"request":{"NotificationId":0,"EmployeeId":12,"SalesVisitRequestId":0,"Month":5,"Year":2017,"Day":23,"ServiceId":0,"ReportId":0,"UnitId":0,"Latitude":null,"Longitude":null,"SearchTerm":null,"PageId":0,"LastCallDateTime":null,"PageNumber":null,"pageSize":0,"OrderId":0,"StatDate":null,"EndDate":null,"DeviceType":null,"DeviceToken":null,"ClientEmails":null,"CCEmail":null}}]}

