2017-05-31 20:18:07.2043|INFO|api.Helpers.NLogger|JSON
Method: POST
URL: http://192.168.1.124:8989/api/v1/employee/GetDashBoardMonthWiseServiceCount
Controller : api.Controllers.EmployeeController
Action : GetDashBoardMonthWiseServiceCount
Action Parameters : {"messageFormat":"JSON","messageArguments":[{"request":{"NotificationId":0,"EmployeeId":12,"SalesVisitRequestId":0,"Month":5,"Year":2017,"Day":0,"ServiceId":0,"ReportId":0,"UnitId":0,"Latitude":null,"Longitude":null,"SearchTerm":null,"PageId":0,"LastCallDateTime":null,"PageNumber":null,"pageSize":0,"OrderId":0,"StatDate":null,"EndDate":null,"DeviceType":null,"DeviceToken":null,"ClientEmails":null,"CCEmail":null}}]}

2017-05-31 20:18:07.2043|INFO|api.Helpers.NLogger|JSON
Method: POST
URL: http://192.168.1.124:8989/api/v1/employee/employeeUpdateToken
Controller : api.Controllers.NewEmployeeController
Action : employeeUpdateToken
Action Parameters : {"messageFormat":"JSON","messageArguments":[{"request":{"NotificationId":0,"EmployeeId":12,"SalesVisitRequestId":0,"Month":0,"Year":0,"Day":0,"ServiceId":0,"ReportId":0,"UnitId":0,"Latitude":null,"Longitude":null,"SearchTerm":null,"PageId":0,"LastCallDateTime":null,"PageNumber":null,"pageSize":0,"OrderId":0,"StatDate":null,"EndDate":null,"DeviceType":"iPhone","DeviceToken":"6b57df240dc23709a95969742342e95184bbeb404fa3595b7bb7c4c1a819d43f","ClientEmails":null,"CCEmail":null}}]}

2017-05-31 20:18:07.2043|INFO|api.Helpers.NLogger|JSON
Method: POST
URL: http://192.168.1.124:8989/api/v1/employee/GetDashBoardMonthDayWiseServiceList
Controller : api.Controllers.EmployeeController
Action : GetDashBoardMonthDayWiseServiceList
Action Parameters : {"messageFormat":"JSON","messageArguments":[{"request":{"NotificationId":0,"EmployeeId":12,"SalesVisitRequestId":0,"Month":5,"Year":2017,"Day":31,"ServiceId":0,"ReportId":0,"UnitId":0,"Latitude":null,"Longitude":null,"SearchTerm":null,"PageId":0,"LastCallDateTime":null,"PageNumber":null,"pageSize":0,"OrderId":0,"StatDate":null,"EndDate":null,"DeviceType":null,"DeviceToken":null,"ClientEmails":null,"CCEmail":null}}]}

2017-05-31 20:19:12.1205|INFO|api.Helpers.NLogger|JSON
Method: POST
URL: http://192.168.1.124:8989/api/v1/employee/GetAllScheduledServices
Controller : api.Controllers.EmployeeController
Action : GetAllScheduledServices
Action Parameters : {"messageFormat":"JSON","messageArguments":[{"request":{"NotificationId":0,"EmployeeId":12,"SalesVisitRequestId":0,"Month":0,"Year":0,"Day":0,"ServiceId":0,"ReportId":0,"UnitId":0,"Latitude":null,"Longitude":null,"SearchTerm":null,"PageId":0,"LastCallDateTime":null,"PageNumber":1,"pageSize":0,"OrderId":0,"StatDate":"\/Date(1496242152000)\/","EndDate":null,"DeviceType":null,"DeviceToken":null,"ClientEmails":null,"CCEmail":null}}]}

2017-05-31 20:19:13.4605|INFO|api.Helpers.NLogger|JSON
Method: POST
URL: http://192.168.1.124:8989/api/v1/employee/logout
Controller : api.Controllers.EmployeeController
Action : logout
Action Parameters : {"messageFormat":"JSON","messageArguments":[{"request":{"NotificationId":0,"EmployeeId":12,"SalesVisitRequestId":0,"Month":0,"Year":0,"Day":0,"ServiceId":0,"ReportId":0,"UnitId":0,"Latitude":null,"Longitude":null,"SearchTerm":null,"PageId":0,"LastCallDateTime":null,"PageNumber":null,"pageSize":0,"OrderId":0,"StatDate":null,"EndDate":null,"DeviceType":null,"DeviceToken":null,"ClientEmails":null,"CCEmail":null}}]}

2017-05-31 20:19:15.5867|INFO|api.Helpers.NLogger|JSON
Method: POST
URL: http://192.168.1.124:8989/api/v1/employee/login
Controller : api.Controllers.EmployeeController
Action : Login
Action Parameters : {"messageFormat":"JSON","messageArguments":[{"model":{"Email":"itesting.demo@gmail.com","Password":"7f2765757d527eaeeb14fb706039bac7","DeviceType":"iPhone","DeviceToken":"6b57df240dc23709a95969742342e95184bbeb404fa3595b7bb7c4c1a819d43f","Latitude":null,"Longitude":null}}]}

2017-05-31 20:19:16.1917|INFO|api.Helpers.NLogger|JSON
Method: POST
URL: http://192.168.1.124:8989/api/v1/employee/GetDashBoardMonthWiseServiceCount
Controller : api.Controllers.EmployeeController
Action : GetDashBoardMonthWiseServiceCount
Action Parameters : {"messageFormat":"JSON","messageArguments":[{"request":{"NotificationId":0,"EmployeeId":12,"SalesVisitRequestId":0,"Month":5,"Year":2017,"Day":0,"ServiceId":0,"ReportId":0,"UnitId":0,"Latitude":null,"Longitude":null,"SearchTerm":null,"PageId":0,"LastCallDateTime":null,"PageNumber":null,"pageSize":0,"OrderId":0,"StatDate":null,"EndDate":null,"DeviceType":null,"DeviceToken":null,"ClientEmails":null,"CCEmail":null}}]}

2017-05-31 20:19:16.1967|INFO|api.Helpers.NLogger|JSON
Method: POST
URL: http://192.168.1.124:8989/api/v1/employee/GetDashBoardMonthDayWiseServiceList
Controller : api.Controllers.EmployeeController
Action : GetDashBoardMonthDayWiseServiceList
Action Parameters : {"messageFormat":"JSON","messageArguments":[{"request":{"NotificationId":0,"EmployeeId":12,"SalesVisitRequestId":0,"Month":5,"Year":2017,"Day":31,"ServiceId":0,"ReportId":0,"UnitId":0,"Latitude":null,"Longitude":null,"SearchTerm":null,"PageId":0,"LastCallDateTime":null,"PageNumber":null,"pageSize":0,"OrderId":0,"StatDate":null,"EndDate":null,"DeviceType":null,"DeviceToken":null,"ClientEmails":null,"CCEmail":null}}]}

2017-05-31 20:19:16.9887|INFO|api.Helpers.NLogger|JSON
Method: POST
URL: http://192.168.1.124:8989/api/v1/employee/employeeUpdateToken
Controller : api.Controllers.NewEmployeeController
Action : employeeUpdateToken
Action Parameters : {"messageFormat":"JSON","messageArguments":[{"request":{"NotificationId":0,"EmployeeId":12,"SalesVisitRequestId":0,"Month":0,"Year":0,"Day":0,"ServiceId":0,"ReportId":0,"UnitId":0,"Latitude":null,"Longitude":null,"SearchTerm":null,"PageId":0,"LastCallDateTime":null,"PageNumber":null,"pageSize":0,"OrderId":0,"StatDate":null,"EndDate":null,"DeviceType":"iPhone","DeviceToken":"85796c58077317e74223378c616600b8999051d45ce37141bf42227fe60eb724","ClientEmails":null,"CCEmail":null}}]}

2017-05-31 20:19:18.9609|INFO|api.Helpers.NLogger|JSON
Method: POST
URL: http://192.168.1.124:8989/api/v1/employee/GetAllScheduledServices
Controller : api.Controllers.EmployeeController
Action : GetAllScheduledServices
Action Parameters : {"messageFormat":"JSON","messageArguments":[{"request":{"NotificationId":0,"EmployeeId":12,"SalesVisitRequestId":0,"Month":0,"Year":0,"Day":0,"ServiceId":0,"ReportId":0,"UnitId":0,"Latitude":null,"Longitude":null,"SearchTerm":null,"PageId":0,"LastCallDateTime":null,"PageNumber":1,"pageSize":0,"OrderId":0,"StatDate":"\/Date(1496242159000)\/","EndDate":null,"DeviceType":null,"DeviceToken":null,"ClientEmails":null,"CCEmail":null}}]}

2017-05-31 20:19:24.3452|INFO|api.Helpers.NLogger|JSON
Method: POST
URL: http://192.168.1.124:8989/api/v1/employee/GetAllScheduledServices
Controller : api.Controllers.EmployeeController
Action : GetAllScheduledServices
Action Parameters : {"messageFormat":"JSON","messageArguments":[{"request":{"NotificationId":0,"EmployeeId":12,"SalesVisitRequestId":0,"Month":0,"Year":0,"Day":0,"ServiceId":0,"ReportId":0,"UnitId":0,"Latitude":null,"Longitude":null,"SearchTerm":null,"PageId":0,"LastCallDateTime":null,"PageNumber":1,"pageSize":0,"OrderId":0,"StatDate":"\/Date(1464706161000)\/","EndDate":"\/Date(1496242163000)\/","DeviceType":null,"DeviceToken":null,"ClientEmails":null,"CCEmail":null}}]}

2017-05-31 20:19:41.3916|INFO|api.Helpers.NLogger|JSON
Method: POST
URL: http://192.168.1.124:8989/api/v1/employee/CheckUnitMatchDetails
Controller : api.Controllers.EmployeeController
Action : CheckUnitMatchDetails
Action Parameters : {"messageFormat":"JSON","messageArguments":[{"request":{"UnitId":1052,"EmployeeId":12,"Parts":[{"UnitType":"Heating","ModelNumber":"ACM202","SerialNumber":"7574746474"},{"UnitType":"Cooling","ModelNumber":"hahahaah","SerialNumber":""}]}}]}

2017-05-31 16:27:01.4291|INFO|api.Helpers.NLogger|JSON
Method: GET
URL: http://192.168.1.124:8989/api/v1/employee/GetClientDefaultAddress?ClientId=1019&EmployeeId=1012
Controller : api.Controllers.EmployeeController
Action : GetClientDefaultAddress
Action Parameters : {"messageFormat":"JSON","messageArguments":[{"ClientId":1019,"EmployeeId":1012}]}

2017-05-31 16:27:07.3219|INFO|api.Helpers.NLogger|JSON
Method: POST
URL: http://192.168.1.124:8989/api/v1/employee/ValidateClientAddress
Controller : api.Controllers.NewEmployeeController
Action : ValidateClientAddress
Action Parameters : {"messageFormat":"JSON","messageArguments":[{"ModelData":{"Id":0,"ClientId":1019,"Address":"4809 kenwood palace","State":1,"StateName":null,"City":182,"CityName":null,"ZipCode":"94103","Latitude":null,"Longitude":null,"IsDefaultAddress":null,"AllowDelete":false,"ShowAddressInApp":false,"PhoneNumber":null,"MobileNumber":null,"OfficeNumber":null,"HomeNumber":null,"Email":null,"PDFUrl":null,"PendingInactive":false}}]}

2017-05-31 16:27:08.7960|INFO|api.Helpers.NLogger|JSON
Method: POST
URL: http://192.168.1.124:8989/api/v1/employee/SubmitUnitPayment
Controller : api.Controllers.NewEmployeeController
Action : SubmitUnitPayment
Action Parameters : {"messageFormat":"JSON","messageArguments":[{}]}

2017-05-31 16:27:11.6885|INFO|api.Helpers.NLogger|JSON
Method: POST
URL: http://192.168.1.124:8989/api/v1/employee/NotificationList
Controller : api.Controllers.NewEmployeeController
Action : NotificationList
Action Parameters : {"messageFormat":"JSON","messageArguments":[{"request":{"NotificationId":0,"EmployeeId":1012,"SalesVisitRequestId":0,"Month":0,"Year":0,"Day":0,"ServiceId":0,"ReportId":0,"UnitId":0,"Latitude":null,"Longitude":null,"SearchTerm":null,"PageId":0,"LastCallDateTime":null,"PageNumber":1,"pageSize":0,"OrderId":0,"StatDate":null,"EndDate":null,"DeviceType":null,"DeviceToken":null,"ClientEmails":null,"CCEmail":null}}]}

2017-05-31 17:25:39.1790|INFO|api.Helpers.NLogger|JSON
Method: POST
URL: http://192.168.1.124:8989/api/v1/employee/UpdateEmployeeLocation
Controller : api.Controllers.EmployeeController
Action : UpdateEmployeeLocation
Action Parameters : {"messageFormat":"JSON","messageArguments":[{"request":{"NotificationId":0,"EmployeeId":1012,"SalesVisitRequestId":0,"Month":0,"Year":0,"Day":0,"ServiceId":0,"ReportId":0,"UnitId":0,"Latitude":23.02624910,"Longitude":72.52365363,"SearchTerm":null,"PageId":0,"LastCallDateTime":null,"PageNumber":null,"pageSize":0,"OrderId":0,"StatDate":null,"EndDate":null,"DeviceType":null,"DeviceToken":null,"ClientEmails":null,"CCEmail":null}}]}

2017-05-31 17:25:39.1790|INFO|api.Helpers.NLogger|JSON
Method: POST
URL: http://192.168.1.124:8989/api/v1/employee/employeeUpdateToken
Controller : api.Controllers.NewEmployeeController
Action : employeeUpdateToken
Action Parameters : {"messageFormat":"JSON","messageArguments":[{"request":{"NotificationId":0,"EmployeeId":1012,"SalesVisitRequestId":0,"Month":0,"Year":0,"Day":0,"ServiceId":0,"ReportId":0,"UnitId":0,"Latitude":null,"Longitude":null,"SearchTerm":null,"PageId":0,"LastCallDateTime":null,"PageNumber":null,"pageSize":0,"OrderId":0,"StatDate":null,"EndDate":null,"DeviceType":"iPhone","DeviceToken":"fec87d846848ef50684e0aa76fc6eee6aa5b7633e6200133b7aef00a601d9469","ClientEmails":null,"CCEmail":null}}]}

2017-05-31 17:25:39.1790|INFO|api.Helpers.NLogger|JSON
Method: POST
URL: http://192.168.1.124:8989/api/v1/employee/NotificationList
Controller : api.Controllers.NewEmployeeController
Action : NotificationList
Action Parameters : {"messageFormat":"JSON","messageArguments":[{"request":{"NotificationId":0,"EmployeeId":1012,"SalesVisitRequestId":0,"Month":0,"Year":0,"Day":0,"ServiceId":0,"ReportId":0,"UnitId":0,"Latitude":null,"Longitude":null,"SearchTerm":null,"PageId":0,"LastCallDateTime":null,"PageNumber":1,"pageSize":0,"OrderId":0,"StatDate":null,"EndDate":null,"DeviceType":null,"DeviceToken":null,"ClientEmails":null,"CCEmail":null}}]}

2017-05-31 17:25:43.2413|INFO|api.Helpers.NLogger|JSON
Method: POST
URL: http://192.168.1.124:8989/api/v1/employee/logout
Controller : api.Controllers.EmployeeController
Action : logout
Action Parameters : {"messageFormat":"JSON","messageArguments":[{"request":{"NotificationId":0,"EmployeeId":1012,"SalesVisitRequestId":0,"Month":0,"Year":0,"Day":0,"ServiceId":0,"ReportId":0,"UnitId":0,"Latitude":null,"Longitude":null,"SearchTerm":null,"PageId":0,"LastCallDateTime":null,"PageNumber":null,"pageSize":0,"OrderId":0,"StatDate":null,"EndDate":null,"DeviceType":null,"DeviceToken":null,"ClientEmails":null,"CCEmail":null}}]}

2017-05-31 17:26:03.6425|INFO|api.Helpers.NLogger|JSON
Method: POST
URL: http://192.168.1.124:8989/api/v1/employee/login
Controller : api.Controllers.EmployeeController
Action : Login
Action Parameters : {"messageFormat":"JSON","messageArguments":[{"model":{"Email":"itesting.demo@gmail.com","Password":"7f2765757d527eaeeb14fb706039bac7","DeviceType":"iPhone","DeviceToken":"fec87d846848ef50684e0aa76fc6eee6aa5b7633e6200133b7aef00a601d9469","Latitude":23.02624910,"Longitude":72.52365363}}]}

2017-05-31 17:26:04.2478|INFO|api.Helpers.NLogger|JSON
Method: POST
URL: http://192.168.1.124:8989/api/v1/employee/GetDashBoardMonthWiseServiceCount
Controller : api.Controllers.EmployeeController
Action : GetDashBoardMonthWiseServiceCount
Action Parameters : {"messageFormat":"JSON","messageArguments":[{"request":{"NotificationId":0,"EmployeeId":12,"SalesVisitRequestId":0,"Month":6,"Year":2017,"Day":0,"ServiceId":0,"ReportId":0,"UnitId":0,"Latitude":null,"Longitude":null,"SearchTerm":null,"PageId":0,"LastCallDateTime":null,"PageNumber":null,"pageSize":0,"OrderId":0,"StatDate":null,"EndDate":null,"DeviceType":null,"DeviceToken":null,"ClientEmails":null,"CCEmail":null}}]}

2017-05-31 17:26:04.2478|INFO|api.Helpers.NLogger|JSON
Method: POST
URL: http://192.168.1.124:8989/api/v1/employee/GetDashBoardMonthDayWiseServiceList
Controller : api.Controllers.EmployeeController
Action : GetDashBoardMonthDayWiseServiceList
Action Parameters : {"messageFormat":"JSON","messageArguments":[{"request":{"NotificationId":0,"EmployeeId":12,"SalesVisitRequestId":0,"Month":6,"Year":2017,"Day":1,"ServiceId":0,"ReportId":0,"UnitId":0,"Latitude":null,"Longitude":null,"SearchTerm":null,"PageId":0,"LastCallDateTime":null,"PageNumber":null,"pageSize":0,"OrderId":0,"StatDate":null,"EndDate":null,"DeviceType":null,"DeviceToken":null,"ClientEmails":null,"CCEmail":null}}]}

2017-05-31 17:26:04.6818|INFO|api.Helpers.NLogger|JSON
Method: POST
URL: http://192.168.1.124:8989/api/v1/employee/employeeUpdateToken
Controller : api.Controllers.NewEmployeeController
Action : employeeUpdateToken
Action Parameters : {"messageFormat":"JSON","messageArguments":[{"request":{"NotificationId":0,"EmployeeId":12,"SalesVisitRequestId":0,"Month":0,"Year":0,"Day":0,"ServiceId":0,"ReportId":0,"UnitId":0,"Latitude":null,"Longitude":null,"SearchTerm":null,"PageId":0,"LastCallDateTime":null,"PageNumber":null,"pageSize":0,"OrderId":0,"StatDate":null,"EndDate":null,"DeviceType":"iPhone","DeviceToken":"fed02593ac288767aa8520f9c4b20d9667097dd493b91fa1e0455e85f7426c4a","ClientEmails":null,"CCEmail":null}}]}

2017-05-31 17:26:44.9309|INFO|api.Helpers.NLogger|JSON
Method: POST
URL: http://192.168.1.124:8989/api/v1/employee/GetAllScheduledServices
Controller : api.Controllers.EmployeeController
Action : GetAllScheduledServices
Action Parameters : {"messageFormat":"JSON","messageArguments":[{"request":{"NotificationId":0,"EmployeeId":12,"SalesVisitRequestId":0,"Month":0,"Year":0,"Day":0,"ServiceId":0,"ReportId":0,"UnitId":0,"Latitude":null,"Longitude":null,"SearchTerm":null,"PageId":0,"LastCallDateTime":null,"PageNumber":1,"pageSize":0,"OrderId":0,"StatDate":"\/Date(1496318207000)\/","EndDate":null,"DeviceType":null,"DeviceToken":null,"ClientEmails":null,"CCEmail":null}}]}

2017-05-31 17:26:53.5496|INFO|api.Helpers.NLogger|JSON
Method: POST
URL: http://192.168.1.124:8989/api/v1/employee/GetAllScheduledServices
Controller : api.Controllers.EmployeeController
Action : GetAllScheduledServices
Action Parameters : {"messageFormat":"JSON","messageArguments":[{"request":{"NotificationId":0,"EmployeeId":12,"SalesVisitRequestId":0,"Month":0,"Year":0,"Day":0,"ServiceId":0,"ReportId":0,"UnitId":0,"Latitude":null,"Longitude":null,"SearchTerm":null,"PageId":0,"LastCallDateTime":null,"PageNumber":1,"pageSize":0,"OrderId":0,"StatDate":"\/Date(1496318209000)\/","EndDate":"\/Date(1501588613000)\/","DeviceType":null,"DeviceToken":null,"ClientEmails":null,"CCEmail":null}}]}

2017-05-31 17:27:18.5513|INFO|api.Helpers.NLogger|JSON
Method: POST
URL: http://192.168.1.124:8989/api/v1/employee/CheckUnitMatchDetails
Controller : api.Controllers.EmployeeController
Action : CheckUnitMatchDetails
Action Parameters : {"messageFormat":"JSON","messageArguments":[{"request":{"UnitId":1110,"EmployeeId":12,"Parts":[{"UnitType":"Heating","ModelNumber":"Havana","SerialNumber":""},{"UnitType":"Cooling","ModelNumber":"banana","SerialNumber":""}]}}]}

2017-05-31 17:27:31.7791|INFO|api.Helpers.NLogger|JSON
Method: POST
URL: http://192.168.1.124:8989/api/v1/employee/GetUnitExtraInfo
Controller : api.Controllers.EmployeeController
Action : GetUnitExtraInfo
Action Parameters : {"messageFormat":"JSON","messageArguments":[{"request":{"EmployeeId":12,"ClientId":0,"UnitId":1110,"UnitName":null,"Notes":null,"AddressId":0,"Parts":null}}]}

2017-05-31 17:27:46.6551|INFO|api.Helpers.NLogger|JSON
Method: POST
URL: http://192.168.1.124:8989/api/v1/employee/GetAllScheduledServices
Controller : api.Controllers.EmployeeController
Action : GetAllScheduledServices
Action Parameters : {"messageFormat":"JSON","messageArguments":[{"request":{"NotificationId":0,"EmployeeId":12,"SalesVisitRequestId":0,"Month":0,"Year":0,"Day":0,"ServiceId":0,"ReportId":0,"UnitId":0,"Latitude":null,"Longitude":null,"SearchTerm":null,"PageId":0,"LastCallDateTime":null,"PageNumber":1,"pageSize":0,"OrderId":0,"StatDate":"\/Date(1496318268000)\/","EndDate":null,"DeviceType":null,"DeviceToken":null,"ClientEmails":null,"CCEmail":null}}]}

2017-05-31 17:27:47.1351|INFO|api.Helpers.NLogger|JSON
Method: POST
URL: http://192.168.1.124:8989/api/v1/employee/GetAllScheduledServices
Controller : api.Controllers.EmployeeController
Action : GetAllScheduledServices
Action Parameters : {"messageFormat":"JSON","messageArguments":[{"request":{"NotificationId":0,"EmployeeId":12,"SalesVisitRequestId":0,"Month":0,"Year":0,"Day":0,"ServiceId":0,"ReportId":0,"UnitId":0,"Latitude":null,"Longitude":null,"SearchTerm":null,"PageId":0,"LastCallDateTime":null,"PageNumber":2,"pageSize":0,"OrderId":0,"StatDate":"\/Date(1496318268000)\/","EndDate":null,"DeviceType":null,"DeviceToken":null,"ClientEmails":null,"CCEmail":null}}]}

2017-05-31 17:27:47.2121|INFO|api.Helpers.NLogger|JSON
Method: POST
URL: http://192.168.1.124:8989/api/v1/employee/GetAllScheduledServices
Controller : api.Controllers.EmployeeController
Action : GetAllScheduledServices
Action Parameters : {"messageFormat":"JSON","messageArguments":[{"request":{"NotificationId":0,"EmployeeId":12,"SalesVisitRequestId":0,"Month":0,"Year":0,"Day":0,"ServiceId":0,"ReportId":0,"UnitId":0,"Latitude":null,"Longitude":null,"SearchTerm":null,"PageId":0,"LastCallDateTime":null,"PageNumber":2,"pageSize":0,"OrderId":0,"StatDate":"\/Date(1496318268000)\/","EndDate":null,"DeviceType":null,"DeviceToken":null,"ClientEmails":null,"CCEmail":null}}]}

