2017-01-18 16:10:14.2788|INFO|api.Helpers.NLogger|JSON
Method: POST
URL: http://192.168.1.119:9999/api/v1/employee/login
Controller : api.Controllers.EmployeeController
Action : Login
Action Parameters : {"messageFormat":"JSON","messageArguments":[{"model":{"Email":"john@gmail.com","Password":"7f2765757d527eaeeb14fb706039bac7","DeviceType":"iPhone","DeviceToken":"","Latitude":null,"Longitude":null}}]}

2017-01-18 16:10:19.5426|INFO|api.Helpers.NLogger|JSON
Method: POST
URL: http://192.168.1.119:9999/api/v1/employee/GetDashBoardMonthDayWiseServiceList
Controller : api.Controllers.EmployeeController
Action : GetDashBoardMonthDayWiseServiceList
Action Parameters : {"messageFormat":"JSON","messageArguments":[{"request":{"NotificationId":0,"EmployeeId":6,"SalesVisitRequestId":0,"Month":1,"Year":2017,"Day":18,"ServiceId":0,"ReportId":0,"UnitId":0,"Latitude":null,"Longitude":null,"SearchTerm":null,"PageId":0,"LastCallDateTime":null,"PageNumber":null,"pageSize":0,"OrderId":0,"StatDate":null,"EndDate":null,"DeviceType":null,"DeviceToken":null,"ClientEmails":null,"CCEmail":null}}]}

2017-01-18 16:10:19.5426|INFO|api.Helpers.NLogger|JSON
Method: POST
URL: http://192.168.1.119:9999/api/v1/employee/GetDashBoardMonthWiseServiceCount
Controller : api.Controllers.EmployeeController
Action : GetDashBoardMonthWiseServiceCount
Action Parameters : {"messageFormat":"JSON","messageArguments":[{"request":{"NotificationId":0,"EmployeeId":6,"SalesVisitRequestId":0,"Month":1,"Year":2017,"Day":0,"ServiceId":0,"ReportId":0,"UnitId":0,"Latitude":null,"Longitude":null,"SearchTerm":null,"PageId":0,"LastCallDateTime":null,"PageNumber":null,"pageSize":0,"OrderId":0,"StatDate":null,"EndDate":null,"DeviceType":null,"DeviceToken":null,"ClientEmails":null,"CCEmail":null}}]}

2017-01-18 16:10:19.5426|INFO|api.Helpers.NLogger|JSON
Method: POST
URL: http://192.168.1.119:9999/api/v1/employee/GetDashBoardMonthWiseServiceCount
Controller : api.Controllers.EmployeeController
Action : GetDashBoardMonthWiseServiceCount
Action Parameters : {"messageFormat":"JSON","messageArguments":[{"request":{"NotificationId":0,"EmployeeId":6,"SalesVisitRequestId":0,"Month":2,"Year":2017,"Day":0,"ServiceId":0,"ReportId":0,"UnitId":0,"Latitude":null,"Longitude":null,"SearchTerm":null,"PageId":0,"LastCallDateTime":null,"PageNumber":null,"pageSize":0,"OrderId":0,"StatDate":null,"EndDate":null,"DeviceType":null,"DeviceToken":null,"ClientEmails":null,"CCEmail":null}}]}

2017-01-18 16:10:29.0352|INFO|api.Helpers.NLogger|JSON
Method: POST
URL: http://192.168.1.119:9999/api/v1/employee/GetOrderList
Controller : api.Controllers.EmployeeController
Action : GetOrderList
Action Parameters : {"messageFormat":"JSON","messageArguments":[{"emp":{"NotificationId":0,"EmployeeId":6,"SalesVisitRequestId":0,"Month":0,"Year":0,"Day":0,"ServiceId":0,"ReportId":0,"UnitId":0,"Latitude":null,"Longitude":null,"SearchTerm":null,"PageId":0,"LastCallDateTime":null,"PageNumber":null,"pageSize":0,"OrderId":0,"StatDate":null,"EndDate":null,"DeviceType":null,"DeviceToken":null,"ClientEmails":null,"CCEmail":null}}]}

2017-01-18 16:10:35.9566|INFO|api.Helpers.NLogger|JSON
Method: POST
URL: http://192.168.1.119:9999/api/v1/employee/logout
Controller : api.Controllers.EmployeeController
Action : logout
Action Parameters : {"messageFormat":"JSON","messageArguments":[{"request":{"NotificationId":0,"EmployeeId":6,"SalesVisitRequestId":0,"Month":0,"Year":0,"Day":0,"ServiceId":0,"ReportId":0,"UnitId":0,"Latitude":null,"Longitude":null,"SearchTerm":null,"PageId":0,"LastCallDateTime":null,"PageNumber":null,"pageSize":0,"OrderId":0,"StatDate":null,"EndDate":null,"DeviceType":null,"DeviceToken":null,"ClientEmails":null,"CCEmail":null}}]}

2017-01-18 16:10:41.7719|INFO|api.Helpers.NLogger|JSON
Method: POST
URL: http://192.168.1.119:9999/api/v1/employee/login
Controller : api.Controllers.EmployeeController
Action : Login
Action Parameters : {"messageFormat":"JSON","messageArguments":[{"model":{"Email":"john@gmail.com","Password":"7f2765757d527eaeeb14fb706039bac7","DeviceType":"iPhone","DeviceToken":"","Latitude":null,"Longitude":null}}]}

2017-01-18 16:10:44.0771|INFO|api.Helpers.NLogger|JSON
Method: POST
URL: http://192.168.1.119:9999/api/v1/employee/GetDashBoardMonthWiseServiceCount
Controller : api.Controllers.EmployeeController
Action : GetDashBoardMonthWiseServiceCount
Action Parameters : {"messageFormat":"JSON","messageArguments":[{"request":{"NotificationId":0,"EmployeeId":1004,"SalesVisitRequestId":0,"Month":1,"Year":2017,"Day":0,"ServiceId":0,"ReportId":0,"UnitId":0,"Latitude":null,"Longitude":null,"SearchTerm":null,"PageId":0,"LastCallDateTime":null,"PageNumber":null,"pageSize":0,"OrderId":0,"StatDate":null,"EndDate":null,"DeviceType":null,"DeviceToken":null,"ClientEmails":null,"CCEmail":null}}]}

2017-01-18 16:10:44.0771|INFO|api.Helpers.NLogger|JSON
Method: POST
URL: http://192.168.1.119:9999/api/v1/employee/GetDashBoardMonthWiseServiceCount
Controller : api.Controllers.EmployeeController
Action : GetDashBoardMonthWiseServiceCount
Action Parameters : {"messageFormat":"JSON","messageArguments":[{"request":{"NotificationId":0,"EmployeeId":1004,"SalesVisitRequestId":0,"Month":2,"Year":2017,"Day":0,"ServiceId":0,"ReportId":0,"UnitId":0,"Latitude":null,"Longitude":null,"SearchTerm":null,"PageId":0,"LastCallDateTime":null,"PageNumber":null,"pageSize":0,"OrderId":0,"StatDate":null,"EndDate":null,"DeviceType":null,"DeviceToken":null,"ClientEmails":null,"CCEmail":null}}]}

2017-01-18 16:10:44.0771|INFO|api.Helpers.NLogger|JSON
Method: POST
URL: http://192.168.1.119:9999/api/v1/employee/GetDashBoardMonthDayWiseServiceList
Controller : api.Controllers.EmployeeController
Action : GetDashBoardMonthDayWiseServiceList
Action Parameters : {"messageFormat":"JSON","messageArguments":[{"request":{"NotificationId":0,"EmployeeId":1004,"SalesVisitRequestId":0,"Month":1,"Year":2017,"Day":18,"ServiceId":0,"ReportId":0,"UnitId":0,"Latitude":null,"Longitude":null,"SearchTerm":null,"PageId":0,"LastCallDateTime":null,"PageNumber":null,"pageSize":0,"OrderId":0,"StatDate":null,"EndDate":null,"DeviceType":null,"DeviceToken":null,"ClientEmails":null,"CCEmail":null}}]}

2017-01-18 16:10:45.8312|INFO|api.Helpers.NLogger|JSON
Method: POST
URL: http://192.168.1.119:9999/api/v1/employee/GetOrderList
Controller : api.Controllers.EmployeeController
Action : GetOrderList
Action Parameters : {"messageFormat":"JSON","messageArguments":[{"emp":{"NotificationId":0,"EmployeeId":1004,"SalesVisitRequestId":0,"Month":0,"Year":0,"Day":0,"ServiceId":0,"ReportId":0,"UnitId":0,"Latitude":null,"Longitude":null,"SearchTerm":null,"PageId":0,"LastCallDateTime":null,"PageNumber":null,"pageSize":0,"OrderId":0,"StatDate":null,"EndDate":null,"DeviceType":null,"DeviceToken":null,"ClientEmails":null,"CCEmail":null}}]}

2017-01-18 16:10:48.3343|INFO|api.Helpers.NLogger|JSON
Method: POST
URL: http://192.168.1.119:9999/api/v1/empcommon/GetPartsByTypeForUnit
Controller : api.Controllers.EmpCommonController
Action : GetPartsByTypeForUnit
Action Parameters : {"messageFormat":"JSON","messageArguments":[{"request":{"Email":null,"ClientId":0,"PlanTypeId":0,"PlanId":0,"PartId":0,"Month":0,"Year":0,"AddressId":null,"UnitId":0,"ServiceId":null,"RequestedServiceId":null,"PartType":null,"PartTypeId":null,"PageId":0,"ShowDeleted":false,"ServiceCaseNumber":null,"LastCallDateTime":null,"PageNumber":null,"pageSize":0,"DeviceType":null,"DeviceToken":null,"NotificationId":null,"EmployeeId":1004,"BillingId":null}}]}

2017-01-18 16:10:56.7089|INFO|api.Helpers.NLogger|JSON
Method: GET
URL: http://192.168.1.119:9999/api/v1/employee/GetAllClients?EmployeeId=1004&ShowOnlyWorkAreaClient=false
Controller : api.Controllers.EmployeeController
Action : GetAllClients
Action Parameters : {"messageFormat":"JSON","messageArguments":[{"EmployeeId":1004,"ShowOnlyWorkAreaClient":false}]}

2017-01-18 16:10:59.6776|INFO|api.Helpers.NLogger|JSON
Method: GET
URL: http://192.168.1.119:9999/api/v1/employee/GetClientDefaultAddress?ClientId=1007&EmployeeId=1004
Controller : api.Controllers.EmployeeController
Action : GetClientDefaultAddress
Action Parameters : {"messageFormat":"JSON","messageArguments":[{"ClientId":1007,"EmployeeId":1004}]}

2017-01-18 16:11:16.0676|INFO|api.Helpers.NLogger|JSON
Method: GET
URL: http://192.168.1.119:9999/api/v1/employee/GetAllClients?EmployeeId=1004&ShowOnlyWorkAreaClient=false
Controller : api.Controllers.EmployeeController
Action : GetAllClients
Action Parameters : {"messageFormat":"JSON","messageArguments":[{"EmployeeId":1004,"ShowOnlyWorkAreaClient":false}]}

2017-01-18 16:11:47.5332|INFO|api.Helpers.NLogger|JSON
Method: GET
URL: http://192.168.1.119:9999/api/v1/employee/GetClientDefaultAddress?ClientId=1006&EmployeeId=1004
Controller : api.Controllers.EmployeeController
Action : GetClientDefaultAddress
Action Parameters : {"messageFormat":"JSON","messageArguments":[{"ClientId":1006,"EmployeeId":1004}]}

2017-01-18 16:12:13.5353|INFO|api.Helpers.NLogger|JSON
Method: POST
URL: http://192.168.1.119:9999/api/v1/employee/SubmitPartQuote
Controller : api.Controllers.NewEmployeeController
Action : SubmitPartQuote
Action Parameters : {"messageFormat":"JSON","messageArguments":[{"request":{"ClientId":1006,"Address":"61, Arther address","City":975,"State":1,"ZipCode":"94401","Email":"testing.chaman@gmail.com","ChargeBy":null,"CardType":null,"NameOnCard":null,"CardNumber":null,"CVV":0,"ExpiryMonth":0,"ExpiryYear":0,"Recommendation":"","EmailToClientEmail":false,"CCEmail":"testanynews@gmail.com","OrderItems":"[{\"Quantity\":\"2\",\"PartId\":\"8\"}]","EmployeeId":"1004"}}]}

2017-01-18 16:13:22.6479|INFO|api.Helpers.NLogger|JSON
Method: POST
URL: http://192.168.1.119:9999/api/v1/employee/GetOrderList
Controller : api.Controllers.EmployeeController
Action : GetOrderList
Action Parameters : {"messageFormat":"JSON","messageArguments":[{"emp":{"NotificationId":0,"EmployeeId":1004,"SalesVisitRequestId":0,"Month":0,"Year":0,"Day":0,"ServiceId":0,"ReportId":0,"UnitId":0,"Latitude":null,"Longitude":null,"SearchTerm":null,"PageId":0,"LastCallDateTime":null,"PageNumber":null,"pageSize":0,"OrderId":0,"StatDate":null,"EndDate":null,"DeviceType":null,"DeviceToken":null,"ClientEmails":null,"CCEmail":null}}]}

2017-01-18 16:13:34.9176|INFO|api.Helpers.NLogger|JSON
Method: POST
URL: http://192.168.1.119:9999/api/v1/empcommon/GetPartsByTypeForUnit
Controller : api.Controllers.EmpCommonController
Action : GetPartsByTypeForUnit
Action Parameters : {"messageFormat":"JSON","messageArguments":[{"request":{"Email":null,"ClientId":0,"PlanTypeId":0,"PlanId":0,"PartId":0,"Month":0,"Year":0,"AddressId":null,"UnitId":0,"ServiceId":null,"RequestedServiceId":null,"PartType":null,"PartTypeId":null,"PageId":0,"ShowDeleted":false,"ServiceCaseNumber":null,"LastCallDateTime":null,"PageNumber":null,"pageSize":0,"DeviceType":null,"DeviceToken":null,"NotificationId":null,"EmployeeId":1004,"BillingId":null}}]}

2017-01-18 16:13:43.6321|INFO|api.Helpers.NLogger|JSON
Method: GET
URL: http://192.168.1.119:9999/api/v1/employee/GetAllClients?EmployeeId=1004&ShowOnlyWorkAreaClient=false
Controller : api.Controllers.EmployeeController
Action : GetAllClients
Action Parameters : {"messageFormat":"JSON","messageArguments":[{"EmployeeId":1004,"ShowOnlyWorkAreaClient":false}]}

2017-01-18 16:13:46.7322|INFO|api.Helpers.NLogger|JSON
Method: GET
URL: http://192.168.1.119:9999/api/v1/employee/GetClientDefaultAddress?ClientId=1007&EmployeeId=1004
Controller : api.Controllers.EmployeeController
Action : GetClientDefaultAddress
Action Parameters : {"messageFormat":"JSON","messageArguments":[{"ClientId":1007,"EmployeeId":1004}]}

2017-01-18 16:13:54.2194|INFO|api.Helpers.NLogger|JSON
Method: POST
URL: http://192.168.1.119:9999/api/v1/employee/SubmitPartQuote
Controller : api.Controllers.NewEmployeeController
Action : SubmitPartQuote
Action Parameters : {"messageFormat":"JSON","messageArguments":[{"request":{"ClientId":1007,"Address":"2137 Hilltop Haven Drive","City":619,"State":1,"ZipCode":"90001","Email":"testanynews@gmail.com","ChargeBy":null,"CardType":null,"NameOnCard":null,"CardNumber":null,"CVV":0,"ExpiryMonth":0,"ExpiryYear":0,"Recommendation":"","EmailToClientEmail":false,"CCEmail":"","OrderItems":"[{\"Quantity\":\"2\",\"PartId\":\"2\"}]","EmployeeId":"1004"}}]}

2017-01-18 16:14:59.2624|INFO|api.Helpers.NLogger|JSON
Method: POST
URL: http://192.168.1.119:9999/api/v1/employee/GetOrderList
Controller : api.Controllers.EmployeeController
Action : GetOrderList
Action Parameters : {"messageFormat":"JSON","messageArguments":[{"emp":{"NotificationId":0,"EmployeeId":1004,"SalesVisitRequestId":0,"Month":0,"Year":0,"Day":0,"ServiceId":0,"ReportId":0,"UnitId":0,"Latitude":null,"Longitude":null,"SearchTerm":null,"PageId":0,"LastCallDateTime":null,"PageNumber":null,"pageSize":0,"OrderId":0,"StatDate":null,"EndDate":null,"DeviceType":null,"DeviceToken":null,"ClientEmails":null,"CCEmail":null}}]}

2017-01-18 16:15:04.5478|INFO|api.Helpers.NLogger|JSON
Method: POST
URL: http://192.168.1.119:9999/api/v1/empcommon/GetPartsByTypeForUnit
Controller : api.Controllers.EmpCommonController
Action : GetPartsByTypeForUnit
Action Parameters : {"messageFormat":"JSON","messageArguments":[{"request":{"Email":null,"ClientId":0,"PlanTypeId":0,"PlanId":0,"PartId":0,"Month":0,"Year":0,"AddressId":null,"UnitId":0,"ServiceId":null,"RequestedServiceId":null,"PartType":null,"PartTypeId":null,"PageId":0,"ShowDeleted":false,"ServiceCaseNumber":null,"LastCallDateTime":null,"PageNumber":null,"pageSize":0,"DeviceType":null,"DeviceToken":null,"NotificationId":null,"EmployeeId":1004,"BillingId":null}}]}

2017-01-18 16:15:10.4208|INFO|api.Helpers.NLogger|JSON
Method: GET
URL: http://192.168.1.119:9999/api/v1/employee/GetAllClients?EmployeeId=1004&ShowOnlyWorkAreaClient=false
Controller : api.Controllers.EmployeeController
Action : GetAllClients
Action Parameters : {"messageFormat":"JSON","messageArguments":[{"EmployeeId":1004,"ShowOnlyWorkAreaClient":false}]}

2017-01-18 16:15:13.8502|INFO|api.Helpers.NLogger|JSON
Method: GET
URL: http://192.168.1.119:9999/api/v1/employee/GetClientDefaultAddress?ClientId=1006&EmployeeId=1004
Controller : api.Controllers.EmployeeController
Action : GetClientDefaultAddress
Action Parameters : {"messageFormat":"JSON","messageArguments":[{"ClientId":1006,"EmployeeId":1004}]}

2017-01-18 16:15:24.6863|INFO|api.Helpers.NLogger|JSON
Method: POST
URL: http://192.168.1.119:9999/api/v1/employee/SubmitPartQuote
Controller : api.Controllers.NewEmployeeController
Action : SubmitPartQuote
Action Parameters : {"messageFormat":"JSON","messageArguments":[{"request":{"ClientId":1006,"Address":"61, Arther address","City":975,"State":1,"ZipCode":"94401","Email":"testing.chaman@gmail.com","ChargeBy":null,"CardType":null,"NameOnCard":null,"CardNumber":null,"CVV":0,"ExpiryMonth":0,"ExpiryYear":0,"Recommendation":"","EmailToClientEmail":false,"CCEmail":"testanynews@gmail.com","OrderItems":"[{\"Quantity\":\"1\",\"PartId\":\"2\"}]","EmployeeId":"1004"}}]}

2017-01-18 17:28:53.3886|INFO|api.Helpers.NLogger|JSON
Method: POST
URL: http://192.168.1.119:9999/api/v1/employee/login
Controller : api.Controllers.EmployeeController
Action : Login
Action Parameters : {"messageFormat":"JSON","messageArguments":[{"model":{"Email":"john@gmail.com","Password":"7f2765757d527eaeeb14fb706039bac7","DeviceType":"iPhone","DeviceToken":"","Latitude":null,"Longitude":null}}]}

2017-01-18 17:28:57.5272|INFO|api.Helpers.NLogger|JSON
Method: POST
URL: http://192.168.1.119:9999/api/v1/employee/GetDashBoardMonthWiseServiceCount
Controller : api.Controllers.EmployeeController
Action : GetDashBoardMonthWiseServiceCount
Action Parameters : {"messageFormat":"JSON","messageArguments":[{"request":{"NotificationId":0,"EmployeeId":6,"SalesVisitRequestId":0,"Month":1,"Year":2017,"Day":0,"ServiceId":0,"ReportId":0,"UnitId":0,"Latitude":null,"Longitude":null,"SearchTerm":null,"PageId":0,"LastCallDateTime":null,"PageNumber":null,"pageSize":0,"OrderId":0,"StatDate":null,"EndDate":null,"DeviceType":null,"DeviceToken":null,"ClientEmails":null,"CCEmail":null}}]}

2017-01-18 17:28:57.5272|INFO|api.Helpers.NLogger|JSON
Method: POST
URL: http://192.168.1.119:9999/api/v1/employee/GetDashBoardMonthDayWiseServiceList
Controller : api.Controllers.EmployeeController
Action : GetDashBoardMonthDayWiseServiceList
Action Parameters : {"messageFormat":"JSON","messageArguments":[{"request":{"NotificationId":0,"EmployeeId":6,"SalesVisitRequestId":0,"Month":1,"Year":2017,"Day":18,"ServiceId":0,"ReportId":0,"UnitId":0,"Latitude":null,"Longitude":null,"SearchTerm":null,"PageId":0,"LastCallDateTime":null,"PageNumber":null,"pageSize":0,"OrderId":0,"StatDate":null,"EndDate":null,"DeviceType":null,"DeviceToken":null,"ClientEmails":null,"CCEmail":null}}]}

2017-01-18 17:28:57.5272|INFO|api.Helpers.NLogger|JSON
Method: POST
URL: http://192.168.1.119:9999/api/v1/employee/GetDashBoardMonthWiseServiceCount
Controller : api.Controllers.EmployeeController
Action : GetDashBoardMonthWiseServiceCount
Action Parameters : {"messageFormat":"JSON","messageArguments":[{"request":{"NotificationId":0,"EmployeeId":6,"SalesVisitRequestId":0,"Month":2,"Year":2017,"Day":0,"ServiceId":0,"ReportId":0,"UnitId":0,"Latitude":null,"Longitude":null,"SearchTerm":null,"PageId":0,"LastCallDateTime":null,"PageNumber":null,"pageSize":0,"OrderId":0,"StatDate":null,"EndDate":null,"DeviceType":null,"DeviceToken":null,"ClientEmails":null,"CCEmail":null}}]}

2017-01-18 17:29:02.4352|INFO|api.Helpers.NLogger|JSON
Method: POST
URL: http://192.168.1.119:9999/api/v1/employee/GetDashBoardMonthWiseServiceCount
Controller : api.Controllers.EmployeeController
Action : GetDashBoardMonthWiseServiceCount
Action Parameters : {"messageFormat":"JSON","messageArguments":[{"request":{"NotificationId":0,"EmployeeId":6,"SalesVisitRequestId":0,"Month":2,"Year":2017,"Day":0,"ServiceId":0,"ReportId":0,"UnitId":0,"Latitude":null,"Longitude":null,"SearchTerm":null,"PageId":0,"LastCallDateTime":null,"PageNumber":null,"pageSize":0,"OrderId":0,"StatDate":null,"EndDate":null,"DeviceType":null,"DeviceToken":null,"ClientEmails":null,"CCEmail":null}}]}

2017-01-18 17:29:02.4622|INFO|api.Helpers.NLogger|JSON
Method: POST
URL: http://192.168.1.119:9999/api/v1/employee/GetDashBoardMonthWiseServiceCount
Controller : api.Controllers.EmployeeController
Action : GetDashBoardMonthWiseServiceCount
Action Parameters : {"messageFormat":"JSON","messageArguments":[{"request":{"NotificationId":0,"EmployeeId":6,"SalesVisitRequestId":0,"Month":1,"Year":2017,"Day":0,"ServiceId":0,"ReportId":0,"UnitId":0,"Latitude":null,"Longitude":null,"SearchTerm":null,"PageId":0,"LastCallDateTime":null,"PageNumber":null,"pageSize":0,"OrderId":0,"StatDate":null,"EndDate":null,"DeviceType":null,"DeviceToken":null,"ClientEmails":null,"CCEmail":null}}]}

2017-01-18 17:29:02.4622|INFO|api.Helpers.NLogger|JSON
Method: POST
URL: http://192.168.1.119:9999/api/v1/employee/GetDashBoardMonthDayWiseServiceList
Controller : api.Controllers.EmployeeController
Action : GetDashBoardMonthDayWiseServiceList
Action Parameters : {"messageFormat":"JSON","messageArguments":[{"request":{"NotificationId":0,"EmployeeId":6,"SalesVisitRequestId":0,"Month":1,"Year":2017,"Day":18,"ServiceId":0,"ReportId":0,"UnitId":0,"Latitude":null,"Longitude":null,"SearchTerm":null,"PageId":0,"LastCallDateTime":null,"PageNumber":null,"pageSize":0,"OrderId":0,"StatDate":null,"EndDate":null,"DeviceType":null,"DeviceToken":null,"ClientEmails":null,"CCEmail":null}}]}

2017-01-18 17:29:05.8528|INFO|api.Helpers.NLogger|JSON
Method: POST
URL: http://192.168.1.119:9999/api/v1/employee/RequestedPartList
Controller : api.Controllers.EmployeeController
Action : RequestedPartList
Action Parameters : {"messageFormat":"JSON","messageArguments":[{"emp":{"NotificationId":0,"EmployeeId":6,"SalesVisitRequestId":0,"Month":0,"Year":0,"Day":0,"ServiceId":0,"ReportId":0,"UnitId":0,"Latitude":null,"Longitude":null,"SearchTerm":null,"PageId":0,"LastCallDateTime":null,"PageNumber":1,"pageSize":0,"OrderId":0,"StatDate":null,"EndDate":null,"DeviceType":null,"DeviceToken":null,"ClientEmails":null,"CCEmail":null}}]}

2017-01-18 17:29:05.8528|INFO|api.Helpers.NLogger|JSON
Method: POST
URL: http://192.168.1.119:9999/api/v1/employee/ServicePartList
Controller : api.Controllers.EmployeeController
Action : ServicePartList
Action Parameters : {"messageFormat":"JSON","messageArguments":[{"emp":{"NotificationId":0,"EmployeeId":6,"SalesVisitRequestId":0,"Month":0,"Year":0,"Day":0,"ServiceId":0,"ReportId":0,"UnitId":0,"Latitude":null,"Longitude":null,"SearchTerm":null,"PageId":0,"LastCallDateTime":null,"PageNumber":null,"pageSize":0,"OrderId":0,"StatDate":"\/Date(1484740762000)\/","EndDate":null,"DeviceType":null,"DeviceToken":null,"ClientEmails":null,"CCEmail":null}}]}

2017-01-18 17:29:07.1999|INFO|api.Helpers.NLogger|JSON
Method: POST
URL: http://192.168.1.119:9999/api/v1/employee/RequestedPartList
Controller : api.Controllers.EmployeeController
Action : RequestedPartList
Action Parameters : {"messageFormat":"JSON","messageArguments":[{"emp":{"NotificationId":0,"EmployeeId":6,"SalesVisitRequestId":0,"Month":0,"Year":0,"Day":0,"ServiceId":0,"ReportId":0,"UnitId":0,"Latitude":null,"Longitude":null,"SearchTerm":null,"PageId":0,"LastCallDateTime":null,"PageNumber":1,"pageSize":0,"OrderId":0,"StatDate":null,"EndDate":null,"DeviceType":null,"DeviceToken":null,"ClientEmails":null,"CCEmail":null}}]}

2017-01-18 17:29:09.3026|INFO|api.Helpers.NLogger|JSON
Method: POST
URL: http://192.168.1.119:9999/api/v1/empcommon/GetPartsByTypeForUnit
Controller : api.Controllers.EmpCommonController
Action : GetPartsByTypeForUnit
Action Parameters : {"messageFormat":"JSON","messageArguments":[{"request":{"Email":null,"ClientId":0,"PlanTypeId":0,"PlanId":0,"PartId":0,"Month":0,"Year":0,"AddressId":null,"UnitId":0,"ServiceId":null,"RequestedServiceId":null,"PartType":null,"PartTypeId":null,"PageId":0,"ShowDeleted":false,"ServiceCaseNumber":null,"LastCallDateTime":null,"PageNumber":null,"pageSize":0,"DeviceType":null,"DeviceToken":null,"NotificationId":null,"EmployeeId":6,"BillingId":null}}]}

2017-01-18 17:29:13.4551|INFO|api.Helpers.NLogger|JSON
Method: GET
URL: http://192.168.1.119:9999/api/v1/employee/GetAllClients?EmployeeId=6&ShowOnlyWorkAreaClient=true
Controller : api.Controllers.EmployeeController
Action : GetAllClients
Action Parameters : {"messageFormat":"JSON","messageArguments":[{"EmployeeId":6,"ShowOnlyWorkAreaClient":true}]}

2017-01-18 17:29:15.6044|INFO|api.Helpers.NLogger|JSON
Method: GET
URL: http://192.168.1.119:9999/api/v1/employee/GetClientAddress?ClientId=4&EmployeeId=6
Controller : api.Controllers.EmployeeController
Action : GetClientAddress
Action Parameters : {"messageFormat":"JSON","messageArguments":[{"ClientId":4,"EmployeeId":6}]}

2017-01-18 17:29:16.9289|INFO|api.Helpers.NLogger|JSON
Method: GET
URL: http://192.168.1.119:9999/api/v1/employee/GetClientUnitsByAddressId?ClientId=4&AddressId=5&EmployeeId=6
Controller : api.Controllers.EmployeeController
Action : GetClientUnitsByAddressId
Action Parameters : {"messageFormat":"JSON","messageArguments":[{"ClientId":4,"AddressId":5,"EmployeeId":6}]}

2017-01-18 17:29:17.0099|INFO|api.Helpers.NLogger|JSON
Method: GET
URL: http://192.168.1.119:9999/api/v1/employee/GetAllClients?EmployeeId=6&ShowOnlyWorkAreaClient=true
Controller : api.Controllers.EmployeeController
Action : GetAllClients
Action Parameters : {"messageFormat":"JSON","messageArguments":[{"EmployeeId":6,"ShowOnlyWorkAreaClient":true}]}

2017-01-18 17:29:19.2179|INFO|api.Helpers.NLogger|JSON
Method: GET
URL: http://192.168.1.119:9999/api/v1/employee/GetClientAddress?ClientId=4&EmployeeId=6
Controller : api.Controllers.EmployeeController
Action : GetClientAddress
Action Parameters : {"messageFormat":"JSON","messageArguments":[{"ClientId":4,"EmployeeId":6}]}

2017-01-18 17:29:19.8549|INFO|api.Helpers.NLogger|JSON
Method: GET
URL: http://192.168.1.119:9999/api/v1/employee/GetClientUnitsByAddressId?ClientId=4&AddressId=5&EmployeeId=6
Controller : api.Controllers.EmployeeController
Action : GetClientUnitsByAddressId
Action Parameters : {"messageFormat":"JSON","messageArguments":[{"ClientId":4,"AddressId":5,"EmployeeId":6}]}

2017-01-18 17:29:20.5694|INFO|api.Helpers.NLogger|JSON
Method: GET
URL: http://192.168.1.119:9999/api/v1/employee/GetClientUnitsByAddressId?ClientId=4&AddressId=7&EmployeeId=6
Controller : api.Controllers.EmployeeController
Action : GetClientUnitsByAddressId
Action Parameters : {"messageFormat":"JSON","messageArguments":[{"ClientId":4,"AddressId":7,"EmployeeId":6}]}

2017-01-18 17:29:25.0663|INFO|api.Helpers.NLogger|JSON
Method: GET
URL: http://192.168.1.119:9999/api/v1/employee/GetClientUnitsByAddressId?ClientId=4&AddressId=5&EmployeeId=6
Controller : api.Controllers.EmployeeController
Action : GetClientUnitsByAddressId
Action Parameters : {"messageFormat":"JSON","messageArguments":[{"ClientId":4,"AddressId":5,"EmployeeId":6}]}

2017-01-18 17:29:33.7039|INFO|api.Helpers.NLogger|JSON
Method: POST
URL: http://192.168.1.119:9999/api/v1/employee/EmpPartRequeste
Controller : api.Controllers.EmployeeController
Action : EmpPartRequeste
Action Parameters : {"messageFormat":"JSON","messageArguments":[{"emp":{"EmployeePartRequestId":null,"ClientID":4,"EmployeeId":6,"AddressId":5,"EmpNotes":"Notes","RequestedParts":[{"UnitId":1037,"PartId":15,"Quantity":1,"PartName":"Inducer draft motor/ flu vent motor","PartSize":"TTX420","Description":"","EmpNotes":null},{"UnitId":30,"PartId":15,"Quantity":1,"PartName":"Inducer draft motor/ flu vent motor","PartSize":"TTX420","Description":"","EmpNotes":null}]}}]}

2017-01-18 17:29:36.6383|INFO|api.Helpers.NLogger|JSON
Method: POST
URL: http://192.168.1.119:9999/api/v1/employee/RequestedPartList
Controller : api.Controllers.EmployeeController
Action : RequestedPartList
Action Parameters : {"messageFormat":"JSON","messageArguments":[{"emp":{"NotificationId":0,"EmployeeId":6,"SalesVisitRequestId":0,"Month":0,"Year":0,"Day":0,"ServiceId":0,"ReportId":0,"UnitId":0,"Latitude":null,"Longitude":null,"SearchTerm":null,"PageId":0,"LastCallDateTime":null,"PageNumber":1,"pageSize":0,"OrderId":0,"StatDate":null,"EndDate":null,"DeviceType":null,"DeviceToken":null,"ClientEmails":null,"CCEmail":null}}]}

2017-01-18 17:29:37.9742|INFO|api.Helpers.NLogger|JSON
Method: POST
URL: http://192.168.1.119:9999/api/v1/employee/RequestedPartList
Controller : api.Controllers.EmployeeController
Action : RequestedPartList
Action Parameters : {"messageFormat":"JSON","messageArguments":[{"emp":{"NotificationId":0,"EmployeeId":6,"SalesVisitRequestId":0,"Month":0,"Year":0,"Day":0,"ServiceId":0,"ReportId":0,"UnitId":0,"Latitude":null,"Longitude":null,"SearchTerm":null,"PageId":0,"LastCallDateTime":null,"PageNumber":2,"pageSize":0,"OrderId":0,"StatDate":null,"EndDate":null,"DeviceType":null,"DeviceToken":null,"ClientEmails":null,"CCEmail":null}}]}

2017-01-18 17:29:48.7782|INFO|api.Helpers.NLogger|JSON
Method: POST
URL: http://192.168.1.119:9999/api/v1/employee/GetDashBoardMonthWiseServiceCount
Controller : api.Controllers.EmployeeController
Action : GetDashBoardMonthWiseServiceCount
Action Parameters : {"messageFormat":"JSON","messageArguments":[{"request":{"NotificationId":0,"EmployeeId":6,"SalesVisitRequestId":0,"Month":1,"Year":2017,"Day":0,"ServiceId":0,"ReportId":0,"UnitId":0,"Latitude":null,"Longitude":null,"SearchTerm":null,"PageId":0,"LastCallDateTime":null,"PageNumber":null,"pageSize":0,"OrderId":0,"StatDate":null,"EndDate":null,"DeviceType":null,"DeviceToken":null,"ClientEmails":null,"CCEmail":null}}]}

2017-01-18 17:29:48.7782|INFO|api.Helpers.NLogger|JSON
Method: POST
URL: http://192.168.1.119:9999/api/v1/employee/GetDashBoardMonthWiseServiceCount
Controller : api.Controllers.EmployeeController
Action : GetDashBoardMonthWiseServiceCount
Action Parameters : {"messageFormat":"JSON","messageArguments":[{"request":{"NotificationId":0,"EmployeeId":6,"SalesVisitRequestId":0,"Month":2,"Year":2017,"Day":0,"ServiceId":0,"ReportId":0,"UnitId":0,"Latitude":null,"Longitude":null,"SearchTerm":null,"PageId":0,"LastCallDateTime":null,"PageNumber":null,"pageSize":0,"OrderId":0,"StatDate":null,"EndDate":null,"DeviceType":null,"DeviceToken":null,"ClientEmails":null,"CCEmail":null}}]}

2017-01-18 17:29:48.8122|INFO|api.Helpers.NLogger|JSON
Method: POST
URL: http://192.168.1.119:9999/api/v1/employee/GetDashBoardMonthDayWiseServiceList
Controller : api.Controllers.EmployeeController
Action : GetDashBoardMonthDayWiseServiceList
Action Parameters : {"messageFormat":"JSON","messageArguments":[{"request":{"NotificationId":0,"EmployeeId":6,"SalesVisitRequestId":0,"Month":1,"Year":2017,"Day":18,"ServiceId":0,"ReportId":0,"UnitId":0,"Latitude":null,"Longitude":null,"SearchTerm":null,"PageId":0,"LastCallDateTime":null,"PageNumber":null,"pageSize":0,"OrderId":0,"StatDate":null,"EndDate":null,"DeviceType":null,"DeviceToken":null,"ClientEmails":null,"CCEmail":null}}]}

2017-01-18 17:29:50.7933|INFO|api.Helpers.NLogger|JSON
Method: POST
URL: http://192.168.1.119:9999/api/v1/employee/GetDashBoardMonthDayWiseServiceList
Controller : api.Controllers.EmployeeController
Action : GetDashBoardMonthDayWiseServiceList
Action Parameters : {"messageFormat":"JSON","messageArguments":[{"request":{"NotificationId":0,"EmployeeId":6,"SalesVisitRequestId":0,"Month":1,"Year":2017,"Day":19,"ServiceId":0,"ReportId":0,"UnitId":0,"Latitude":null,"Longitude":null,"SearchTerm":null,"PageId":0,"LastCallDateTime":null,"PageNumber":null,"pageSize":0,"OrderId":0,"StatDate":null,"EndDate":null,"DeviceType":null,"DeviceToken":null,"ClientEmails":null,"CCEmail":null}}]}

2017-01-18 17:29:52.3158|INFO|api.Helpers.NLogger|JSON
Method: POST
URL: http://192.168.1.119:9999/api/v1/employee/GetServiceDetails
Controller : api.Controllers.EmployeeController
Action : GetServiceDetails
Action Parameters : {"messageFormat":"JSON","messageArguments":[{"request":{"NotificationId":0,"EmployeeId":6,"SalesVisitRequestId":0,"Month":0,"Year":0,"Day":0,"ServiceId":10022,"ReportId":0,"UnitId":0,"Latitude":null,"Longitude":null,"SearchTerm":null,"PageId":0,"LastCallDateTime":null,"PageNumber":null,"pageSize":0,"OrderId":0,"StatDate":null,"EndDate":null,"DeviceType":null,"DeviceToken":null,"ClientEmails":null,"CCEmail":null}}]}

2017-01-18 17:29:53.3535|INFO|api.Helpers.NLogger|JSON
Method: POST
URL: http://192.168.1.119:9999/api/v1/empcommon/GetScheduleTimeByServiceId
Controller : api.Controllers.EmpCommonController
Action : GetScheduleTimeByPlanTypeServiceId
Action Parameters : {"messageFormat":"JSON","messageArguments":[{"request":{"Email":null,"ClientId":0,"PlanTypeId":0,"PlanId":0,"PartId":0,"Month":0,"Year":0,"AddressId":null,"UnitId":0,"ServiceId":10022,"RequestedServiceId":null,"PartType":null,"PartTypeId":null,"PageId":0,"ShowDeleted":false,"ServiceCaseNumber":null,"LastCallDateTime":null,"PageNumber":null,"pageSize":0,"DeviceType":null,"DeviceToken":null,"NotificationId":null,"EmployeeId":6,"BillingId":null}}]}

2017-01-18 17:30:03.4926|INFO|api.Helpers.NLogger|JSON
Method: POST
URL: http://192.168.1.119:9999/api/v1/employee/ServiceRecheduleRequest
Controller : api.Controllers.NewEmployeeController
Action : ServiceRecheduleRequest
Action Parameters : {"messageFormat":"JSON","messageArguments":[{"request":{"EmployeeId":6,"ServiceId":10022,"ClientId":4,"AddressId":0,"PurposeOfVisit":null,"ServiceRequestedTime":"12:00 PM - 04:00 PM","ServiceRequestedOn":"\/Date(1484784000000)\/","Notes":null,"Reason":"Reschedule from employee","IsCancelled":false,"Units":null,"NotificationId":0,"IsLateReschedule":false}}]}

2017-01-18 17:34:33.3947|INFO|api.Helpers.NLogger|JSON
Method: POST
URL: http://192.168.1.119:9999/api/v1/employee/GetDashBoardMonthDayWiseServiceList
Controller : api.Controllers.EmployeeController
Action : GetDashBoardMonthDayWiseServiceList
Action Parameters : {"messageFormat":"JSON","messageArguments":[{"request":{"NotificationId":0,"EmployeeId":6,"SalesVisitRequestId":0,"Month":1,"Year":2017,"Day":18,"ServiceId":0,"ReportId":0,"UnitId":0,"Latitude":null,"Longitude":null,"SearchTerm":null,"PageId":0,"LastCallDateTime":null,"PageNumber":null,"pageSize":0,"OrderId":0,"StatDate":null,"EndDate":null,"DeviceType":null,"DeviceToken":null,"ClientEmails":null,"CCEmail":null}}]}

2017-01-18 17:34:33.3947|INFO|api.Helpers.NLogger|JSON
Method: POST
URL: http://192.168.1.119:9999/api/v1/employee/GetDashBoardMonthWiseServiceCount
Controller : api.Controllers.EmployeeController
Action : GetDashBoardMonthWiseServiceCount
Action Parameters : {"messageFormat":"JSON","messageArguments":[{"request":{"NotificationId":0,"EmployeeId":6,"SalesVisitRequestId":0,"Month":2,"Year":2017,"Day":0,"ServiceId":0,"ReportId":0,"UnitId":0,"Latitude":null,"Longitude":null,"SearchTerm":null,"PageId":0,"LastCallDateTime":null,"PageNumber":null,"pageSize":0,"OrderId":0,"StatDate":null,"EndDate":null,"DeviceType":null,"DeviceToken":null,"ClientEmails":null,"CCEmail":null}}]}

2017-01-18 17:34:33.3947|INFO|api.Helpers.NLogger|JSON
Method: POST
URL: http://192.168.1.119:9999/api/v1/employee/GetDashBoardMonthWiseServiceCount
Controller : api.Controllers.EmployeeController
Action : GetDashBoardMonthWiseServiceCount
Action Parameters : {"messageFormat":"JSON","messageArguments":[{"request":{"NotificationId":0,"EmployeeId":6,"SalesVisitRequestId":0,"Month":1,"Year":2017,"Day":0,"ServiceId":0,"ReportId":0,"UnitId":0,"Latitude":null,"Longitude":null,"SearchTerm":null,"PageId":0,"LastCallDateTime":null,"PageNumber":null,"pageSize":0,"OrderId":0,"StatDate":null,"EndDate":null,"DeviceType":null,"DeviceToken":null,"ClientEmails":null,"CCEmail":null}}]}

2017-01-18 17:34:36.2517|INFO|api.Helpers.NLogger|JSON
Method: POST
URL: http://192.168.1.119:9999/api/v1/employee/GetDashBoardMonthWiseServiceCount
Controller : api.Controllers.EmployeeController
Action : GetDashBoardMonthWiseServiceCount
Action Parameters : {"messageFormat":"JSON","messageArguments":[{"request":{"NotificationId":0,"EmployeeId":6,"SalesVisitRequestId":0,"Month":1,"Year":2017,"Day":0,"ServiceId":0,"ReportId":0,"UnitId":0,"Latitude":null,"Longitude":null,"SearchTerm":null,"PageId":0,"LastCallDateTime":null,"PageNumber":null,"pageSize":0,"OrderId":0,"StatDate":null,"EndDate":null,"DeviceType":null,"DeviceToken":null,"ClientEmails":null,"CCEmail":null}}]}

2017-01-18 17:34:36.2517|INFO|api.Helpers.NLogger|JSON
Method: POST
URL: http://192.168.1.119:9999/api/v1/employee/GetDashBoardMonthDayWiseServiceList
Controller : api.Controllers.EmployeeController
Action : GetDashBoardMonthDayWiseServiceList
Action Parameters : {"messageFormat":"JSON","messageArguments":[{"request":{"NotificationId":0,"EmployeeId":6,"SalesVisitRequestId":0,"Month":1,"Year":2017,"Day":18,"ServiceId":0,"ReportId":0,"UnitId":0,"Latitude":null,"Longitude":null,"SearchTerm":null,"PageId":0,"LastCallDateTime":null,"PageNumber":null,"pageSize":0,"OrderId":0,"StatDate":null,"EndDate":null,"DeviceType":null,"DeviceToken":null,"ClientEmails":null,"CCEmail":null}}]}

2017-01-18 17:34:36.2517|INFO|api.Helpers.NLogger|JSON
Method: POST
URL: http://192.168.1.119:9999/api/v1/employee/GetDashBoardMonthWiseServiceCount
Controller : api.Controllers.EmployeeController
Action : GetDashBoardMonthWiseServiceCount
Action Parameters : {"messageFormat":"JSON","messageArguments":[{"request":{"NotificationId":0,"EmployeeId":6,"SalesVisitRequestId":0,"Month":2,"Year":2017,"Day":0,"ServiceId":0,"ReportId":0,"UnitId":0,"Latitude":null,"Longitude":null,"SearchTerm":null,"PageId":0,"LastCallDateTime":null,"PageNumber":null,"pageSize":0,"OrderId":0,"StatDate":null,"EndDate":null,"DeviceType":null,"DeviceToken":null,"ClientEmails":null,"CCEmail":null}}]}

2017-01-18 17:34:37.0777|INFO|api.Helpers.NLogger|JSON
Method: POST
URL: http://192.168.1.119:9999/api/v1/employee/GetDashBoardMonthWiseServiceCount
Controller : api.Controllers.EmployeeController
Action : GetDashBoardMonthWiseServiceCount
Action Parameters : {"messageFormat":"JSON","messageArguments":[{"request":{"NotificationId":0,"EmployeeId":6,"SalesVisitRequestId":0,"Month":1,"Year":2017,"Day":0,"ServiceId":0,"ReportId":0,"UnitId":0,"Latitude":null,"Longitude":null,"SearchTerm":null,"PageId":0,"LastCallDateTime":null,"PageNumber":null,"pageSize":0,"OrderId":0,"StatDate":null,"EndDate":null,"DeviceType":null,"DeviceToken":null,"ClientEmails":null,"CCEmail":null}}]}

2017-01-18 17:34:37.7726|INFO|api.Helpers.NLogger|JSON
Method: POST
URL: http://192.168.1.119:9999/api/v1/employee/GetDashBoardMonthWiseServiceCount
Controller : api.Controllers.EmployeeController
Action : GetDashBoardMonthWiseServiceCount
Action Parameters : {"messageFormat":"JSON","messageArguments":[{"request":{"NotificationId":0,"EmployeeId":6,"SalesVisitRequestId":0,"Month":1,"Year":2017,"Day":0,"ServiceId":0,"ReportId":0,"UnitId":0,"Latitude":null,"Longitude":null,"SearchTerm":null,"PageId":0,"LastCallDateTime":null,"PageNumber":null,"pageSize":0,"OrderId":0,"StatDate":null,"EndDate":null,"DeviceType":null,"DeviceToken":null,"ClientEmails":null,"CCEmail":null}}]}

2017-01-18 17:34:40.7269|INFO|api.Helpers.NLogger|JSON
Method: POST
URL: http://192.168.1.119:9999/api/v1/employee/GetDashBoardMonthWiseServiceCount
Controller : api.Controllers.EmployeeController
Action : GetDashBoardMonthWiseServiceCount
Action Parameters : {"messageFormat":"JSON","messageArguments":[{"request":{"NotificationId":0,"EmployeeId":6,"SalesVisitRequestId":0,"Month":2,"Year":2017,"Day":0,"ServiceId":0,"ReportId":0,"UnitId":0,"Latitude":null,"Longitude":null,"SearchTerm":null,"PageId":0,"LastCallDateTime":null,"PageNumber":null,"pageSize":0,"OrderId":0,"StatDate":null,"EndDate":null,"DeviceType":null,"DeviceToken":null,"ClientEmails":null,"CCEmail":null}}]}

2017-01-18 17:34:41.3639|INFO|api.Helpers.NLogger|JSON
Method: POST
URL: http://192.168.1.119:9999/api/v1/employee/GetDashBoardMonthWiseServiceCount
Controller : api.Controllers.EmployeeController
Action : GetDashBoardMonthWiseServiceCount
Action Parameters : {"messageFormat":"JSON","messageArguments":[{"request":{"NotificationId":0,"EmployeeId":6,"SalesVisitRequestId":0,"Month":1,"Year":2017,"Day":0,"ServiceId":0,"ReportId":0,"UnitId":0,"Latitude":null,"Longitude":null,"SearchTerm":null,"PageId":0,"LastCallDateTime":null,"PageNumber":null,"pageSize":0,"OrderId":0,"StatDate":null,"EndDate":null,"DeviceType":null,"DeviceToken":null,"ClientEmails":null,"CCEmail":null}}]}

2017-01-18 17:34:44.4549|INFO|api.Helpers.NLogger|JSON
Method: POST
URL: http://192.168.1.119:9999/api/v1/employee/GetAllCompletedReports
Controller : api.Controllers.EmployeeController
Action : GetAllCompletedReports
Action Parameters : {"messageFormat":"JSON","messageArguments":[{"emp":{"NotificationId":0,"EmployeeId":6,"SalesVisitRequestId":0,"Month":0,"Year":0,"Day":0,"ServiceId":0,"ReportId":0,"UnitId":0,"Latitude":null,"Longitude":null,"SearchTerm":"","PageId":0,"LastCallDateTime":null,"PageNumber":1,"pageSize":0,"OrderId":0,"StatDate":null,"EndDate":null,"DeviceType":null,"DeviceToken":null,"ClientEmails":null,"CCEmail":null}}]}

2017-01-18 17:34:47.5776|INFO|api.Helpers.NLogger|JSON
Method: POST
URL: http://192.168.1.119:9999/api/v1/employee/GetDashBoardMonthWiseServiceCount
Controller : api.Controllers.EmployeeController
Action : GetDashBoardMonthWiseServiceCount
Action Parameters : {"messageFormat":"JSON","messageArguments":[{"request":{"NotificationId":0,"EmployeeId":6,"SalesVisitRequestId":0,"Month":1,"Year":2017,"Day":0,"ServiceId":0,"ReportId":0,"UnitId":0,"Latitude":null,"Longitude":null,"SearchTerm":null,"PageId":0,"LastCallDateTime":null,"PageNumber":null,"pageSize":0,"OrderId":0,"StatDate":null,"EndDate":null,"DeviceType":null,"DeviceToken":null,"ClientEmails":null,"CCEmail":null}}]}

2017-01-18 17:34:47.5776|INFO|api.Helpers.NLogger|JSON
Method: POST
URL: http://192.168.1.119:9999/api/v1/employee/GetDashBoardMonthDayWiseServiceList
Controller : api.Controllers.EmployeeController
Action : GetDashBoardMonthDayWiseServiceList
Action Parameters : {"messageFormat":"JSON","messageArguments":[{"request":{"NotificationId":0,"EmployeeId":6,"SalesVisitRequestId":0,"Month":1,"Year":2017,"Day":18,"ServiceId":0,"ReportId":0,"UnitId":0,"Latitude":null,"Longitude":null,"SearchTerm":null,"PageId":0,"LastCallDateTime":null,"PageNumber":null,"pageSize":0,"OrderId":0,"StatDate":null,"EndDate":null,"DeviceType":null,"DeviceToken":null,"ClientEmails":null,"CCEmail":null}}]}

2017-01-18 17:34:47.5776|INFO|api.Helpers.NLogger|JSON
Method: POST
URL: http://192.168.1.119:9999/api/v1/employee/GetDashBoardMonthWiseServiceCount
Controller : api.Controllers.EmployeeController
Action : GetDashBoardMonthWiseServiceCount
Action Parameters : {"messageFormat":"JSON","messageArguments":[{"request":{"NotificationId":0,"EmployeeId":6,"SalesVisitRequestId":0,"Month":2,"Year":2017,"Day":0,"ServiceId":0,"ReportId":0,"UnitId":0,"Latitude":null,"Longitude":null,"SearchTerm":null,"PageId":0,"LastCallDateTime":null,"PageNumber":null,"pageSize":0,"OrderId":0,"StatDate":null,"EndDate":null,"DeviceType":null,"DeviceToken":null,"ClientEmails":null,"CCEmail":null}}]}

2017-01-18 17:34:48.8349|INFO|api.Helpers.NLogger|JSON
Method: POST
URL: http://192.168.1.119:9999/api/v1/employee/GetDashBoardMonthWiseServiceCount
Controller : api.Controllers.EmployeeController
Action : GetDashBoardMonthWiseServiceCount
Action Parameters : {"messageFormat":"JSON","messageArguments":[{"request":{"NotificationId":0,"EmployeeId":6,"SalesVisitRequestId":0,"Month":1,"Year":2017,"Day":0,"ServiceId":0,"ReportId":0,"UnitId":0,"Latitude":null,"Longitude":null,"SearchTerm":null,"PageId":0,"LastCallDateTime":null,"PageNumber":null,"pageSize":0,"OrderId":0,"StatDate":null,"EndDate":null,"DeviceType":null,"DeviceToken":null,"ClientEmails":null,"CCEmail":null}}]}

2017-01-18 17:35:32.9530|INFO|api.Helpers.NLogger|JSON
Method: POST
URL: http://192.168.1.119:9999/api/v1/employee/GetAllCompletedReports
Controller : api.Controllers.EmployeeController
Action : GetAllCompletedReports
Action Parameters : {"messageFormat":"JSON","messageArguments":[{"emp":{"NotificationId":0,"EmployeeId":6,"SalesVisitRequestId":0,"Month":0,"Year":0,"Day":0,"ServiceId":0,"ReportId":0,"UnitId":0,"Latitude":null,"Longitude":null,"SearchTerm":"","PageId":0,"LastCallDateTime":null,"PageNumber":1,"pageSize":0,"OrderId":0,"StatDate":null,"EndDate":null,"DeviceType":null,"DeviceToken":null,"ClientEmails":null,"CCEmail":null}}]}

2017-01-18 17:35:36.2266|INFO|api.Helpers.NLogger|JSON
Method: POST
URL: http://192.168.1.119:9999/api/v1/employee/GetDashBoardMonthWiseServiceCount
Controller : api.Controllers.EmployeeController
Action : GetDashBoardMonthWiseServiceCount
Action Parameters : {"messageFormat":"JSON","messageArguments":[{"request":{"NotificationId":0,"EmployeeId":6,"SalesVisitRequestId":0,"Month":1,"Year":2017,"Day":0,"ServiceId":0,"ReportId":0,"UnitId":0,"Latitude":null,"Longitude":null,"SearchTerm":null,"PageId":0,"LastCallDateTime":null,"PageNumber":null,"pageSize":0,"OrderId":0,"StatDate":null,"EndDate":null,"DeviceType":null,"DeviceToken":null,"ClientEmails":null,"CCEmail":null}}]}

2017-01-18 17:35:36.2266|INFO|api.Helpers.NLogger|JSON
Method: POST
URL: http://192.168.1.119:9999/api/v1/employee/GetDashBoardMonthWiseServiceCount
Controller : api.Controllers.EmployeeController
Action : GetDashBoardMonthWiseServiceCount
Action Parameters : {"messageFormat":"JSON","messageArguments":[{"request":{"NotificationId":0,"EmployeeId":6,"SalesVisitRequestId":0,"Month":2,"Year":2017,"Day":0,"ServiceId":0,"ReportId":0,"UnitId":0,"Latitude":null,"Longitude":null,"SearchTerm":null,"PageId":0,"LastCallDateTime":null,"PageNumber":null,"pageSize":0,"OrderId":0,"StatDate":null,"EndDate":null,"DeviceType":null,"DeviceToken":null,"ClientEmails":null,"CCEmail":null}}]}

2017-01-18 17:35:36.2266|INFO|api.Helpers.NLogger|JSON
Method: POST
URL: http://192.168.1.119:9999/api/v1/employee/GetDashBoardMonthDayWiseServiceList
Controller : api.Controllers.EmployeeController
Action : GetDashBoardMonthDayWiseServiceList
Action Parameters : {"messageFormat":"JSON","messageArguments":[{"request":{"NotificationId":0,"EmployeeId":6,"SalesVisitRequestId":0,"Month":1,"Year":2017,"Day":18,"ServiceId":0,"ReportId":0,"UnitId":0,"Latitude":null,"Longitude":null,"SearchTerm":null,"PageId":0,"LastCallDateTime":null,"PageNumber":null,"pageSize":0,"OrderId":0,"StatDate":null,"EndDate":null,"DeviceType":null,"DeviceToken":null,"ClientEmails":null,"CCEmail":null}}]}

2017-01-18 17:35:39.7949|INFO|api.Helpers.NLogger|JSON
Method: POST
URL: http://192.168.1.119:9999/api/v1/employee/GetDashBoardMonthWiseServiceCount
Controller : api.Controllers.EmployeeController
Action : GetDashBoardMonthWiseServiceCount
Action Parameters : {"messageFormat":"JSON","messageArguments":[{"request":{"NotificationId":0,"EmployeeId":6,"SalesVisitRequestId":0,"Month":2,"Year":2017,"Day":0,"ServiceId":0,"ReportId":0,"UnitId":0,"Latitude":null,"Longitude":null,"SearchTerm":null,"PageId":0,"LastCallDateTime":null,"PageNumber":null,"pageSize":0,"OrderId":0,"StatDate":null,"EndDate":null,"DeviceType":null,"DeviceToken":null,"ClientEmails":null,"CCEmail":null}}]}

2017-01-18 17:35:40.6026|INFO|api.Helpers.NLogger|JSON
Method: POST
URL: http://192.168.1.119:9999/api/v1/employee/GetDashBoardMonthWiseServiceCount
Controller : api.Controllers.EmployeeController
Action : GetDashBoardMonthWiseServiceCount
Action Parameters : {"messageFormat":"JSON","messageArguments":[{"request":{"NotificationId":0,"EmployeeId":6,"SalesVisitRequestId":0,"Month":1,"Year":2017,"Day":0,"ServiceId":0,"ReportId":0,"UnitId":0,"Latitude":null,"Longitude":null,"SearchTerm":null,"PageId":0,"LastCallDateTime":null,"PageNumber":null,"pageSize":0,"OrderId":0,"StatDate":null,"EndDate":null,"DeviceType":null,"DeviceToken":null,"ClientEmails":null,"CCEmail":null}}]}

2017-01-18 17:35:41.3789|INFO|api.Helpers.NLogger|JSON
Method: POST
URL: http://192.168.1.119:9999/api/v1/employee/GetDashBoardMonthWiseServiceCount
Controller : api.Controllers.EmployeeController
Action : GetDashBoardMonthWiseServiceCount
Action Parameters : {"messageFormat":"JSON","messageArguments":[{"request":{"NotificationId":0,"EmployeeId":6,"SalesVisitRequestId":0,"Month":12,"Year":2016,"Day":0,"ServiceId":0,"ReportId":0,"UnitId":0,"Latitude":null,"Longitude":null,"SearchTerm":null,"PageId":0,"LastCallDateTime":null,"PageNumber":null,"pageSize":0,"OrderId":0,"StatDate":null,"EndDate":null,"DeviceType":null,"DeviceToken":null,"ClientEmails":null,"CCEmail":null}}]}

2017-01-18 17:35:42.0256|INFO|api.Helpers.NLogger|JSON
Method: POST
URL: http://192.168.1.119:9999/api/v1/employee/GetDashBoardMonthWiseServiceCount
Controller : api.Controllers.EmployeeController
Action : GetDashBoardMonthWiseServiceCount
Action Parameters : {"messageFormat":"JSON","messageArguments":[{"request":{"NotificationId":0,"EmployeeId":6,"SalesVisitRequestId":0,"Month":11,"Year":2016,"Day":0,"ServiceId":0,"ReportId":0,"UnitId":0,"Latitude":null,"Longitude":null,"SearchTerm":null,"PageId":0,"LastCallDateTime":null,"PageNumber":null,"pageSize":0,"OrderId":0,"StatDate":null,"EndDate":null,"DeviceType":null,"DeviceToken":null,"ClientEmails":null,"CCEmail":null}}]}

2017-01-18 17:35:47.6393|INFO|api.Helpers.NLogger|JSON
Method: POST
URL: http://192.168.1.119:9999/api/v1/employee/GetDashBoardMonthWiseServiceCount
Controller : api.Controllers.EmployeeController
Action : GetDashBoardMonthWiseServiceCount
Action Parameters : {"messageFormat":"JSON","messageArguments":[{"request":{"NotificationId":0,"EmployeeId":6,"SalesVisitRequestId":0,"Month":11,"Year":2016,"Day":0,"ServiceId":0,"ReportId":0,"UnitId":0,"Latitude":null,"Longitude":null,"SearchTerm":null,"PageId":0,"LastCallDateTime":null,"PageNumber":null,"pageSize":0,"OrderId":0,"StatDate":null,"EndDate":null,"DeviceType":null,"DeviceToken":null,"ClientEmails":null,"CCEmail":null}}]}

2017-01-18 17:35:48.4436|INFO|api.Helpers.NLogger|JSON
Method: POST
URL: http://192.168.1.119:9999/api/v1/employee/GetDashBoardMonthWiseServiceCount
Controller : api.Controllers.EmployeeController
Action : GetDashBoardMonthWiseServiceCount
Action Parameters : {"messageFormat":"JSON","messageArguments":[{"request":{"NotificationId":0,"EmployeeId":6,"SalesVisitRequestId":0,"Month":12,"Year":2016,"Day":0,"ServiceId":0,"ReportId":0,"UnitId":0,"Latitude":null,"Longitude":null,"SearchTerm":null,"PageId":0,"LastCallDateTime":null,"PageNumber":null,"pageSize":0,"OrderId":0,"StatDate":null,"EndDate":null,"DeviceType":null,"DeviceToken":null,"ClientEmails":null,"CCEmail":null}}]}

2017-01-18 17:35:49.3874|INFO|api.Helpers.NLogger|JSON
Method: POST
URL: http://192.168.1.119:9999/api/v1/employee/GetDashBoardMonthWiseServiceCount
Controller : api.Controllers.EmployeeController
Action : GetDashBoardMonthWiseServiceCount
Action Parameters : {"messageFormat":"JSON","messageArguments":[{"request":{"NotificationId":0,"EmployeeId":6,"SalesVisitRequestId":0,"Month":11,"Year":2016,"Day":0,"ServiceId":0,"ReportId":0,"UnitId":0,"Latitude":null,"Longitude":null,"SearchTerm":null,"PageId":0,"LastCallDateTime":null,"PageNumber":null,"pageSize":0,"OrderId":0,"StatDate":null,"EndDate":null,"DeviceType":null,"DeviceToken":null,"ClientEmails":null,"CCEmail":null}}]}

2017-01-18 17:35:50.0439|INFO|api.Helpers.NLogger|JSON
Method: POST
URL: http://192.168.1.119:9999/api/v1/employee/GetDashBoardMonthWiseServiceCount
Controller : api.Controllers.EmployeeController
Action : GetDashBoardMonthWiseServiceCount
Action Parameters : {"messageFormat":"JSON","messageArguments":[{"request":{"NotificationId":0,"EmployeeId":6,"SalesVisitRequestId":0,"Month":12,"Year":2016,"Day":0,"ServiceId":0,"ReportId":0,"UnitId":0,"Latitude":null,"Longitude":null,"SearchTerm":null,"PageId":0,"LastCallDateTime":null,"PageNumber":null,"pageSize":0,"OrderId":0,"StatDate":null,"EndDate":null,"DeviceType":null,"DeviceToken":null,"ClientEmails":null,"CCEmail":null}}]}

2017-01-18 17:35:54.9621|INFO|api.Helpers.NLogger|JSON
Method: POST
URL: http://192.168.1.119:9999/api/v1/employee/GetDashBoardMonthWiseServiceCount
Controller : api.Controllers.EmployeeController
Action : GetDashBoardMonthWiseServiceCount
Action Parameters : {"messageFormat":"JSON","messageArguments":[{"request":{"NotificationId":0,"EmployeeId":6,"SalesVisitRequestId":0,"Month":1,"Year":2017,"Day":0,"ServiceId":0,"ReportId":0,"UnitId":0,"Latitude":null,"Longitude":null,"SearchTerm":null,"PageId":0,"LastCallDateTime":null,"PageNumber":null,"pageSize":0,"OrderId":0,"StatDate":null,"EndDate":null,"DeviceType":null,"DeviceToken":null,"ClientEmails":null,"CCEmail":null}}]}

2017-01-18 17:35:56.4429|INFO|api.Helpers.NLogger|JSON
Method: POST
URL: http://192.168.1.119:9999/api/v1/employee/GetDashBoardMonthWiseServiceCount
Controller : api.Controllers.EmployeeController
Action : GetDashBoardMonthWiseServiceCount
Action Parameters : {"messageFormat":"JSON","messageArguments":[{"request":{"NotificationId":0,"EmployeeId":6,"SalesVisitRequestId":0,"Month":2,"Year":2017,"Day":0,"ServiceId":0,"ReportId":0,"UnitId":0,"Latitude":null,"Longitude":null,"SearchTerm":null,"PageId":0,"LastCallDateTime":null,"PageNumber":null,"pageSize":0,"OrderId":0,"StatDate":null,"EndDate":null,"DeviceType":null,"DeviceToken":null,"ClientEmails":null,"CCEmail":null}}]}

2017-01-18 17:35:57.5066|INFO|api.Helpers.NLogger|JSON
Method: POST
URL: http://192.168.1.119:9999/api/v1/employee/GetDashBoardMonthWiseServiceCount
Controller : api.Controllers.EmployeeController
Action : GetDashBoardMonthWiseServiceCount
Action Parameters : {"messageFormat":"JSON","messageArguments":[{"request":{"NotificationId":0,"EmployeeId":6,"SalesVisitRequestId":0,"Month":1,"Year":2017,"Day":0,"ServiceId":0,"ReportId":0,"UnitId":0,"Latitude":null,"Longitude":null,"SearchTerm":null,"PageId":0,"LastCallDateTime":null,"PageNumber":null,"pageSize":0,"OrderId":0,"StatDate":null,"EndDate":null,"DeviceType":null,"DeviceToken":null,"ClientEmails":null,"CCEmail":null}}]}

2017-01-18 17:36:04.6569|INFO|api.Helpers.NLogger|JSON
Method: POST
URL: http://192.168.1.119:9999/api/v1/employee/GetDashBoardMonthWiseServiceCount
Controller : api.Controllers.EmployeeController
Action : GetDashBoardMonthWiseServiceCount
Action Parameters : {"messageFormat":"JSON","messageArguments":[{"request":{"NotificationId":0,"EmployeeId":6,"SalesVisitRequestId":0,"Month":2,"Year":2017,"Day":0,"ServiceId":0,"ReportId":0,"UnitId":0,"Latitude":null,"Longitude":null,"SearchTerm":null,"PageId":0,"LastCallDateTime":null,"PageNumber":null,"pageSize":0,"OrderId":0,"StatDate":null,"EndDate":null,"DeviceType":null,"DeviceToken":null,"ClientEmails":null,"CCEmail":null}}]}

2017-01-18 17:36:05.5555|INFO|api.Helpers.NLogger|JSON
Method: POST
URL: http://192.168.1.119:9999/api/v1/employee/GetDashBoardMonthWiseServiceCount
Controller : api.Controllers.EmployeeController
Action : GetDashBoardMonthWiseServiceCount
Action Parameters : {"messageFormat":"JSON","messageArguments":[{"request":{"NotificationId":0,"EmployeeId":6,"SalesVisitRequestId":0,"Month":1,"Year":2017,"Day":0,"ServiceId":0,"ReportId":0,"UnitId":0,"Latitude":null,"Longitude":null,"SearchTerm":null,"PageId":0,"LastCallDateTime":null,"PageNumber":null,"pageSize":0,"OrderId":0,"StatDate":null,"EndDate":null,"DeviceType":null,"DeviceToken":null,"ClientEmails":null,"CCEmail":null}}]}

2017-01-18 17:36:06.1628|INFO|api.Helpers.NLogger|JSON
Method: POST
URL: http://192.168.1.119:9999/api/v1/employee/GetDashBoardMonthWiseServiceCount
Controller : api.Controllers.EmployeeController
Action : GetDashBoardMonthWiseServiceCount
Action Parameters : {"messageFormat":"JSON","messageArguments":[{"request":{"NotificationId":0,"EmployeeId":6,"SalesVisitRequestId":0,"Month":2,"Year":2017,"Day":0,"ServiceId":0,"ReportId":0,"UnitId":0,"Latitude":null,"Longitude":null,"SearchTerm":null,"PageId":0,"LastCallDateTime":null,"PageNumber":null,"pageSize":0,"OrderId":0,"StatDate":null,"EndDate":null,"DeviceType":null,"DeviceToken":null,"ClientEmails":null,"CCEmail":null}}]}

2017-01-18 17:36:06.6912|INFO|api.Helpers.NLogger|JSON
Method: POST
URL: http://192.168.1.119:9999/api/v1/employee/GetDashBoardMonthWiseServiceCount
Controller : api.Controllers.EmployeeController
Action : GetDashBoardMonthWiseServiceCount
Action Parameters : {"messageFormat":"JSON","messageArguments":[{"request":{"NotificationId":0,"EmployeeId":6,"SalesVisitRequestId":0,"Month":3,"Year":2017,"Day":0,"ServiceId":0,"ReportId":0,"UnitId":0,"Latitude":null,"Longitude":null,"SearchTerm":null,"PageId":0,"LastCallDateTime":null,"PageNumber":null,"pageSize":0,"OrderId":0,"StatDate":null,"EndDate":null,"DeviceType":null,"DeviceToken":null,"ClientEmails":null,"CCEmail":null}}]}

2017-01-18 17:36:07.9637|INFO|api.Helpers.NLogger|JSON
Method: POST
URL: http://192.168.1.119:9999/api/v1/employee/GetDashBoardMonthWiseServiceCount
Controller : api.Controllers.EmployeeController
Action : GetDashBoardMonthWiseServiceCount
Action Parameters : {"messageFormat":"JSON","messageArguments":[{"request":{"NotificationId":0,"EmployeeId":6,"SalesVisitRequestId":0,"Month":4,"Year":2017,"Day":0,"ServiceId":0,"ReportId":0,"UnitId":0,"Latitude":null,"Longitude":null,"SearchTerm":null,"PageId":0,"LastCallDateTime":null,"PageNumber":null,"pageSize":0,"OrderId":0,"StatDate":null,"EndDate":null,"DeviceType":null,"DeviceToken":null,"ClientEmails":null,"CCEmail":null}}]}

2017-01-18 17:38:57.9496|INFO|api.Helpers.NLogger|JSON
Method: POST
URL: http://192.168.1.119:9999/api/v1/employee/GetAllCompletedReports
Controller : api.Controllers.EmployeeController
Action : GetAllCompletedReports
Action Parameters : {"messageFormat":"JSON","messageArguments":[{"emp":{"NotificationId":0,"EmployeeId":6,"SalesVisitRequestId":0,"Month":0,"Year":0,"Day":0,"ServiceId":0,"ReportId":0,"UnitId":0,"Latitude":null,"Longitude":null,"SearchTerm":"","PageId":0,"LastCallDateTime":null,"PageNumber":1,"pageSize":0,"OrderId":0,"StatDate":null,"EndDate":null,"DeviceType":null,"DeviceToken":null,"ClientEmails":null,"CCEmail":null}}]}

2017-01-18 17:39:00.2537|INFO|api.Helpers.NLogger|JSON
Method: POST
URL: http://192.168.1.119:9999/api/v1/employee/GetDashBoardMonthWiseServiceCount
Controller : api.Controllers.EmployeeController
Action : GetDashBoardMonthWiseServiceCount
Action Parameters : {"messageFormat":"JSON","messageArguments":[{"request":{"NotificationId":0,"EmployeeId":6,"SalesVisitRequestId":0,"Month":1,"Year":2017,"Day":0,"ServiceId":0,"ReportId":0,"UnitId":0,"Latitude":null,"Longitude":null,"SearchTerm":null,"PageId":0,"LastCallDateTime":null,"PageNumber":null,"pageSize":0,"OrderId":0,"StatDate":null,"EndDate":null,"DeviceType":null,"DeviceToken":null,"ClientEmails":null,"CCEmail":null}}]}

2017-01-18 17:39:00.2597|INFO|api.Helpers.NLogger|JSON
Method: POST
URL: http://192.168.1.119:9999/api/v1/employee/GetDashBoardMonthWiseServiceCount
Controller : api.Controllers.EmployeeController
Action : GetDashBoardMonthWiseServiceCount
Action Parameters : {"messageFormat":"JSON","messageArguments":[{"request":{"NotificationId":0,"EmployeeId":6,"SalesVisitRequestId":0,"Month":2,"Year":2017,"Day":0,"ServiceId":0,"ReportId":0,"UnitId":0,"Latitude":null,"Longitude":null,"SearchTerm":null,"PageId":0,"LastCallDateTime":null,"PageNumber":null,"pageSize":0,"OrderId":0,"StatDate":null,"EndDate":null,"DeviceType":null,"DeviceToken":null,"ClientEmails":null,"CCEmail":null}}]}

2017-01-18 17:39:00.2597|INFO|api.Helpers.NLogger|JSON
Method: POST
URL: http://192.168.1.119:9999/api/v1/employee/GetDashBoardMonthDayWiseServiceList
Controller : api.Controllers.EmployeeController
Action : GetDashBoardMonthDayWiseServiceList
Action Parameters : {"messageFormat":"JSON","messageArguments":[{"request":{"NotificationId":0,"EmployeeId":6,"SalesVisitRequestId":0,"Month":1,"Year":2017,"Day":18,"ServiceId":0,"ReportId":0,"UnitId":0,"Latitude":null,"Longitude":null,"SearchTerm":null,"PageId":0,"LastCallDateTime":null,"PageNumber":null,"pageSize":0,"OrderId":0,"StatDate":null,"EndDate":null,"DeviceType":null,"DeviceToken":null,"ClientEmails":null,"CCEmail":null}}]}

2017-01-18 17:39:03.2564|INFO|api.Helpers.NLogger|JSON
Method: POST
URL: http://192.168.1.119:9999/api/v1/employee/GetDashBoardMonthWiseServiceCount
Controller : api.Controllers.EmployeeController
Action : GetDashBoardMonthWiseServiceCount
Action Parameters : {"messageFormat":"JSON","messageArguments":[{"request":{"NotificationId":0,"EmployeeId":6,"SalesVisitRequestId":0,"Month":2,"Year":2017,"Day":0,"ServiceId":0,"ReportId":0,"UnitId":0,"Latitude":null,"Longitude":null,"SearchTerm":null,"PageId":0,"LastCallDateTime":null,"PageNumber":null,"pageSize":0,"OrderId":0,"StatDate":null,"EndDate":null,"DeviceType":null,"DeviceToken":null,"ClientEmails":null,"CCEmail":null}}]}

2017-01-18 17:39:03.9918|INFO|api.Helpers.NLogger|JSON
Method: POST
URL: http://192.168.1.119:9999/api/v1/employee/GetDashBoardMonthWiseServiceCount
Controller : api.Controllers.EmployeeController
Action : GetDashBoardMonthWiseServiceCount
Action Parameters : {"messageFormat":"JSON","messageArguments":[{"request":{"NotificationId":0,"EmployeeId":6,"SalesVisitRequestId":0,"Month":1,"Year":2017,"Day":0,"ServiceId":0,"ReportId":0,"UnitId":0,"Latitude":null,"Longitude":null,"SearchTerm":null,"PageId":0,"LastCallDateTime":null,"PageNumber":null,"pageSize":0,"OrderId":0,"StatDate":null,"EndDate":null,"DeviceType":null,"DeviceToken":null,"ClientEmails":null,"CCEmail":null}}]}

2017-01-18 17:39:05.0000|INFO|api.Helpers.NLogger|JSON
Method: POST
URL: http://192.168.1.119:9999/api/v1/employee/GetDashBoardMonthWiseServiceCount
Controller : api.Controllers.EmployeeController
Action : GetDashBoardMonthWiseServiceCount
Action Parameters : {"messageFormat":"JSON","messageArguments":[{"request":{"NotificationId":0,"EmployeeId":6,"SalesVisitRequestId":0,"Month":2,"Year":2017,"Day":0,"ServiceId":0,"ReportId":0,"UnitId":0,"Latitude":null,"Longitude":null,"SearchTerm":null,"PageId":0,"LastCallDateTime":null,"PageNumber":null,"pageSize":0,"OrderId":0,"StatDate":null,"EndDate":null,"DeviceType":null,"DeviceToken":null,"ClientEmails":null,"CCEmail":null}}]}

2017-01-18 17:39:05.7498|INFO|api.Helpers.NLogger|JSON
Method: POST
URL: http://192.168.1.119:9999/api/v1/employee/GetDashBoardMonthWiseServiceCount
Controller : api.Controllers.EmployeeController
Action : GetDashBoardMonthWiseServiceCount
Action Parameters : {"messageFormat":"JSON","messageArguments":[{"request":{"NotificationId":0,"EmployeeId":6,"SalesVisitRequestId":0,"Month":3,"Year":2017,"Day":0,"ServiceId":0,"ReportId":0,"UnitId":0,"Latitude":null,"Longitude":null,"SearchTerm":null,"PageId":0,"LastCallDateTime":null,"PageNumber":null,"pageSize":0,"OrderId":0,"StatDate":null,"EndDate":null,"DeviceType":null,"DeviceToken":null,"ClientEmails":null,"CCEmail":null}}]}

2017-01-18 17:39:06.4408|INFO|api.Helpers.NLogger|JSON
Method: POST
URL: http://192.168.1.119:9999/api/v1/employee/GetDashBoardMonthWiseServiceCount
Controller : api.Controllers.EmployeeController
Action : GetDashBoardMonthWiseServiceCount
Action Parameters : {"messageFormat":"JSON","messageArguments":[{"request":{"NotificationId":0,"EmployeeId":6,"SalesVisitRequestId":0,"Month":2,"Year":2017,"Day":0,"ServiceId":0,"ReportId":0,"UnitId":0,"Latitude":null,"Longitude":null,"SearchTerm":null,"PageId":0,"LastCallDateTime":null,"PageNumber":null,"pageSize":0,"OrderId":0,"StatDate":null,"EndDate":null,"DeviceType":null,"DeviceToken":null,"ClientEmails":null,"CCEmail":null}}]}

2017-01-18 17:39:21.9086|INFO|api.Helpers.NLogger|JSON
Method: GET
URL: http://192.168.1.119:9999/api/v1/employee/GetAllClients?EmployeeId=6&ShowOnlyWorkAreaClient=false
Controller : api.Controllers.EmployeeController
Action : GetAllClients
Action Parameters : {"messageFormat":"JSON","messageArguments":[{"EmployeeId":6,"ShowOnlyWorkAreaClient":false}]}

2017-01-18 17:41:47.1296|INFO|api.Helpers.NLogger|JSON
Method: POST
URL: http://192.168.1.119:9999/api/v1/employee/GetDashBoardMonthWiseServiceCount
Controller : api.Controllers.EmployeeController
Action : GetDashBoardMonthWiseServiceCount
Action Parameters : {"messageFormat":"JSON","messageArguments":[{"request":{"NotificationId":0,"EmployeeId":6,"SalesVisitRequestId":0,"Month":2,"Year":2017,"Day":0,"ServiceId":0,"ReportId":0,"UnitId":0,"Latitude":null,"Longitude":null,"SearchTerm":null,"PageId":0,"LastCallDateTime":null,"PageNumber":null,"pageSize":0,"OrderId":0,"StatDate":null,"EndDate":null,"DeviceType":null,"DeviceToken":null,"ClientEmails":null,"CCEmail":null}}]}

2017-01-18 17:41:47.1296|INFO|api.Helpers.NLogger|JSON
Method: POST
URL: http://192.168.1.119:9999/api/v1/employee/GetDashBoardMonthWiseServiceCount
Controller : api.Controllers.EmployeeController
Action : GetDashBoardMonthWiseServiceCount
Action Parameters : {"messageFormat":"JSON","messageArguments":[{"request":{"NotificationId":0,"EmployeeId":6,"SalesVisitRequestId":0,"Month":1,"Year":2017,"Day":0,"ServiceId":0,"ReportId":0,"UnitId":0,"Latitude":null,"Longitude":null,"SearchTerm":null,"PageId":0,"LastCallDateTime":null,"PageNumber":null,"pageSize":0,"OrderId":0,"StatDate":null,"EndDate":null,"DeviceType":null,"DeviceToken":null,"ClientEmails":null,"CCEmail":null}}]}

2017-01-18 17:41:47.1306|INFO|api.Helpers.NLogger|JSON
Method: POST
URL: http://192.168.1.119:9999/api/v1/employee/GetDashBoardMonthWiseServiceCount
Controller : api.Controllers.EmployeeController
Action : GetDashBoardMonthWiseServiceCount
Action Parameters : {"messageFormat":"JSON","messageArguments":[{"request":{"NotificationId":0,"EmployeeId":6,"SalesVisitRequestId":0,"Month":1,"Year":2017,"Day":0,"ServiceId":0,"ReportId":0,"UnitId":0,"Latitude":null,"Longitude":null,"SearchTerm":null,"PageId":0,"LastCallDateTime":null,"PageNumber":null,"pageSize":0,"OrderId":0,"StatDate":null,"EndDate":null,"DeviceType":null,"DeviceToken":null,"ClientEmails":null,"CCEmail":null}}]}

2017-01-18 17:41:47.1296|INFO|api.Helpers.NLogger|JSON
Method: POST
URL: http://192.168.1.119:9999/api/v1/employee/GetDashBoardMonthDayWiseServiceList
Controller : api.Controllers.EmployeeController
Action : GetDashBoardMonthDayWiseServiceList
Action Parameters : {"messageFormat":"JSON","messageArguments":[{"request":{"NotificationId":0,"EmployeeId":6,"SalesVisitRequestId":0,"Month":1,"Year":2017,"Day":18,"ServiceId":0,"ReportId":0,"UnitId":0,"Latitude":null,"Longitude":null,"SearchTerm":null,"PageId":0,"LastCallDateTime":null,"PageNumber":null,"pageSize":0,"OrderId":0,"StatDate":null,"EndDate":null,"DeviceType":null,"DeviceToken":null,"ClientEmails":null,"CCEmail":null}}]}

2017-01-18 17:41:58.5568|INFO|api.Helpers.NLogger|JSON
Method: POST
URL: http://192.168.1.119:9999/api/v1/employee/RequestedPartList
Controller : api.Controllers.EmployeeController
Action : RequestedPartList
Action Parameters : {"messageFormat":"JSON","messageArguments":[{"emp":{"NotificationId":0,"EmployeeId":6,"SalesVisitRequestId":0,"Month":0,"Year":0,"Day":0,"ServiceId":0,"ReportId":0,"UnitId":0,"Latitude":null,"Longitude":null,"SearchTerm":null,"PageId":0,"LastCallDateTime":null,"PageNumber":1,"pageSize":0,"OrderId":0,"StatDate":null,"EndDate":null,"DeviceType":null,"DeviceToken":null,"ClientEmails":null,"CCEmail":null}}]}

2017-01-18 17:41:58.5568|INFO|api.Helpers.NLogger|JSON
Method: POST
URL: http://192.168.1.119:9999/api/v1/employee/ServicePartList
Controller : api.Controllers.EmployeeController
Action : ServicePartList
Action Parameters : {"messageFormat":"JSON","messageArguments":[{"emp":{"NotificationId":0,"EmployeeId":6,"SalesVisitRequestId":0,"Month":0,"Year":0,"Day":0,"ServiceId":0,"ReportId":0,"UnitId":0,"Latitude":null,"Longitude":null,"SearchTerm":null,"PageId":0,"LastCallDateTime":null,"PageNumber":null,"pageSize":0,"OrderId":0,"StatDate":"\/Date(1484741536000)\/","EndDate":null,"DeviceType":null,"DeviceToken":null,"ClientEmails":null,"CCEmail":null}}]}

2017-01-18 17:41:59.5678|INFO|api.Helpers.NLogger|JSON
Method: POST
URL: http://192.168.1.119:9999/api/v1/employee/RequestedPartList
Controller : api.Controllers.EmployeeController
Action : RequestedPartList
Action Parameters : {"messageFormat":"JSON","messageArguments":[{"emp":{"NotificationId":0,"EmployeeId":6,"SalesVisitRequestId":0,"Month":0,"Year":0,"Day":0,"ServiceId":0,"ReportId":0,"UnitId":0,"Latitude":null,"Longitude":null,"SearchTerm":null,"PageId":0,"LastCallDateTime":null,"PageNumber":1,"pageSize":0,"OrderId":0,"StatDate":null,"EndDate":null,"DeviceType":null,"DeviceToken":null,"ClientEmails":null,"CCEmail":null}}]}

2017-01-18 17:41:59.7879|INFO|api.Helpers.NLogger|JSON
Method: POST
URL: http://192.168.1.119:9999/api/v1/employee/RequestedPartList
Controller : api.Controllers.EmployeeController
Action : RequestedPartList
Action Parameters : {"messageFormat":"JSON","messageArguments":[{"emp":{"NotificationId":0,"EmployeeId":6,"SalesVisitRequestId":0,"Month":0,"Year":0,"Day":0,"ServiceId":0,"ReportId":0,"UnitId":0,"Latitude":null,"Longitude":null,"SearchTerm":null,"PageId":0,"LastCallDateTime":null,"PageNumber":2,"pageSize":0,"OrderId":0,"StatDate":null,"EndDate":null,"DeviceType":null,"DeviceToken":null,"ClientEmails":null,"CCEmail":null}}]}

2017-01-18 17:42:00.2113|INFO|api.Helpers.NLogger|JSON
Method: POST
URL: http://192.168.1.119:9999/api/v1/employee/RequestedPartList
Controller : api.Controllers.EmployeeController
Action : RequestedPartList
Action Parameters : {"messageFormat":"JSON","messageArguments":[{"emp":{"NotificationId":0,"EmployeeId":6,"SalesVisitRequestId":0,"Month":0,"Year":0,"Day":0,"ServiceId":0,"ReportId":0,"UnitId":0,"Latitude":null,"Longitude":null,"SearchTerm":null,"PageId":0,"LastCallDateTime":null,"PageNumber":2,"pageSize":0,"OrderId":0,"StatDate":null,"EndDate":null,"DeviceType":null,"DeviceToken":null,"ClientEmails":null,"CCEmail":null}}]}

2017-01-18 17:42:01.9745|INFO|api.Helpers.NLogger|JSON
Method: POST
URL: http://192.168.1.119:9999/api/v1/empcommon/GetPartsByTypeForUnit
Controller : api.Controllers.EmpCommonController
Action : GetPartsByTypeForUnit
Action Parameters : {"messageFormat":"JSON","messageArguments":[{"request":{"Email":null,"ClientId":0,"PlanTypeId":0,"PlanId":0,"PartId":0,"Month":0,"Year":0,"AddressId":null,"UnitId":0,"ServiceId":null,"RequestedServiceId":null,"PartType":null,"PartTypeId":null,"PageId":0,"ShowDeleted":false,"ServiceCaseNumber":null,"LastCallDateTime":null,"PageNumber":null,"pageSize":0,"DeviceType":null,"DeviceToken":null,"NotificationId":null,"EmployeeId":6,"BillingId":null}}]}

2017-01-18 17:42:05.2740|INFO|api.Helpers.NLogger|JSON
Method: GET
URL: http://192.168.1.119:9999/api/v1/employee/GetAllClients?EmployeeId=6&ShowOnlyWorkAreaClient=true
Controller : api.Controllers.EmployeeController
Action : GetAllClients
Action Parameters : {"messageFormat":"JSON","messageArguments":[{"EmployeeId":6,"ShowOnlyWorkAreaClient":true}]}

2017-01-18 17:42:07.3925|INFO|api.Helpers.NLogger|JSON
Method: GET
URL: http://192.168.1.119:9999/api/v1/employee/GetClientAddress?ClientId=4&EmployeeId=6
Controller : api.Controllers.EmployeeController
Action : GetClientAddress
Action Parameters : {"messageFormat":"JSON","messageArguments":[{"ClientId":4,"EmployeeId":6}]}

2017-01-18 17:42:07.6155|INFO|api.Helpers.NLogger|JSON
Method: GET
URL: http://192.168.1.119:9999/api/v1/employee/GetClientUnitsByAddressId?ClientId=4&AddressId=5&EmployeeId=6
Controller : api.Controllers.EmployeeController
Action : GetClientUnitsByAddressId
Action Parameters : {"messageFormat":"JSON","messageArguments":[{"ClientId":4,"AddressId":5,"EmployeeId":6}]}

2017-01-18 17:42:28.2031|INFO|api.Helpers.NLogger|JSON
Method: POST
URL: http://192.168.1.119:9999/api/v1/employee/EmpPartRequeste
Controller : api.Controllers.EmployeeController
Action : EmpPartRequeste
Action Parameters : {"messageFormat":"JSON","messageArguments":[{"emp":{"EmployeePartRequestId":null,"ClientID":4,"EmployeeId":6,"AddressId":5,"EmpNotes":"Requested from employee app","RequestedParts":[{"UnitId":30,"PartId":15,"Quantity":1,"PartName":"Inducer draft motor/ flu vent motor","PartSize":"TTX420","Description":"","EmpNotes":null},{"UnitId":1037,"PartId":15,"Quantity":1,"PartName":"Inducer draft motor/ flu vent motor","PartSize":"TTX420","Description":"","EmpNotes":null}]}}]}

2017-01-18 17:42:30.7990|INFO|api.Helpers.NLogger|JSON
Method: POST
URL: http://192.168.1.119:9999/api/v1/employee/RequestedPartList
Controller : api.Controllers.EmployeeController
Action : RequestedPartList
Action Parameters : {"messageFormat":"JSON","messageArguments":[{"emp":{"NotificationId":0,"EmployeeId":6,"SalesVisitRequestId":0,"Month":0,"Year":0,"Day":0,"ServiceId":0,"ReportId":0,"UnitId":0,"Latitude":null,"Longitude":null,"SearchTerm":null,"PageId":0,"LastCallDateTime":null,"PageNumber":1,"pageSize":0,"OrderId":0,"StatDate":null,"EndDate":null,"DeviceType":null,"DeviceToken":null,"ClientEmails":null,"CCEmail":null}}]}

2017-01-18 17:42:31.3030|INFO|api.Helpers.NLogger|JSON
Method: POST
URL: http://192.168.1.119:9999/api/v1/employee/RequestedPartList
Controller : api.Controllers.EmployeeController
Action : RequestedPartList
Action Parameters : {"messageFormat":"JSON","messageArguments":[{"emp":{"NotificationId":0,"EmployeeId":6,"SalesVisitRequestId":0,"Month":0,"Year":0,"Day":0,"ServiceId":0,"ReportId":0,"UnitId":0,"Latitude":null,"Longitude":null,"SearchTerm":null,"PageId":0,"LastCallDateTime":null,"PageNumber":2,"pageSize":0,"OrderId":0,"StatDate":null,"EndDate":null,"DeviceType":null,"DeviceToken":null,"ClientEmails":null,"CCEmail":null}}]}

2017-01-18 17:42:31.3626|INFO|api.Helpers.NLogger|JSON
Method: POST
URL: http://192.168.1.119:9999/api/v1/employee/RequestedPartList
Controller : api.Controllers.EmployeeController
Action : RequestedPartList
Action Parameters : {"messageFormat":"JSON","messageArguments":[{"emp":{"NotificationId":0,"EmployeeId":6,"SalesVisitRequestId":0,"Month":0,"Year":0,"Day":0,"ServiceId":0,"ReportId":0,"UnitId":0,"Latitude":null,"Longitude":null,"SearchTerm":null,"PageId":0,"LastCallDateTime":null,"PageNumber":2,"pageSize":0,"OrderId":0,"StatDate":null,"EndDate":null,"DeviceType":null,"DeviceToken":null,"ClientEmails":null,"CCEmail":null}}]}

2017-01-18 17:42:36.6537|INFO|api.Helpers.NLogger|JSON
Method: POST
URL: http://192.168.1.119:9999/api/v1/employee/GetOrderList
Controller : api.Controllers.EmployeeController
Action : GetOrderList
Action Parameters : {"messageFormat":"JSON","messageArguments":[{"emp":{"NotificationId":0,"EmployeeId":6,"SalesVisitRequestId":0,"Month":0,"Year":0,"Day":0,"ServiceId":0,"ReportId":0,"UnitId":0,"Latitude":null,"Longitude":null,"SearchTerm":null,"PageId":0,"LastCallDateTime":null,"PageNumber":null,"pageSize":0,"OrderId":0,"StatDate":null,"EndDate":null,"DeviceType":null,"DeviceToken":null,"ClientEmails":null,"CCEmail":null}}]}

2017-01-18 17:42:42.2710|INFO|api.Helpers.NLogger|JSON
Method: GET
URL: http://192.168.1.119:9999/api/v1/employee/GetProfile?EmployeeId=6
Controller : api.Controllers.EmployeeController
Action : GetClientProfile
Action Parameters : {"messageFormat":"JSON","messageArguments":[{"EmployeeId":6}]}

2017-01-18 17:42:44.7895|INFO|api.Helpers.NLogger|JSON
Method: POST
URL: http://192.168.1.119:9999/api/v1/employee/GetDashBoardMonthWiseServiceCount
Controller : api.Controllers.EmployeeController
Action : GetDashBoardMonthWiseServiceCount
Action Parameters : {"messageFormat":"JSON","messageArguments":[{"request":{"NotificationId":0,"EmployeeId":6,"SalesVisitRequestId":0,"Month":1,"Year":2017,"Day":0,"ServiceId":0,"ReportId":0,"UnitId":0,"Latitude":null,"Longitude":null,"SearchTerm":null,"PageId":0,"LastCallDateTime":null,"PageNumber":null,"pageSize":0,"OrderId":0,"StatDate":null,"EndDate":null,"DeviceType":null,"DeviceToken":null,"ClientEmails":null,"CCEmail":null}}]}

2017-01-18 17:42:44.7895|INFO|api.Helpers.NLogger|JSON
Method: POST
URL: http://192.168.1.119:9999/api/v1/employee/GetDashBoardMonthWiseServiceCount
Controller : api.Controllers.EmployeeController
Action : GetDashBoardMonthWiseServiceCount
Action Parameters : {"messageFormat":"JSON","messageArguments":[{"request":{"NotificationId":0,"EmployeeId":6,"SalesVisitRequestId":0,"Month":2,"Year":2017,"Day":0,"ServiceId":0,"ReportId":0,"UnitId":0,"Latitude":null,"Longitude":null,"SearchTerm":null,"PageId":0,"LastCallDateTime":null,"PageNumber":null,"pageSize":0,"OrderId":0,"StatDate":null,"EndDate":null,"DeviceType":null,"DeviceToken":null,"ClientEmails":null,"CCEmail":null}}]}

2017-01-18 17:42:44.7895|INFO|api.Helpers.NLogger|JSON
Method: POST
URL: http://192.168.1.119:9999/api/v1/employee/GetDashBoardMonthDayWiseServiceList
Controller : api.Controllers.EmployeeController
Action : GetDashBoardMonthDayWiseServiceList
Action Parameters : {"messageFormat":"JSON","messageArguments":[{"request":{"NotificationId":0,"EmployeeId":6,"SalesVisitRequestId":0,"Month":1,"Year":2017,"Day":18,"ServiceId":0,"ReportId":0,"UnitId":0,"Latitude":null,"Longitude":null,"SearchTerm":null,"PageId":0,"LastCallDateTime":null,"PageNumber":null,"pageSize":0,"OrderId":0,"StatDate":null,"EndDate":null,"DeviceType":null,"DeviceToken":null,"ClientEmails":null,"CCEmail":null}}]}

2017-01-18 17:42:45.8058|INFO|api.Helpers.NLogger|JSON
Method: POST
URL: http://192.168.1.119:9999/api/v1/employee/GetDashBoardMonthDayWiseServiceList
Controller : api.Controllers.EmployeeController
Action : GetDashBoardMonthDayWiseServiceList
Action Parameters : {"messageFormat":"JSON","messageArguments":[{"request":{"NotificationId":0,"EmployeeId":6,"SalesVisitRequestId":0,"Month":1,"Year":2017,"Day":19,"ServiceId":0,"ReportId":0,"UnitId":0,"Latitude":null,"Longitude":null,"SearchTerm":null,"PageId":0,"LastCallDateTime":null,"PageNumber":null,"pageSize":0,"OrderId":0,"StatDate":null,"EndDate":null,"DeviceType":null,"DeviceToken":null,"ClientEmails":null,"CCEmail":null}}]}

2017-01-18 17:42:49.2433|INFO|api.Helpers.NLogger|JSON
Method: POST
URL: http://192.168.1.119:9999/api/v1/employee/GetServiceDetails
Controller : api.Controllers.EmployeeController
Action : GetServiceDetails
Action Parameters : {"messageFormat":"JSON","messageArguments":[{"request":{"NotificationId":0,"EmployeeId":6,"SalesVisitRequestId":0,"Month":0,"Year":0,"Day":0,"ServiceId":10023,"ReportId":0,"UnitId":0,"Latitude":null,"Longitude":null,"SearchTerm":null,"PageId":0,"LastCallDateTime":null,"PageNumber":null,"pageSize":0,"OrderId":0,"StatDate":null,"EndDate":null,"DeviceType":null,"DeviceToken":null,"ClientEmails":null,"CCEmail":null}}]}

2017-01-18 17:46:04.2713|INFO|api.Helpers.NLogger|JSON
Method: POST
URL: http://192.168.1.119:9999/api/v1/employee/login
Controller : api.Controllers.EmployeeController
Action : Login
Action Parameters : {"messageFormat":"JSON","messageArguments":[{"model":{"Email":"john@gmail.com","Password":"7f2765757d527eaeeb14fb706039bac7","DeviceType":"iPhone","DeviceToken":"","Latitude":39.50184310,"Longitude":-119.77966500}}]}

2017-01-18 17:46:04.7613|INFO|api.Helpers.NLogger|JSON
Method: POST
URL: http://192.168.1.119:9999/api/v1/employee/GetDashBoardMonthWiseServiceCount
Controller : api.Controllers.EmployeeController
Action : GetDashBoardMonthWiseServiceCount
Action Parameters : {"messageFormat":"JSON","messageArguments":[{"request":{"NotificationId":0,"EmployeeId":6,"SalesVisitRequestId":0,"Month":1,"Year":2017,"Day":0,"ServiceId":0,"ReportId":0,"UnitId":0,"Latitude":null,"Longitude":null,"SearchTerm":null,"PageId":0,"LastCallDateTime":null,"PageNumber":null,"pageSize":0,"OrderId":0,"StatDate":null,"EndDate":null,"DeviceType":null,"DeviceToken":null,"ClientEmails":null,"CCEmail":null}}]}

2017-01-18 17:46:04.7613|INFO|api.Helpers.NLogger|JSON
Method: POST
URL: http://192.168.1.119:9999/api/v1/employee/GetDashBoardMonthWiseServiceCount
Controller : api.Controllers.EmployeeController
Action : GetDashBoardMonthWiseServiceCount
Action Parameters : {"messageFormat":"JSON","messageArguments":[{"request":{"NotificationId":0,"EmployeeId":6,"SalesVisitRequestId":0,"Month":2,"Year":2017,"Day":0,"ServiceId":0,"ReportId":0,"UnitId":0,"Latitude":null,"Longitude":null,"SearchTerm":null,"PageId":0,"LastCallDateTime":null,"PageNumber":null,"pageSize":0,"OrderId":0,"StatDate":null,"EndDate":null,"DeviceType":null,"DeviceToken":null,"ClientEmails":null,"CCEmail":null}}]}

2017-01-18 17:46:04.7613|INFO|api.Helpers.NLogger|JSON
Method: POST
URL: http://192.168.1.119:9999/api/v1/employee/GetDashBoardMonthDayWiseServiceList
Controller : api.Controllers.EmployeeController
Action : GetDashBoardMonthDayWiseServiceList
Action Parameters : {"messageFormat":"JSON","messageArguments":[{"request":{"NotificationId":0,"EmployeeId":6,"SalesVisitRequestId":0,"Month":1,"Year":2017,"Day":18,"ServiceId":0,"ReportId":0,"UnitId":0,"Latitude":null,"Longitude":null,"SearchTerm":null,"PageId":0,"LastCallDateTime":null,"PageNumber":null,"pageSize":0,"OrderId":0,"StatDate":null,"EndDate":null,"DeviceType":null,"DeviceToken":null,"ClientEmails":null,"CCEmail":null}}]}

2017-01-18 17:46:06.3956|INFO|api.Helpers.NLogger|JSON
Method: POST
URL: http://192.168.1.119:9999/api/v1/employee/GetDashBoardMonthDayWiseServiceList
Controller : api.Controllers.EmployeeController
Action : GetDashBoardMonthDayWiseServiceList
Action Parameters : {"messageFormat":"JSON","messageArguments":[{"request":{"NotificationId":0,"EmployeeId":6,"SalesVisitRequestId":0,"Month":1,"Year":2017,"Day":19,"ServiceId":0,"ReportId":0,"UnitId":0,"Latitude":null,"Longitude":null,"SearchTerm":null,"PageId":0,"LastCallDateTime":null,"PageNumber":null,"pageSize":0,"OrderId":0,"StatDate":null,"EndDate":null,"DeviceType":null,"DeviceToken":null,"ClientEmails":null,"CCEmail":null}}]}

2017-01-18 17:46:07.8197|INFO|api.Helpers.NLogger|JSON
Method: POST
URL: http://192.168.1.119:9999/api/v1/employee/GetServiceDetails
Controller : api.Controllers.EmployeeController
Action : GetServiceDetails
Action Parameters : {"messageFormat":"JSON","messageArguments":[{"request":{"NotificationId":0,"EmployeeId":6,"SalesVisitRequestId":0,"Month":0,"Year":0,"Day":0,"ServiceId":10023,"ReportId":0,"UnitId":0,"Latitude":null,"Longitude":null,"SearchTerm":null,"PageId":0,"LastCallDateTime":null,"PageNumber":null,"pageSize":0,"OrderId":0,"StatDate":null,"EndDate":null,"DeviceType":null,"DeviceToken":null,"ClientEmails":null,"CCEmail":null}}]}

2017-01-18 18:14:02.0084|INFO|api.Helpers.NLogger|JSON
Method: POST
URL: http://192.168.1.119:9999/api/v1/employee/GetDashBoardMonthDayWiseServiceList
Controller : api.Controllers.EmployeeController
Action : GetDashBoardMonthDayWiseServiceList
Action Parameters : {"messageFormat":"JSON","messageArguments":[{"request":{"NotificationId":0,"EmployeeId":6,"SalesVisitRequestId":0,"Month":1,"Year":2017,"Day":18,"ServiceId":0,"ReportId":0,"UnitId":0,"Latitude":null,"Longitude":null,"SearchTerm":null,"PageId":0,"LastCallDateTime":null,"PageNumber":null,"pageSize":0,"OrderId":0,"StatDate":null,"EndDate":null,"DeviceType":null,"DeviceToken":null,"ClientEmails":null,"CCEmail":null}}]}

2017-01-18 18:14:02.0084|INFO|api.Helpers.NLogger|JSON
Method: POST
URL: http://192.168.1.119:9999/api/v1/employee/GetDashBoardMonthWiseServiceCount
Controller : api.Controllers.EmployeeController
Action : GetDashBoardMonthWiseServiceCount
Action Parameters : {"messageFormat":"JSON","messageArguments":[{"request":{"NotificationId":0,"EmployeeId":6,"SalesVisitRequestId":0,"Month":1,"Year":2017,"Day":0,"ServiceId":0,"ReportId":0,"UnitId":0,"Latitude":null,"Longitude":null,"SearchTerm":null,"PageId":0,"LastCallDateTime":null,"PageNumber":null,"pageSize":0,"OrderId":0,"StatDate":null,"EndDate":null,"DeviceType":null,"DeviceToken":null,"ClientEmails":null,"CCEmail":null}}]}

2017-01-18 18:14:02.0084|INFO|api.Helpers.NLogger|JSON
Method: POST
URL: http://192.168.1.119:9999/api/v1/employee/GetDashBoardMonthWiseServiceCount
Controller : api.Controllers.EmployeeController
Action : GetDashBoardMonthWiseServiceCount
Action Parameters : {"messageFormat":"JSON","messageArguments":[{"request":{"NotificationId":0,"EmployeeId":6,"SalesVisitRequestId":0,"Month":2,"Year":2017,"Day":0,"ServiceId":0,"ReportId":0,"UnitId":0,"Latitude":null,"Longitude":null,"SearchTerm":null,"PageId":0,"LastCallDateTime":null,"PageNumber":null,"pageSize":0,"OrderId":0,"StatDate":null,"EndDate":null,"DeviceType":null,"DeviceToken":null,"ClientEmails":null,"CCEmail":null}}]}

2017-01-18 18:14:07.6782|INFO|api.Helpers.NLogger|JSON
Method: POST
URL: http://192.168.1.119:9999/api/v1/employee/GetDashBoardMonthWiseServiceCount
Controller : api.Controllers.EmployeeController
Action : GetDashBoardMonthWiseServiceCount
Action Parameters : {"messageFormat":"JSON","messageArguments":[{"request":{"NotificationId":0,"EmployeeId":6,"SalesVisitRequestId":0,"Month":1,"Year":2017,"Day":0,"ServiceId":0,"ReportId":0,"UnitId":0,"Latitude":null,"Longitude":null,"SearchTerm":null,"PageId":0,"LastCallDateTime":null,"PageNumber":null,"pageSize":0,"OrderId":0,"StatDate":null,"EndDate":null,"DeviceType":null,"DeviceToken":null,"ClientEmails":null,"CCEmail":null}}]}

2017-01-18 18:14:07.6782|INFO|api.Helpers.NLogger|JSON
Method: POST
URL: http://192.168.1.119:9999/api/v1/employee/GetDashBoardMonthDayWiseServiceList
Controller : api.Controllers.EmployeeController
Action : GetDashBoardMonthDayWiseServiceList
Action Parameters : {"messageFormat":"JSON","messageArguments":[{"request":{"NotificationId":0,"EmployeeId":6,"SalesVisitRequestId":0,"Month":1,"Year":2017,"Day":18,"ServiceId":0,"ReportId":0,"UnitId":0,"Latitude":null,"Longitude":null,"SearchTerm":null,"PageId":0,"LastCallDateTime":null,"PageNumber":null,"pageSize":0,"OrderId":0,"StatDate":null,"EndDate":null,"DeviceType":null,"DeviceToken":null,"ClientEmails":null,"CCEmail":null}}]}

2017-01-18 18:14:07.6782|INFO|api.Helpers.NLogger|JSON
Method: POST
URL: http://192.168.1.119:9999/api/v1/employee/GetDashBoardMonthWiseServiceCount
Controller : api.Controllers.EmployeeController
Action : GetDashBoardMonthWiseServiceCount
Action Parameters : {"messageFormat":"JSON","messageArguments":[{"request":{"NotificationId":0,"EmployeeId":6,"SalesVisitRequestId":0,"Month":2,"Year":2017,"Day":0,"ServiceId":0,"ReportId":0,"UnitId":0,"Latitude":null,"Longitude":null,"SearchTerm":null,"PageId":0,"LastCallDateTime":null,"PageNumber":null,"pageSize":0,"OrderId":0,"StatDate":null,"EndDate":null,"DeviceType":null,"DeviceToken":null,"ClientEmails":null,"CCEmail":null}}]}

2017-01-18 18:14:08.3826|INFO|api.Helpers.NLogger|JSON
Method: POST
URL: http://192.168.1.119:9999/api/v1/employee/GetDashBoardMonthDayWiseServiceList
Controller : api.Controllers.EmployeeController
Action : GetDashBoardMonthDayWiseServiceList
Action Parameters : {"messageFormat":"JSON","messageArguments":[{"request":{"NotificationId":0,"EmployeeId":6,"SalesVisitRequestId":0,"Month":1,"Year":2017,"Day":19,"ServiceId":0,"ReportId":0,"UnitId":0,"Latitude":null,"Longitude":null,"SearchTerm":null,"PageId":0,"LastCallDateTime":null,"PageNumber":null,"pageSize":0,"OrderId":0,"StatDate":null,"EndDate":null,"DeviceType":null,"DeviceToken":null,"ClientEmails":null,"CCEmail":null}}]}

2017-01-18 18:14:09.5453|INFO|api.Helpers.NLogger|JSON
Method: POST
URL: http://192.168.1.119:9999/api/v1/employee/GetServiceDetails
Controller : api.Controllers.EmployeeController
Action : GetServiceDetails
Action Parameters : {"messageFormat":"JSON","messageArguments":[{"request":{"NotificationId":0,"EmployeeId":6,"SalesVisitRequestId":0,"Month":0,"Year":0,"Day":0,"ServiceId":10023,"ReportId":0,"UnitId":0,"Latitude":null,"Longitude":null,"SearchTerm":null,"PageId":0,"LastCallDateTime":null,"PageNumber":null,"pageSize":0,"OrderId":0,"StatDate":null,"EndDate":null,"DeviceType":null,"DeviceToken":null,"ClientEmails":null,"CCEmail":null}}]}

2017-01-18 18:14:42.5767|INFO|api.Helpers.NLogger|JSON
Method: POST
URL: http://192.168.1.119:9999/api/v1/employee/GetDashBoardMonthWiseServiceCount
Controller : api.Controllers.EmployeeController
Action : GetDashBoardMonthWiseServiceCount
Action Parameters : {"messageFormat":"JSON","messageArguments":[{"request":{"NotificationId":0,"EmployeeId":6,"SalesVisitRequestId":0,"Month":2,"Year":2017,"Day":0,"ServiceId":0,"ReportId":0,"UnitId":0,"Latitude":null,"Longitude":null,"SearchTerm":null,"PageId":0,"LastCallDateTime":null,"PageNumber":null,"pageSize":0,"OrderId":0,"StatDate":null,"EndDate":null,"DeviceType":null,"DeviceToken":null,"ClientEmails":null,"CCEmail":null}}]}

2017-01-18 18:14:42.5767|INFO|api.Helpers.NLogger|JSON
Method: POST
URL: http://192.168.1.119:9999/api/v1/employee/GetDashBoardMonthDayWiseServiceList
Controller : api.Controllers.EmployeeController
Action : GetDashBoardMonthDayWiseServiceList
Action Parameters : {"messageFormat":"JSON","messageArguments":[{"request":{"NotificationId":0,"EmployeeId":6,"SalesVisitRequestId":0,"Month":1,"Year":2017,"Day":18,"ServiceId":0,"ReportId":0,"UnitId":0,"Latitude":null,"Longitude":null,"SearchTerm":null,"PageId":0,"LastCallDateTime":null,"PageNumber":null,"pageSize":0,"OrderId":0,"StatDate":null,"EndDate":null,"DeviceType":null,"DeviceToken":null,"ClientEmails":null,"CCEmail":null}}]}

2017-01-18 18:14:42.5767|INFO|api.Helpers.NLogger|JSON
Method: POST
URL: http://192.168.1.119:9999/api/v1/employee/GetDashBoardMonthWiseServiceCount
Controller : api.Controllers.EmployeeController
Action : GetDashBoardMonthWiseServiceCount
Action Parameters : {"messageFormat":"JSON","messageArguments":[{"request":{"NotificationId":0,"EmployeeId":6,"SalesVisitRequestId":0,"Month":1,"Year":2017,"Day":0,"ServiceId":0,"ReportId":0,"UnitId":0,"Latitude":null,"Longitude":null,"SearchTerm":null,"PageId":0,"LastCallDateTime":null,"PageNumber":null,"pageSize":0,"OrderId":0,"StatDate":null,"EndDate":null,"DeviceType":null,"DeviceToken":null,"ClientEmails":null,"CCEmail":null}}]}

2017-01-18 18:14:45.2812|INFO|api.Helpers.NLogger|JSON
Method: POST
URL: http://192.168.1.119:9999/api/v1/employee/logout
Controller : api.Controllers.EmployeeController
Action : logout
Action Parameters : {"messageFormat":"JSON","messageArguments":[{"request":{"NotificationId":0,"EmployeeId":6,"SalesVisitRequestId":0,"Month":0,"Year":0,"Day":0,"ServiceId":0,"ReportId":0,"UnitId":0,"Latitude":null,"Longitude":null,"SearchTerm":null,"PageId":0,"LastCallDateTime":null,"PageNumber":null,"pageSize":0,"OrderId":0,"StatDate":null,"EndDate":null,"DeviceType":null,"DeviceToken":null,"ClientEmails":null,"CCEmail":null}}]}

2017-01-18 18:15:06.6721|INFO|api.Helpers.NLogger|JSON
Method: POST
URL: http://192.168.1.119:9999/api/v1/employee/login
Controller : api.Controllers.EmployeeController
Action : Login
Action Parameters : {"messageFormat":"JSON","messageArguments":[{"model":{"Email":"sanempsales@gmail.com","Password":"7f2765757d527eaeeb14fb706039bac7","DeviceType":"iPhone","DeviceToken":"","Latitude":39.50184310,"Longitude":-119.77966500}}]}

2017-01-18 18:15:07.1647|INFO|api.Helpers.NLogger|JSON
Method: POST
URL: http://192.168.1.119:9999/api/v1/employee/NotificationList
Controller : api.Controllers.NewEmployeeController
Action : NotificationList
Action Parameters : {"messageFormat":"JSON","messageArguments":[{"request":{"NotificationId":0,"EmployeeId":9,"SalesVisitRequestId":0,"Month":0,"Year":0,"Day":0,"ServiceId":0,"ReportId":0,"UnitId":0,"Latitude":null,"Longitude":null,"SearchTerm":null,"PageId":0,"LastCallDateTime":null,"PageNumber":1,"pageSize":0,"OrderId":0,"StatDate":null,"EndDate":null,"DeviceType":null,"DeviceToken":null,"ClientEmails":null,"CCEmail":null}}]}

2017-01-18 18:15:10.0639|INFO|api.Helpers.NLogger|JSON
Method: GET
URL: http://192.168.1.119:9999/api/v1/empcommon/getallplantype?EmployeeId=9
Controller : api.Controllers.EmpCommonController
Action : GetAllPlanType
Action Parameters : {"messageFormat":"JSON","messageArguments":[{"EmployeeId":9}]}

2017-01-18 18:15:11.1147|INFO|api.Helpers.NLogger|JSON
Method: GET
URL: http://192.168.1.119:9999/api/v1/employee/GetAllClients?EmployeeId=9&ShowOnlyWorkAreaClient=false
Controller : api.Controllers.EmployeeController
Action : GetAllClients
Action Parameters : {"messageFormat":"JSON","messageArguments":[{"EmployeeId":9,"ShowOnlyWorkAreaClient":false}]}

2017-01-18 18:15:11.8096|INFO|api.Helpers.NLogger|JSON
Method: GET
URL: http://192.168.1.119:9999/api/v1/employee/GetClientAddress?ClientId=2&EmployeeId=9
Controller : api.Controllers.EmployeeController
Action : GetClientAddress
Action Parameters : {"messageFormat":"JSON","messageArguments":[{"ClientId":2,"EmployeeId":9}]}

2017-01-18 18:15:13.6161|INFO|api.Helpers.NLogger|JSON
Method: POST
URL: http://192.168.1.119:9999/api/v1/empcommon/GetSpecialRateByPlanType
Controller : api.Controllers.EmpCommonController
Action : GetSpecialRateByPlanType
Action Parameters : {"messageFormat":"JSON","messageArguments":[{"request":{"Email":null,"ClientId":0,"PlanTypeId":2,"PlanId":0,"PartId":0,"Month":0,"Year":0,"AddressId":null,"UnitId":0,"ServiceId":null,"RequestedServiceId":null,"PartType":null,"PartTypeId":null,"PageId":0,"ShowDeleted":false,"ServiceCaseNumber":null,"LastCallDateTime":null,"PageNumber":null,"pageSize":0,"DeviceType":null,"DeviceToken":null,"NotificationId":null,"EmployeeId":9,"BillingId":null}}]}

2017-01-18 18:15:19.0498|INFO|api.Helpers.NLogger|JSON
Method: POST
URL: http://192.168.1.119:9999/api/v1/employee/AddClientUnitSalesPerson
Controller : api.Controllers.SalesPersonController
Action : AddClientUnitSalesPerson
Action Parameters : {"messageFormat":"JSON","messageArguments":[{"request":{"ClientId":2,"UnitId":0,"UnitName":"","ManufactureDate":null,"PlanTypeId":2,"UnitTon":null,"AddressId":2,"UnitTypeId":null,"AutoRenewal":false,"SpecialOffer":false,"Status":null,"OptionalInformation":[{"SplitType":"Packaged","ModelNumber":"","SerialNumber":"","UnitTon":null,"QuantityOfFilter":0,"ManufactureDate":null,"Filters":null,"QuantityOfFuses":0,"FuseTypes":null,"BoosterTypes":null}],"DeleteOldData":false,"EmployeeId":9,"CurrentPaymentMethod":"Check"}}]}

2017-01-18 18:15:20.7006|INFO|api.Helpers.NLogger|JSON
Method: GET
URL: http://192.168.1.119:9999/api/v1/employee/GetClientDefaultAddress?ClientId=2&EmployeeId=9
Controller : api.Controllers.EmployeeController
Action : GetClientDefaultAddress
Action Parameters : {"messageFormat":"JSON","messageArguments":[{"ClientId":2,"EmployeeId":9}]}

