2017-07-02 17:25:50.2943|INFO|api.Helpers.NLogger|JSON
Method: POST
URL: http://192.168.1.121:8989/api/v1/employee/login
Controller : api.Controllers.EmployeeController
Action : Login
Action Parameters : {"messageFormat":"JSON","messageArguments":[{"model":{"Email":"testing.demo@gmail.com","Password":"7f2765757d527eaeeb14fb706039bac7","DeviceType":"iPhone","DeviceToken":"45c13a01341bf577e06257be4cf682ae85defbdeb2a132cd7f0eb800834b1c61","Latitude":23.02626187,"Longitude":72.52368230}}]}

2017-07-02 17:25:56.5091|INFO|api.Helpers.NLogger|JSON
Method: POST
URL: http://192.168.1.121:8989/api/v1/employee/NotificationList
Controller : api.Controllers.NewEmployeeController
Action : NotificationList
Action Parameters : {"messageFormat":"JSON","messageArguments":[{"request":{"NotificationId":0,"EmployeeId":1012,"SalesVisitRequestId":0,"Month":0,"Year":0,"Day":0,"ServiceId":0,"ReportId":0,"UnitId":0,"Latitude":null,"Longitude":null,"SearchTerm":null,"PageId":0,"LastCallDateTime":null,"PageNumber":1,"pageSize":0,"OrderId":0,"StatDate":null,"EndDate":null,"DeviceType":null,"DeviceToken":null,"ClientEmails":null,"CCEmail":null}}]}

2017-07-02 17:25:57.0054|INFO|api.Helpers.NLogger|JSON
Method: POST
URL: http://192.168.1.121:8989/api/v1/employee/employeeUpdateToken
Controller : api.Controllers.NewEmployeeController
Action : employeeUpdateToken
Action Parameters : {"messageFormat":"JSON","messageArguments":[{"request":{"NotificationId":0,"EmployeeId":1012,"SalesVisitRequestId":0,"Month":0,"Year":0,"Day":0,"ServiceId":0,"ReportId":0,"UnitId":0,"Latitude":null,"Longitude":null,"SearchTerm":null,"PageId":0,"LastCallDateTime":null,"PageNumber":null,"pageSize":0,"OrderId":0,"StatDate":null,"EndDate":null,"DeviceType":"iPhone","DeviceToken":"059f3de7d8b557a42e8256ac6fd62c353628e0cff10d4f7e63c00a58ac5224af","ClientEmails":null,"CCEmail":null}}]}

2017-07-02 17:26:14.7766|INFO|api.Helpers.NLogger|JSON
Method: GET
URL: http://192.168.1.121:8989/api/v1/empcommon/getallplantype?EmployeeId=1012
Controller : api.Controllers.EmpCommonController
Action : GetAllPlanType
Action Parameters : {"messageFormat":"JSON","messageArguments":[{"EmployeeId":1012}]}

2017-07-02 17:26:16.1718|INFO|api.Helpers.NLogger|JSON
Method: GET
URL: http://192.168.1.121:8989/api/v1/employee/GetAllClients?EmployeeId=1012&ShowOnlyWorkAreaClient=false
Controller : api.Controllers.EmployeeController
Action : GetAllClients
Action Parameters : {"messageFormat":"JSON","messageArguments":[{"EmployeeId":1012,"ShowOnlyWorkAreaClient":false}]}

2017-07-02 17:26:25.4596|INFO|api.Helpers.NLogger|JSON
Method: GET
URL: http://192.168.1.121:8989/api/v1/employee/GetClientAddress?ClientId=1098&EmployeeId=1012
Controller : api.Controllers.EmployeeController
Action : GetClientAddress
Action Parameters : {"messageFormat":"JSON","messageArguments":[{"ClientId":1098,"EmployeeId":1012}]}

2017-07-02 17:26:33.3850|INFO|api.Helpers.NLogger|JSON
Method: POST
URL: http://192.168.1.121:8989/api/v1/empcommon/GetSpecialRateByPlanType
Controller : api.Controllers.EmpCommonController
Action : GetSpecialRateByPlanType
Action Parameters : {"messageFormat":"JSON","messageArguments":[{"request":{"Email":null,"ClientId":0,"PlanTypeId":1,"PlanId":0,"PartId":0,"Month":0,"Year":0,"AddressId":null,"UnitId":0,"ServiceId":null,"RequestedServiceId":null,"PartType":null,"PartTypeId":null,"PageId":0,"ShowDeleted":false,"ServiceCaseNumber":null,"LastCallDateTime":null,"PageNumber":null,"pageSize":0,"DeviceType":null,"DeviceToken":null,"NotificationId":null,"EmployeeId":1012,"BillingId":null}}]}

2017-07-02 17:26:34.4476|INFO|api.Helpers.NLogger|JSON
Method: POST
URL: http://192.168.1.121:8989/api/v1/employee/AddClientUnitSalesPerson
Controller : api.Controllers.SalesPersonController
Action : AddClientUnitSalesPerson
Action Parameters : {"messageFormat":"JSON","messageArguments":[{"request":{"ClientId":1098,"UnitId":0,"Qty":1,"UnitName":"","ManufactureDate":null,"PlanTypeId":1,"UnitTon":null,"AddressId":1070,"UnitTypeId":null,"AutoRenewal":false,"SpecialOffer":false,"Status":null,"OptionalInformation":[{"SplitType":"Packaged","ModelNumber":"","SerialNumber":"","UnitTon":null,"QuantityOfFilter":0,"ManufactureDate":null,"Filters":null,"QuantityOfFuses":0,"FuseTypes":null,"ThermostatTypes":null}],"DeleteOldData":false,"EmployeeId":1012,"CurrentPaymentMethod":"PO"}}]}

2017-07-02 17:26:36.5011|INFO|api.Helpers.NLogger|JSON
Method: GET
URL: http://192.168.1.121:8989/api/v1/empcommon/getallplantype?EmployeeId=1012
Controller : api.Controllers.EmpCommonController
Action : GetAllPlanType
Action Parameters : {"messageFormat":"JSON","messageArguments":[{"EmployeeId":1012}]}

2017-07-02 17:26:36.5011|INFO|api.Helpers.NLogger|JSON
Method: GET
URL: http://192.168.1.121:8989/api/v1/employee/GetClientAddress?ClientId=1098&EmployeeId=1012
Controller : api.Controllers.EmployeeController
Action : GetClientAddress
Action Parameters : {"messageFormat":"JSON","messageArguments":[{"ClientId":1098,"EmployeeId":1012}]}

2017-07-02 17:26:37.8311|INFO|api.Helpers.NLogger|JSON
Method: POST
URL: http://192.168.1.121:8989/api/v1/empcommon/GetSpecialRateByPlanType
Controller : api.Controllers.EmpCommonController
Action : GetSpecialRateByPlanType
Action Parameters : {"messageFormat":"JSON","messageArguments":[{"request":{"Email":null,"ClientId":0,"PlanTypeId":1,"PlanId":0,"PartId":0,"Month":0,"Year":0,"AddressId":null,"UnitId":0,"ServiceId":null,"RequestedServiceId":null,"PartType":null,"PartTypeId":null,"PageId":0,"ShowDeleted":false,"ServiceCaseNumber":null,"LastCallDateTime":null,"PageNumber":null,"pageSize":0,"DeviceType":null,"DeviceToken":null,"NotificationId":null,"EmployeeId":1012,"BillingId":null}}]}

2017-07-02 17:26:39.6191|INFO|api.Helpers.NLogger|JSON
Method: POST
URL: http://192.168.1.121:8989/api/v1/employee/AddClientUnitSalesPerson
Controller : api.Controllers.SalesPersonController
Action : AddClientUnitSalesPerson
Action Parameters : {"messageFormat":"JSON","messageArguments":[{"request":{"ClientId":1098,"UnitId":0,"Qty":1,"UnitName":"","ManufactureDate":null,"PlanTypeId":1,"UnitTon":null,"AddressId":1070,"UnitTypeId":null,"AutoRenewal":false,"SpecialOffer":false,"Status":null,"OptionalInformation":[{"SplitType":"Packaged","ModelNumber":"","SerialNumber":"","UnitTon":null,"QuantityOfFilter":0,"ManufactureDate":null,"Filters":null,"QuantityOfFuses":0,"FuseTypes":null,"ThermostatTypes":null}],"DeleteOldData":false,"EmployeeId":1012,"CurrentPaymentMethod":"PO"}}]}

2017-07-02 17:26:41.1554|INFO|api.Helpers.NLogger|JSON
Method: GET
URL: http://192.168.1.121:8989/api/v1/empcommon/getallplantype?EmployeeId=1012
Controller : api.Controllers.EmpCommonController
Action : GetAllPlanType
Action Parameters : {"messageFormat":"JSON","messageArguments":[{"EmployeeId":1012}]}

2017-07-02 17:26:41.1574|INFO|api.Helpers.NLogger|JSON
Method: GET
URL: http://192.168.1.121:8989/api/v1/employee/GetClientAddress?ClientId=1098&EmployeeId=1012
Controller : api.Controllers.EmployeeController
Action : GetClientAddress
Action Parameters : {"messageFormat":"JSON","messageArguments":[{"ClientId":1098,"EmployeeId":1012}]}

2017-07-02 17:26:42.0377|INFO|api.Helpers.NLogger|JSON
Method: POST
URL: http://192.168.1.121:8989/api/v1/empcommon/GetSpecialRateByPlanType
Controller : api.Controllers.EmpCommonController
Action : GetSpecialRateByPlanType
Action Parameters : {"messageFormat":"JSON","messageArguments":[{"request":{"Email":null,"ClientId":0,"PlanTypeId":1,"PlanId":0,"PartId":0,"Month":0,"Year":0,"AddressId":null,"UnitId":0,"ServiceId":null,"RequestedServiceId":null,"PartType":null,"PartTypeId":null,"PageId":0,"ShowDeleted":false,"ServiceCaseNumber":null,"LastCallDateTime":null,"PageNumber":null,"pageSize":0,"DeviceType":null,"DeviceToken":null,"NotificationId":null,"EmployeeId":1012,"BillingId":null}}]}

2017-07-02 17:26:42.8369|INFO|api.Helpers.NLogger|JSON
Method: POST
URL: http://192.168.1.121:8989/api/v1/employee/AddClientUnitSalesPerson
Controller : api.Controllers.SalesPersonController
Action : AddClientUnitSalesPerson
Action Parameters : {"messageFormat":"JSON","messageArguments":[{"request":{"ClientId":1098,"UnitId":0,"Qty":1,"UnitName":"","ManufactureDate":null,"PlanTypeId":1,"UnitTon":null,"AddressId":1070,"UnitTypeId":null,"AutoRenewal":false,"SpecialOffer":false,"Status":null,"OptionalInformation":[{"SplitType":"Packaged","ModelNumber":"","SerialNumber":"","UnitTon":null,"QuantityOfFilter":0,"ManufactureDate":null,"Filters":null,"QuantityOfFuses":0,"FuseTypes":null,"ThermostatTypes":null}],"DeleteOldData":false,"EmployeeId":1012,"CurrentPaymentMethod":"PO"}}]}

2017-07-02 17:26:44.0603|INFO|api.Helpers.NLogger|JSON
Method: GET
URL: http://192.168.1.121:8989/api/v1/empcommon/getallplantype?EmployeeId=1012
Controller : api.Controllers.EmpCommonController
Action : GetAllPlanType
Action Parameters : {"messageFormat":"JSON","messageArguments":[{"EmployeeId":1012}]}

2017-07-02 17:26:44.0694|INFO|api.Helpers.NLogger|JSON
Method: GET
URL: http://192.168.1.121:8989/api/v1/employee/GetClientAddress?ClientId=1098&EmployeeId=1012
Controller : api.Controllers.EmployeeController
Action : GetClientAddress
Action Parameters : {"messageFormat":"JSON","messageArguments":[{"ClientId":1098,"EmployeeId":1012}]}

2017-07-02 17:26:45.3190|INFO|api.Helpers.NLogger|JSON
Method: POST
URL: http://192.168.1.121:8989/api/v1/empcommon/GetSpecialRateByPlanType
Controller : api.Controllers.EmpCommonController
Action : GetSpecialRateByPlanType
Action Parameters : {"messageFormat":"JSON","messageArguments":[{"request":{"Email":null,"ClientId":0,"PlanTypeId":1,"PlanId":0,"PartId":0,"Month":0,"Year":0,"AddressId":null,"UnitId":0,"ServiceId":null,"RequestedServiceId":null,"PartType":null,"PartTypeId":null,"PageId":0,"ShowDeleted":false,"ServiceCaseNumber":null,"LastCallDateTime":null,"PageNumber":null,"pageSize":0,"DeviceType":null,"DeviceToken":null,"NotificationId":null,"EmployeeId":1012,"BillingId":null}}]}

2017-07-02 17:26:48.0930|INFO|api.Helpers.NLogger|JSON
Method: POST
URL: http://192.168.1.121:8989/api/v1/employee/AddClientUnitSalesPerson
Controller : api.Controllers.SalesPersonController
Action : AddClientUnitSalesPerson
Action Parameters : {"messageFormat":"JSON","messageArguments":[{"request":{"ClientId":1098,"UnitId":0,"Qty":1,"UnitName":"","ManufactureDate":null,"PlanTypeId":1,"UnitTon":null,"AddressId":1070,"UnitTypeId":null,"AutoRenewal":false,"SpecialOffer":false,"Status":null,"OptionalInformation":[{"SplitType":"Packaged","ModelNumber":"","SerialNumber":"","UnitTon":null,"QuantityOfFilter":0,"ManufactureDate":null,"Filters":null,"QuantityOfFuses":0,"FuseTypes":null,"ThermostatTypes":null}],"DeleteOldData":false,"EmployeeId":1012,"CurrentPaymentMethod":"PO"}}]}

2017-07-02 17:26:50.2126|INFO|api.Helpers.NLogger|JSON
Method: GET
URL: http://192.168.1.121:8989/api/v1/empcommon/getallplantype?EmployeeId=1012
Controller : api.Controllers.EmpCommonController
Action : GetAllPlanType
Action Parameters : {"messageFormat":"JSON","messageArguments":[{"EmployeeId":1012}]}

2017-07-02 17:26:50.2126|INFO|api.Helpers.NLogger|JSON
Method: GET
URL: http://192.168.1.121:8989/api/v1/employee/GetClientAddress?ClientId=1098&EmployeeId=1012
Controller : api.Controllers.EmployeeController
Action : GetClientAddress
Action Parameters : {"messageFormat":"JSON","messageArguments":[{"ClientId":1098,"EmployeeId":1012}]}

2017-07-02 17:26:51.3799|INFO|api.Helpers.NLogger|JSON
Method: POST
URL: http://192.168.1.121:8989/api/v1/empcommon/GetSpecialRateByPlanType
Controller : api.Controllers.EmpCommonController
Action : GetSpecialRateByPlanType
Action Parameters : {"messageFormat":"JSON","messageArguments":[{"request":{"Email":null,"ClientId":0,"PlanTypeId":1,"PlanId":0,"PartId":0,"Month":0,"Year":0,"AddressId":null,"UnitId":0,"ServiceId":null,"RequestedServiceId":null,"PartType":null,"PartTypeId":null,"PageId":0,"ShowDeleted":false,"ServiceCaseNumber":null,"LastCallDateTime":null,"PageNumber":null,"pageSize":0,"DeviceType":null,"DeviceToken":null,"NotificationId":null,"EmployeeId":1012,"BillingId":null}}]}

2017-07-02 17:26:52.8454|INFO|api.Helpers.NLogger|JSON
Method: POST
URL: http://192.168.1.121:8989/api/v1/employee/AddClientUnitSalesPerson
Controller : api.Controllers.SalesPersonController
Action : AddClientUnitSalesPerson
Action Parameters : {"messageFormat":"JSON","messageArguments":[{"request":{"ClientId":1098,"UnitId":0,"Qty":1,"UnitName":"","ManufactureDate":null,"PlanTypeId":1,"UnitTon":null,"AddressId":1070,"UnitTypeId":null,"AutoRenewal":false,"SpecialOffer":false,"Status":null,"OptionalInformation":[{"SplitType":"Packaged","ModelNumber":"","SerialNumber":"","UnitTon":null,"QuantityOfFilter":0,"ManufactureDate":null,"Filters":null,"QuantityOfFuses":0,"FuseTypes":null,"ThermostatTypes":null}],"DeleteOldData":false,"EmployeeId":1012,"CurrentPaymentMethod":"PO"}}]}

2017-07-02 17:26:56.1088|INFO|api.Helpers.NLogger|JSON
Method: GET
URL: http://192.168.1.121:8989/api/v1/empcommon/getallplantype?EmployeeId=1012
Controller : api.Controllers.EmpCommonController
Action : GetAllPlanType
Action Parameters : {"messageFormat":"JSON","messageArguments":[{"EmployeeId":1012}]}

2017-07-02 17:26:56.1108|INFO|api.Helpers.NLogger|JSON
Method: GET
URL: http://192.168.1.121:8989/api/v1/employee/GetClientAddress?ClientId=1098&EmployeeId=1012
Controller : api.Controllers.EmployeeController
Action : GetClientAddress
Action Parameters : {"messageFormat":"JSON","messageArguments":[{"ClientId":1098,"EmployeeId":1012}]}

2017-07-02 17:26:56.9847|INFO|api.Helpers.NLogger|JSON
Method: POST
URL: http://192.168.1.121:8989/api/v1/empcommon/GetSpecialRateByPlanType
Controller : api.Controllers.EmpCommonController
Action : GetSpecialRateByPlanType
Action Parameters : {"messageFormat":"JSON","messageArguments":[{"request":{"Email":null,"ClientId":0,"PlanTypeId":1,"PlanId":0,"PartId":0,"Month":0,"Year":0,"AddressId":null,"UnitId":0,"ServiceId":null,"RequestedServiceId":null,"PartType":null,"PartTypeId":null,"PageId":0,"ShowDeleted":false,"ServiceCaseNumber":null,"LastCallDateTime":null,"PageNumber":null,"pageSize":0,"DeviceType":null,"DeviceToken":null,"NotificationId":null,"EmployeeId":1012,"BillingId":null}}]}

2017-07-02 17:26:57.9909|INFO|api.Helpers.NLogger|JSON
Method: POST
URL: http://192.168.1.121:8989/api/v1/employee/AddClientUnitSalesPerson
Controller : api.Controllers.SalesPersonController
Action : AddClientUnitSalesPerson
Action Parameters : {"messageFormat":"JSON","messageArguments":[{"request":{"ClientId":1098,"UnitId":0,"Qty":1,"UnitName":"","ManufactureDate":null,"PlanTypeId":1,"UnitTon":null,"AddressId":1070,"UnitTypeId":null,"AutoRenewal":false,"SpecialOffer":false,"Status":null,"OptionalInformation":[{"SplitType":"Packaged","ModelNumber":"","SerialNumber":"","UnitTon":null,"QuantityOfFilter":0,"ManufactureDate":null,"Filters":null,"QuantityOfFuses":0,"FuseTypes":null,"ThermostatTypes":null}],"DeleteOldData":false,"EmployeeId":1012,"CurrentPaymentMethod":"PO"}}]}

2017-07-02 17:27:00.4499|INFO|api.Helpers.NLogger|JSON
Method: GET
URL: http://192.168.1.121:8989/api/v1/empcommon/getallplantype?EmployeeId=1012
Controller : api.Controllers.EmpCommonController
Action : GetAllPlanType
Action Parameters : {"messageFormat":"JSON","messageArguments":[{"EmployeeId":1012}]}

2017-07-02 17:27:00.4580|INFO|api.Helpers.NLogger|JSON
Method: GET
URL: http://192.168.1.121:8989/api/v1/employee/GetClientAddress?ClientId=1098&EmployeeId=1012
Controller : api.Controllers.EmployeeController
Action : GetClientAddress
Action Parameters : {"messageFormat":"JSON","messageArguments":[{"ClientId":1098,"EmployeeId":1012}]}

2017-07-02 17:27:01.9842|INFO|api.Helpers.NLogger|JSON
Method: POST
URL: http://192.168.1.121:8989/api/v1/empcommon/GetSpecialRateByPlanType
Controller : api.Controllers.EmpCommonController
Action : GetSpecialRateByPlanType
Action Parameters : {"messageFormat":"JSON","messageArguments":[{"request":{"Email":null,"ClientId":0,"PlanTypeId":1,"PlanId":0,"PartId":0,"Month":0,"Year":0,"AddressId":null,"UnitId":0,"ServiceId":null,"RequestedServiceId":null,"PartType":null,"PartTypeId":null,"PageId":0,"ShowDeleted":false,"ServiceCaseNumber":null,"LastCallDateTime":null,"PageNumber":null,"pageSize":0,"DeviceType":null,"DeviceToken":null,"NotificationId":null,"EmployeeId":1012,"BillingId":null}}]}

2017-07-02 17:27:03.6276|INFO|api.Helpers.NLogger|JSON
Method: POST
URL: http://192.168.1.121:8989/api/v1/employee/AddClientUnitSalesPerson
Controller : api.Controllers.SalesPersonController
Action : AddClientUnitSalesPerson
Action Parameters : {"messageFormat":"JSON","messageArguments":[{"request":{"ClientId":1098,"UnitId":0,"Qty":1,"UnitName":"","ManufactureDate":null,"PlanTypeId":1,"UnitTon":null,"AddressId":1070,"UnitTypeId":null,"AutoRenewal":false,"SpecialOffer":false,"Status":null,"OptionalInformation":[{"SplitType":"Packaged","ModelNumber":"","SerialNumber":"","UnitTon":null,"QuantityOfFilter":0,"ManufactureDate":null,"Filters":null,"QuantityOfFuses":0,"FuseTypes":null,"ThermostatTypes":null}],"DeleteOldData":false,"EmployeeId":1012,"CurrentPaymentMethod":"PO"}}]}

2017-07-02 17:27:07.0486|INFO|api.Helpers.NLogger|JSON
Method: GET
URL: http://192.168.1.121:8989/api/v1/empcommon/getallplantype?EmployeeId=1012
Controller : api.Controllers.EmpCommonController
Action : GetAllPlanType
Action Parameters : {"messageFormat":"JSON","messageArguments":[{"EmployeeId":1012}]}

2017-07-02 17:27:07.0486|INFO|api.Helpers.NLogger|JSON
Method: GET
URL: http://192.168.1.121:8989/api/v1/employee/GetClientAddress?ClientId=1098&EmployeeId=1012
Controller : api.Controllers.EmployeeController
Action : GetClientAddress
Action Parameters : {"messageFormat":"JSON","messageArguments":[{"ClientId":1098,"EmployeeId":1012}]}

2017-07-02 17:27:07.9799|INFO|api.Helpers.NLogger|JSON
Method: POST
URL: http://192.168.1.121:8989/api/v1/empcommon/GetSpecialRateByPlanType
Controller : api.Controllers.EmpCommonController
Action : GetSpecialRateByPlanType
Action Parameters : {"messageFormat":"JSON","messageArguments":[{"request":{"Email":null,"ClientId":0,"PlanTypeId":1,"PlanId":0,"PartId":0,"Month":0,"Year":0,"AddressId":null,"UnitId":0,"ServiceId":null,"RequestedServiceId":null,"PartType":null,"PartTypeId":null,"PageId":0,"ShowDeleted":false,"ServiceCaseNumber":null,"LastCallDateTime":null,"PageNumber":null,"pageSize":0,"DeviceType":null,"DeviceToken":null,"NotificationId":null,"EmployeeId":1012,"BillingId":null}}]}

2017-07-02 17:27:08.5983|INFO|api.Helpers.NLogger|JSON
Method: POST
URL: http://192.168.1.121:8989/api/v1/employee/AddClientUnitSalesPerson
Controller : api.Controllers.SalesPersonController
Action : AddClientUnitSalesPerson
Action Parameters : {"messageFormat":"JSON","messageArguments":[{"request":{"ClientId":1098,"UnitId":0,"Qty":1,"UnitName":"","ManufactureDate":null,"PlanTypeId":1,"UnitTon":null,"AddressId":1070,"UnitTypeId":null,"AutoRenewal":false,"SpecialOffer":false,"Status":null,"OptionalInformation":[{"SplitType":"Packaged","ModelNumber":"","SerialNumber":"","UnitTon":null,"QuantityOfFilter":0,"ManufactureDate":null,"Filters":null,"QuantityOfFuses":0,"FuseTypes":null,"ThermostatTypes":null}],"DeleteOldData":false,"EmployeeId":1012,"CurrentPaymentMethod":"PO"}}]}

2017-07-02 17:27:09.7342|INFO|api.Helpers.NLogger|JSON
Method: GET
URL: http://192.168.1.121:8989/api/v1/empcommon/getallplantype?EmployeeId=1012
Controller : api.Controllers.EmpCommonController
Action : GetAllPlanType
Action Parameters : {"messageFormat":"JSON","messageArguments":[{"EmployeeId":1012}]}

2017-07-02 17:27:09.7342|INFO|api.Helpers.NLogger|JSON
Method: GET
URL: http://192.168.1.121:8989/api/v1/employee/GetClientAddress?ClientId=1098&EmployeeId=1012
Controller : api.Controllers.EmployeeController
Action : GetClientAddress
Action Parameters : {"messageFormat":"JSON","messageArguments":[{"ClientId":1098,"EmployeeId":1012}]}

2017-07-02 17:27:10.4834|INFO|api.Helpers.NLogger|JSON
Method: POST
URL: http://192.168.1.121:8989/api/v1/empcommon/GetSpecialRateByPlanType
Controller : api.Controllers.EmpCommonController
Action : GetSpecialRateByPlanType
Action Parameters : {"messageFormat":"JSON","messageArguments":[{"request":{"Email":null,"ClientId":0,"PlanTypeId":1,"PlanId":0,"PartId":0,"Month":0,"Year":0,"AddressId":null,"UnitId":0,"ServiceId":null,"RequestedServiceId":null,"PartType":null,"PartTypeId":null,"PageId":0,"ShowDeleted":false,"ServiceCaseNumber":null,"LastCallDateTime":null,"PageNumber":null,"pageSize":0,"DeviceType":null,"DeviceToken":null,"NotificationId":null,"EmployeeId":1012,"BillingId":null}}]}

2017-07-02 17:27:10.9985|INFO|api.Helpers.NLogger|JSON
Method: POST
URL: http://192.168.1.121:8989/api/v1/employee/AddClientUnitSalesPerson
Controller : api.Controllers.SalesPersonController
Action : AddClientUnitSalesPerson
Action Parameters : {"messageFormat":"JSON","messageArguments":[{"request":{"ClientId":1098,"UnitId":0,"Qty":1,"UnitName":"","ManufactureDate":null,"PlanTypeId":1,"UnitTon":null,"AddressId":1070,"UnitTypeId":null,"AutoRenewal":false,"SpecialOffer":false,"Status":null,"OptionalInformation":[{"SplitType":"Packaged","ModelNumber":"","SerialNumber":"","UnitTon":null,"QuantityOfFilter":0,"ManufactureDate":null,"Filters":null,"QuantityOfFuses":0,"FuseTypes":null,"ThermostatTypes":null}],"DeleteOldData":false,"EmployeeId":1012,"CurrentPaymentMethod":"PO"}}]}

2017-07-02 17:27:12.1137|INFO|api.Helpers.NLogger|JSON
Method: GET
URL: http://192.168.1.121:8989/api/v1/empcommon/getallplantype?EmployeeId=1012
Controller : api.Controllers.EmpCommonController
Action : GetAllPlanType
Action Parameters : {"messageFormat":"JSON","messageArguments":[{"EmployeeId":1012}]}

2017-07-02 17:27:12.1137|INFO|api.Helpers.NLogger|JSON
Method: GET
URL: http://192.168.1.121:8989/api/v1/employee/GetClientAddress?ClientId=1098&EmployeeId=1012
Controller : api.Controllers.EmployeeController
Action : GetClientAddress
Action Parameters : {"messageFormat":"JSON","messageArguments":[{"ClientId":1098,"EmployeeId":1012}]}

2017-07-02 17:27:12.8991|INFO|api.Helpers.NLogger|JSON
Method: POST
URL: http://192.168.1.121:8989/api/v1/empcommon/GetSpecialRateByPlanType
Controller : api.Controllers.EmpCommonController
Action : GetSpecialRateByPlanType
Action Parameters : {"messageFormat":"JSON","messageArguments":[{"request":{"Email":null,"ClientId":0,"PlanTypeId":1,"PlanId":0,"PartId":0,"Month":0,"Year":0,"AddressId":null,"UnitId":0,"ServiceId":null,"RequestedServiceId":null,"PartType":null,"PartTypeId":null,"PageId":0,"ShowDeleted":false,"ServiceCaseNumber":null,"LastCallDateTime":null,"PageNumber":null,"pageSize":0,"DeviceType":null,"DeviceToken":null,"NotificationId":null,"EmployeeId":1012,"BillingId":null}}]}

2017-07-02 17:27:13.5134|INFO|api.Helpers.NLogger|JSON
Method: POST
URL: http://192.168.1.121:8989/api/v1/employee/AddClientUnitSalesPerson
Controller : api.Controllers.SalesPersonController
Action : AddClientUnitSalesPerson
Action Parameters : {"messageFormat":"JSON","messageArguments":[{"request":{"ClientId":1098,"UnitId":0,"Qty":1,"UnitName":"","ManufactureDate":null,"PlanTypeId":1,"UnitTon":null,"AddressId":1070,"UnitTypeId":null,"AutoRenewal":false,"SpecialOffer":false,"Status":null,"OptionalInformation":[{"SplitType":"Packaged","ModelNumber":"","SerialNumber":"","UnitTon":null,"QuantityOfFilter":0,"ManufactureDate":null,"Filters":null,"QuantityOfFuses":0,"FuseTypes":null,"ThermostatTypes":null}],"DeleteOldData":false,"EmployeeId":1012,"CurrentPaymentMethod":"PO"}}]}

2017-07-02 17:27:14.9773|INFO|api.Helpers.NLogger|JSON
Method: GET
URL: http://192.168.1.121:8989/api/v1/empcommon/getallplantype?EmployeeId=1012
Controller : api.Controllers.EmpCommonController
Action : GetAllPlanType
Action Parameters : {"messageFormat":"JSON","messageArguments":[{"EmployeeId":1012}]}

2017-07-02 17:27:14.9773|INFO|api.Helpers.NLogger|JSON
Method: GET
URL: http://192.168.1.121:8989/api/v1/employee/GetClientAddress?ClientId=1098&EmployeeId=1012
Controller : api.Controllers.EmployeeController
Action : GetClientAddress
Action Parameters : {"messageFormat":"JSON","messageArguments":[{"ClientId":1098,"EmployeeId":1012}]}

2017-07-02 17:27:15.8591|INFO|api.Helpers.NLogger|JSON
Method: POST
URL: http://192.168.1.121:8989/api/v1/empcommon/GetSpecialRateByPlanType
Controller : api.Controllers.EmpCommonController
Action : GetSpecialRateByPlanType
Action Parameters : {"messageFormat":"JSON","messageArguments":[{"request":{"Email":null,"ClientId":0,"PlanTypeId":1,"PlanId":0,"PartId":0,"Month":0,"Year":0,"AddressId":null,"UnitId":0,"ServiceId":null,"RequestedServiceId":null,"PartType":null,"PartTypeId":null,"PageId":0,"ShowDeleted":false,"ServiceCaseNumber":null,"LastCallDateTime":null,"PageNumber":null,"pageSize":0,"DeviceType":null,"DeviceToken":null,"NotificationId":null,"EmployeeId":1012,"BillingId":null}}]}

2017-07-02 17:27:16.9448|INFO|api.Helpers.NLogger|JSON
Method: POST
URL: http://192.168.1.121:8989/api/v1/employee/AddClientUnitSalesPerson
Controller : api.Controllers.SalesPersonController
Action : AddClientUnitSalesPerson
Action Parameters : {"messageFormat":"JSON","messageArguments":[{"request":{"ClientId":1098,"UnitId":0,"Qty":1,"UnitName":"","ManufactureDate":null,"PlanTypeId":1,"UnitTon":null,"AddressId":1070,"UnitTypeId":null,"AutoRenewal":false,"SpecialOffer":false,"Status":null,"OptionalInformation":[{"SplitType":"Packaged","ModelNumber":"","SerialNumber":"","UnitTon":null,"QuantityOfFilter":0,"ManufactureDate":null,"Filters":null,"QuantityOfFuses":0,"FuseTypes":null,"ThermostatTypes":null}],"DeleteOldData":false,"EmployeeId":1012,"CurrentPaymentMethod":"PO"}}]}

2017-07-02 17:27:19.9520|INFO|api.Helpers.NLogger|JSON
Method: GET
URL: http://192.168.1.121:8989/api/v1/employee/GetClientDefaultAddress?ClientId=1098&EmployeeId=1012
Controller : api.Controllers.EmployeeController
Action : GetClientDefaultAddress
Action Parameters : {"messageFormat":"JSON","messageArguments":[{"ClientId":1098,"EmployeeId":1012}]}

2017-07-02 17:27:21.3101|INFO|api.Helpers.NLogger|JSON
Method: POST
URL: http://192.168.1.121:8989/api/v1/employee/ValidateClientAddress
Controller : api.Controllers.NewEmployeeController
Action : ValidateClientAddress
Action Parameters : {"messageFormat":"JSON","messageArguments":[{"ModelData":{"Id":0,"ClientId":1098,"Address":"4809 kenwood palace","State":1,"StateName":null,"City":182,"CityName":null,"ZipCode":"94103","Latitude":null,"Longitude":null,"IsDefaultAddress":null,"AllowDelete":false,"ShowAddressInApp":false,"PhoneNumber":null,"MobileNumber":null,"OfficeNumber":null,"HomeNumber":null,"Email":null,"PDFUrl":null,"PendingInactive":false}}]}

2017-07-02 17:27:29.7145|INFO|api.Helpers.NLogger|JSON
Method: POST
URL: http://192.168.1.121:8989/api/v1/employee/SubmitUnitPayment
Controller : api.Controllers.NewEmployeeController
Action : SubmitUnitPayment
Action Parameters : {"messageFormat":"JSON","messageArguments":[{}]}

2017-07-02 17:27:31.9560|INFO|api.Helpers.NLogger|JSON
Method: POST
URL: http://192.168.1.121:8989/api/v1/employee/NotificationList
Controller : api.Controllers.NewEmployeeController
Action : NotificationList
Action Parameters : {"messageFormat":"JSON","messageArguments":[{"request":{"NotificationId":0,"EmployeeId":1012,"SalesVisitRequestId":0,"Month":0,"Year":0,"Day":0,"ServiceId":0,"ReportId":0,"UnitId":0,"Latitude":null,"Longitude":null,"SearchTerm":null,"PageId":0,"LastCallDateTime":null,"PageNumber":1,"pageSize":0,"OrderId":0,"StatDate":null,"EndDate":null,"DeviceType":null,"DeviceToken":null,"ClientEmails":null,"CCEmail":null}}]}

2017-07-02 17:42:04.6446|INFO|api.Helpers.NLogger|JSON
Method: POST
URL: http://192.168.1.121:8989/api/v1/employee/UpdateEmployeeLocation
Controller : api.Controllers.EmployeeController
Action : UpdateEmployeeLocation
Action Parameters : {"messageFormat":"JSON","messageArguments":[{"request":{"NotificationId":0,"EmployeeId":1012,"SalesVisitRequestId":0,"Month":0,"Year":0,"Day":0,"ServiceId":0,"ReportId":0,"UnitId":0,"Latitude":23.02625444,"Longitude":72.52369492,"SearchTerm":null,"PageId":0,"LastCallDateTime":null,"PageNumber":null,"pageSize":0,"OrderId":0,"StatDate":null,"EndDate":null,"DeviceType":null,"DeviceToken":null,"ClientEmails":null,"CCEmail":null}}]}

