2017-01-31 12:26:27.6826|INFO|api.Helpers.NLogger|JSON
Method: GET
URL: http://192.168.1.119:9999/api/v1/employee/sendfiles
Controller : api.Controllers.EmployeeController
Action : sendfiles
Action Parameters : {"messageFormat":"JSON","messageArguments":[{}]}

2017-01-31 14:50:17.0203|INFO|api.Helpers.NLogger|JSON
Method: POST
URL: http://192.168.1.119:9999/api/v1/profile/UpdateClientUnit
Controller : api.Controllers.NewProfileController
Action : UpdateClientUnit
Action Parameters : {"messageFormat":"JSON","messageArguments":[{"request":{"ClientId":4,"UnitId":1025,"UnitName":"AC5","ManufactureDate":null,"PlanTypeId":null,"UnitTon":null,"AddressId":null,"UnitTypeId":null,"AutoRenewal":null,"SpecialOffer":null,"Status":null,"OptionalInformation":null,"DeleteOldData":false,"EmployeeId":0,"CurrentPaymentMethod":null}}]}

2017-01-31 14:50:39.3552|INFO|api.Helpers.NLogger|JSON
Method: POST
URL: http://192.168.1.119:9999/api/v1/profile/UpdateClientUnit
Controller : api.Controllers.NewProfileController
Action : UpdateClientUnit
Action Parameters : {"messageFormat":"JSON","messageArguments":[{"request":{"ClientId":4,"UnitId":1025,"UnitName":"AC5","ManufactureDate":null,"PlanTypeId":null,"UnitTon":null,"AddressId":null,"UnitTypeId":null,"AutoRenewal":null,"SpecialOffer":null,"Status":null,"OptionalInformation":null,"DeleteOldData":false,"EmployeeId":0,"CurrentPaymentMethod":null}}]}

2017-01-31 14:51:30.3270|INFO|api.Helpers.NLogger|JSON
Method: POST
URL: http://192.168.1.119:9999/api/v1/profile/UpdateClientUnit
Controller : api.Controllers.NewProfileController
Action : UpdateClientUnit
Action Parameters : {"messageFormat":"JSON","messageArguments":[{"request":{"ClientId":4,"UnitId":1025,"UnitName":"AC5","ManufactureDate":null,"PlanTypeId":null,"UnitTon":null,"AddressId":null,"UnitTypeId":null,"AutoRenewal":null,"SpecialOffer":null,"Status":null,"OptionalInformation":null,"DeleteOldData":false,"EmployeeId":0,"CurrentPaymentMethod":null}}]}

2017-01-31 14:52:18.5266|INFO|api.Helpers.NLogger|JSON
Method: POST
URL: http://192.168.1.119:9999/api/v1/profile/UpdateClientUnit
Controller : api.Controllers.NewProfileController
Action : UpdateClientUnit
Action Parameters : {"messageFormat":"JSON","messageArguments":[{"request":{"ClientId":4,"UnitId":1025,"UnitName":"AC5","ManufactureDate":null,"PlanTypeId":null,"UnitTon":null,"AddressId":null,"UnitTypeId":null,"AutoRenewal":null,"SpecialOffer":null,"Status":null,"OptionalInformation":null,"DeleteOldData":false,"EmployeeId":0,"CurrentPaymentMethod":null}}]}

