2017-06-30 03:44:58.9076|INFO|api.Helpers.NLogger|JSON
Method: POST
URL: http://192.168.1.121:8989/api/v1/employee/login
Controller : api.Controllers.EmployeeController
Action : Login
Action Parameters : {"messageFormat":"JSON","messageArguments":[{"model":{"Email":"itestingdemo@gmail.com","Password":"7f2765757d527eaeeb14fb706039bac7","DeviceType":"iPhone","DeviceToken":"bb78c363fb79abfe9d41b519ad620190224a47888367ccb9303abe604a9f3573","Latitude":23.02629624,"Longitude":72.52370653}}]}

2017-06-30 03:46:12.6317|INFO|api.Helpers.NLogger|JSON
Method: POST
URL: http://192.168.1.121:8989/api/v1/employee/login
Controller : api.Controllers.EmployeeController
Action : Login
Action Parameters : {"messageFormat":"JSON","messageArguments":[{"model":{"Email":"itestingdemo@gmail.com","Password":"7f2765757d527eaeeb14fb706039bac7","DeviceType":"iPhone","DeviceToken":"bb78c363fb79abfe9d41b519ad620190224a47888367ccb9303abe604a9f3573","Latitude":23.02629624,"Longitude":72.52370653}}]}

2017-06-30 03:46:37.8302|INFO|api.Helpers.NLogger|JSON
Method: POST
URL: http://192.168.1.121:8989/api/v1/employee/login
Controller : api.Controllers.EmployeeController
Action : Login
Action Parameters : {"messageFormat":"JSON","messageArguments":[{"model":{"Email":"testing.demo@gmail.com","Password":"7f2765757d527eaeeb14fb706039bac7","DeviceType":"iPhone","DeviceToken":"bb78c363fb79abfe9d41b519ad620190224a47888367ccb9303abe604a9f3573","Latitude":23.02629624,"Longitude":72.52370653}}]}

2017-06-30 03:46:38.9690|INFO|api.Helpers.NLogger|JSON
Method: POST
URL: http://192.168.1.121:8989/api/v1/employee/NotificationList
Controller : api.Controllers.NewEmployeeController
Action : NotificationList
Action Parameters : {"messageFormat":"JSON","messageArguments":[{"request":{"NotificationId":0,"EmployeeId":1012,"SalesVisitRequestId":0,"Month":0,"Year":0,"Day":0,"ServiceId":0,"ReportId":0,"UnitId":0,"Latitude":null,"Longitude":null,"SearchTerm":null,"PageId":0,"LastCallDateTime":null,"PageNumber":1,"pageSize":0,"OrderId":0,"StatDate":null,"EndDate":null,"DeviceType":null,"DeviceToken":null,"ClientEmails":null,"CCEmail":null}}]}

2017-06-30 03:46:39.4378|INFO|api.Helpers.NLogger|JSON
Method: POST
URL: http://192.168.1.121:8989/api/v1/employee/employeeUpdateToken
Controller : api.Controllers.NewEmployeeController
Action : employeeUpdateToken
Action Parameters : {"messageFormat":"JSON","messageArguments":[{"request":{"NotificationId":0,"EmployeeId":1012,"SalesVisitRequestId":0,"Month":0,"Year":0,"Day":0,"ServiceId":0,"ReportId":0,"UnitId":0,"Latitude":null,"Longitude":null,"SearchTerm":null,"PageId":0,"LastCallDateTime":null,"PageNumber":null,"pageSize":0,"OrderId":0,"StatDate":null,"EndDate":null,"DeviceType":"iPhone","DeviceToken":"38dc684cbe53228feba11bc4100a0f6ea72a38c2ece522fe7debfb2b84f617e4","ClientEmails":null,"CCEmail":null}}]}

2017-06-30 03:49:13.5513|INFO|api.Helpers.NLogger|JSON
Method: POST
URL: http://192.168.1.121:8989/api/v1/employee/UpdateEmployeeLocation
Controller : api.Controllers.EmployeeController
Action : UpdateEmployeeLocation
Action Parameters : {"messageFormat":"JSON","messageArguments":[{"request":{"NotificationId":0,"EmployeeId":1012,"SalesVisitRequestId":0,"Month":0,"Year":0,"Day":0,"ServiceId":0,"ReportId":0,"UnitId":0,"Latitude":23.02565207,"Longitude":72.52044186,"SearchTerm":null,"PageId":0,"LastCallDateTime":null,"PageNumber":null,"pageSize":0,"OrderId":0,"StatDate":null,"EndDate":null,"DeviceType":null,"DeviceToken":null,"ClientEmails":null,"CCEmail":null}}]}

2017-06-30 03:49:14.6764|INFO|api.Helpers.NLogger|JSON
Method: GET
URL: http://192.168.1.121:8989/api/v1/empcommon/getallplantype?EmployeeId=1012
Controller : api.Controllers.EmpCommonController
Action : GetAllPlanType
Action Parameters : {"messageFormat":"JSON","messageArguments":[{"EmployeeId":1012}]}

2017-06-30 03:49:15.9212|INFO|api.Helpers.NLogger|JSON
Method: GET
URL: http://192.168.1.121:8989/api/v1/employee/GetAllClients?EmployeeId=1012&ShowOnlyWorkAreaClient=false
Controller : api.Controllers.EmployeeController
Action : GetAllClients
Action Parameters : {"messageFormat":"JSON","messageArguments":[{"EmployeeId":1012,"ShowOnlyWorkAreaClient":false}]}

2017-06-30 03:49:19.8332|INFO|api.Helpers.NLogger|JSON
Method: GET
URL: http://192.168.1.121:8989/api/v1/employee/GetClientAddress?ClientId=1098&EmployeeId=1012
Controller : api.Controllers.EmployeeController
Action : GetClientAddress
Action Parameters : {"messageFormat":"JSON","messageArguments":[{"ClientId":1098,"EmployeeId":1012}]}

2017-06-30 03:49:30.5690|INFO|api.Helpers.NLogger|JSON
Method: POST
URL: http://192.168.1.121:8989/api/v1/empcommon/GetSpecialRateByPlanType
Controller : api.Controllers.EmpCommonController
Action : GetSpecialRateByPlanType
Action Parameters : {"messageFormat":"JSON","messageArguments":[{"request":{"Email":null,"ClientId":0,"PlanTypeId":1,"PlanId":0,"PartId":0,"Month":0,"Year":0,"AddressId":null,"UnitId":0,"ServiceId":null,"RequestedServiceId":null,"PartType":null,"PartTypeId":null,"PageId":0,"ShowDeleted":false,"ServiceCaseNumber":null,"LastCallDateTime":null,"PageNumber":null,"pageSize":0,"DeviceType":null,"DeviceToken":null,"NotificationId":null,"EmployeeId":1012,"BillingId":null}}]}

2017-06-30 03:49:49.4666|INFO|api.Helpers.NLogger|JSON
Method: POST
URL: http://192.168.1.121:8989/api/v1/employee/AddClientUnitSalesPerson
Controller : api.Controllers.SalesPersonController
Action : AddClientUnitSalesPerson
Action Parameters : {"messageFormat":"JSON","messageArguments":[{"request":{"ClientId":1098,"UnitId":0,"Qty":1,"UnitName":"unit one","ManufactureDate":null,"PlanTypeId":1,"UnitTon":null,"AddressId":1070,"UnitTypeId":null,"AutoRenewal":false,"SpecialOffer":false,"Status":null,"OptionalInformation":[{"SplitType":"Packaged","ModelNumber":"acm1000","SerialNumber":"acs200","UnitTon":null,"QuantityOfFilter":0,"ManufactureDate":"\/Date(1370091600000)\/","Filters":null,"QuantityOfFuses":0,"FuseTypes":null,"ThermostatTypes":null}],"DeleteOldData":false,"EmployeeId":1012,"CurrentPaymentMethod":"PO"}}]}

2017-06-30 03:49:54.5440|INFO|api.Helpers.NLogger|JSON
Method: GET
URL: http://192.168.1.121:8989/api/v1/employee/GetAllClients?EmployeeId=1012&ShowOnlyWorkAreaClient=false
Controller : api.Controllers.EmployeeController
Action : GetAllClients
Action Parameters : {"messageFormat":"JSON","messageArguments":[{"EmployeeId":1012,"ShowOnlyWorkAreaClient":false}]}

2017-06-30 03:49:58.6839|INFO|api.Helpers.NLogger|JSON
Method: GET
URL: http://192.168.1.121:8989/api/v1/employee/GetClientAddress?ClientId=1098&EmployeeId=1012
Controller : api.Controllers.EmployeeController
Action : GetClientAddress
Action Parameters : {"messageFormat":"JSON","messageArguments":[{"ClientId":1098,"EmployeeId":1012}]}

2017-06-30 03:50:40.1422|INFO|api.Helpers.NLogger|JSON
Method: POST
URL: http://192.168.1.121:8989/api/v1/empcommon/GetSpecialRateByPlanType
Controller : api.Controllers.EmpCommonController
Action : GetSpecialRateByPlanType
Action Parameters : {"messageFormat":"JSON","messageArguments":[{"request":{"Email":null,"ClientId":0,"PlanTypeId":1,"PlanId":0,"PartId":0,"Month":0,"Year":0,"AddressId":null,"UnitId":0,"ServiceId":null,"RequestedServiceId":null,"PartType":null,"PartTypeId":null,"PageId":0,"ShowDeleted":false,"ServiceCaseNumber":null,"LastCallDateTime":null,"PageNumber":null,"pageSize":0,"DeviceType":null,"DeviceToken":null,"NotificationId":null,"EmployeeId":1012,"BillingId":null}}]}

2017-06-30 03:50:42.8463|INFO|api.Helpers.NLogger|JSON
Method: POST
URL: http://192.168.1.121:8989/api/v1/employee/AddClientUnitSalesPerson
Controller : api.Controllers.SalesPersonController
Action : AddClientUnitSalesPerson
Action Parameters : {"messageFormat":"JSON","messageArguments":[{"request":{"ClientId":1098,"UnitId":0,"Qty":1,"UnitName":"unit one","ManufactureDate":null,"PlanTypeId":1,"UnitTon":null,"AddressId":1070,"UnitTypeId":null,"AutoRenewal":false,"SpecialOffer":false,"Status":null,"OptionalInformation":[{"SplitType":"Packaged","ModelNumber":"acm1000","SerialNumber":"acs200","UnitTon":null,"QuantityOfFilter":0,"ManufactureDate":"\/Date(1370091600000)\/","Filters":null,"QuantityOfFuses":0,"FuseTypes":null,"ThermostatTypes":null}],"DeleteOldData":false,"EmployeeId":1012,"CurrentPaymentMethod":"PO"}}]}

2017-06-30 03:50:59.8242|INFO|api.Helpers.NLogger|JSON
Method: GET
URL: http://192.168.1.121:8989/api/v1/employee/GetClientDefaultAddress?ClientId=1098&EmployeeId=1012
Controller : api.Controllers.EmployeeController
Action : GetClientDefaultAddress
Action Parameters : {"messageFormat":"JSON","messageArguments":[{"ClientId":1098,"EmployeeId":1012}]}

2017-06-30 03:51:01.0586|INFO|api.Helpers.NLogger|JSON
Method: POST
URL: http://192.168.1.121:8989/api/v1/employee/ValidateClientAddress
Controller : api.Controllers.NewEmployeeController
Action : ValidateClientAddress
Action Parameters : {"messageFormat":"JSON","messageArguments":[{"ModelData":{"Id":0,"ClientId":1098,"Address":"4809 kenwood palace","State":1,"StateName":null,"City":182,"CityName":null,"ZipCode":"94103","Latitude":null,"Longitude":null,"IsDefaultAddress":null,"AllowDelete":false,"ShowAddressInApp":false,"PhoneNumber":null,"MobileNumber":null,"OfficeNumber":null,"HomeNumber":null,"Email":null,"PDFUrl":null,"PendingInactive":false}}]}

2017-06-30 03:51:03.4823|INFO|api.Helpers.NLogger|JSON
Method: POST
URL: http://192.168.1.121:8989/api/v1/employee/SubmitUnitPayment
Controller : api.Controllers.NewEmployeeController
Action : SubmitUnitPayment
Action Parameters : {"messageFormat":"JSON","messageArguments":[{}]}

2017-06-30 03:51:05.5951|INFO|api.Helpers.NLogger|JSON
Method: POST
URL: http://192.168.1.121:8989/api/v1/employee/NotificationList
Controller : api.Controllers.NewEmployeeController
Action : NotificationList
Action Parameters : {"messageFormat":"JSON","messageArguments":[{"request":{"NotificationId":0,"EmployeeId":1012,"SalesVisitRequestId":0,"Month":0,"Year":0,"Day":0,"ServiceId":0,"ReportId":0,"UnitId":0,"Latitude":null,"Longitude":null,"SearchTerm":null,"PageId":0,"LastCallDateTime":null,"PageNumber":1,"pageSize":0,"OrderId":0,"StatDate":null,"EndDate":null,"DeviceType":null,"DeviceToken":null,"ClientEmails":null,"CCEmail":null}}]}

2017-06-30 03:55:44.6984|INFO|api.Helpers.NLogger|JSON
Method: POST
URL: http://192.168.1.121:8989/api/v1/employee/UpdateEmployeeLocation
Controller : api.Controllers.EmployeeController
Action : UpdateEmployeeLocation
Action Parameters : {"messageFormat":"JSON","messageArguments":[{"request":{"NotificationId":0,"EmployeeId":1012,"SalesVisitRequestId":0,"Month":0,"Year":0,"Day":0,"ServiceId":0,"ReportId":0,"UnitId":0,"Latitude":23.02629225,"Longitude":72.52373356,"SearchTerm":null,"PageId":0,"LastCallDateTime":null,"PageNumber":null,"pageSize":0,"OrderId":0,"StatDate":null,"EndDate":null,"DeviceType":null,"DeviceToken":null,"ClientEmails":null,"CCEmail":null}}]}

2017-06-30 03:59:12.8819|INFO|api.Helpers.NLogger|JSON
Method: POST
URL: http://192.168.1.121:8989/api/v1/employee/UpdateEmployeeLocation
Controller : api.Controllers.EmployeeController
Action : UpdateEmployeeLocation
Action Parameters : {"messageFormat":"JSON","messageArguments":[{"request":{"NotificationId":0,"EmployeeId":1012,"SalesVisitRequestId":0,"Month":0,"Year":0,"Day":0,"ServiceId":0,"ReportId":0,"UnitId":0,"Latitude":23.02565114,"Longitude":72.52043723,"SearchTerm":null,"PageId":0,"LastCallDateTime":null,"PageNumber":null,"pageSize":0,"OrderId":0,"StatDate":null,"EndDate":null,"DeviceType":null,"DeviceToken":null,"ClientEmails":null,"CCEmail":null}}]}

