2017-05-05 12:16:50.3497|INFO|api.Helpers.NLogger|JSON
Method: POST
URL: http://192.168.1.126:9999/api/v1/employee/GetDashBoardMonthWiseServiceCount
Controller : api.Controllers.EmployeeController
Action : GetDashBoardMonthWiseServiceCount
Action Parameters : {"messageFormat":"JSON","messageArguments":[{"request":{"NotificationId":0,"EmployeeId":12,"SalesVisitRequestId":0,"Month":5,"Year":2017,"Day":0,"ServiceId":0,"ReportId":0,"UnitId":0,"Latitude":null,"Longitude":null,"SearchTerm":null,"PageId":0,"LastCallDateTime":null,"PageNumber":null,"pageSize":0,"OrderId":0,"StatDate":null,"EndDate":null,"DeviceType":null,"DeviceToken":null,"ClientEmails":null,"CCEmail":null}}]}

2017-05-05 12:16:50.3497|INFO|api.Helpers.NLogger|JSON
Method: POST
URL: http://192.168.1.126:9999/api/v1/employee/GetDashBoardMonthDayWiseServiceList
Controller : api.Controllers.EmployeeController
Action : GetDashBoardMonthDayWiseServiceList
Action Parameters : {"messageFormat":"JSON","messageArguments":[{"request":{"NotificationId":0,"EmployeeId":12,"SalesVisitRequestId":0,"Month":5,"Year":2017,"Day":5,"ServiceId":0,"ReportId":0,"UnitId":0,"Latitude":null,"Longitude":null,"SearchTerm":null,"PageId":0,"LastCallDateTime":null,"PageNumber":null,"pageSize":0,"OrderId":0,"StatDate":null,"EndDate":null,"DeviceType":null,"DeviceToken":null,"ClientEmails":null,"CCEmail":null}}]}

2017-05-05 12:17:10.6760|INFO|api.Helpers.NLogger|JSON
Method: POST
URL: http://192.168.1.126:9999/api/v1/employee/GetAllScheduledServices
Controller : api.Controllers.EmployeeController
Action : GetAllScheduledServices
Action Parameters : {"messageFormat":"JSON","messageArguments":[{"request":{"NotificationId":0,"EmployeeId":12,"SalesVisitRequestId":0,"Month":0,"Year":0,"Day":0,"ServiceId":0,"ReportId":0,"UnitId":0,"Latitude":null,"Longitude":null,"SearchTerm":null,"PageId":0,"LastCallDateTime":null,"PageNumber":1,"pageSize":0,"OrderId":0,"StatDate":"\/Date(1493966838000)\/","EndDate":null,"DeviceType":null,"DeviceToken":null,"ClientEmails":null,"CCEmail":null}}]}

2017-05-05 12:17:20.6607|INFO|api.Helpers.NLogger|JSON
Method: POST
URL: http://192.168.1.126:9999/api/v1/employee/GetAllScheduledServices
Controller : api.Controllers.EmployeeController
Action : GetAllScheduledServices
Action Parameters : {"messageFormat":"JSON","messageArguments":[{"request":{"NotificationId":0,"EmployeeId":12,"SalesVisitRequestId":0,"Month":0,"Year":0,"Day":0,"ServiceId":0,"ReportId":0,"UnitId":0,"Latitude":null,"Longitude":null,"SearchTerm":null,"PageId":0,"LastCallDateTime":null,"PageNumber":1,"pageSize":0,"OrderId":0,"StatDate":"\/Date(1491374841000)\/","EndDate":"\/Date(1493966846000)\/","DeviceType":null,"DeviceToken":null,"ClientEmails":null,"CCEmail":null}}]}

2017-05-05 12:17:28.0962|INFO|api.Helpers.NLogger|JSON
Method: POST
URL: http://192.168.1.126:9999/api/v1/employee/GetAllScheduledServices
Controller : api.Controllers.EmployeeController
Action : GetAllScheduledServices
Action Parameters : {"messageFormat":"JSON","messageArguments":[{"request":{"NotificationId":0,"EmployeeId":12,"SalesVisitRequestId":0,"Month":0,"Year":0,"Day":0,"ServiceId":0,"ReportId":0,"UnitId":0,"Latitude":null,"Longitude":null,"SearchTerm":null,"PageId":0,"LastCallDateTime":null,"PageNumber":1,"pageSize":0,"OrderId":0,"StatDate":"\/Date(1493966855000)\/","EndDate":null,"DeviceType":null,"DeviceToken":null,"ClientEmails":null,"CCEmail":null}}]}

2017-05-05 12:20:07.3000|INFO|api.Helpers.NLogger|JSON
Method: POST
URL: http://192.168.1.126:9999/api/v1/employee/GetAllScheduledServices
Controller : api.Controllers.EmployeeController
Action : GetAllScheduledServices
Action Parameters : {"messageFormat":"JSON","messageArguments":[{"request":{"NotificationId":0,"EmployeeId":12,"SalesVisitRequestId":0,"Month":0,"Year":0,"Day":0,"ServiceId":0,"ReportId":0,"UnitId":0,"Latitude":null,"Longitude":null,"SearchTerm":null,"PageId":0,"LastCallDateTime":null,"PageNumber":1,"pageSize":0,"OrderId":0,"StatDate":"\/Date(1491375010000)\/","EndDate":"\/Date(1493967013000)\/","DeviceType":null,"DeviceToken":null,"ClientEmails":null,"CCEmail":null}}]}

2017-05-05 12:20:12.8669|INFO|api.Helpers.NLogger|JSON
Method: POST
URL: http://192.168.1.126:9999/api/v1/employee/GetAllScheduledServices
Controller : api.Controllers.EmployeeController
Action : GetAllScheduledServices
Action Parameters : {"messageFormat":"JSON","messageArguments":[{"request":{"NotificationId":0,"EmployeeId":12,"SalesVisitRequestId":0,"Month":0,"Year":0,"Day":0,"ServiceId":0,"ReportId":0,"UnitId":0,"Latitude":null,"Longitude":null,"SearchTerm":null,"PageId":0,"LastCallDateTime":null,"PageNumber":2,"pageSize":0,"OrderId":0,"StatDate":"\/Date(1491375010000)\/","EndDate":"\/Date(1493967013000)\/","DeviceType":null,"DeviceToken":null,"ClientEmails":null,"CCEmail":null}}]}

2017-05-05 14:41:23.6207|INFO|api.Helpers.NLogger|JSON
Method: POST
URL: http://192.168.1.126:9999/api/v1/employee/GetDashBoardMonthWiseServiceCount
Controller : api.Controllers.EmployeeController
Action : GetDashBoardMonthWiseServiceCount
Action Parameters : {"messageFormat":"JSON","messageArguments":[{"request":{"NotificationId":0,"EmployeeId":12,"SalesVisitRequestId":0,"Month":5,"Year":2017,"Day":0,"ServiceId":0,"ReportId":0,"UnitId":0,"Latitude":null,"Longitude":null,"SearchTerm":null,"PageId":0,"LastCallDateTime":null,"PageNumber":null,"pageSize":0,"OrderId":0,"StatDate":null,"EndDate":null,"DeviceType":null,"DeviceToken":null,"ClientEmails":null,"CCEmail":null}}]}

2017-05-05 14:41:24.7028|INFO|api.Helpers.NLogger|JSON
Method: POST
URL: http://192.168.1.126:9999/api/v1/employee/GetDashBoardMonthDayWiseServiceList
Controller : api.Controllers.EmployeeController
Action : GetDashBoardMonthDayWiseServiceList
Action Parameters : {"messageFormat":"JSON","messageArguments":[{"request":{"NotificationId":0,"EmployeeId":12,"SalesVisitRequestId":0,"Month":5,"Year":2017,"Day":5,"ServiceId":0,"ReportId":0,"UnitId":0,"Latitude":null,"Longitude":null,"SearchTerm":null,"PageId":0,"LastCallDateTime":null,"PageNumber":null,"pageSize":0,"OrderId":0,"StatDate":null,"EndDate":null,"DeviceType":null,"DeviceToken":null,"ClientEmails":null,"CCEmail":null}}]}

2017-05-05 14:41:32.4331|INFO|api.Helpers.NLogger|JSON
Method: POST
URL: http://192.168.1.126:9999/api/v1/employee/GetDashBoardMonthWiseServiceCount
Controller : api.Controllers.EmployeeController
Action : GetDashBoardMonthWiseServiceCount
Action Parameters : {"messageFormat":"JSON","messageArguments":[{"request":{"NotificationId":0,"EmployeeId":12,"SalesVisitRequestId":0,"Month":5,"Year":2017,"Day":0,"ServiceId":0,"ReportId":0,"UnitId":0,"Latitude":null,"Longitude":null,"SearchTerm":null,"PageId":0,"LastCallDateTime":null,"PageNumber":null,"pageSize":0,"OrderId":0,"StatDate":null,"EndDate":null,"DeviceType":null,"DeviceToken":null,"ClientEmails":null,"CCEmail":null}}]}

2017-05-05 14:41:32.4331|INFO|api.Helpers.NLogger|JSON
Method: POST
URL: http://192.168.1.126:9999/api/v1/employee/GetDashBoardMonthDayWiseServiceList
Controller : api.Controllers.EmployeeController
Action : GetDashBoardMonthDayWiseServiceList
Action Parameters : {"messageFormat":"JSON","messageArguments":[{"request":{"NotificationId":0,"EmployeeId":12,"SalesVisitRequestId":0,"Month":5,"Year":2017,"Day":5,"ServiceId":0,"ReportId":0,"UnitId":0,"Latitude":null,"Longitude":null,"SearchTerm":null,"PageId":0,"LastCallDateTime":null,"PageNumber":null,"pageSize":0,"OrderId":0,"StatDate":null,"EndDate":null,"DeviceType":null,"DeviceToken":null,"ClientEmails":null,"CCEmail":null}}]}

2017-05-05 14:41:35.5590|INFO|api.Helpers.NLogger|JSON
Method: POST
URL: http://192.168.1.126:9999/api/v1/employee/GetAllScheduledServices
Controller : api.Controllers.EmployeeController
Action : GetAllScheduledServices
Action Parameters : {"messageFormat":"JSON","messageArguments":[{"request":{"NotificationId":0,"EmployeeId":12,"SalesVisitRequestId":0,"Month":0,"Year":0,"Day":0,"ServiceId":0,"ReportId":0,"UnitId":0,"Latitude":null,"Longitude":null,"SearchTerm":null,"PageId":0,"LastCallDateTime":null,"PageNumber":1,"pageSize":0,"OrderId":0,"StatDate":"\/Date(1493975503000)\/","EndDate":null,"DeviceType":null,"DeviceToken":null,"ClientEmails":null,"CCEmail":null}}]}

2017-05-05 14:41:43.5540|INFO|api.Helpers.NLogger|JSON
Method: POST
URL: http://192.168.1.126:9999/api/v1/employee/GetAllScheduledServices
Controller : api.Controllers.EmployeeController
Action : GetAllScheduledServices
Action Parameters : {"messageFormat":"JSON","messageArguments":[{"request":{"NotificationId":0,"EmployeeId":12,"SalesVisitRequestId":0,"Month":0,"Year":0,"Day":0,"ServiceId":0,"ReportId":0,"UnitId":0,"Latitude":null,"Longitude":null,"SearchTerm":null,"PageId":0,"LastCallDateTime":null,"PageNumber":1,"pageSize":0,"OrderId":0,"StatDate":"\/Date(1491383505000)\/","EndDate":"\/Date(1493975509000)\/","DeviceType":null,"DeviceToken":null,"ClientEmails":null,"CCEmail":null}}]}

2017-05-05 14:42:45.6053|INFO|api.Helpers.NLogger|JSON
Method: POST
URL: http://192.168.1.126:9999/api/v1/employee/CheckUnitMatchDetails
Controller : api.Controllers.EmployeeController
Action : CheckUnitMatchDetails
Action Parameters : {"messageFormat":"JSON","messageArguments":[{"request":{"EmployeeId":12,"Parts":[{"UnitType":"Heating","ModelNumber":"ACM1","SerialNumber":"ACS1"},{"UnitType":"Cooling","ModelNumber":"ACM1001","SerialNumber":"ACS1001"}]}}]}

2017-05-05 14:55:16.9323|INFO|api.Helpers.NLogger|JSON
Method: POST
URL: http://192.168.1.126:9999/api/v1/empcommon/GetPartsByTypeForUnit
Controller : api.Controllers.EmpCommonController
Action : GetPartsByTypeForUnit
Action Parameters : {"messageFormat":"JSON","messageArguments":[{"request":{"Email":null,"ClientId":0,"PlanTypeId":0,"PlanId":0,"PartId":0,"Month":0,"Year":0,"AddressId":null,"UnitId":0,"ServiceId":null,"RequestedServiceId":null,"PartType":null,"PartTypeId":6,"PageId":0,"ShowDeleted":false,"ServiceCaseNumber":null,"LastCallDateTime":null,"PageNumber":null,"pageSize":0,"DeviceType":null,"DeviceToken":null,"NotificationId":null,"EmployeeId":12,"BillingId":null}}]}

2017-05-05 14:55:19.2783|INFO|api.Helpers.NLogger|JSON
Method: POST
URL: http://192.168.1.126:9999/api/v1/employee/getMaxBreaker
Controller : api.Controllers.NewEmployeeController
Action : getMaxBreaker
Action Parameters : {"messageFormat":"JSON","messageArguments":[{"request":{"NotificationId":0,"EmployeeId":12,"SalesVisitRequestId":0,"Month":0,"Year":0,"Day":0,"ServiceId":0,"ReportId":0,"UnitId":0,"Latitude":null,"Longitude":null,"SearchTerm":null,"PageId":0,"LastCallDateTime":null,"PageNumber":null,"pageSize":0,"OrderId":0,"StatDate":null,"EndDate":null,"DeviceType":null,"DeviceToken":null,"ClientEmails":null,"CCEmail":null}}]}

2017-05-05 14:55:21.5391|INFO|api.Helpers.NLogger|JSON
Method: POST
URL: http://192.168.1.126:9999/api/v1/empcommon/GetPartsByTypeForUnit
Controller : api.Controllers.EmpCommonController
Action : GetPartsByTypeForUnit
Action Parameters : {"messageFormat":"JSON","messageArguments":[{"request":{"Email":null,"ClientId":0,"PlanTypeId":0,"PlanId":0,"PartId":0,"Month":0,"Year":0,"AddressId":null,"UnitId":0,"ServiceId":null,"RequestedServiceId":null,"PartType":null,"PartTypeId":7,"PageId":0,"ShowDeleted":false,"ServiceCaseNumber":null,"LastCallDateTime":null,"PageNumber":null,"pageSize":0,"DeviceType":null,"DeviceToken":null,"NotificationId":null,"EmployeeId":12,"BillingId":null}}]}

2017-05-05 14:55:23.4820|INFO|api.Helpers.NLogger|JSON
Method: POST
URL: http://192.168.1.126:9999/api/v1/empcommon/GetPartsByTypeForUnit
Controller : api.Controllers.EmpCommonController
Action : GetPartsByTypeForUnit
Action Parameters : {"messageFormat":"JSON","messageArguments":[{"request":{"Email":null,"ClientId":0,"PlanTypeId":0,"PlanId":0,"PartId":0,"Month":0,"Year":0,"AddressId":null,"UnitId":0,"ServiceId":null,"RequestedServiceId":null,"PartType":null,"PartTypeId":8,"PageId":0,"ShowDeleted":false,"ServiceCaseNumber":null,"LastCallDateTime":null,"PageNumber":null,"pageSize":0,"DeviceType":null,"DeviceToken":null,"NotificationId":null,"EmployeeId":12,"BillingId":null}}]}

2017-05-05 14:55:26.3382|INFO|api.Helpers.NLogger|JSON
Method: POST
URL: http://192.168.1.126:9999/api/v1/empcommon/GetPartsByTypeForUnit
Controller : api.Controllers.EmpCommonController
Action : GetPartsByTypeForUnit
Action Parameters : {"messageFormat":"JSON","messageArguments":[{"request":{"Email":null,"ClientId":0,"PlanTypeId":0,"PlanId":0,"PartId":0,"Month":0,"Year":0,"AddressId":null,"UnitId":0,"ServiceId":null,"RequestedServiceId":null,"PartType":null,"PartTypeId":9,"PageId":0,"ShowDeleted":false,"ServiceCaseNumber":null,"LastCallDateTime":null,"PageNumber":null,"pageSize":0,"DeviceType":null,"DeviceToken":null,"NotificationId":null,"EmployeeId":12,"BillingId":null}}]}

2017-05-05 14:55:43.0695|INFO|api.Helpers.NLogger|JSON
Method: POST
URL: http://192.168.1.126:9999/api/v1/empcommon/GetPartsByTypeForUnit
Controller : api.Controllers.EmpCommonController
Action : GetPartsByTypeForUnit
Action Parameters : {"messageFormat":"JSON","messageArguments":[{"request":{"Email":null,"ClientId":0,"PlanTypeId":0,"PlanId":0,"PartId":0,"Month":0,"Year":0,"AddressId":null,"UnitId":0,"ServiceId":null,"RequestedServiceId":null,"PartType":null,"PartTypeId":4,"PageId":0,"ShowDeleted":false,"ServiceCaseNumber":null,"LastCallDateTime":null,"PageNumber":null,"pageSize":0,"DeviceType":null,"DeviceToken":null,"NotificationId":null,"EmployeeId":12,"BillingId":null}}]}

2017-05-05 15:01:42.5110|INFO|api.Helpers.NLogger|JSON
Method: POST
URL: http://192.168.1.126:9999/api/v1/employee/GetDashBoardMonthWiseServiceCount
Controller : api.Controllers.EmployeeController
Action : GetDashBoardMonthWiseServiceCount
Action Parameters : {"messageFormat":"JSON","messageArguments":[{"request":{"NotificationId":0,"EmployeeId":12,"SalesVisitRequestId":0,"Month":5,"Year":2017,"Day":0,"ServiceId":0,"ReportId":0,"UnitId":0,"Latitude":null,"Longitude":null,"SearchTerm":null,"PageId":0,"LastCallDateTime":null,"PageNumber":null,"pageSize":0,"OrderId":0,"StatDate":null,"EndDate":null,"DeviceType":null,"DeviceToken":null,"ClientEmails":null,"CCEmail":null}}]}

2017-05-05 15:01:45.5091|INFO|api.Helpers.NLogger|JSON
Method: POST
URL: http://192.168.1.126:9999/api/v1/employee/GetDashBoardMonthDayWiseServiceList
Controller : api.Controllers.EmployeeController
Action : GetDashBoardMonthDayWiseServiceList
Action Parameters : {"messageFormat":"JSON","messageArguments":[{"request":{"NotificationId":0,"EmployeeId":12,"SalesVisitRequestId":0,"Month":5,"Year":2017,"Day":5,"ServiceId":0,"ReportId":0,"UnitId":0,"Latitude":null,"Longitude":null,"SearchTerm":null,"PageId":0,"LastCallDateTime":null,"PageNumber":null,"pageSize":0,"OrderId":0,"StatDate":null,"EndDate":null,"DeviceType":null,"DeviceToken":null,"ClientEmails":null,"CCEmail":null}}]}

2017-05-05 15:02:45.1684|INFO|api.Helpers.NLogger|JSON
Method: POST
URL: http://192.168.1.126:9999/api/v1/employee/GetDashBoardMonthWiseServiceCount
Controller : api.Controllers.EmployeeController
Action : GetDashBoardMonthWiseServiceCount
Action Parameters : {"messageFormat":"JSON","messageArguments":[{"request":{"NotificationId":0,"EmployeeId":12,"SalesVisitRequestId":0,"Month":5,"Year":2017,"Day":0,"ServiceId":0,"ReportId":0,"UnitId":0,"Latitude":null,"Longitude":null,"SearchTerm":null,"PageId":0,"LastCallDateTime":null,"PageNumber":null,"pageSize":0,"OrderId":0,"StatDate":null,"EndDate":null,"DeviceType":null,"DeviceToken":null,"ClientEmails":null,"CCEmail":null}}]}

2017-05-05 15:02:46.0314|INFO|api.Helpers.NLogger|JSON
Method: POST
URL: http://192.168.1.126:9999/api/v1/employee/GetDashBoardMonthDayWiseServiceList
Controller : api.Controllers.EmployeeController
Action : GetDashBoardMonthDayWiseServiceList
Action Parameters : {"messageFormat":"JSON","messageArguments":[{"request":{"NotificationId":0,"EmployeeId":12,"SalesVisitRequestId":0,"Month":5,"Year":2017,"Day":10,"ServiceId":0,"ReportId":0,"UnitId":0,"Latitude":null,"Longitude":null,"SearchTerm":null,"PageId":0,"LastCallDateTime":null,"PageNumber":null,"pageSize":0,"OrderId":0,"StatDate":null,"EndDate":null,"DeviceType":null,"DeviceToken":null,"ClientEmails":null,"CCEmail":null}}]}

2017-05-05 15:02:55.0797|INFO|api.Helpers.NLogger|JSON
Method: POST
URL: http://192.168.1.126:9999/api/v1/employee/GetAllScheduledServices
Controller : api.Controllers.EmployeeController
Action : GetAllScheduledServices
Action Parameters : {"messageFormat":"JSON","messageArguments":[{"request":{"NotificationId":0,"EmployeeId":12,"SalesVisitRequestId":0,"Month":0,"Year":0,"Day":0,"ServiceId":0,"ReportId":0,"UnitId":0,"Latitude":null,"Longitude":null,"SearchTerm":null,"PageId":0,"LastCallDateTime":null,"PageNumber":1,"pageSize":0,"OrderId":0,"StatDate":"\/Date(1493976782000)\/","EndDate":null,"DeviceType":null,"DeviceToken":null,"ClientEmails":null,"CCEmail":null}}]}

2017-05-05 15:03:01.2278|INFO|api.Helpers.NLogger|JSON
Method: POST
URL: http://192.168.1.126:9999/api/v1/employee/GetAllScheduledServices
Controller : api.Controllers.EmployeeController
Action : GetAllScheduledServices
Action Parameters : {"messageFormat":"JSON","messageArguments":[{"request":{"NotificationId":0,"EmployeeId":12,"SalesVisitRequestId":0,"Month":0,"Year":0,"Day":0,"ServiceId":0,"ReportId":0,"UnitId":0,"Latitude":null,"Longitude":null,"SearchTerm":null,"PageId":0,"LastCallDateTime":null,"PageNumber":1,"pageSize":0,"OrderId":0,"StatDate":"\/Date(1491384784000)\/","EndDate":"\/Date(1493976787000)\/","DeviceType":null,"DeviceToken":null,"ClientEmails":null,"CCEmail":null}}]}

2017-05-05 15:03:05.3807|INFO|api.Helpers.NLogger|JSON
Method: POST
URL: http://192.168.1.126:9999/api/v1/employee/GetAllScheduledServices
Controller : api.Controllers.EmployeeController
Action : GetAllScheduledServices
Action Parameters : {"messageFormat":"JSON","messageArguments":[{"request":{"NotificationId":0,"EmployeeId":12,"SalesVisitRequestId":0,"Month":0,"Year":0,"Day":0,"ServiceId":0,"ReportId":0,"UnitId":0,"Latitude":null,"Longitude":null,"SearchTerm":null,"PageId":0,"LastCallDateTime":null,"PageNumber":1,"pageSize":0,"OrderId":0,"StatDate":"\/Date(1493976792000)\/","EndDate":null,"DeviceType":null,"DeviceToken":null,"ClientEmails":null,"CCEmail":null}}]}

2017-05-05 15:03:13.8758|INFO|api.Helpers.NLogger|JSON
Method: POST
URL: http://192.168.1.126:9999/api/v1/employee/GetAllScheduledServices
Controller : api.Controllers.EmployeeController
Action : GetAllScheduledServices
Action Parameters : {"messageFormat":"JSON","messageArguments":[{"request":{"NotificationId":0,"EmployeeId":12,"SalesVisitRequestId":0,"Month":0,"Year":0,"Day":0,"ServiceId":0,"ReportId":0,"UnitId":0,"Latitude":null,"Longitude":null,"SearchTerm":null,"PageId":0,"LastCallDateTime":null,"PageNumber":1,"pageSize":0,"OrderId":0,"StatDate":"\/Date(1491384796000)\/","EndDate":"\/Date(1493976799000)\/","DeviceType":null,"DeviceToken":null,"ClientEmails":null,"CCEmail":null}}]}

2017-05-05 15:03:38.2097|INFO|api.Helpers.NLogger|JSON
Method: POST
URL: http://192.168.1.126:9999/api/v1/employee/CheckUnitMatchDetails
Controller : api.Controllers.EmployeeController
Action : CheckUnitMatchDetails
Action Parameters : {"messageFormat":"JSON","messageArguments":[{"request":{"EmployeeId":12,"Parts":[{"UnitType":"Heating","ModelNumber":"ACM1000","SerialNumber":"ACS1000"},{"UnitType":"Cooling","ModelNumber":"ACM1001","SerialNumber":"ACS1001"}]}}]}

2017-05-05 15:04:19.3863|INFO|api.Helpers.NLogger|JSON
Method: POST
URL: http://192.168.1.126:9999/api/v1/empcommon/GetPartsByTypeForUnit
Controller : api.Controllers.EmpCommonController
Action : GetPartsByTypeForUnit
Action Parameters : {"messageFormat":"JSON","messageArguments":[{"request":{"Email":null,"ClientId":0,"PlanTypeId":0,"PlanId":0,"PartId":0,"Month":0,"Year":0,"AddressId":null,"UnitId":0,"ServiceId":null,"RequestedServiceId":null,"PartType":null,"PartTypeId":20,"PageId":0,"ShowDeleted":false,"ServiceCaseNumber":null,"LastCallDateTime":null,"PageNumber":null,"pageSize":0,"DeviceType":null,"DeviceToken":null,"NotificationId":null,"EmployeeId":12,"BillingId":null}}]}

2017-05-05 15:04:22.1273|INFO|api.Helpers.NLogger|JSON
Method: POST
URL: http://192.168.1.126:9999/api/v1/empcommon/GetPartsByTypeForUnit
Controller : api.Controllers.EmpCommonController
Action : GetPartsByTypeForUnit
Action Parameters : {"messageFormat":"JSON","messageArguments":[{"request":{"Email":null,"ClientId":0,"PlanTypeId":0,"PlanId":0,"PartId":0,"Month":0,"Year":0,"AddressId":null,"UnitId":0,"ServiceId":null,"RequestedServiceId":null,"PartType":null,"PartTypeId":23,"PageId":0,"ShowDeleted":false,"ServiceCaseNumber":null,"LastCallDateTime":null,"PageNumber":null,"pageSize":0,"DeviceType":null,"DeviceToken":null,"NotificationId":null,"EmployeeId":12,"BillingId":null}}]}

2017-05-05 15:08:13.2304|INFO|api.Helpers.NLogger|JSON
Method: POST
URL: http://192.168.1.126:9999/api/v1/employee/GetUnitExtraInfo
Controller : api.Controllers.EmployeeController
Action : GetUnitExtraInfo
Action Parameters : {"messageFormat":"JSON","messageArguments":[{"request":{"EmployeeId":12,"ClientId":0,"UnitId":1017,"UnitName":null,"Notes":null,"AddressId":0,"Parts":null}}]}

2017-05-05 15:09:51.0543|INFO|api.Helpers.NLogger|JSON
Method: POST
URL: http://192.168.1.126:9999/api/v1/employee/GetDashBoardMonthDayWiseServiceList
Controller : api.Controllers.EmployeeController
Action : GetDashBoardMonthDayWiseServiceList
Action Parameters : {"messageFormat":"JSON","messageArguments":[{"request":{"NotificationId":0,"EmployeeId":12,"SalesVisitRequestId":0,"Month":5,"Year":2017,"Day":5,"ServiceId":0,"ReportId":0,"UnitId":0,"Latitude":null,"Longitude":null,"SearchTerm":null,"PageId":0,"LastCallDateTime":null,"PageNumber":null,"pageSize":0,"OrderId":0,"StatDate":null,"EndDate":null,"DeviceType":null,"DeviceToken":null,"ClientEmails":null,"CCEmail":null}}]}

2017-05-05 15:09:51.0543|INFO|api.Helpers.NLogger|JSON
Method: POST
URL: http://192.168.1.126:9999/api/v1/employee/GetDashBoardMonthWiseServiceCount
Controller : api.Controllers.EmployeeController
Action : GetDashBoardMonthWiseServiceCount
Action Parameters : {"messageFormat":"JSON","messageArguments":[{"request":{"NotificationId":0,"EmployeeId":12,"SalesVisitRequestId":0,"Month":5,"Year":2017,"Day":0,"ServiceId":0,"ReportId":0,"UnitId":0,"Latitude":null,"Longitude":null,"SearchTerm":null,"PageId":0,"LastCallDateTime":null,"PageNumber":null,"pageSize":0,"OrderId":0,"StatDate":null,"EndDate":null,"DeviceType":null,"DeviceToken":null,"ClientEmails":null,"CCEmail":null}}]}

2017-05-05 15:09:57.9446|INFO|api.Helpers.NLogger|JSON
Method: POST
URL: http://192.168.1.126:9999/api/v1/employee/GetDashBoardMonthWiseServiceCount
Controller : api.Controllers.EmployeeController
Action : GetDashBoardMonthWiseServiceCount
Action Parameters : {"messageFormat":"JSON","messageArguments":[{"request":{"NotificationId":0,"EmployeeId":12,"SalesVisitRequestId":0,"Month":5,"Year":2017,"Day":0,"ServiceId":0,"ReportId":0,"UnitId":0,"Latitude":null,"Longitude":null,"SearchTerm":null,"PageId":0,"LastCallDateTime":null,"PageNumber":null,"pageSize":0,"OrderId":0,"StatDate":null,"EndDate":null,"DeviceType":null,"DeviceToken":null,"ClientEmails":null,"CCEmail":null}}]}

2017-05-05 15:09:58.7005|INFO|api.Helpers.NLogger|JSON
Method: POST
URL: http://192.168.1.126:9999/api/v1/employee/GetDashBoardMonthDayWiseServiceList
Controller : api.Controllers.EmployeeController
Action : GetDashBoardMonthDayWiseServiceList
Action Parameters : {"messageFormat":"JSON","messageArguments":[{"request":{"NotificationId":0,"EmployeeId":12,"SalesVisitRequestId":0,"Month":5,"Year":2017,"Day":10,"ServiceId":0,"ReportId":0,"UnitId":0,"Latitude":null,"Longitude":null,"SearchTerm":null,"PageId":0,"LastCallDateTime":null,"PageNumber":null,"pageSize":0,"OrderId":0,"StatDate":null,"EndDate":null,"DeviceType":null,"DeviceToken":null,"ClientEmails":null,"CCEmail":null}}]}

2017-05-05 15:10:02.2044|INFO|api.Helpers.NLogger|JSON
Method: POST
URL: http://192.168.1.126:9999/api/v1/employee/GetAllScheduledServices
Controller : api.Controllers.EmployeeController
Action : GetAllScheduledServices
Action Parameters : {"messageFormat":"JSON","messageArguments":[{"request":{"NotificationId":0,"EmployeeId":12,"SalesVisitRequestId":0,"Month":0,"Year":0,"Day":0,"ServiceId":0,"ReportId":0,"UnitId":0,"Latitude":null,"Longitude":null,"SearchTerm":null,"PageId":0,"LastCallDateTime":null,"PageNumber":1,"pageSize":0,"OrderId":0,"StatDate":"\/Date(1493977209000)\/","EndDate":null,"DeviceType":null,"DeviceToken":null,"ClientEmails":null,"CCEmail":null}}]}

2017-05-05 15:10:09.3255|INFO|api.Helpers.NLogger|JSON
Method: POST
URL: http://192.168.1.126:9999/api/v1/employee/GetAllScheduledServices
Controller : api.Controllers.EmployeeController
Action : GetAllScheduledServices
Action Parameters : {"messageFormat":"JSON","messageArguments":[{"request":{"NotificationId":0,"EmployeeId":12,"SalesVisitRequestId":0,"Month":0,"Year":0,"Day":0,"ServiceId":0,"ReportId":0,"UnitId":0,"Latitude":null,"Longitude":null,"SearchTerm":null,"PageId":0,"LastCallDateTime":null,"PageNumber":1,"pageSize":0,"OrderId":0,"StatDate":"\/Date(1491385212000)\/","EndDate":"\/Date(1493977215000)\/","DeviceType":null,"DeviceToken":null,"ClientEmails":null,"CCEmail":null}}]}

2017-05-05 15:11:00.1615|INFO|api.Helpers.NLogger|JSON
Method: POST
URL: http://192.168.1.126:9999/api/v1/employee/CheckUnitMatchDetails
Controller : api.Controllers.EmployeeController
Action : CheckUnitMatchDetails
Action Parameters : {"messageFormat":"JSON","messageArguments":[{"request":{"EmployeeId":12,"Parts":[{"UnitType":"Heating","ModelNumber":"ACM90","SerialNumber":"ACS90"},{"UnitType":"Cooling","ModelNumber":"ACM1001","SerialNumber":"ACS1001"}]}}]}

2017-05-05 15:21:12.5255|INFO|api.Helpers.NLogger|JSON
Method: POST
URL: http://192.168.1.126:9999/api/v1/employee/GetAllScheduledServices
Controller : api.Controllers.EmployeeController
Action : GetAllScheduledServices
Action Parameters : {"messageFormat":"JSON","messageArguments":[{"request":{"NotificationId":0,"EmployeeId":12,"SalesVisitRequestId":0,"Month":0,"Year":0,"Day":0,"ServiceId":0,"ReportId":0,"UnitId":0,"Latitude":null,"Longitude":null,"SearchTerm":null,"PageId":0,"LastCallDateTime":null,"PageNumber":1,"pageSize":0,"OrderId":0,"StatDate":"\/Date(1493977880000)\/","EndDate":null,"DeviceType":null,"DeviceToken":null,"ClientEmails":null,"CCEmail":null}}]}

2017-05-05 15:21:18.3636|INFO|api.Helpers.NLogger|JSON
Method: POST
URL: http://192.168.1.126:9999/api/v1/employee/GetAllScheduledServices
Controller : api.Controllers.EmployeeController
Action : GetAllScheduledServices
Action Parameters : {"messageFormat":"JSON","messageArguments":[{"request":{"NotificationId":0,"EmployeeId":12,"SalesVisitRequestId":0,"Month":0,"Year":0,"Day":0,"ServiceId":0,"ReportId":0,"UnitId":0,"Latitude":null,"Longitude":null,"SearchTerm":null,"PageId":0,"LastCallDateTime":null,"PageNumber":1,"pageSize":0,"OrderId":0,"StatDate":"\/Date(1491385881000)\/","EndDate":"\/Date(1493977885000)\/","DeviceType":null,"DeviceToken":null,"ClientEmails":null,"CCEmail":null}}]}

2017-05-05 15:21:29.4225|INFO|api.Helpers.NLogger|JSON
Method: POST
URL: http://192.168.1.126:9999/api/v1/employee/CheckUnitMatchDetails
Controller : api.Controllers.EmployeeController
Action : CheckUnitMatchDetails
Action Parameters : {"messageFormat":"JSON","messageArguments":[{"request":{"EmployeeId":12,"Parts":[{"UnitType":"Packaged","ModelNumber":"ACM1ew","SerialNumber":"ACS10ew"}]}}]}

2017-05-05 15:22:03.9785|INFO|api.Helpers.NLogger|JSON
Method: POST
URL: http://192.168.1.126:9999/api/v1/employee/GetAllScheduledServices
Controller : api.Controllers.EmployeeController
Action : GetAllScheduledServices
Action Parameters : {"messageFormat":"JSON","messageArguments":[{"request":{"NotificationId":0,"EmployeeId":12,"SalesVisitRequestId":0,"Month":0,"Year":0,"Day":0,"ServiceId":0,"ReportId":0,"UnitId":0,"Latitude":null,"Longitude":null,"SearchTerm":null,"PageId":0,"LastCallDateTime":null,"PageNumber":1,"pageSize":0,"OrderId":0,"StatDate":"\/Date(1493977931000)\/","EndDate":null,"DeviceType":null,"DeviceToken":null,"ClientEmails":null,"CCEmail":null}}]}

2017-05-05 15:23:12.0274|INFO|api.Helpers.NLogger|JSON
Method: POST
URL: http://192.168.1.126:9999/api/v1/employee/GetAllScheduledServices
Controller : api.Controllers.EmployeeController
Action : GetAllScheduledServices
Action Parameters : {"messageFormat":"JSON","messageArguments":[{"request":{"NotificationId":0,"EmployeeId":12,"SalesVisitRequestId":0,"Month":0,"Year":0,"Day":0,"ServiceId":0,"ReportId":0,"UnitId":0,"Latitude":null,"Longitude":null,"SearchTerm":null,"PageId":0,"LastCallDateTime":null,"PageNumber":1,"pageSize":0,"OrderId":0,"StatDate":"\/Date(1491385994000)\/","EndDate":"\/Date(1493977998000)\/","DeviceType":null,"DeviceToken":null,"ClientEmails":null,"CCEmail":null}}]}

2017-05-05 15:23:17.9287|INFO|api.Helpers.NLogger|JSON
Method: POST
URL: http://192.168.1.126:9999/api/v1/employee/CheckUnitMatchDetails
Controller : api.Controllers.EmployeeController
Action : CheckUnitMatchDetails
Action Parameters : {"messageFormat":"JSON","messageArguments":[{"request":{"EmployeeId":12,"Parts":[{"UnitType":"Packaged","ModelNumber":"update","SerialNumber":"serial"}]}}]}

2017-05-05 15:23:26.8948|INFO|api.Helpers.NLogger|JSON
Method: POST
URL: http://192.168.1.126:9999/api/v1/employee/CheckUnitMatchDetails
Controller : api.Controllers.EmployeeController
Action : CheckUnitMatchDetails
Action Parameters : {"messageFormat":"JSON","messageArguments":[{"request":{"EmployeeId":12,"Parts":[{"UnitType":"Packaged","ModelNumber":"update","SerialNumber":"serial"}]}}]}

2017-05-05 17:50:37.2720|INFO|api.Helpers.NLogger|JSON
Method: POST
URL: http://192.168.1.126:9999/api/v1/employee/GetDashBoardMonthWiseServiceCount
Controller : api.Controllers.EmployeeController
Action : GetDashBoardMonthWiseServiceCount
Action Parameters : {"messageFormat":"JSON","messageArguments":[{"request":{"NotificationId":0,"EmployeeId":12,"SalesVisitRequestId":0,"Month":5,"Year":2017,"Day":0,"ServiceId":0,"ReportId":0,"UnitId":0,"Latitude":null,"Longitude":null,"SearchTerm":null,"PageId":0,"LastCallDateTime":null,"PageNumber":null,"pageSize":0,"OrderId":0,"StatDate":null,"EndDate":null,"DeviceType":null,"DeviceToken":null,"ClientEmails":null,"CCEmail":null}}]}

2017-05-05 17:50:38.3590|INFO|api.Helpers.NLogger|JSON
Method: POST
URL: http://192.168.1.126:9999/api/v1/employee/GetDashBoardMonthDayWiseServiceList
Controller : api.Controllers.EmployeeController
Action : GetDashBoardMonthDayWiseServiceList
Action Parameters : {"messageFormat":"JSON","messageArguments":[{"request":{"NotificationId":0,"EmployeeId":12,"SalesVisitRequestId":0,"Month":5,"Year":2017,"Day":5,"ServiceId":0,"ReportId":0,"UnitId":0,"Latitude":null,"Longitude":null,"SearchTerm":null,"PageId":0,"LastCallDateTime":null,"PageNumber":null,"pageSize":0,"OrderId":0,"StatDate":null,"EndDate":null,"DeviceType":null,"DeviceToken":null,"ClientEmails":null,"CCEmail":null}}]}

2017-05-05 17:50:44.8184|INFO|api.Helpers.NLogger|JSON
Method: POST
URL: http://192.168.1.126:9999/api/v1/employee/logout
Controller : api.Controllers.EmployeeController
Action : logout
Action Parameters : {"messageFormat":"JSON","messageArguments":[{"request":{"NotificationId":0,"EmployeeId":12,"SalesVisitRequestId":0,"Month":0,"Year":0,"Day":0,"ServiceId":0,"ReportId":0,"UnitId":0,"Latitude":null,"Longitude":null,"SearchTerm":null,"PageId":0,"LastCallDateTime":null,"PageNumber":null,"pageSize":0,"OrderId":0,"StatDate":null,"EndDate":null,"DeviceType":null,"DeviceToken":null,"ClientEmails":null,"CCEmail":null}}]}

2017-05-05 17:50:46.7081|INFO|api.Helpers.NLogger|JSON
Method: POST
URL: http://192.168.1.126:9999/api/v1/employee/login
Controller : api.Controllers.EmployeeController
Action : Login
Action Parameters : {"messageFormat":"JSON","messageArguments":[{"model":{"Email":"itesting.demo@gmail.com","Password":"7f2765757d527eaeeb14fb706039bac7","DeviceType":"iPhone","DeviceToken":"","Latitude":null,"Longitude":null}}]}

2017-05-05 17:50:47.0990|INFO|api.Helpers.NLogger|JSON
Method: POST
URL: http://192.168.1.126:9999/api/v1/employee/GetDashBoardMonthWiseServiceCount
Controller : api.Controllers.EmployeeController
Action : GetDashBoardMonthWiseServiceCount
Action Parameters : {"messageFormat":"JSON","messageArguments":[{"request":{"NotificationId":0,"EmployeeId":12,"SalesVisitRequestId":0,"Month":5,"Year":2017,"Day":0,"ServiceId":0,"ReportId":0,"UnitId":0,"Latitude":null,"Longitude":null,"SearchTerm":null,"PageId":0,"LastCallDateTime":null,"PageNumber":null,"pageSize":0,"OrderId":0,"StatDate":null,"EndDate":null,"DeviceType":null,"DeviceToken":null,"ClientEmails":null,"CCEmail":null}}]}

2017-05-05 17:50:47.0990|INFO|api.Helpers.NLogger|JSON
Method: POST
URL: http://192.168.1.126:9999/api/v1/employee/GetDashBoardMonthDayWiseServiceList
Controller : api.Controllers.EmployeeController
Action : GetDashBoardMonthDayWiseServiceList
Action Parameters : {"messageFormat":"JSON","messageArguments":[{"request":{"NotificationId":0,"EmployeeId":12,"SalesVisitRequestId":0,"Month":5,"Year":2017,"Day":5,"ServiceId":0,"ReportId":0,"UnitId":0,"Latitude":null,"Longitude":null,"SearchTerm":null,"PageId":0,"LastCallDateTime":null,"PageNumber":null,"pageSize":0,"OrderId":0,"StatDate":null,"EndDate":null,"DeviceType":null,"DeviceToken":null,"ClientEmails":null,"CCEmail":null}}]}

2017-05-05 17:50:53.7466|INFO|api.Helpers.NLogger|JSON
Method: POST
URL: http://192.168.1.126:9999/api/v1/employee/GetAllScheduledServices
Controller : api.Controllers.EmployeeController
Action : GetAllScheduledServices
Action Parameters : {"messageFormat":"JSON","messageArguments":[{"request":{"NotificationId":0,"EmployeeId":12,"SalesVisitRequestId":0,"Month":0,"Year":0,"Day":0,"ServiceId":0,"ReportId":0,"UnitId":0,"Latitude":null,"Longitude":null,"SearchTerm":null,"PageId":0,"LastCallDateTime":null,"PageNumber":1,"pageSize":0,"OrderId":0,"StatDate":"\/Date(1493986861000)\/","EndDate":null,"DeviceType":null,"DeviceToken":null,"ClientEmails":null,"CCEmail":null}}]}

2017-05-05 17:51:00.4054|INFO|api.Helpers.NLogger|JSON
Method: POST
URL: http://192.168.1.126:9999/api/v1/employee/GetAllScheduledServices
Controller : api.Controllers.EmployeeController
Action : GetAllScheduledServices
Action Parameters : {"messageFormat":"JSON","messageArguments":[{"request":{"NotificationId":0,"EmployeeId":12,"SalesVisitRequestId":0,"Month":0,"Year":0,"Day":0,"ServiceId":0,"ReportId":0,"UnitId":0,"Latitude":null,"Longitude":null,"SearchTerm":null,"PageId":0,"LastCallDateTime":null,"PageNumber":1,"pageSize":0,"OrderId":0,"StatDate":"\/Date(1491394863000)\/","EndDate":"\/Date(1493986866000)\/","DeviceType":null,"DeviceToken":null,"ClientEmails":null,"CCEmail":null}}]}

2017-05-05 17:51:14.2679|INFO|api.Helpers.NLogger|JSON
Method: POST
URL: http://192.168.1.126:9999/api/v1/employee/GetAllScheduledServices
Controller : api.Controllers.EmployeeController
Action : GetAllScheduledServices
Action Parameters : {"messageFormat":"JSON","messageArguments":[{"request":{"NotificationId":0,"EmployeeId":12,"SalesVisitRequestId":0,"Month":0,"Year":0,"Day":0,"ServiceId":0,"ReportId":0,"UnitId":0,"Latitude":null,"Longitude":null,"SearchTerm":null,"PageId":0,"LastCallDateTime":null,"PageNumber":1,"pageSize":0,"OrderId":0,"StatDate":"\/Date(1493986881000)\/","EndDate":null,"DeviceType":null,"DeviceToken":null,"ClientEmails":null,"CCEmail":null}}]}

2017-05-05 17:51:21.7066|INFO|api.Helpers.NLogger|JSON
Method: POST
URL: http://192.168.1.126:9999/api/v1/employee/GetAllScheduledServices
Controller : api.Controllers.EmployeeController
Action : GetAllScheduledServices
Action Parameters : {"messageFormat":"JSON","messageArguments":[{"request":{"NotificationId":0,"EmployeeId":12,"SalesVisitRequestId":0,"Month":0,"Year":0,"Day":0,"ServiceId":0,"ReportId":0,"UnitId":0,"Latitude":null,"Longitude":null,"SearchTerm":null,"PageId":0,"LastCallDateTime":null,"PageNumber":1,"pageSize":0,"OrderId":0,"StatDate":"\/Date(1491394884000)\/","EndDate":"\/Date(1493986888000)\/","DeviceType":null,"DeviceToken":null,"ClientEmails":null,"CCEmail":null}}]}

2017-05-05 17:51:26.9964|INFO|api.Helpers.NLogger|JSON
Method: POST
URL: http://192.168.1.126:9999/api/v1/employee/GetAllScheduledServices
Controller : api.Controllers.EmployeeController
Action : GetAllScheduledServices
Action Parameters : {"messageFormat":"JSON","messageArguments":[{"request":{"NotificationId":0,"EmployeeId":12,"SalesVisitRequestId":0,"Month":0,"Year":0,"Day":0,"ServiceId":0,"ReportId":0,"UnitId":0,"Latitude":null,"Longitude":null,"SearchTerm":null,"PageId":0,"LastCallDateTime":null,"PageNumber":1,"pageSize":0,"OrderId":0,"StatDate":"\/Date(1493986894000)\/","EndDate":null,"DeviceType":null,"DeviceToken":null,"ClientEmails":null,"CCEmail":null}}]}

2017-05-05 17:51:32.5166|INFO|api.Helpers.NLogger|JSON
Method: POST
URL: http://192.168.1.126:9999/api/v1/employee/GetAllScheduledServices
Controller : api.Controllers.EmployeeController
Action : GetAllScheduledServices
Action Parameters : {"messageFormat":"JSON","messageArguments":[{"request":{"NotificationId":0,"EmployeeId":12,"SalesVisitRequestId":0,"Month":0,"Year":0,"Day":0,"ServiceId":0,"ReportId":0,"UnitId":0,"Latitude":null,"Longitude":null,"SearchTerm":null,"PageId":0,"LastCallDateTime":null,"PageNumber":1,"pageSize":0,"OrderId":0,"StatDate":"\/Date(1491394896000)\/","EndDate":"\/Date(1493986899000)\/","DeviceType":null,"DeviceToken":null,"ClientEmails":null,"CCEmail":null}}]}

2017-05-05 17:51:44.6092|INFO|api.Helpers.NLogger|JSON
Method: POST
URL: http://192.168.1.126:9999/api/v1/employee/CheckUnitMatchDetails
Controller : api.Controllers.EmployeeController
Action : CheckUnitMatchDetails
Action Parameters : {"messageFormat":"JSON","messageArguments":[{"request":{"EmployeeId":12,"Parts":[{"UnitType":"Packaged","ModelNumber":"ACM1000","SerialNumber":"ACS1000"}]}}]}

2017-05-05 17:53:29.4212|INFO|api.Helpers.NLogger|JSON
Method: POST
URL: http://192.168.1.126:9999/api/v1/employee/GetUnitExtraInfo
Controller : api.Controllers.EmployeeController
Action : GetUnitExtraInfo
Action Parameters : {"messageFormat":"JSON","messageArguments":[{"request":{"EmployeeId":12,"ClientId":0,"UnitId":1015,"UnitName":null,"Notes":null,"AddressId":0,"Parts":null}}]}

2017-05-05 18:00:19.6334|INFO|api.Helpers.NLogger|JSON
Method: POST
URL: http://192.168.1.126:9999/api/v1/employee/GetUnitExtraInfo
Controller : api.Controllers.EmployeeController
Action : GetUnitExtraInfo
Action Parameters : {"messageFormat":"JSON","messageArguments":[{"request":{"EmployeeId":12,"ClientId":0,"UnitId":1015,"UnitName":null,"Notes":null,"AddressId":0,"Parts":null}}]}

2017-05-05 18:00:59.5666|INFO|api.Helpers.NLogger|JSON
Method: POST
URL: http://192.168.1.126:9999/api/v1/employee/GetUnitExtraInfo
Controller : api.Controllers.EmployeeController
Action : GetUnitExtraInfo
Action Parameters : {"messageFormat":"JSON","messageArguments":[{"request":{"EmployeeId":12,"ClientId":0,"UnitId":1015,"UnitName":null,"Notes":null,"AddressId":0,"Parts":null}}]}

2017-05-05 18:01:15.9164|INFO|api.Helpers.NLogger|JSON
Method: POST
URL: http://192.168.1.126:9999/api/v1/employee/GetUnitExtraInfo
Controller : api.Controllers.EmployeeController
Action : GetUnitExtraInfo
Action Parameters : {"messageFormat":"JSON","messageArguments":[{"request":{"EmployeeId":12,"ClientId":0,"UnitId":1015,"UnitName":null,"Notes":null,"AddressId":0,"Parts":null}}]}

2017-05-05 18:01:44.8195|INFO|api.Helpers.NLogger|JSON
Method: POST
URL: http://192.168.1.126:9999/api/v1/employee/GetUnitExtraInfo
Controller : api.Controllers.EmployeeController
Action : GetUnitExtraInfo
Action Parameters : {"messageFormat":"JSON","messageArguments":[{"request":{"EmployeeId":12,"ClientId":0,"UnitId":1015,"UnitName":null,"Notes":null,"AddressId":0,"Parts":null}}]}

2017-05-05 18:02:51.9612|INFO|api.Helpers.NLogger|JSON
Method: POST
URL: http://192.168.1.126:9999/api/v1/employee/CheckUnitMatchDetails
Controller : api.Controllers.EmployeeController
Action : CheckUnitMatchDetails
Action Parameters : {"messageFormat":"JSON","messageArguments":[{"request":{"EmployeeId":12,"Parts":[{"UnitType":"Packaged","ModelNumber":"ACM1000","SerialNumber":"ACS1000"}]}}]}

2017-05-05 18:04:27.1801|INFO|api.Helpers.NLogger|JSON
Method: POST
URL: http://192.168.1.126:9999/api/v1/employee/CheckUnitMatchDetails
Controller : api.Controllers.EmployeeController
Action : CheckUnitMatchDetails
Action Parameters : {"messageFormat":"JSON","messageArguments":[{"request":{"EmployeeId":12,"Parts":[{"UnitType":"Packaged","ModelNumber":"ACM1000","SerialNumber":"ACS1000"}]}}]}

2017-05-05 18:05:28.2689|INFO|api.Helpers.NLogger|JSON
Method: POST
URL: http://192.168.1.126:9999/api/v1/employee/CheckUnitMatchDetails
Controller : api.Controllers.EmployeeController
Action : CheckUnitMatchDetails
Action Parameters : {"messageFormat":"JSON","messageArguments":[{"request":{"EmployeeId":12,"Parts":[{"UnitType":"Packaged","ModelNumber":"ACM1000","SerialNumber":"ACS1000"}]}}]}

2017-05-05 18:05:36.2859|INFO|api.Helpers.NLogger|JSON
Method: POST
URL: http://192.168.1.126:9999/api/v1/employee/CheckUnitMatchDetails
Controller : api.Controllers.EmployeeController
Action : CheckUnitMatchDetails
Action Parameters : {"messageFormat":"JSON","messageArguments":[{"request":{"EmployeeId":12,"Parts":[{"UnitType":"Packaged","ModelNumber":"ACM1000","SerialNumber":"ACS1000"}]}}]}

2017-05-05 18:23:37.7216|INFO|api.Helpers.NLogger|JSON
Method: POST
URL: http://192.168.1.126:9999/api/v1/employee/GetDashBoardMonthDayWiseServiceList
Controller : api.Controllers.EmployeeController
Action : GetDashBoardMonthDayWiseServiceList
Action Parameters : {"messageFormat":"JSON","messageArguments":[{"request":{"NotificationId":0,"EmployeeId":12,"SalesVisitRequestId":0,"Month":5,"Year":2017,"Day":5,"ServiceId":0,"ReportId":0,"UnitId":0,"Latitude":null,"Longitude":null,"SearchTerm":null,"PageId":0,"LastCallDateTime":null,"PageNumber":null,"pageSize":0,"OrderId":0,"StatDate":null,"EndDate":null,"DeviceType":null,"DeviceToken":null,"ClientEmails":null,"CCEmail":null}}]}

2017-05-05 18:23:40.7195|INFO|api.Helpers.NLogger|JSON
Method: POST
URL: http://192.168.1.126:9999/api/v1/employee/GetDashBoardMonthWiseServiceCount
Controller : api.Controllers.EmployeeController
Action : GetDashBoardMonthWiseServiceCount
Action Parameters : {"messageFormat":"JSON","messageArguments":[{"request":{"NotificationId":0,"EmployeeId":12,"SalesVisitRequestId":0,"Month":5,"Year":2017,"Day":0,"ServiceId":0,"ReportId":0,"UnitId":0,"Latitude":null,"Longitude":null,"SearchTerm":null,"PageId":0,"LastCallDateTime":null,"PageNumber":null,"pageSize":0,"OrderId":0,"StatDate":null,"EndDate":null,"DeviceType":null,"DeviceToken":null,"ClientEmails":null,"CCEmail":null}}]}

2017-05-05 18:23:56.6756|INFO|api.Helpers.NLogger|JSON
Method: POST
URL: http://192.168.1.126:9999/api/v1/employee/GetAllScheduledServices
Controller : api.Controllers.EmployeeController
Action : GetAllScheduledServices
Action Parameters : {"messageFormat":"JSON","messageArguments":[{"request":{"NotificationId":0,"EmployeeId":12,"SalesVisitRequestId":0,"Month":0,"Year":0,"Day":0,"ServiceId":0,"ReportId":0,"UnitId":0,"Latitude":null,"Longitude":null,"SearchTerm":null,"PageId":0,"LastCallDateTime":null,"PageNumber":1,"pageSize":0,"OrderId":0,"StatDate":"\/Date(1493988844000)\/","EndDate":null,"DeviceType":null,"DeviceToken":null,"ClientEmails":null,"CCEmail":null}}]}

2017-05-05 18:24:03.0019|INFO|api.Helpers.NLogger|JSON
Method: POST
URL: http://192.168.1.126:9999/api/v1/employee/GetAllScheduledServices
Controller : api.Controllers.EmployeeController
Action : GetAllScheduledServices
Action Parameters : {"messageFormat":"JSON","messageArguments":[{"request":{"NotificationId":0,"EmployeeId":12,"SalesVisitRequestId":0,"Month":0,"Year":0,"Day":0,"ServiceId":0,"ReportId":0,"UnitId":0,"Latitude":null,"Longitude":null,"SearchTerm":null,"PageId":0,"LastCallDateTime":null,"PageNumber":1,"pageSize":0,"OrderId":0,"StatDate":"\/Date(1491396845000)\/","EndDate":"\/Date(1493988849000)\/","DeviceType":null,"DeviceToken":null,"ClientEmails":null,"CCEmail":null}}]}

2017-05-05 18:24:19.6212|INFO|api.Helpers.NLogger|JSON
Method: POST
URL: http://192.168.1.126:9999/api/v1/employee/CheckUnitMatchDetails
Controller : api.Controllers.EmployeeController
Action : CheckUnitMatchDetails
Action Parameters : {"messageFormat":"JSON","messageArguments":[{"request":{"EmployeeId":12,"Parts":[{"UnitType":"Packaged","ModelNumber":"ACM6780","SerialNumber":"ACS6790"}]}}]}

2017-05-05 18:24:45.6485|INFO|api.Helpers.NLogger|JSON
Method: POST
URL: http://192.168.1.126:9999/api/v1/employee/GetUnitExtraInfo
Controller : api.Controllers.EmployeeController
Action : GetUnitExtraInfo
Action Parameters : {"messageFormat":"JSON","messageArguments":[{"request":{"EmployeeId":12,"ClientId":0,"UnitId":1022,"UnitName":null,"Notes":null,"AddressId":0,"Parts":null}}]}

2017-05-05 18:24:53.0338|INFO|api.Helpers.NLogger|JSON
Method: POST
URL: http://192.168.1.126:9999/api/v1/empcommon/GetPartsByTypeForUnit
Controller : api.Controllers.EmpCommonController
Action : GetPartsByTypeForUnit
Action Parameters : {"messageFormat":"JSON","messageArguments":[{"request":{"Email":null,"ClientId":0,"PlanTypeId":0,"PlanId":0,"PartId":0,"Month":0,"Year":0,"AddressId":null,"UnitId":0,"ServiceId":null,"RequestedServiceId":null,"PartType":null,"PartTypeId":6,"PageId":0,"ShowDeleted":false,"ServiceCaseNumber":null,"LastCallDateTime":null,"PageNumber":null,"pageSize":0,"DeviceType":null,"DeviceToken":null,"NotificationId":null,"EmployeeId":12,"BillingId":null}}]}

2017-05-05 18:24:55.8078|INFO|api.Helpers.NLogger|JSON
Method: POST
URL: http://192.168.1.126:9999/api/v1/empcommon/GetPartsByTypeForUnit
Controller : api.Controllers.EmpCommonController
Action : GetPartsByTypeForUnit
Action Parameters : {"messageFormat":"JSON","messageArguments":[{"request":{"Email":null,"ClientId":0,"PlanTypeId":0,"PlanId":0,"PartId":0,"Month":0,"Year":0,"AddressId":null,"UnitId":0,"ServiceId":null,"RequestedServiceId":null,"PartType":null,"PartTypeId":7,"PageId":0,"ShowDeleted":false,"ServiceCaseNumber":null,"LastCallDateTime":null,"PageNumber":null,"pageSize":0,"DeviceType":null,"DeviceToken":null,"NotificationId":null,"EmployeeId":12,"BillingId":null}}]}

2017-05-05 18:27:16.8334|INFO|api.Helpers.NLogger|JSON
Method: POST
URL: http://192.168.1.126:9999/api/v1/employee/GetUnitExtraInfo
Controller : api.Controllers.EmployeeController
Action : GetUnitExtraInfo
Action Parameters : {"messageFormat":"JSON","messageArguments":[{"request":{"EmployeeId":12,"ClientId":0,"UnitId":1022,"UnitName":null,"Notes":null,"AddressId":0,"Parts":null}}]}

2017-05-05 18:27:41.9087|INFO|api.Helpers.NLogger|JSON
Method: POST
URL: http://192.168.1.126:9999/api/v1/employee/CheckUnitMatchDetails
Controller : api.Controllers.EmployeeController
Action : CheckUnitMatchDetails
Action Parameters : {"messageFormat":"JSON","messageArguments":[{"request":{"EmployeeId":12,"Parts":[{"UnitType":"Packaged","ModelNumber":"ACM6780","SerialNumber":"ACS6790"}]}}]}

2017-05-05 18:27:51.9748|INFO|api.Helpers.NLogger|JSON
Method: POST
URL: http://192.168.1.126:9999/api/v1/empcommon/GetPartsByTypeForUnit
Controller : api.Controllers.EmpCommonController
Action : GetPartsByTypeForUnit
Action Parameters : {"messageFormat":"JSON","messageArguments":[{"request":{"Email":null,"ClientId":0,"PlanTypeId":0,"PlanId":0,"PartId":0,"Month":0,"Year":0,"AddressId":null,"UnitId":0,"ServiceId":null,"RequestedServiceId":null,"PartType":null,"PartTypeId":6,"PageId":0,"ShowDeleted":false,"ServiceCaseNumber":null,"LastCallDateTime":null,"PageNumber":null,"pageSize":0,"DeviceType":null,"DeviceToken":null,"NotificationId":null,"EmployeeId":12,"BillingId":null}}]}

2017-05-05 18:30:23.4566|INFO|api.Helpers.NLogger|JSON
Method: POST
URL: http://192.168.1.126:9999/api/v1/employee/GetUnitExtraInfo
Controller : api.Controllers.EmployeeController
Action : GetUnitExtraInfo
Action Parameters : {"messageFormat":"JSON","messageArguments":[{"request":{"EmployeeId":12,"ClientId":0,"UnitId":1022,"UnitName":null,"Notes":null,"AddressId":0,"Parts":null}}]}

2017-05-05 18:42:40.5383|INFO|api.Helpers.NLogger|JSON
Method: POST
URL: http://192.168.1.126:9999/api/v1/employee/GetAllScheduledServices
Controller : api.Controllers.EmployeeController
Action : GetAllScheduledServices
Action Parameters : {"messageFormat":"JSON","messageArguments":[{"request":{"NotificationId":0,"EmployeeId":12,"SalesVisitRequestId":0,"Month":0,"Year":0,"Day":0,"ServiceId":0,"ReportId":0,"UnitId":0,"Latitude":null,"Longitude":null,"SearchTerm":null,"PageId":0,"LastCallDateTime":null,"PageNumber":1,"pageSize":0,"OrderId":0,"StatDate":"\/Date(1493989968000)\/","EndDate":null,"DeviceType":null,"DeviceToken":null,"ClientEmails":null,"CCEmail":null}}]}

2017-05-05 18:42:48.0368|INFO|api.Helpers.NLogger|JSON
Method: POST
URL: http://192.168.1.126:9999/api/v1/employee/GetAllScheduledServices
Controller : api.Controllers.EmployeeController
Action : GetAllScheduledServices
Action Parameters : {"messageFormat":"JSON","messageArguments":[{"request":{"NotificationId":0,"EmployeeId":12,"SalesVisitRequestId":0,"Month":0,"Year":0,"Day":0,"ServiceId":0,"ReportId":0,"UnitId":0,"Latitude":null,"Longitude":null,"SearchTerm":null,"PageId":0,"LastCallDateTime":null,"PageNumber":1,"pageSize":0,"OrderId":0,"StatDate":"\/Date(1491397970000)\/","EndDate":"\/Date(1493989974000)\/","DeviceType":null,"DeviceToken":null,"ClientEmails":null,"CCEmail":null}}]}

2017-05-05 18:44:02.0342|INFO|api.Helpers.NLogger|JSON
Method: POST
URL: http://192.168.1.126:9999/api/v1/employee/GetDashBoardMonthDayWiseServiceList
Controller : api.Controllers.EmployeeController
Action : GetDashBoardMonthDayWiseServiceList
Action Parameters : {"messageFormat":"JSON","messageArguments":[{"request":{"NotificationId":0,"EmployeeId":12,"SalesVisitRequestId":0,"Month":5,"Year":2017,"Day":5,"ServiceId":0,"ReportId":0,"UnitId":0,"Latitude":null,"Longitude":null,"SearchTerm":null,"PageId":0,"LastCallDateTime":null,"PageNumber":null,"pageSize":0,"OrderId":0,"StatDate":null,"EndDate":null,"DeviceType":null,"DeviceToken":null,"ClientEmails":null,"CCEmail":null}}]}

2017-05-05 18:44:02.0342|INFO|api.Helpers.NLogger|JSON
Method: POST
URL: http://192.168.1.126:9999/api/v1/employee/GetDashBoardMonthWiseServiceCount
Controller : api.Controllers.EmployeeController
Action : GetDashBoardMonthWiseServiceCount
Action Parameters : {"messageFormat":"JSON","messageArguments":[{"request":{"NotificationId":0,"EmployeeId":12,"SalesVisitRequestId":0,"Month":5,"Year":2017,"Day":0,"ServiceId":0,"ReportId":0,"UnitId":0,"Latitude":null,"Longitude":null,"SearchTerm":null,"PageId":0,"LastCallDateTime":null,"PageNumber":null,"pageSize":0,"OrderId":0,"StatDate":null,"EndDate":null,"DeviceType":null,"DeviceToken":null,"ClientEmails":null,"CCEmail":null}}]}

2017-05-05 18:45:46.2868|INFO|api.Helpers.NLogger|JSON
Method: POST
URL: http://192.168.1.126:9999/api/v1/employee/GetDashBoardMonthDayWiseServiceList
Controller : api.Controllers.EmployeeController
Action : GetDashBoardMonthDayWiseServiceList
Action Parameters : {"messageFormat":"JSON","messageArguments":[{"request":{"NotificationId":0,"EmployeeId":12,"SalesVisitRequestId":0,"Month":5,"Year":2017,"Day":1,"ServiceId":0,"ReportId":0,"UnitId":0,"Latitude":null,"Longitude":null,"SearchTerm":null,"PageId":0,"LastCallDateTime":null,"PageNumber":null,"pageSize":0,"OrderId":0,"StatDate":null,"EndDate":null,"DeviceType":null,"DeviceToken":null,"ClientEmails":null,"CCEmail":null}}]}

2017-05-05 18:45:47.4588|INFO|api.Helpers.NLogger|JSON
Method: POST
URL: http://192.168.1.126:9999/api/v1/employee/GetServiceDetails
Controller : api.Controllers.EmployeeController
Action : GetServiceDetails
Action Parameters : {"messageFormat":"JSON","messageArguments":[{"request":{"NotificationId":0,"EmployeeId":12,"SalesVisitRequestId":0,"Month":0,"Year":0,"Day":0,"ServiceId":10099,"ReportId":0,"UnitId":0,"Latitude":null,"Longitude":null,"SearchTerm":null,"PageId":0,"LastCallDateTime":null,"PageNumber":null,"pageSize":0,"OrderId":0,"StatDate":null,"EndDate":null,"DeviceType":null,"DeviceToken":null,"ClientEmails":null,"CCEmail":null}}]}

2017-05-05 18:45:48.8410|INFO|api.Helpers.NLogger|JSON
Method: POST
URL: http://192.168.1.126:9999/api/v1/employee/GetDashBoardMonthWiseServiceCount
Controller : api.Controllers.EmployeeController
Action : GetDashBoardMonthWiseServiceCount
Action Parameters : {"messageFormat":"JSON","messageArguments":[{"request":{"NotificationId":0,"EmployeeId":12,"SalesVisitRequestId":0,"Month":5,"Year":2017,"Day":0,"ServiceId":0,"ReportId":0,"UnitId":0,"Latitude":null,"Longitude":null,"SearchTerm":null,"PageId":0,"LastCallDateTime":null,"PageNumber":null,"pageSize":0,"OrderId":0,"StatDate":null,"EndDate":null,"DeviceType":null,"DeviceToken":null,"ClientEmails":null,"CCEmail":null}}]}

2017-05-05 18:45:48.8410|INFO|api.Helpers.NLogger|JSON
Method: POST
URL: http://192.168.1.126:9999/api/v1/employee/GetDashBoardMonthDayWiseServiceList
Controller : api.Controllers.EmployeeController
Action : GetDashBoardMonthDayWiseServiceList
Action Parameters : {"messageFormat":"JSON","messageArguments":[{"request":{"NotificationId":0,"EmployeeId":12,"SalesVisitRequestId":0,"Month":5,"Year":2017,"Day":5,"ServiceId":0,"ReportId":0,"UnitId":0,"Latitude":null,"Longitude":null,"SearchTerm":null,"PageId":0,"LastCallDateTime":null,"PageNumber":null,"pageSize":0,"OrderId":0,"StatDate":null,"EndDate":null,"DeviceType":null,"DeviceToken":null,"ClientEmails":null,"CCEmail":null}}]}

2017-05-05 18:45:51.5630|INFO|api.Helpers.NLogger|JSON
Method: POST
URL: http://192.168.1.126:9999/api/v1/employee/GetAllScheduledServices
Controller : api.Controllers.EmployeeController
Action : GetAllScheduledServices
Action Parameters : {"messageFormat":"JSON","messageArguments":[{"request":{"NotificationId":0,"EmployeeId":12,"SalesVisitRequestId":0,"Month":0,"Year":0,"Day":0,"ServiceId":0,"ReportId":0,"UnitId":0,"Latitude":null,"Longitude":null,"SearchTerm":null,"PageId":0,"LastCallDateTime":null,"PageNumber":1,"pageSize":0,"OrderId":0,"StatDate":"\/Date(1493990159000)\/","EndDate":null,"DeviceType":null,"DeviceToken":null,"ClientEmails":null,"CCEmail":null}}]}

2017-05-05 18:45:59.5556|INFO|api.Helpers.NLogger|JSON
Method: POST
URL: http://192.168.1.126:9999/api/v1/employee/GetAllScheduledServices
Controller : api.Controllers.EmployeeController
Action : GetAllScheduledServices
Action Parameters : {"messageFormat":"JSON","messageArguments":[{"request":{"NotificationId":0,"EmployeeId":12,"SalesVisitRequestId":0,"Month":0,"Year":0,"Day":0,"ServiceId":0,"ReportId":0,"UnitId":0,"Latitude":null,"Longitude":null,"SearchTerm":null,"PageId":0,"LastCallDateTime":null,"PageNumber":1,"pageSize":0,"OrderId":0,"StatDate":"\/Date(1491398161000)\/","EndDate":"\/Date(1493990166000)\/","DeviceType":null,"DeviceToken":null,"ClientEmails":null,"CCEmail":null}}]}

2017-05-05 18:46:04.7694|INFO|api.Helpers.NLogger|JSON
Method: POST
URL: http://192.168.1.126:9999/api/v1/employee/GetAllScheduledServices
Controller : api.Controllers.EmployeeController
Action : GetAllScheduledServices
Action Parameters : {"messageFormat":"JSON","messageArguments":[{"request":{"NotificationId":0,"EmployeeId":12,"SalesVisitRequestId":0,"Month":0,"Year":0,"Day":0,"ServiceId":0,"ReportId":0,"UnitId":0,"Latitude":null,"Longitude":null,"SearchTerm":null,"PageId":0,"LastCallDateTime":null,"PageNumber":1,"pageSize":0,"OrderId":0,"StatDate":"\/Date(1493990172000)\/","EndDate":null,"DeviceType":null,"DeviceToken":null,"ClientEmails":null,"CCEmail":null}}]}

2017-05-05 18:46:13.2611|INFO|api.Helpers.NLogger|JSON
Method: POST
URL: http://192.168.1.126:9999/api/v1/employee/GetAllScheduledServices
Controller : api.Controllers.EmployeeController
Action : GetAllScheduledServices
Action Parameters : {"messageFormat":"JSON","messageArguments":[{"request":{"NotificationId":0,"EmployeeId":12,"SalesVisitRequestId":0,"Month":0,"Year":0,"Day":0,"ServiceId":0,"ReportId":0,"UnitId":0,"Latitude":null,"Longitude":null,"SearchTerm":null,"PageId":0,"LastCallDateTime":null,"PageNumber":1,"pageSize":0,"OrderId":0,"StatDate":"\/Date(1491398174000)\/","EndDate":"\/Date(1493903778000)\/","DeviceType":null,"DeviceToken":null,"ClientEmails":null,"CCEmail":null}}]}

2017-05-05 18:47:22.7342|INFO|api.Helpers.NLogger|JSON
Method: POST
URL: http://192.168.1.126:9999/api/v1/employee/CheckUnitMatchDetails
Controller : api.Controllers.EmployeeController
Action : CheckUnitMatchDetails
Action Parameters : {"messageFormat":"JSON","messageArguments":[{"request":{"EmployeeId":12,"Parts":[{"UnitType":"Packaged","ModelNumber":"ACM1000","SerialNumber":"ACS1000"}]}}]}

2017-05-05 18:48:27.4107|INFO|api.Helpers.NLogger|JSON
Method: POST
URL: http://192.168.1.126:9999/api/v1/employee/CheckUnitMatchDetails
Controller : api.Controllers.EmployeeController
Action : CheckUnitMatchDetails
Action Parameters : {"messageFormat":"JSON","messageArguments":[{"request":{"EmployeeId":12,"Parts":[{"UnitType":"Packaged","ModelNumber":"ACM1000","SerialNumber":""}]}}]}

2017-05-05 18:52:48.8193|INFO|api.Helpers.NLogger|JSON
Method: POST
URL: http://192.168.1.126:9999/api/v1/employee/GetAllScheduledServices
Controller : api.Controllers.EmployeeController
Action : GetAllScheduledServices
Action Parameters : {"messageFormat":"JSON","messageArguments":[{"request":{"NotificationId":0,"EmployeeId":12,"SalesVisitRequestId":0,"Month":0,"Year":0,"Day":0,"ServiceId":0,"ReportId":0,"UnitId":0,"Latitude":null,"Longitude":null,"SearchTerm":null,"PageId":0,"LastCallDateTime":null,"PageNumber":1,"pageSize":0,"OrderId":0,"StatDate":"\/Date(1493990576000)\/","EndDate":null,"DeviceType":null,"DeviceToken":null,"ClientEmails":null,"CCEmail":null}}]}

2017-05-05 18:54:02.0799|INFO|api.Helpers.NLogger|JSON
Method: POST
URL: http://192.168.1.126:9999/api/v1/employee/GetAllScheduledServices
Controller : api.Controllers.EmployeeController
Action : GetAllScheduledServices
Action Parameters : {"messageFormat":"JSON","messageArguments":[{"request":{"NotificationId":0,"EmployeeId":12,"SalesVisitRequestId":0,"Month":0,"Year":0,"Day":0,"ServiceId":0,"ReportId":0,"UnitId":0,"Latitude":null,"Longitude":null,"SearchTerm":null,"PageId":0,"LastCallDateTime":null,"PageNumber":1,"pageSize":0,"OrderId":0,"StatDate":"\/Date(1493990644000)\/","EndDate":"\/Date(1493990648000)\/","DeviceType":null,"DeviceToken":null,"ClientEmails":null,"CCEmail":null}}]}

2017-05-05 18:54:06.6881|INFO|api.Helpers.NLogger|JSON
Method: POST
URL: http://192.168.1.126:9999/api/v1/employee/GetAllScheduledServices
Controller : api.Controllers.EmployeeController
Action : GetAllScheduledServices
Action Parameters : {"messageFormat":"JSON","messageArguments":[{"request":{"NotificationId":0,"EmployeeId":12,"SalesVisitRequestId":0,"Month":0,"Year":0,"Day":0,"ServiceId":0,"ReportId":0,"UnitId":0,"Latitude":null,"Longitude":null,"SearchTerm":null,"PageId":0,"LastCallDateTime":null,"PageNumber":1,"pageSize":0,"OrderId":0,"StatDate":"\/Date(1491330600000)\/","EndDate":"\/Date(1493990648000)\/","DeviceType":null,"DeviceToken":null,"ClientEmails":null,"CCEmail":null}}]}

2017-05-05 18:54:12.8779|INFO|api.Helpers.NLogger|JSON
Method: POST
URL: http://192.168.1.126:9999/api/v1/employee/CheckUnitMatchDetails
Controller : api.Controllers.EmployeeController
Action : CheckUnitMatchDetails
Action Parameters : {"messageFormat":"JSON","messageArguments":[{"request":{"EmployeeId":12,"Parts":[{"UnitType":"Heating","ModelNumber":"ACM1000","SerialNumber":"ACS1000"},{"UnitType":"Cooling","ModelNumber":"ACM1001","SerialNumber":"ACS1001"}]}}]}

2017-05-05 18:54:23.3034|INFO|api.Helpers.NLogger|JSON
Method: POST
URL: http://192.168.1.126:9999/api/v1/employee/getElectricalServices
Controller : api.Controllers.NewEmployeeController
Action : getElectricalServices
Action Parameters : {"messageFormat":"JSON","messageArguments":[{"request":{"NotificationId":0,"EmployeeId":12,"SalesVisitRequestId":0,"Month":0,"Year":0,"Day":0,"ServiceId":0,"ReportId":0,"UnitId":0,"Latitude":null,"Longitude":null,"SearchTerm":null,"PageId":0,"LastCallDateTime":null,"PageNumber":null,"pageSize":0,"OrderId":0,"StatDate":null,"EndDate":null,"DeviceType":null,"DeviceToken":null,"ClientEmails":null,"CCEmail":null}}]}

2017-05-05 18:57:14.2415|INFO|api.Helpers.NLogger|JSON
Method: POST
URL: http://192.168.1.126:9999/api/v1/employee/GetAllScheduledServices
Controller : api.Controllers.EmployeeController
Action : GetAllScheduledServices
Action Parameters : {"messageFormat":"JSON","messageArguments":[{"request":{"NotificationId":0,"EmployeeId":12,"SalesVisitRequestId":0,"Month":0,"Year":0,"Day":0,"ServiceId":0,"ReportId":0,"UnitId":0,"Latitude":null,"Longitude":null,"SearchTerm":null,"PageId":0,"LastCallDateTime":null,"PageNumber":1,"pageSize":0,"OrderId":0,"StatDate":"\/Date(1493990841000)\/","EndDate":null,"DeviceType":null,"DeviceToken":null,"ClientEmails":null,"CCEmail":null}}]}

2017-05-05 18:57:21.6978|INFO|api.Helpers.NLogger|JSON
Method: POST
URL: http://192.168.1.126:9999/api/v1/employee/GetAllScheduledServices
Controller : api.Controllers.EmployeeController
Action : GetAllScheduledServices
Action Parameters : {"messageFormat":"JSON","messageArguments":[{"request":{"NotificationId":0,"EmployeeId":12,"SalesVisitRequestId":0,"Month":0,"Year":0,"Day":0,"ServiceId":0,"ReportId":0,"UnitId":0,"Latitude":null,"Longitude":null,"SearchTerm":null,"PageId":0,"LastCallDateTime":null,"PageNumber":1,"pageSize":0,"OrderId":0,"StatDate":"\/Date(1491398844000)\/","EndDate":"\/Date(1493990848000)\/","DeviceType":null,"DeviceToken":null,"ClientEmails":null,"CCEmail":null}}]}

2017-05-05 18:57:26.2975|INFO|api.Helpers.NLogger|JSON
Method: POST
URL: http://192.168.1.126:9999/api/v1/employee/CheckUnitMatchDetails
Controller : api.Controllers.EmployeeController
Action : CheckUnitMatchDetails
Action Parameters : {"messageFormat":"JSON","messageArguments":[{"request":{"EmployeeId":12,"Parts":[{"UnitType":"Heating","ModelNumber":"ACM1000","SerialNumber":"ACS1000"},{"UnitType":"Cooling","ModelNumber":"ACM1001","SerialNumber":"ACS1001"}]}}]}

2017-05-05 18:57:32.6654|INFO|api.Helpers.NLogger|JSON
Method: POST
URL: http://192.168.1.126:9999/api/v1/employee/CheckUnitMatchDetails
Controller : api.Controllers.EmployeeController
Action : CheckUnitMatchDetails
Action Parameters : {"messageFormat":"JSON","messageArguments":[{"request":{"EmployeeId":12,"Parts":[{"UnitType":"Heating","ModelNumber":"ACM1000","SerialNumber":"ACS1000"},{"UnitType":"Cooling","ModelNumber":"ACM1001","SerialNumber":"ACS1001"}]}}]}

2017-05-05 19:02:35.1513|INFO|api.Helpers.NLogger|JSON
Method: POST
URL: http://192.168.1.126:9999/api/v1/employee/GetAllScheduledServices
Controller : api.Controllers.EmployeeController
Action : GetAllScheduledServices
Action Parameters : {"messageFormat":"JSON","messageArguments":[{"request":{"NotificationId":0,"EmployeeId":12,"SalesVisitRequestId":0,"Month":0,"Year":0,"Day":0,"ServiceId":0,"ReportId":0,"UnitId":0,"Latitude":null,"Longitude":null,"SearchTerm":null,"PageId":0,"LastCallDateTime":null,"PageNumber":1,"pageSize":0,"OrderId":0,"StatDate":"\/Date(1493991162000)\/","EndDate":null,"DeviceType":null,"DeviceToken":null,"ClientEmails":null,"CCEmail":null}}]}

2017-05-05 19:02:36.6220|INFO|api.Helpers.NLogger|JSON
Method: POST
URL: http://192.168.1.126:9999/api/v1/employee/GetAllScheduledServices
Controller : api.Controllers.EmployeeController
Action : GetAllScheduledServices
Action Parameters : {"messageFormat":"JSON","messageArguments":[{"request":{"NotificationId":0,"EmployeeId":12,"SalesVisitRequestId":0,"Month":0,"Year":0,"Day":0,"ServiceId":0,"ReportId":0,"UnitId":0,"Latitude":null,"Longitude":null,"SearchTerm":null,"PageId":0,"LastCallDateTime":null,"PageNumber":1,"pageSize":0,"OrderId":0,"StatDate":"\/Date(1494077564000)\/","EndDate":null,"DeviceType":null,"DeviceToken":null,"ClientEmails":null,"CCEmail":null}}]}

2017-05-05 19:02:37.4206|INFO|api.Helpers.NLogger|JSON
Method: POST
URL: http://192.168.1.126:9999/api/v1/employee/GetAllScheduledServices
Controller : api.Controllers.EmployeeController
Action : GetAllScheduledServices
Action Parameters : {"messageFormat":"JSON","messageArguments":[{"request":{"NotificationId":0,"EmployeeId":12,"SalesVisitRequestId":0,"Month":0,"Year":0,"Day":0,"ServiceId":0,"ReportId":0,"UnitId":0,"Latitude":null,"Longitude":null,"SearchTerm":null,"PageId":0,"LastCallDateTime":null,"PageNumber":1,"pageSize":0,"OrderId":0,"StatDate":"\/Date(1493904765000)\/","EndDate":null,"DeviceType":null,"DeviceToken":null,"ClientEmails":null,"CCEmail":null}}]}

