2017-01-24 17:00:57.1727|INFO|api.Helpers.NLogger|JSON
Method: POST
URL: http://192.168.1.119:9999/api/v1/employee/login
Controller : api.Controllers.EmployeeController
Action : Login
Action Parameters : {"messageFormat":"JSON","messageArguments":[{"model":{"Email":"john@gmail.com","Password":"7f2765757d527eaeeb14fb706039bac7","DeviceType":"iPhone","DeviceToken":"","Latitude":null,"Longitude":null}}]}

2017-01-24 17:01:01.7678|INFO|api.Helpers.NLogger|JSON
Method: POST
URL: http://192.168.1.119:9999/api/v1/employee/GetDashBoardMonthWiseServiceCount
Controller : api.Controllers.EmployeeController
Action : GetDashBoardMonthWiseServiceCount
Action Parameters : {"messageFormat":"JSON","messageArguments":[{"request":{"NotificationId":0,"EmployeeId":6,"SalesVisitRequestId":0,"Month":1,"Year":2017,"Day":0,"ServiceId":0,"ReportId":0,"UnitId":0,"Latitude":null,"Longitude":null,"SearchTerm":null,"PageId":0,"LastCallDateTime":null,"PageNumber":null,"pageSize":0,"OrderId":0,"StatDate":null,"EndDate":null,"DeviceType":null,"DeviceToken":null,"ClientEmails":null,"CCEmail":null}}]}

2017-01-24 17:01:01.7678|INFO|api.Helpers.NLogger|JSON
Method: POST
URL: http://192.168.1.119:9999/api/v1/employee/GetDashBoardMonthWiseServiceCount
Controller : api.Controllers.EmployeeController
Action : GetDashBoardMonthWiseServiceCount
Action Parameters : {"messageFormat":"JSON","messageArguments":[{"request":{"NotificationId":0,"EmployeeId":6,"SalesVisitRequestId":0,"Month":2,"Year":2017,"Day":0,"ServiceId":0,"ReportId":0,"UnitId":0,"Latitude":null,"Longitude":null,"SearchTerm":null,"PageId":0,"LastCallDateTime":null,"PageNumber":null,"pageSize":0,"OrderId":0,"StatDate":null,"EndDate":null,"DeviceType":null,"DeviceToken":null,"ClientEmails":null,"CCEmail":null}}]}

2017-01-24 17:01:01.7678|INFO|api.Helpers.NLogger|JSON
Method: POST
URL: http://192.168.1.119:9999/api/v1/employee/GetDashBoardMonthDayWiseServiceList
Controller : api.Controllers.EmployeeController
Action : GetDashBoardMonthDayWiseServiceList
Action Parameters : {"messageFormat":"JSON","messageArguments":[{"request":{"NotificationId":0,"EmployeeId":6,"SalesVisitRequestId":0,"Month":1,"Year":2017,"Day":24,"ServiceId":0,"ReportId":0,"UnitId":0,"Latitude":null,"Longitude":null,"SearchTerm":null,"PageId":0,"LastCallDateTime":null,"PageNumber":null,"pageSize":0,"OrderId":0,"StatDate":null,"EndDate":null,"DeviceType":null,"DeviceToken":null,"ClientEmails":null,"CCEmail":null}}]}

2017-01-24 17:03:42.8025|INFO|api.Helpers.NLogger|JSON
Method: POST
URL: http://192.168.1.119:9999/api/v1/employee/GetDashBoardMonthWiseServiceCount
Controller : api.Controllers.EmployeeController
Action : GetDashBoardMonthWiseServiceCount
Action Parameters : {"messageFormat":"JSON","messageArguments":[{"request":{"NotificationId":0,"EmployeeId":6,"SalesVisitRequestId":0,"Month":2,"Year":2017,"Day":0,"ServiceId":0,"ReportId":0,"UnitId":0,"Latitude":null,"Longitude":null,"SearchTerm":null,"PageId":0,"LastCallDateTime":null,"PageNumber":null,"pageSize":0,"OrderId":0,"StatDate":null,"EndDate":null,"DeviceType":null,"DeviceToken":null,"ClientEmails":null,"CCEmail":null}}]}

2017-01-24 17:03:42.8025|INFO|api.Helpers.NLogger|JSON
Method: POST
URL: http://192.168.1.119:9999/api/v1/employee/GetDashBoardMonthWiseServiceCount
Controller : api.Controllers.EmployeeController
Action : GetDashBoardMonthWiseServiceCount
Action Parameters : {"messageFormat":"JSON","messageArguments":[{"request":{"NotificationId":0,"EmployeeId":6,"SalesVisitRequestId":0,"Month":1,"Year":2017,"Day":0,"ServiceId":0,"ReportId":0,"UnitId":0,"Latitude":null,"Longitude":null,"SearchTerm":null,"PageId":0,"LastCallDateTime":null,"PageNumber":null,"pageSize":0,"OrderId":0,"StatDate":null,"EndDate":null,"DeviceType":null,"DeviceToken":null,"ClientEmails":null,"CCEmail":null}}]}

2017-01-24 17:03:42.8025|INFO|api.Helpers.NLogger|JSON
Method: POST
URL: http://192.168.1.119:9999/api/v1/employee/GetDashBoardMonthDayWiseServiceList
Controller : api.Controllers.EmployeeController
Action : GetDashBoardMonthDayWiseServiceList
Action Parameters : {"messageFormat":"JSON","messageArguments":[{"request":{"NotificationId":0,"EmployeeId":6,"SalesVisitRequestId":0,"Month":1,"Year":2017,"Day":24,"ServiceId":0,"ReportId":0,"UnitId":0,"Latitude":null,"Longitude":null,"SearchTerm":null,"PageId":0,"LastCallDateTime":null,"PageNumber":null,"pageSize":0,"OrderId":0,"StatDate":null,"EndDate":null,"DeviceType":null,"DeviceToken":null,"ClientEmails":null,"CCEmail":null}}]}

2017-01-24 17:03:46.6293|INFO|api.Helpers.NLogger|JSON
Method: POST
URL: http://192.168.1.119:9999/api/v1/employee/GetDashBoardMonthDayWiseServiceList
Controller : api.Controllers.EmployeeController
Action : GetDashBoardMonthDayWiseServiceList
Action Parameters : {"messageFormat":"JSON","messageArguments":[{"request":{"NotificationId":0,"EmployeeId":6,"SalesVisitRequestId":0,"Month":1,"Year":2017,"Day":23,"ServiceId":0,"ReportId":0,"UnitId":0,"Latitude":null,"Longitude":null,"SearchTerm":null,"PageId":0,"LastCallDateTime":null,"PageNumber":null,"pageSize":0,"OrderId":0,"StatDate":null,"EndDate":null,"DeviceType":null,"DeviceToken":null,"ClientEmails":null,"CCEmail":null}}]}

2017-01-24 17:03:57.8325|INFO|api.Helpers.NLogger|JSON
Method: POST
URL: http://192.168.1.119:9999/api/v1/employee/GetServiceDetails
Controller : api.Controllers.EmployeeController
Action : GetServiceDetails
Action Parameters : {"messageFormat":"JSON","messageArguments":[{"request":{"NotificationId":0,"EmployeeId":6,"SalesVisitRequestId":0,"Month":0,"Year":0,"Day":0,"ServiceId":10040,"ReportId":0,"UnitId":0,"Latitude":null,"Longitude":null,"SearchTerm":null,"PageId":0,"LastCallDateTime":null,"PageNumber":null,"pageSize":0,"OrderId":0,"StatDate":null,"EndDate":null,"DeviceType":null,"DeviceToken":null,"ClientEmails":null,"CCEmail":null}}]}

2017-01-24 17:04:02.1180|INFO|api.Helpers.NLogger|JSON
Method: POST
URL: http://192.168.1.119:9999/api/v1/employee/GetDashBoardMonthWiseServiceCount
Controller : api.Controllers.EmployeeController
Action : GetDashBoardMonthWiseServiceCount
Action Parameters : {"messageFormat":"JSON","messageArguments":[{"request":{"NotificationId":0,"EmployeeId":6,"SalesVisitRequestId":0,"Month":1,"Year":2017,"Day":0,"ServiceId":0,"ReportId":0,"UnitId":0,"Latitude":null,"Longitude":null,"SearchTerm":null,"PageId":0,"LastCallDateTime":null,"PageNumber":null,"pageSize":0,"OrderId":0,"StatDate":null,"EndDate":null,"DeviceType":null,"DeviceToken":null,"ClientEmails":null,"CCEmail":null}}]}

2017-01-24 17:04:02.1180|INFO|api.Helpers.NLogger|JSON
Method: POST
URL: http://192.168.1.119:9999/api/v1/employee/GetDashBoardMonthWiseServiceCount
Controller : api.Controllers.EmployeeController
Action : GetDashBoardMonthWiseServiceCount
Action Parameters : {"messageFormat":"JSON","messageArguments":[{"request":{"NotificationId":0,"EmployeeId":6,"SalesVisitRequestId":0,"Month":2,"Year":2017,"Day":0,"ServiceId":0,"ReportId":0,"UnitId":0,"Latitude":null,"Longitude":null,"SearchTerm":null,"PageId":0,"LastCallDateTime":null,"PageNumber":null,"pageSize":0,"OrderId":0,"StatDate":null,"EndDate":null,"DeviceType":null,"DeviceToken":null,"ClientEmails":null,"CCEmail":null}}]}

2017-01-24 17:04:02.1180|INFO|api.Helpers.NLogger|JSON
Method: POST
URL: http://192.168.1.119:9999/api/v1/employee/GetDashBoardMonthDayWiseServiceList
Controller : api.Controllers.EmployeeController
Action : GetDashBoardMonthDayWiseServiceList
Action Parameters : {"messageFormat":"JSON","messageArguments":[{"request":{"NotificationId":0,"EmployeeId":6,"SalesVisitRequestId":0,"Month":1,"Year":2017,"Day":24,"ServiceId":0,"ReportId":0,"UnitId":0,"Latitude":null,"Longitude":null,"SearchTerm":null,"PageId":0,"LastCallDateTime":null,"PageNumber":null,"pageSize":0,"OrderId":0,"StatDate":null,"EndDate":null,"DeviceType":null,"DeviceToken":null,"ClientEmails":null,"CCEmail":null}}]}

2017-01-24 17:04:03.2019|INFO|api.Helpers.NLogger|JSON
Method: POST
URL: http://192.168.1.119:9999/api/v1/employee/GetDashBoardMonthDayWiseServiceList
Controller : api.Controllers.EmployeeController
Action : GetDashBoardMonthDayWiseServiceList
Action Parameters : {"messageFormat":"JSON","messageArguments":[{"request":{"NotificationId":0,"EmployeeId":6,"SalesVisitRequestId":0,"Month":1,"Year":2017,"Day":23,"ServiceId":0,"ReportId":0,"UnitId":0,"Latitude":null,"Longitude":null,"SearchTerm":null,"PageId":0,"LastCallDateTime":null,"PageNumber":null,"pageSize":0,"OrderId":0,"StatDate":null,"EndDate":null,"DeviceType":null,"DeviceToken":null,"ClientEmails":null,"CCEmail":null}}]}

2017-01-24 17:04:04.0144|INFO|api.Helpers.NLogger|JSON
Method: POST
URL: http://192.168.1.119:9999/api/v1/employee/GetServiceDetails
Controller : api.Controllers.EmployeeController
Action : GetServiceDetails
Action Parameters : {"messageFormat":"JSON","messageArguments":[{"request":{"NotificationId":0,"EmployeeId":6,"SalesVisitRequestId":0,"Month":0,"Year":0,"Day":0,"ServiceId":10040,"ReportId":0,"UnitId":0,"Latitude":null,"Longitude":null,"SearchTerm":null,"PageId":0,"LastCallDateTime":null,"PageNumber":null,"pageSize":0,"OrderId":0,"StatDate":null,"EndDate":null,"DeviceType":null,"DeviceToken":null,"ClientEmails":null,"CCEmail":null}}]}

2017-01-24 17:04:55.3974|INFO|api.Helpers.NLogger|JSON
Method: POST
URL: http://192.168.1.119:9999/api/v1/employee/GetDashBoardMonthWiseServiceCount
Controller : api.Controllers.EmployeeController
Action : GetDashBoardMonthWiseServiceCount
Action Parameters : {"messageFormat":"JSON","messageArguments":[{"request":{"NotificationId":0,"EmployeeId":6,"SalesVisitRequestId":0,"Month":2,"Year":2017,"Day":0,"ServiceId":0,"ReportId":0,"UnitId":0,"Latitude":null,"Longitude":null,"SearchTerm":null,"PageId":0,"LastCallDateTime":null,"PageNumber":null,"pageSize":0,"OrderId":0,"StatDate":null,"EndDate":null,"DeviceType":null,"DeviceToken":null,"ClientEmails":null,"CCEmail":null}}]}

2017-01-24 17:04:55.3974|INFO|api.Helpers.NLogger|JSON
Method: POST
URL: http://192.168.1.119:9999/api/v1/employee/GetDashBoardMonthWiseServiceCount
Controller : api.Controllers.EmployeeController
Action : GetDashBoardMonthWiseServiceCount
Action Parameters : {"messageFormat":"JSON","messageArguments":[{"request":{"NotificationId":0,"EmployeeId":6,"SalesVisitRequestId":0,"Month":1,"Year":2017,"Day":0,"ServiceId":0,"ReportId":0,"UnitId":0,"Latitude":null,"Longitude":null,"SearchTerm":null,"PageId":0,"LastCallDateTime":null,"PageNumber":null,"pageSize":0,"OrderId":0,"StatDate":null,"EndDate":null,"DeviceType":null,"DeviceToken":null,"ClientEmails":null,"CCEmail":null}}]}

2017-01-24 17:04:55.3974|INFO|api.Helpers.NLogger|JSON
Method: POST
URL: http://192.168.1.119:9999/api/v1/employee/GetDashBoardMonthDayWiseServiceList
Controller : api.Controllers.EmployeeController
Action : GetDashBoardMonthDayWiseServiceList
Action Parameters : {"messageFormat":"JSON","messageArguments":[{"request":{"NotificationId":0,"EmployeeId":6,"SalesVisitRequestId":0,"Month":1,"Year":2017,"Day":24,"ServiceId":0,"ReportId":0,"UnitId":0,"Latitude":null,"Longitude":null,"SearchTerm":null,"PageId":0,"LastCallDateTime":null,"PageNumber":null,"pageSize":0,"OrderId":0,"StatDate":null,"EndDate":null,"DeviceType":null,"DeviceToken":null,"ClientEmails":null,"CCEmail":null}}]}

2017-01-24 17:04:56.5364|INFO|api.Helpers.NLogger|JSON
Method: POST
URL: http://192.168.1.119:9999/api/v1/employee/GetDashBoardMonthDayWiseServiceList
Controller : api.Controllers.EmployeeController
Action : GetDashBoardMonthDayWiseServiceList
Action Parameters : {"messageFormat":"JSON","messageArguments":[{"request":{"NotificationId":0,"EmployeeId":6,"SalesVisitRequestId":0,"Month":1,"Year":2017,"Day":23,"ServiceId":0,"ReportId":0,"UnitId":0,"Latitude":null,"Longitude":null,"SearchTerm":null,"PageId":0,"LastCallDateTime":null,"PageNumber":null,"pageSize":0,"OrderId":0,"StatDate":null,"EndDate":null,"DeviceType":null,"DeviceToken":null,"ClientEmails":null,"CCEmail":null}}]}

2017-01-24 17:05:01.7464|INFO|api.Helpers.NLogger|JSON
Method: POST
URL: http://192.168.1.119:9999/api/v1/employee/GetDashBoardMonthWiseServiceCount
Controller : api.Controllers.EmployeeController
Action : GetDashBoardMonthWiseServiceCount
Action Parameters : {"messageFormat":"JSON","messageArguments":[{"request":{"NotificationId":0,"EmployeeId":6,"SalesVisitRequestId":0,"Month":1,"Year":2017,"Day":0,"ServiceId":0,"ReportId":0,"UnitId":0,"Latitude":null,"Longitude":null,"SearchTerm":null,"PageId":0,"LastCallDateTime":null,"PageNumber":null,"pageSize":0,"OrderId":0,"StatDate":null,"EndDate":null,"DeviceType":null,"DeviceToken":null,"ClientEmails":null,"CCEmail":null}}]}

2017-01-24 17:05:01.7464|INFO|api.Helpers.NLogger|JSON
Method: POST
URL: http://192.168.1.119:9999/api/v1/employee/GetDashBoardMonthWiseServiceCount
Controller : api.Controllers.EmployeeController
Action : GetDashBoardMonthWiseServiceCount
Action Parameters : {"messageFormat":"JSON","messageArguments":[{"request":{"NotificationId":0,"EmployeeId":6,"SalesVisitRequestId":0,"Month":2,"Year":2017,"Day":0,"ServiceId":0,"ReportId":0,"UnitId":0,"Latitude":null,"Longitude":null,"SearchTerm":null,"PageId":0,"LastCallDateTime":null,"PageNumber":null,"pageSize":0,"OrderId":0,"StatDate":null,"EndDate":null,"DeviceType":null,"DeviceToken":null,"ClientEmails":null,"CCEmail":null}}]}

2017-01-24 17:05:01.7464|INFO|api.Helpers.NLogger|JSON
Method: POST
URL: http://192.168.1.119:9999/api/v1/employee/GetDashBoardMonthDayWiseServiceList
Controller : api.Controllers.EmployeeController
Action : GetDashBoardMonthDayWiseServiceList
Action Parameters : {"messageFormat":"JSON","messageArguments":[{"request":{"NotificationId":0,"EmployeeId":6,"SalesVisitRequestId":0,"Month":1,"Year":2017,"Day":24,"ServiceId":0,"ReportId":0,"UnitId":0,"Latitude":null,"Longitude":null,"SearchTerm":null,"PageId":0,"LastCallDateTime":null,"PageNumber":null,"pageSize":0,"OrderId":0,"StatDate":null,"EndDate":null,"DeviceType":null,"DeviceToken":null,"ClientEmails":null,"CCEmail":null}}]}

2017-01-24 17:05:04.1668|INFO|api.Helpers.NLogger|JSON
Method: POST
URL: http://192.168.1.119:9999/api/v1/employee/GetAllCompletedReports
Controller : api.Controllers.EmployeeController
Action : GetAllCompletedReports
Action Parameters : {"messageFormat":"JSON","messageArguments":[{"emp":{"NotificationId":0,"EmployeeId":6,"SalesVisitRequestId":0,"Month":0,"Year":0,"Day":0,"ServiceId":0,"ReportId":0,"UnitId":0,"Latitude":null,"Longitude":null,"SearchTerm":"","PageId":0,"LastCallDateTime":null,"PageNumber":1,"pageSize":0,"OrderId":0,"StatDate":null,"EndDate":null,"DeviceType":null,"DeviceToken":null,"ClientEmails":null,"CCEmail":null}}]}

2017-01-24 17:05:05.9070|INFO|api.Helpers.NLogger|JSON
Method: POST
URL: http://192.168.1.119:9999/api/v1/employee/logout
Controller : api.Controllers.EmployeeController
Action : logout
Action Parameters : {"messageFormat":"JSON","messageArguments":[{"request":{"NotificationId":0,"EmployeeId":6,"SalesVisitRequestId":0,"Month":0,"Year":0,"Day":0,"ServiceId":0,"ReportId":0,"UnitId":0,"Latitude":null,"Longitude":null,"SearchTerm":null,"PageId":0,"LastCallDateTime":null,"PageNumber":null,"pageSize":0,"OrderId":0,"StatDate":null,"EndDate":null,"DeviceType":null,"DeviceToken":null,"ClientEmails":null,"CCEmail":null}}]}

2017-01-24 17:05:16.0391|INFO|api.Helpers.NLogger|JSON
Method: POST
URL: http://192.168.1.119:9999/api/v1/employee/login
Controller : api.Controllers.EmployeeController
Action : Login
Action Parameters : {"messageFormat":"JSON","messageArguments":[{"model":{"Email":"sanemp@gmail.com","Password":"7f2765757d527eaeeb14fb706039bac7","DeviceType":"iPhone","DeviceToken":"","Latitude":null,"Longitude":null}}]}

2017-01-24 17:05:16.2035|INFO|api.Helpers.NLogger|JSON
Method: POST
URL: http://192.168.1.119:9999/api/v1/employee/GetDashBoardMonthWiseServiceCount
Controller : api.Controllers.EmployeeController
Action : GetDashBoardMonthWiseServiceCount
Action Parameters : {"messageFormat":"JSON","messageArguments":[{"request":{"NotificationId":0,"EmployeeId":3,"SalesVisitRequestId":0,"Month":1,"Year":2017,"Day":0,"ServiceId":0,"ReportId":0,"UnitId":0,"Latitude":null,"Longitude":null,"SearchTerm":null,"PageId":0,"LastCallDateTime":null,"PageNumber":null,"pageSize":0,"OrderId":0,"StatDate":null,"EndDate":null,"DeviceType":null,"DeviceToken":null,"ClientEmails":null,"CCEmail":null}}]}

2017-01-24 17:05:16.2035|INFO|api.Helpers.NLogger|JSON
Method: POST
URL: http://192.168.1.119:9999/api/v1/employee/GetDashBoardMonthWiseServiceCount
Controller : api.Controllers.EmployeeController
Action : GetDashBoardMonthWiseServiceCount
Action Parameters : {"messageFormat":"JSON","messageArguments":[{"request":{"NotificationId":0,"EmployeeId":3,"SalesVisitRequestId":0,"Month":2,"Year":2017,"Day":0,"ServiceId":0,"ReportId":0,"UnitId":0,"Latitude":null,"Longitude":null,"SearchTerm":null,"PageId":0,"LastCallDateTime":null,"PageNumber":null,"pageSize":0,"OrderId":0,"StatDate":null,"EndDate":null,"DeviceType":null,"DeviceToken":null,"ClientEmails":null,"CCEmail":null}}]}

2017-01-24 17:05:16.2035|INFO|api.Helpers.NLogger|JSON
Method: POST
URL: http://192.168.1.119:9999/api/v1/employee/GetDashBoardMonthDayWiseServiceList
Controller : api.Controllers.EmployeeController
Action : GetDashBoardMonthDayWiseServiceList
Action Parameters : {"messageFormat":"JSON","messageArguments":[{"request":{"NotificationId":0,"EmployeeId":3,"SalesVisitRequestId":0,"Month":1,"Year":2017,"Day":24,"ServiceId":0,"ReportId":0,"UnitId":0,"Latitude":null,"Longitude":null,"SearchTerm":null,"PageId":0,"LastCallDateTime":null,"PageNumber":null,"pageSize":0,"OrderId":0,"StatDate":null,"EndDate":null,"DeviceType":null,"DeviceToken":null,"ClientEmails":null,"CCEmail":null}}]}

2017-01-24 17:05:18.9657|INFO|api.Helpers.NLogger|JSON
Method: POST
URL: http://192.168.1.119:9999/api/v1/employee/GetDashBoardMonthDayWiseServiceList
Controller : api.Controllers.EmployeeController
Action : GetDashBoardMonthDayWiseServiceList
Action Parameters : {"messageFormat":"JSON","messageArguments":[{"request":{"NotificationId":0,"EmployeeId":3,"SalesVisitRequestId":0,"Month":1,"Year":2017,"Day":23,"ServiceId":0,"ReportId":0,"UnitId":0,"Latitude":null,"Longitude":null,"SearchTerm":null,"PageId":0,"LastCallDateTime":null,"PageNumber":null,"pageSize":0,"OrderId":0,"StatDate":null,"EndDate":null,"DeviceType":null,"DeviceToken":null,"ClientEmails":null,"CCEmail":null}}]}

2017-01-24 17:05:20.6432|INFO|api.Helpers.NLogger|JSON
Method: POST
URL: http://192.168.1.119:9999/api/v1/employee/GetDashBoardMonthDayWiseServiceList
Controller : api.Controllers.EmployeeController
Action : GetDashBoardMonthDayWiseServiceList
Action Parameters : {"messageFormat":"JSON","messageArguments":[{"request":{"NotificationId":0,"EmployeeId":3,"SalesVisitRequestId":0,"Month":1,"Year":2017,"Day":24,"ServiceId":0,"ReportId":0,"UnitId":0,"Latitude":null,"Longitude":null,"SearchTerm":null,"PageId":0,"LastCallDateTime":null,"PageNumber":null,"pageSize":0,"OrderId":0,"StatDate":null,"EndDate":null,"DeviceType":null,"DeviceToken":null,"ClientEmails":null,"CCEmail":null}}]}

2017-01-24 17:05:22.2430|INFO|api.Helpers.NLogger|JSON
Method: POST
URL: http://192.168.1.119:9999/api/v1/employee/GetDashBoardMonthDayWiseServiceList
Controller : api.Controllers.EmployeeController
Action : GetDashBoardMonthDayWiseServiceList
Action Parameters : {"messageFormat":"JSON","messageArguments":[{"request":{"NotificationId":0,"EmployeeId":3,"SalesVisitRequestId":0,"Month":1,"Year":2017,"Day":23,"ServiceId":0,"ReportId":0,"UnitId":0,"Latitude":null,"Longitude":null,"SearchTerm":null,"PageId":0,"LastCallDateTime":null,"PageNumber":null,"pageSize":0,"OrderId":0,"StatDate":null,"EndDate":null,"DeviceType":null,"DeviceToken":null,"ClientEmails":null,"CCEmail":null}}]}

2017-01-24 17:05:23.2333|INFO|api.Helpers.NLogger|JSON
Method: POST
URL: http://192.168.1.119:9999/api/v1/employee/GetServiceDetails
Controller : api.Controllers.EmployeeController
Action : GetServiceDetails
Action Parameters : {"messageFormat":"JSON","messageArguments":[{"request":{"NotificationId":0,"EmployeeId":3,"SalesVisitRequestId":0,"Month":0,"Year":0,"Day":0,"ServiceId":10024,"ReportId":0,"UnitId":0,"Latitude":null,"Longitude":null,"SearchTerm":null,"PageId":0,"LastCallDateTime":null,"PageNumber":null,"pageSize":0,"OrderId":0,"StatDate":null,"EndDate":null,"DeviceType":null,"DeviceToken":null,"ClientEmails":null,"CCEmail":null}}]}

2017-01-24 17:05:24.5003|INFO|api.Helpers.NLogger|JSON
Method: POST
URL: http://192.168.1.119:9999/api/v1/employee/GetDashBoardMonthWiseServiceCount
Controller : api.Controllers.EmployeeController
Action : GetDashBoardMonthWiseServiceCount
Action Parameters : {"messageFormat":"JSON","messageArguments":[{"request":{"NotificationId":0,"EmployeeId":3,"SalesVisitRequestId":0,"Month":1,"Year":2017,"Day":0,"ServiceId":0,"ReportId":0,"UnitId":0,"Latitude":null,"Longitude":null,"SearchTerm":null,"PageId":0,"LastCallDateTime":null,"PageNumber":null,"pageSize":0,"OrderId":0,"StatDate":null,"EndDate":null,"DeviceType":null,"DeviceToken":null,"ClientEmails":null,"CCEmail":null}}]}

2017-01-24 17:05:24.5003|INFO|api.Helpers.NLogger|JSON
Method: POST
URL: http://192.168.1.119:9999/api/v1/employee/GetDashBoardMonthWiseServiceCount
Controller : api.Controllers.EmployeeController
Action : GetDashBoardMonthWiseServiceCount
Action Parameters : {"messageFormat":"JSON","messageArguments":[{"request":{"NotificationId":0,"EmployeeId":3,"SalesVisitRequestId":0,"Month":2,"Year":2017,"Day":0,"ServiceId":0,"ReportId":0,"UnitId":0,"Latitude":null,"Longitude":null,"SearchTerm":null,"PageId":0,"LastCallDateTime":null,"PageNumber":null,"pageSize":0,"OrderId":0,"StatDate":null,"EndDate":null,"DeviceType":null,"DeviceToken":null,"ClientEmails":null,"CCEmail":null}}]}

2017-01-24 17:05:24.5003|INFO|api.Helpers.NLogger|JSON
Method: POST
URL: http://192.168.1.119:9999/api/v1/employee/GetDashBoardMonthDayWiseServiceList
Controller : api.Controllers.EmployeeController
Action : GetDashBoardMonthDayWiseServiceList
Action Parameters : {"messageFormat":"JSON","messageArguments":[{"request":{"NotificationId":0,"EmployeeId":3,"SalesVisitRequestId":0,"Month":1,"Year":2017,"Day":24,"ServiceId":0,"ReportId":0,"UnitId":0,"Latitude":null,"Longitude":null,"SearchTerm":null,"PageId":0,"LastCallDateTime":null,"PageNumber":null,"pageSize":0,"OrderId":0,"StatDate":null,"EndDate":null,"DeviceType":null,"DeviceToken":null,"ClientEmails":null,"CCEmail":null}}]}

2017-01-24 17:05:25.5231|INFO|api.Helpers.NLogger|JSON
Method: POST
URL: http://192.168.1.119:9999/api/v1/employee/GetDashBoardMonthDayWiseServiceList
Controller : api.Controllers.EmployeeController
Action : GetDashBoardMonthDayWiseServiceList
Action Parameters : {"messageFormat":"JSON","messageArguments":[{"request":{"NotificationId":0,"EmployeeId":3,"SalesVisitRequestId":0,"Month":1,"Year":2017,"Day":24,"ServiceId":0,"ReportId":0,"UnitId":0,"Latitude":null,"Longitude":null,"SearchTerm":null,"PageId":0,"LastCallDateTime":null,"PageNumber":null,"pageSize":0,"OrderId":0,"StatDate":null,"EndDate":null,"DeviceType":null,"DeviceToken":null,"ClientEmails":null,"CCEmail":null}}]}

2017-01-24 17:05:27.3860|INFO|api.Helpers.NLogger|JSON
Method: POST
URL: http://192.168.1.119:9999/api/v1/employee/GetServiceDetails
Controller : api.Controllers.EmployeeController
Action : GetServiceDetails
Action Parameters : {"messageFormat":"JSON","messageArguments":[{"request":{"NotificationId":0,"EmployeeId":3,"SalesVisitRequestId":0,"Month":0,"Year":0,"Day":0,"ServiceId":10020,"ReportId":0,"UnitId":0,"Latitude":null,"Longitude":null,"SearchTerm":null,"PageId":0,"LastCallDateTime":null,"PageNumber":null,"pageSize":0,"OrderId":0,"StatDate":null,"EndDate":null,"DeviceType":null,"DeviceToken":null,"ClientEmails":null,"CCEmail":null}}]}

2017-01-24 17:05:54.3747|INFO|api.Helpers.NLogger|JSON
Method: POST
URL: http://192.168.1.119:9999/api/v1/employee/GetDashBoardMonthWiseServiceCount
Controller : api.Controllers.EmployeeController
Action : GetDashBoardMonthWiseServiceCount
Action Parameters : {"messageFormat":"JSON","messageArguments":[{"request":{"NotificationId":0,"EmployeeId":3,"SalesVisitRequestId":0,"Month":1,"Year":2017,"Day":0,"ServiceId":0,"ReportId":0,"UnitId":0,"Latitude":null,"Longitude":null,"SearchTerm":null,"PageId":0,"LastCallDateTime":null,"PageNumber":null,"pageSize":0,"OrderId":0,"StatDate":null,"EndDate":null,"DeviceType":null,"DeviceToken":null,"ClientEmails":null,"CCEmail":null}}]}

2017-01-24 17:05:54.3747|INFO|api.Helpers.NLogger|JSON
Method: POST
URL: http://192.168.1.119:9999/api/v1/employee/GetDashBoardMonthWiseServiceCount
Controller : api.Controllers.EmployeeController
Action : GetDashBoardMonthWiseServiceCount
Action Parameters : {"messageFormat":"JSON","messageArguments":[{"request":{"NotificationId":0,"EmployeeId":3,"SalesVisitRequestId":0,"Month":2,"Year":2017,"Day":0,"ServiceId":0,"ReportId":0,"UnitId":0,"Latitude":null,"Longitude":null,"SearchTerm":null,"PageId":0,"LastCallDateTime":null,"PageNumber":null,"pageSize":0,"OrderId":0,"StatDate":null,"EndDate":null,"DeviceType":null,"DeviceToken":null,"ClientEmails":null,"CCEmail":null}}]}

2017-01-24 17:05:54.3747|INFO|api.Helpers.NLogger|JSON
Method: POST
URL: http://192.168.1.119:9999/api/v1/employee/GetDashBoardMonthDayWiseServiceList
Controller : api.Controllers.EmployeeController
Action : GetDashBoardMonthDayWiseServiceList
Action Parameters : {"messageFormat":"JSON","messageArguments":[{"request":{"NotificationId":0,"EmployeeId":3,"SalesVisitRequestId":0,"Month":1,"Year":2017,"Day":24,"ServiceId":0,"ReportId":0,"UnitId":0,"Latitude":null,"Longitude":null,"SearchTerm":null,"PageId":0,"LastCallDateTime":null,"PageNumber":null,"pageSize":0,"OrderId":0,"StatDate":null,"EndDate":null,"DeviceType":null,"DeviceToken":null,"ClientEmails":null,"CCEmail":null}}]}

2017-01-24 17:05:56.4271|INFO|api.Helpers.NLogger|JSON
Method: POST
URL: http://192.168.1.119:9999/api/v1/employee/GetDashBoardMonthWiseServiceCount
Controller : api.Controllers.EmployeeController
Action : GetDashBoardMonthWiseServiceCount
Action Parameters : {"messageFormat":"JSON","messageArguments":[{"request":{"NotificationId":0,"EmployeeId":3,"SalesVisitRequestId":0,"Month":1,"Year":2017,"Day":0,"ServiceId":0,"ReportId":0,"UnitId":0,"Latitude":null,"Longitude":null,"SearchTerm":null,"PageId":0,"LastCallDateTime":null,"PageNumber":null,"pageSize":0,"OrderId":0,"StatDate":null,"EndDate":null,"DeviceType":null,"DeviceToken":null,"ClientEmails":null,"CCEmail":null}}]}

2017-01-24 17:05:56.4271|INFO|api.Helpers.NLogger|JSON
Method: POST
URL: http://192.168.1.119:9999/api/v1/employee/GetDashBoardMonthWiseServiceCount
Controller : api.Controllers.EmployeeController
Action : GetDashBoardMonthWiseServiceCount
Action Parameters : {"messageFormat":"JSON","messageArguments":[{"request":{"NotificationId":0,"EmployeeId":3,"SalesVisitRequestId":0,"Month":2,"Year":2017,"Day":0,"ServiceId":0,"ReportId":0,"UnitId":0,"Latitude":null,"Longitude":null,"SearchTerm":null,"PageId":0,"LastCallDateTime":null,"PageNumber":null,"pageSize":0,"OrderId":0,"StatDate":null,"EndDate":null,"DeviceType":null,"DeviceToken":null,"ClientEmails":null,"CCEmail":null}}]}

2017-01-24 17:05:56.4271|INFO|api.Helpers.NLogger|JSON
Method: POST
URL: http://192.168.1.119:9999/api/v1/employee/GetDashBoardMonthDayWiseServiceList
Controller : api.Controllers.EmployeeController
Action : GetDashBoardMonthDayWiseServiceList
Action Parameters : {"messageFormat":"JSON","messageArguments":[{"request":{"NotificationId":0,"EmployeeId":3,"SalesVisitRequestId":0,"Month":1,"Year":2017,"Day":24,"ServiceId":0,"ReportId":0,"UnitId":0,"Latitude":null,"Longitude":null,"SearchTerm":null,"PageId":0,"LastCallDateTime":null,"PageNumber":null,"pageSize":0,"OrderId":0,"StatDate":null,"EndDate":null,"DeviceType":null,"DeviceToken":null,"ClientEmails":null,"CCEmail":null}}]}

2017-01-24 17:05:57.1777|INFO|api.Helpers.NLogger|JSON
Method: POST
URL: http://192.168.1.119:9999/api/v1/employee/GetServiceDetails
Controller : api.Controllers.EmployeeController
Action : GetServiceDetails
Action Parameters : {"messageFormat":"JSON","messageArguments":[{"request":{"NotificationId":0,"EmployeeId":3,"SalesVisitRequestId":0,"Month":0,"Year":0,"Day":0,"ServiceId":10020,"ReportId":0,"UnitId":0,"Latitude":null,"Longitude":null,"SearchTerm":null,"PageId":0,"LastCallDateTime":null,"PageNumber":null,"pageSize":0,"OrderId":0,"StatDate":null,"EndDate":null,"DeviceType":null,"DeviceToken":null,"ClientEmails":null,"CCEmail":null}}]}

2017-01-24 17:05:59.2564|INFO|api.Helpers.NLogger|JSON
Method: POST
URL: http://192.168.1.119:9999/api/v1/employee/GetDashBoardMonthWiseServiceCount
Controller : api.Controllers.EmployeeController
Action : GetDashBoardMonthWiseServiceCount
Action Parameters : {"messageFormat":"JSON","messageArguments":[{"request":{"NotificationId":0,"EmployeeId":3,"SalesVisitRequestId":0,"Month":1,"Year":2017,"Day":0,"ServiceId":0,"ReportId":0,"UnitId":0,"Latitude":null,"Longitude":null,"SearchTerm":null,"PageId":0,"LastCallDateTime":null,"PageNumber":null,"pageSize":0,"OrderId":0,"StatDate":null,"EndDate":null,"DeviceType":null,"DeviceToken":null,"ClientEmails":null,"CCEmail":null}}]}

2017-01-24 17:05:59.2564|INFO|api.Helpers.NLogger|JSON
Method: POST
URL: http://192.168.1.119:9999/api/v1/employee/GetDashBoardMonthWiseServiceCount
Controller : api.Controllers.EmployeeController
Action : GetDashBoardMonthWiseServiceCount
Action Parameters : {"messageFormat":"JSON","messageArguments":[{"request":{"NotificationId":0,"EmployeeId":3,"SalesVisitRequestId":0,"Month":2,"Year":2017,"Day":0,"ServiceId":0,"ReportId":0,"UnitId":0,"Latitude":null,"Longitude":null,"SearchTerm":null,"PageId":0,"LastCallDateTime":null,"PageNumber":null,"pageSize":0,"OrderId":0,"StatDate":null,"EndDate":null,"DeviceType":null,"DeviceToken":null,"ClientEmails":null,"CCEmail":null}}]}

2017-01-24 17:05:59.2564|INFO|api.Helpers.NLogger|JSON
Method: POST
URL: http://192.168.1.119:9999/api/v1/employee/GetDashBoardMonthDayWiseServiceList
Controller : api.Controllers.EmployeeController
Action : GetDashBoardMonthDayWiseServiceList
Action Parameters : {"messageFormat":"JSON","messageArguments":[{"request":{"NotificationId":0,"EmployeeId":3,"SalesVisitRequestId":0,"Month":1,"Year":2017,"Day":24,"ServiceId":0,"ReportId":0,"UnitId":0,"Latitude":null,"Longitude":null,"SearchTerm":null,"PageId":0,"LastCallDateTime":null,"PageNumber":null,"pageSize":0,"OrderId":0,"StatDate":null,"EndDate":null,"DeviceType":null,"DeviceToken":null,"ClientEmails":null,"CCEmail":null}}]}

2017-01-24 17:06:00.1347|INFO|api.Helpers.NLogger|JSON
Method: POST
URL: http://192.168.1.119:9999/api/v1/employee/GetServiceDetails
Controller : api.Controllers.EmployeeController
Action : GetServiceDetails
Action Parameters : {"messageFormat":"JSON","messageArguments":[{"request":{"NotificationId":0,"EmployeeId":3,"SalesVisitRequestId":0,"Month":0,"Year":0,"Day":0,"ServiceId":10079,"ReportId":0,"UnitId":0,"Latitude":null,"Longitude":null,"SearchTerm":null,"PageId":0,"LastCallDateTime":null,"PageNumber":null,"pageSize":0,"OrderId":0,"StatDate":null,"EndDate":null,"DeviceType":null,"DeviceToken":null,"ClientEmails":null,"CCEmail":null}}]}

2017-01-24 17:06:06.1211|INFO|api.Helpers.NLogger|JSON
Method: POST
URL: http://192.168.1.119:9999/api/v1/employee/GetDashBoardMonthWiseServiceCount
Controller : api.Controllers.EmployeeController
Action : GetDashBoardMonthWiseServiceCount
Action Parameters : {"messageFormat":"JSON","messageArguments":[{"request":{"NotificationId":0,"EmployeeId":3,"SalesVisitRequestId":0,"Month":1,"Year":2017,"Day":0,"ServiceId":0,"ReportId":0,"UnitId":0,"Latitude":null,"Longitude":null,"SearchTerm":null,"PageId":0,"LastCallDateTime":null,"PageNumber":null,"pageSize":0,"OrderId":0,"StatDate":null,"EndDate":null,"DeviceType":null,"DeviceToken":null,"ClientEmails":null,"CCEmail":null}}]}

2017-01-24 17:06:06.1211|INFO|api.Helpers.NLogger|JSON
Method: POST
URL: http://192.168.1.119:9999/api/v1/employee/GetDashBoardMonthWiseServiceCount
Controller : api.Controllers.EmployeeController
Action : GetDashBoardMonthWiseServiceCount
Action Parameters : {"messageFormat":"JSON","messageArguments":[{"request":{"NotificationId":0,"EmployeeId":3,"SalesVisitRequestId":0,"Month":2,"Year":2017,"Day":0,"ServiceId":0,"ReportId":0,"UnitId":0,"Latitude":null,"Longitude":null,"SearchTerm":null,"PageId":0,"LastCallDateTime":null,"PageNumber":null,"pageSize":0,"OrderId":0,"StatDate":null,"EndDate":null,"DeviceType":null,"DeviceToken":null,"ClientEmails":null,"CCEmail":null}}]}

2017-01-24 17:06:06.1211|INFO|api.Helpers.NLogger|JSON
Method: POST
URL: http://192.168.1.119:9999/api/v1/employee/GetDashBoardMonthDayWiseServiceList
Controller : api.Controllers.EmployeeController
Action : GetDashBoardMonthDayWiseServiceList
Action Parameters : {"messageFormat":"JSON","messageArguments":[{"request":{"NotificationId":0,"EmployeeId":3,"SalesVisitRequestId":0,"Month":1,"Year":2017,"Day":24,"ServiceId":0,"ReportId":0,"UnitId":0,"Latitude":null,"Longitude":null,"SearchTerm":null,"PageId":0,"LastCallDateTime":null,"PageNumber":null,"pageSize":0,"OrderId":0,"StatDate":null,"EndDate":null,"DeviceType":null,"DeviceToken":null,"ClientEmails":null,"CCEmail":null}}]}

2017-01-24 17:06:06.9736|INFO|api.Helpers.NLogger|JSON
Method: POST
URL: http://192.168.1.119:9999/api/v1/employee/GetServiceDetails
Controller : api.Controllers.EmployeeController
Action : GetServiceDetails
Action Parameters : {"messageFormat":"JSON","messageArguments":[{"request":{"NotificationId":0,"EmployeeId":3,"SalesVisitRequestId":0,"Month":0,"Year":0,"Day":0,"ServiceId":10020,"ReportId":0,"UnitId":0,"Latitude":null,"Longitude":null,"SearchTerm":null,"PageId":0,"LastCallDateTime":null,"PageNumber":null,"pageSize":0,"OrderId":0,"StatDate":null,"EndDate":null,"DeviceType":null,"DeviceToken":null,"ClientEmails":null,"CCEmail":null}}]}

2017-01-24 17:06:32.3632|INFO|api.Helpers.NLogger|JSON
Method: POST
URL: http://192.168.1.119:9999/api/v1/empcommon/GetPartsByTypeForUnit
Controller : api.Controllers.EmpCommonController
Action : GetPartsByTypeForUnit
Action Parameters : {"messageFormat":"JSON","messageArguments":[{"request":{"Email":null,"ClientId":0,"PlanTypeId":0,"PlanId":0,"PartId":0,"Month":0,"Year":0,"AddressId":null,"UnitId":0,"ServiceId":null,"RequestedServiceId":null,"PartType":null,"PartTypeId":null,"PageId":0,"ShowDeleted":false,"ServiceCaseNumber":null,"LastCallDateTime":null,"PageNumber":null,"pageSize":0,"DeviceType":null,"DeviceToken":null,"NotificationId":null,"EmployeeId":3,"BillingId":null}}]}

2017-01-24 17:07:26.5524|INFO|api.Helpers.NLogger|JSON
Method: POST
URL: http://192.168.1.119:9999/api/v1/employee/GetDashBoardMonthWiseServiceCount
Controller : api.Controllers.EmployeeController
Action : GetDashBoardMonthWiseServiceCount
Action Parameters : {"messageFormat":"JSON","messageArguments":[{"request":{"NotificationId":0,"EmployeeId":3,"SalesVisitRequestId":0,"Month":1,"Year":2017,"Day":0,"ServiceId":0,"ReportId":0,"UnitId":0,"Latitude":null,"Longitude":null,"SearchTerm":null,"PageId":0,"LastCallDateTime":null,"PageNumber":null,"pageSize":0,"OrderId":0,"StatDate":null,"EndDate":null,"DeviceType":null,"DeviceToken":null,"ClientEmails":null,"CCEmail":null}}]}

2017-01-24 17:07:26.5524|INFO|api.Helpers.NLogger|JSON
Method: POST
URL: http://192.168.1.119:9999/api/v1/employee/GetDashBoardMonthWiseServiceCount
Controller : api.Controllers.EmployeeController
Action : GetDashBoardMonthWiseServiceCount
Action Parameters : {"messageFormat":"JSON","messageArguments":[{"request":{"NotificationId":0,"EmployeeId":3,"SalesVisitRequestId":0,"Month":2,"Year":2017,"Day":0,"ServiceId":0,"ReportId":0,"UnitId":0,"Latitude":null,"Longitude":null,"SearchTerm":null,"PageId":0,"LastCallDateTime":null,"PageNumber":null,"pageSize":0,"OrderId":0,"StatDate":null,"EndDate":null,"DeviceType":null,"DeviceToken":null,"ClientEmails":null,"CCEmail":null}}]}

2017-01-24 17:07:26.5524|INFO|api.Helpers.NLogger|JSON
Method: POST
URL: http://192.168.1.119:9999/api/v1/employee/GetDashBoardMonthDayWiseServiceList
Controller : api.Controllers.EmployeeController
Action : GetDashBoardMonthDayWiseServiceList
Action Parameters : {"messageFormat":"JSON","messageArguments":[{"request":{"NotificationId":0,"EmployeeId":3,"SalesVisitRequestId":0,"Month":1,"Year":2017,"Day":24,"ServiceId":0,"ReportId":0,"UnitId":0,"Latitude":null,"Longitude":null,"SearchTerm":null,"PageId":0,"LastCallDateTime":null,"PageNumber":null,"pageSize":0,"OrderId":0,"StatDate":null,"EndDate":null,"DeviceType":null,"DeviceToken":null,"ClientEmails":null,"CCEmail":null}}]}

2017-01-24 17:07:28.9061|INFO|api.Helpers.NLogger|JSON
Method: GET
URL: http://192.168.1.119:9999/api/v1/employee/GetAllClients?EmployeeId=3&ShowOnlyWorkAreaClient=false
Controller : api.Controllers.EmployeeController
Action : GetAllClients
Action Parameters : {"messageFormat":"JSON","messageArguments":[{"EmployeeId":3,"ShowOnlyWorkAreaClient":false}]}

2017-01-24 17:07:35.3306|INFO|api.Helpers.NLogger|JSON
Method: GET
URL: http://192.168.1.119:9999/api/v1/employee/GetClientAddress?ClientId=4&EmployeeId=3
Controller : api.Controllers.EmployeeController
Action : GetClientAddress
Action Parameters : {"messageFormat":"JSON","messageArguments":[{"ClientId":4,"EmployeeId":3}]}

2017-01-24 17:07:35.4792|INFO|api.Helpers.NLogger|JSON
Method: GET
URL: http://192.168.1.119:9999/api/v1/empcommon/GetAllPlanTypeFromAddressID?AddressID=5&EmployeeId=3
Controller : api.Controllers.EmpCommonController
Action : GetAllPlanTypeFromAddressID
Action Parameters : {"messageFormat":"JSON","messageArguments":[{"AddressId":5,"EmployeeId":3}]}

2017-01-24 17:07:35.6631|INFO|api.Helpers.NLogger|JSON
Method: POST
URL: http://192.168.1.119:9999/api/v1/empcommon/GetScheduleTimeByServiceId
Controller : api.Controllers.EmpCommonController
Action : GetScheduleTimeByPlanTypeServiceId
Action Parameters : {"messageFormat":"JSON","messageArguments":[{"request":{"Email":null,"ClientId":0,"PlanTypeId":1,"PlanId":0,"PartId":0,"Month":0,"Year":0,"AddressId":null,"UnitId":0,"ServiceId":null,"RequestedServiceId":null,"PartType":null,"PartTypeId":null,"PageId":0,"ShowDeleted":false,"ServiceCaseNumber":null,"LastCallDateTime":null,"PageNumber":null,"pageSize":0,"DeviceType":null,"DeviceToken":null,"NotificationId":null,"EmployeeId":3,"BillingId":null}}]}

2017-01-24 17:07:35.6631|INFO|api.Helpers.NLogger|JSON
Method: POST
URL: http://192.168.1.119:9999/api/v1/employee/GetClientUnitByAddressIdPlanType
Controller : api.Controllers.NewEmployeeController
Action : GetClientUnit
Action Parameters : {"messageFormat":"JSON","messageArguments":[{"request":{"Email":null,"ClientId":4,"PlanTypeId":1,"PlanId":0,"PartId":0,"Month":0,"Year":0,"AddressId":5,"UnitId":0,"ServiceId":null,"RequestedServiceId":null,"PartType":null,"PartTypeId":null,"PageId":0,"ShowDeleted":false,"ServiceCaseNumber":null,"LastCallDateTime":null,"PageNumber":null,"pageSize":0,"DeviceType":null,"DeviceToken":null,"NotificationId":null,"EmployeeId":3,"BillingId":null}}]}

2017-01-24 17:07:35.6941|INFO|api.Helpers.NLogger|JSON
Method: POST
URL: http://192.168.1.119:9999/api/v1/empcommon/GetScheduleTimeByServiceId
Controller : api.Controllers.EmpCommonController
Action : GetScheduleTimeByPlanTypeServiceId
Action Parameters : {"messageFormat":"JSON","messageArguments":[{"request":{"Email":null,"ClientId":0,"PlanTypeId":1,"PlanId":0,"PartId":0,"Month":0,"Year":0,"AddressId":null,"UnitId":0,"ServiceId":null,"RequestedServiceId":null,"PartType":null,"PartTypeId":null,"PageId":0,"ShowDeleted":false,"ServiceCaseNumber":null,"LastCallDateTime":null,"PageNumber":null,"pageSize":0,"DeviceType":null,"DeviceToken":null,"NotificationId":null,"EmployeeId":3,"BillingId":null}}]}

2017-01-24 17:07:48.8313|INFO|api.Helpers.NLogger|JSON
Method: POST
URL: http://192.168.1.119:9999/api/v1/employee/SubmitRequestServiceForClient
Controller : api.Controllers.EmployeeController
Action : SubmitRequestServiceForClient
Action Parameters : {"messageFormat":"JSON","messageArguments":[{"SubmittedData":{"EmployeeId":3,"ClientId":4,"AddressId":5,"UnitIds":[1083,1047],"TimeSlot":"08:00 AM - 12:00 PM","ServiceDate":"\/Date(1485282600000)\/","PurposeOfVisit":"Continuing Previous Work","Notes":"Added from employee"}}]}

2017-01-24 17:07:48.9903|INFO|api.Helpers.NLogger|JSON
Method: POST
URL: http://192.168.1.119:9999/api/v1/employee/GetDashBoardMonthWiseServiceCount
Controller : api.Controllers.EmployeeController
Action : GetDashBoardMonthWiseServiceCount
Action Parameters : {"messageFormat":"JSON","messageArguments":[{"request":{"NotificationId":0,"EmployeeId":3,"SalesVisitRequestId":0,"Month":1,"Year":2017,"Day":0,"ServiceId":0,"ReportId":0,"UnitId":0,"Latitude":null,"Longitude":null,"SearchTerm":null,"PageId":0,"LastCallDateTime":null,"PageNumber":null,"pageSize":0,"OrderId":0,"StatDate":null,"EndDate":null,"DeviceType":null,"DeviceToken":null,"ClientEmails":null,"CCEmail":null}}]}

2017-01-24 17:07:48.9903|INFO|api.Helpers.NLogger|JSON
Method: POST
URL: http://192.168.1.119:9999/api/v1/employee/GetDashBoardMonthWiseServiceCount
Controller : api.Controllers.EmployeeController
Action : GetDashBoardMonthWiseServiceCount
Action Parameters : {"messageFormat":"JSON","messageArguments":[{"request":{"NotificationId":0,"EmployeeId":3,"SalesVisitRequestId":0,"Month":2,"Year":2017,"Day":0,"ServiceId":0,"ReportId":0,"UnitId":0,"Latitude":null,"Longitude":null,"SearchTerm":null,"PageId":0,"LastCallDateTime":null,"PageNumber":null,"pageSize":0,"OrderId":0,"StatDate":null,"EndDate":null,"DeviceType":null,"DeviceToken":null,"ClientEmails":null,"CCEmail":null}}]}

2017-01-24 17:07:48.9903|INFO|api.Helpers.NLogger|JSON
Method: POST
URL: http://192.168.1.119:9999/api/v1/employee/GetDashBoardMonthDayWiseServiceList
Controller : api.Controllers.EmployeeController
Action : GetDashBoardMonthDayWiseServiceList
Action Parameters : {"messageFormat":"JSON","messageArguments":[{"request":{"NotificationId":0,"EmployeeId":3,"SalesVisitRequestId":0,"Month":1,"Year":2017,"Day":24,"ServiceId":0,"ReportId":0,"UnitId":0,"Latitude":null,"Longitude":null,"SearchTerm":null,"PageId":0,"LastCallDateTime":null,"PageNumber":null,"pageSize":0,"OrderId":0,"StatDate":null,"EndDate":null,"DeviceType":null,"DeviceToken":null,"ClientEmails":null,"CCEmail":null}}]}

2017-01-24 17:08:06.9804|INFO|api.Helpers.NLogger|JSON
Method: POST
URL: http://192.168.1.119:9999/api/v1/employee/GetServiceDetails
Controller : api.Controllers.EmployeeController
Action : GetServiceDetails
Action Parameters : {"messageFormat":"JSON","messageArguments":[{"request":{"NotificationId":0,"EmployeeId":3,"SalesVisitRequestId":0,"Month":0,"Year":0,"Day":0,"ServiceId":10020,"ReportId":0,"UnitId":0,"Latitude":null,"Longitude":null,"SearchTerm":null,"PageId":0,"LastCallDateTime":null,"PageNumber":null,"pageSize":0,"OrderId":0,"StatDate":null,"EndDate":null,"DeviceType":null,"DeviceToken":null,"ClientEmails":null,"CCEmail":null}}]}

2017-01-24 17:08:59.7467|INFO|api.Helpers.NLogger|JSON
Method: POST
URL: http://192.168.1.119:9999/api/v1/employee/SubmitServiceReport
Controller : api.Controllers.EmployeeController
Action : SubmitServiceReport
Action Parameters : {"messageFormat":"JSON","messageArguments":[{"request":{"EmployeeId":3,"ServiceId":10020,"ScheduleStartTime":"05:08 PM","ScheduleEndTime":"05:08 PM","IsWorkNotDone":false,"WorkPerformed":"Work done","Recommendationsforcustomer":"","BillingType":null,"EmailToClient":["office.testing@yahoo.com",""],"CCEmail":"","RequestedParts":[],"EmployeeNotes":"Employee notes","Units":[{"Id":1048,"UnitName":null,"IsCompleted":true,"ServiceUnitParts":[{"PartId":3,"PartName":null,"Qty":8},{"PartId":4,"PartName":null,"Qty":1}]}],"Images":null,"ClientId":null,"StartLatitude":null,"StartLongitude":null,"EndLatitude":null,"EndLongitude":null,"ClientEmails":null}}]}

2017-01-24 17:09:00.1031|INFO|api.Helpers.NLogger|JSON
Method: POST
URL: http://192.168.1.119:9999/api/v1/employee/SubmitServiceReportImage
Controller : api.Controllers.EmployeeController
Action : SubmitServiceReportImage
Action Parameters : {"messageFormat":"JSON","messageArguments":[{}]}

2017-01-24 17:09:07.2424|INFO|api.Helpers.NLogger|JSON
Method: POST
URL: http://192.168.1.119:9999/api/v1/employee/GetDashBoardMonthWiseServiceCount
Controller : api.Controllers.EmployeeController
Action : GetDashBoardMonthWiseServiceCount
Action Parameters : {"messageFormat":"JSON","messageArguments":[{"request":{"NotificationId":0,"EmployeeId":3,"SalesVisitRequestId":0,"Month":1,"Year":2017,"Day":0,"ServiceId":0,"ReportId":0,"UnitId":0,"Latitude":null,"Longitude":null,"SearchTerm":null,"PageId":0,"LastCallDateTime":null,"PageNumber":null,"pageSize":0,"OrderId":0,"StatDate":null,"EndDate":null,"DeviceType":null,"DeviceToken":null,"ClientEmails":null,"CCEmail":null}}]}

2017-01-24 17:09:07.2424|INFO|api.Helpers.NLogger|JSON
Method: POST
URL: http://192.168.1.119:9999/api/v1/employee/GetDashBoardMonthWiseServiceCount
Controller : api.Controllers.EmployeeController
Action : GetDashBoardMonthWiseServiceCount
Action Parameters : {"messageFormat":"JSON","messageArguments":[{"request":{"NotificationId":0,"EmployeeId":3,"SalesVisitRequestId":0,"Month":2,"Year":2017,"Day":0,"ServiceId":0,"ReportId":0,"UnitId":0,"Latitude":null,"Longitude":null,"SearchTerm":null,"PageId":0,"LastCallDateTime":null,"PageNumber":null,"pageSize":0,"OrderId":0,"StatDate":null,"EndDate":null,"DeviceType":null,"DeviceToken":null,"ClientEmails":null,"CCEmail":null}}]}

2017-01-24 17:09:07.2424|INFO|api.Helpers.NLogger|JSON
Method: POST
URL: http://192.168.1.119:9999/api/v1/employee/GetDashBoardMonthDayWiseServiceList
Controller : api.Controllers.EmployeeController
Action : GetDashBoardMonthDayWiseServiceList
Action Parameters : {"messageFormat":"JSON","messageArguments":[{"request":{"NotificationId":0,"EmployeeId":3,"SalesVisitRequestId":0,"Month":1,"Year":2017,"Day":24,"ServiceId":0,"ReportId":0,"UnitId":0,"Latitude":null,"Longitude":null,"SearchTerm":null,"PageId":0,"LastCallDateTime":null,"PageNumber":null,"pageSize":0,"OrderId":0,"StatDate":null,"EndDate":null,"DeviceType":null,"DeviceToken":null,"ClientEmails":null,"CCEmail":null}}]}

2017-01-24 17:09:10.7197|INFO|api.Helpers.NLogger|JSON
Method: POST
URL: http://192.168.1.119:9999/api/v1/employee/GetDashBoardMonthWiseServiceCount
Controller : api.Controllers.EmployeeController
Action : GetDashBoardMonthWiseServiceCount
Action Parameters : {"messageFormat":"JSON","messageArguments":[{"request":{"NotificationId":0,"EmployeeId":3,"SalesVisitRequestId":0,"Month":1,"Year":2017,"Day":0,"ServiceId":0,"ReportId":0,"UnitId":0,"Latitude":null,"Longitude":null,"SearchTerm":null,"PageId":0,"LastCallDateTime":null,"PageNumber":null,"pageSize":0,"OrderId":0,"StatDate":null,"EndDate":null,"DeviceType":null,"DeviceToken":null,"ClientEmails":null,"CCEmail":null}}]}

2017-01-24 17:09:10.7197|INFO|api.Helpers.NLogger|JSON
Method: POST
URL: http://192.168.1.119:9999/api/v1/employee/GetDashBoardMonthWiseServiceCount
Controller : api.Controllers.EmployeeController
Action : GetDashBoardMonthWiseServiceCount
Action Parameters : {"messageFormat":"JSON","messageArguments":[{"request":{"NotificationId":0,"EmployeeId":3,"SalesVisitRequestId":0,"Month":2,"Year":2017,"Day":0,"ServiceId":0,"ReportId":0,"UnitId":0,"Latitude":null,"Longitude":null,"SearchTerm":null,"PageId":0,"LastCallDateTime":null,"PageNumber":null,"pageSize":0,"OrderId":0,"StatDate":null,"EndDate":null,"DeviceType":null,"DeviceToken":null,"ClientEmails":null,"CCEmail":null}}]}

2017-01-24 17:09:10.7197|INFO|api.Helpers.NLogger|JSON
Method: POST
URL: http://192.168.1.119:9999/api/v1/employee/GetDashBoardMonthDayWiseServiceList
Controller : api.Controllers.EmployeeController
Action : GetDashBoardMonthDayWiseServiceList
Action Parameters : {"messageFormat":"JSON","messageArguments":[{"request":{"NotificationId":0,"EmployeeId":3,"SalesVisitRequestId":0,"Month":1,"Year":2017,"Day":24,"ServiceId":0,"ReportId":0,"UnitId":0,"Latitude":null,"Longitude":null,"SearchTerm":null,"PageId":0,"LastCallDateTime":null,"PageNumber":null,"pageSize":0,"OrderId":0,"StatDate":null,"EndDate":null,"DeviceType":null,"DeviceToken":null,"ClientEmails":null,"CCEmail":null}}]}

2017-01-24 17:10:50.9948|INFO|api.Helpers.NLogger|JSON
Method: POST
URL: http://192.168.1.119:9999/api/v1/employee/NotificationList
Controller : api.Controllers.NewEmployeeController
Action : NotificationList
Action Parameters : {"messageFormat":"JSON","messageArguments":[{"request":{"NotificationId":0,"EmployeeId":3,"SalesVisitRequestId":0,"Month":0,"Year":0,"Day":0,"ServiceId":0,"ReportId":0,"UnitId":0,"Latitude":null,"Longitude":null,"SearchTerm":null,"PageId":0,"LastCallDateTime":null,"PageNumber":1,"pageSize":0,"OrderId":0,"StatDate":null,"EndDate":null,"DeviceType":null,"DeviceToken":null,"ClientEmails":null,"CCEmail":null}}]}

2017-01-24 17:10:57.5417|INFO|api.Helpers.NLogger|JSON
Method: POST
URL: http://192.168.1.119:9999/api/v1/employee/GetServiceDetails
Controller : api.Controllers.EmployeeController
Action : GetServiceDetails
Action Parameters : {"messageFormat":"JSON","messageArguments":[{"request":{"NotificationId":10161,"EmployeeId":3,"SalesVisitRequestId":0,"Month":0,"Year":0,"Day":0,"ServiceId":10079,"ReportId":0,"UnitId":0,"Latitude":null,"Longitude":null,"SearchTerm":null,"PageId":0,"LastCallDateTime":null,"PageNumber":null,"pageSize":0,"OrderId":0,"StatDate":null,"EndDate":null,"DeviceType":null,"DeviceToken":null,"ClientEmails":null,"CCEmail":null}}]}

2017-01-24 17:11:08.2736|INFO|api.Helpers.NLogger|JSON
Method: POST
URL: http://192.168.1.119:9999/api/v1/employee/NotificationList
Controller : api.Controllers.NewEmployeeController
Action : NotificationList
Action Parameters : {"messageFormat":"JSON","messageArguments":[{"request":{"NotificationId":0,"EmployeeId":3,"SalesVisitRequestId":0,"Month":0,"Year":0,"Day":0,"ServiceId":0,"ReportId":0,"UnitId":0,"Latitude":null,"Longitude":null,"SearchTerm":null,"PageId":0,"LastCallDateTime":null,"PageNumber":1,"pageSize":0,"OrderId":0,"StatDate":null,"EndDate":null,"DeviceType":null,"DeviceToken":null,"ClientEmails":null,"CCEmail":null}}]}

2017-01-24 17:11:09.2914|INFO|api.Helpers.NLogger|JSON
Method: POST
URL: http://192.168.1.119:9999/api/v1/employee/GetDashBoardMonthWiseServiceCount
Controller : api.Controllers.EmployeeController
Action : GetDashBoardMonthWiseServiceCount
Action Parameters : {"messageFormat":"JSON","messageArguments":[{"request":{"NotificationId":0,"EmployeeId":3,"SalesVisitRequestId":0,"Month":1,"Year":2017,"Day":0,"ServiceId":0,"ReportId":0,"UnitId":0,"Latitude":null,"Longitude":null,"SearchTerm":null,"PageId":0,"LastCallDateTime":null,"PageNumber":null,"pageSize":0,"OrderId":0,"StatDate":null,"EndDate":null,"DeviceType":null,"DeviceToken":null,"ClientEmails":null,"CCEmail":null}}]}

2017-01-24 17:11:09.2914|INFO|api.Helpers.NLogger|JSON
Method: POST
URL: http://192.168.1.119:9999/api/v1/employee/GetDashBoardMonthWiseServiceCount
Controller : api.Controllers.EmployeeController
Action : GetDashBoardMonthWiseServiceCount
Action Parameters : {"messageFormat":"JSON","messageArguments":[{"request":{"NotificationId":0,"EmployeeId":3,"SalesVisitRequestId":0,"Month":2,"Year":2017,"Day":0,"ServiceId":0,"ReportId":0,"UnitId":0,"Latitude":null,"Longitude":null,"SearchTerm":null,"PageId":0,"LastCallDateTime":null,"PageNumber":null,"pageSize":0,"OrderId":0,"StatDate":null,"EndDate":null,"DeviceType":null,"DeviceToken":null,"ClientEmails":null,"CCEmail":null}}]}

2017-01-24 17:11:09.2914|INFO|api.Helpers.NLogger|JSON
Method: POST
URL: http://192.168.1.119:9999/api/v1/employee/GetDashBoardMonthDayWiseServiceList
Controller : api.Controllers.EmployeeController
Action : GetDashBoardMonthDayWiseServiceList
Action Parameters : {"messageFormat":"JSON","messageArguments":[{"request":{"NotificationId":0,"EmployeeId":3,"SalesVisitRequestId":0,"Month":1,"Year":2017,"Day":24,"ServiceId":0,"ReportId":0,"UnitId":0,"Latitude":null,"Longitude":null,"SearchTerm":null,"PageId":0,"LastCallDateTime":null,"PageNumber":null,"pageSize":0,"OrderId":0,"StatDate":null,"EndDate":null,"DeviceType":null,"DeviceToken":null,"ClientEmails":null,"CCEmail":null}}]}

2017-01-24 17:11:12.9270|INFO|api.Helpers.NLogger|JSON
Method: POST
URL: http://192.168.1.119:9999/api/v1/employee/GetSalesVisitRequestList
Controller : api.Controllers.EmployeeController
Action : GetSalesVisitRequestList
Action Parameters : {"messageFormat":"JSON","messageArguments":[{"emp":{"NotificationId":0,"EmployeeId":3,"SalesVisitRequestId":0,"Month":0,"Year":0,"Day":0,"ServiceId":0,"ReportId":0,"UnitId":0,"Latitude":null,"Longitude":null,"SearchTerm":null,"PageId":0,"LastCallDateTime":null,"PageNumber":1,"pageSize":0,"OrderId":0,"StatDate":null,"EndDate":null,"DeviceType":null,"DeviceToken":null,"ClientEmails":null,"CCEmail":null}}]}

2017-01-24 17:11:13.5315|INFO|api.Helpers.NLogger|JSON
Method: POST
URL: http://192.168.1.119:9999/api/v1/employee/GetSalesVisitRequestList
Controller : api.Controllers.EmployeeController
Action : GetSalesVisitRequestList
Action Parameters : {"messageFormat":"JSON","messageArguments":[{"emp":{"NotificationId":0,"EmployeeId":3,"SalesVisitRequestId":0,"Month":0,"Year":0,"Day":0,"ServiceId":0,"ReportId":0,"UnitId":0,"Latitude":null,"Longitude":null,"SearchTerm":null,"PageId":0,"LastCallDateTime":null,"PageNumber":2,"pageSize":0,"OrderId":0,"StatDate":null,"EndDate":null,"DeviceType":null,"DeviceToken":null,"ClientEmails":null,"CCEmail":null}}]}

2017-01-24 17:11:15.1154|INFO|api.Helpers.NLogger|JSON
Method: GET
URL: http://192.168.1.119:9999/api/v1/employee/GetAllClients?EmployeeId=3&ShowOnlyWorkAreaClient=false
Controller : api.Controllers.EmployeeController
Action : GetAllClients
Action Parameters : {"messageFormat":"JSON","messageArguments":[{"EmployeeId":3,"ShowOnlyWorkAreaClient":false}]}

2017-01-24 17:11:15.8440|INFO|api.Helpers.NLogger|JSON
Method: GET
URL: http://192.168.1.119:9999/api/v1/employee/GetClientAddress?ClientId=1&EmployeeId=3
Controller : api.Controllers.EmployeeController
Action : GetClientAddress
Action Parameters : {"messageFormat":"JSON","messageArguments":[{"ClientId":1,"EmployeeId":3}]}

2017-01-24 17:11:24.3723|INFO|api.Helpers.NLogger|JSON
Method: POST
URL: http://192.168.1.119:9999/api/v1/employee/SubmitSalesVisitRequest
Controller : api.Controllers.EmployeeController
Action : SubmitSalesVisitRequest
Action Parameters : {"messageFormat":"JSON","messageArguments":[{"request":{"ClientId":1,"EmployeeNotes":"Need a sales person","EmployeeId":3,"AddressId":1}}]}

2017-01-24 17:11:24.9253|INFO|api.Helpers.NLogger|JSON
Method: POST
URL: http://192.168.1.119:9999/api/v1/employee/GetSalesVisitRequestList
Controller : api.Controllers.EmployeeController
Action : GetSalesVisitRequestList
Action Parameters : {"messageFormat":"JSON","messageArguments":[{"emp":{"NotificationId":0,"EmployeeId":3,"SalesVisitRequestId":0,"Month":0,"Year":0,"Day":0,"ServiceId":0,"ReportId":0,"UnitId":0,"Latitude":null,"Longitude":null,"SearchTerm":null,"PageId":0,"LastCallDateTime":null,"PageNumber":1,"pageSize":0,"OrderId":0,"StatDate":null,"EndDate":null,"DeviceType":null,"DeviceToken":null,"ClientEmails":null,"CCEmail":null}}]}

2017-01-24 17:11:25.4607|INFO|api.Helpers.NLogger|JSON
Method: POST
URL: http://192.168.1.119:9999/api/v1/employee/GetSalesVisitRequestList
Controller : api.Controllers.EmployeeController
Action : GetSalesVisitRequestList
Action Parameters : {"messageFormat":"JSON","messageArguments":[{"emp":{"NotificationId":0,"EmployeeId":3,"SalesVisitRequestId":0,"Month":0,"Year":0,"Day":0,"ServiceId":0,"ReportId":0,"UnitId":0,"Latitude":null,"Longitude":null,"SearchTerm":null,"PageId":0,"LastCallDateTime":null,"PageNumber":2,"pageSize":0,"OrderId":0,"StatDate":null,"EndDate":null,"DeviceType":null,"DeviceToken":null,"ClientEmails":null,"CCEmail":null}}]}

2017-01-24 17:11:27.5569|INFO|api.Helpers.NLogger|JSON
Method: GET
URL: http://192.168.1.119:9999/api/v1/employee/GetAllClients?EmployeeId=3&ShowOnlyWorkAreaClient=false
Controller : api.Controllers.EmployeeController
Action : GetAllClients
Action Parameters : {"messageFormat":"JSON","messageArguments":[{"EmployeeId":3,"ShowOnlyWorkAreaClient":false}]}

2017-01-24 17:11:28.3019|INFO|api.Helpers.NLogger|JSON
Method: GET
URL: http://192.168.1.119:9999/api/v1/employee/GetClientAddress?ClientId=1&EmployeeId=3
Controller : api.Controllers.EmployeeController
Action : GetClientAddress
Action Parameters : {"messageFormat":"JSON","messageArguments":[{"ClientId":1,"EmployeeId":3}]}

2017-01-24 17:11:42.8930|INFO|api.Helpers.NLogger|JSON
Method: POST
URL: http://192.168.1.119:9999/api/v1/employee/SubmitSalesVisitRequest
Controller : api.Controllers.EmployeeController
Action : SubmitSalesVisitRequest
Action Parameters : {"messageFormat":"JSON","messageArguments":[{"request":{"ClientId":1,"EmployeeNotes":"Need a sales person","EmployeeId":3,"AddressId":1}}]}

2017-01-24 17:11:43.4603|INFO|api.Helpers.NLogger|JSON
Method: POST
URL: http://192.168.1.119:9999/api/v1/employee/GetSalesVisitRequestList
Controller : api.Controllers.EmployeeController
Action : GetSalesVisitRequestList
Action Parameters : {"messageFormat":"JSON","messageArguments":[{"emp":{"NotificationId":0,"EmployeeId":3,"SalesVisitRequestId":0,"Month":0,"Year":0,"Day":0,"ServiceId":0,"ReportId":0,"UnitId":0,"Latitude":null,"Longitude":null,"SearchTerm":null,"PageId":0,"LastCallDateTime":null,"PageNumber":1,"pageSize":0,"OrderId":0,"StatDate":null,"EndDate":null,"DeviceType":null,"DeviceToken":null,"ClientEmails":null,"CCEmail":null}}]}

2017-01-24 17:11:44.0394|INFO|api.Helpers.NLogger|JSON
Method: POST
URL: http://192.168.1.119:9999/api/v1/employee/GetSalesVisitRequestList
Controller : api.Controllers.EmployeeController
Action : GetSalesVisitRequestList
Action Parameters : {"messageFormat":"JSON","messageArguments":[{"emp":{"NotificationId":0,"EmployeeId":3,"SalesVisitRequestId":0,"Month":0,"Year":0,"Day":0,"ServiceId":0,"ReportId":0,"UnitId":0,"Latitude":null,"Longitude":null,"SearchTerm":null,"PageId":0,"LastCallDateTime":null,"PageNumber":2,"pageSize":0,"OrderId":0,"StatDate":null,"EndDate":null,"DeviceType":null,"DeviceToken":null,"ClientEmails":null,"CCEmail":null}}]}

2017-01-24 17:11:45.8695|INFO|api.Helpers.NLogger|JSON
Method: POST
URL: http://192.168.1.119:9999/api/v1/employee/GetDashBoardMonthWiseServiceCount
Controller : api.Controllers.EmployeeController
Action : GetDashBoardMonthWiseServiceCount
Action Parameters : {"messageFormat":"JSON","messageArguments":[{"request":{"NotificationId":0,"EmployeeId":3,"SalesVisitRequestId":0,"Month":1,"Year":2017,"Day":0,"ServiceId":0,"ReportId":0,"UnitId":0,"Latitude":null,"Longitude":null,"SearchTerm":null,"PageId":0,"LastCallDateTime":null,"PageNumber":null,"pageSize":0,"OrderId":0,"StatDate":null,"EndDate":null,"DeviceType":null,"DeviceToken":null,"ClientEmails":null,"CCEmail":null}}]}

2017-01-24 17:11:45.8695|INFO|api.Helpers.NLogger|JSON
Method: POST
URL: http://192.168.1.119:9999/api/v1/employee/GetDashBoardMonthWiseServiceCount
Controller : api.Controllers.EmployeeController
Action : GetDashBoardMonthWiseServiceCount
Action Parameters : {"messageFormat":"JSON","messageArguments":[{"request":{"NotificationId":0,"EmployeeId":3,"SalesVisitRequestId":0,"Month":2,"Year":2017,"Day":0,"ServiceId":0,"ReportId":0,"UnitId":0,"Latitude":null,"Longitude":null,"SearchTerm":null,"PageId":0,"LastCallDateTime":null,"PageNumber":null,"pageSize":0,"OrderId":0,"StatDate":null,"EndDate":null,"DeviceType":null,"DeviceToken":null,"ClientEmails":null,"CCEmail":null}}]}

2017-01-24 17:11:45.8695|INFO|api.Helpers.NLogger|JSON
Method: POST
URL: http://192.168.1.119:9999/api/v1/employee/GetDashBoardMonthDayWiseServiceList
Controller : api.Controllers.EmployeeController
Action : GetDashBoardMonthDayWiseServiceList
Action Parameters : {"messageFormat":"JSON","messageArguments":[{"request":{"NotificationId":0,"EmployeeId":3,"SalesVisitRequestId":0,"Month":1,"Year":2017,"Day":24,"ServiceId":0,"ReportId":0,"UnitId":0,"Latitude":null,"Longitude":null,"SearchTerm":null,"PageId":0,"LastCallDateTime":null,"PageNumber":null,"pageSize":0,"OrderId":0,"StatDate":null,"EndDate":null,"DeviceType":null,"DeviceToken":null,"ClientEmails":null,"CCEmail":null}}]}

