2017-05-04 18:15:29.5386|INFO|api.Helpers.NLogger|JSON
Method: POST
URL: http://192.168.1.126:9999/api/v1/employee/GetDashBoardMonthWiseServiceCount
Controller : api.Controllers.EmployeeController
Action : GetDashBoardMonthWiseServiceCount
Action Parameters : {"messageFormat":"JSON","messageArguments":[{"request":{"NotificationId":0,"EmployeeId":12,"SalesVisitRequestId":0,"Month":5,"Year":2017,"Day":0,"ServiceId":0,"ReportId":0,"UnitId":0,"Latitude":null,"Longitude":null,"SearchTerm":null,"PageId":0,"LastCallDateTime":null,"PageNumber":null,"pageSize":0,"OrderId":0,"StatDate":null,"EndDate":null,"DeviceType":null,"DeviceToken":null,"ClientEmails":null,"CCEmail":null}}]}

2017-05-04 18:15:29.5386|INFO|api.Helpers.NLogger|JSON
Method: POST
URL: http://192.168.1.126:9999/api/v1/employee/GetDashBoardMonthDayWiseServiceList
Controller : api.Controllers.EmployeeController
Action : GetDashBoardMonthDayWiseServiceList
Action Parameters : {"messageFormat":"JSON","messageArguments":[{"request":{"NotificationId":0,"EmployeeId":12,"SalesVisitRequestId":0,"Month":5,"Year":2017,"Day":4,"ServiceId":0,"ReportId":0,"UnitId":0,"Latitude":null,"Longitude":null,"SearchTerm":null,"PageId":0,"LastCallDateTime":null,"PageNumber":null,"pageSize":0,"OrderId":0,"StatDate":null,"EndDate":null,"DeviceType":null,"DeviceToken":null,"ClientEmails":null,"CCEmail":null}}]}

2017-05-04 18:15:29.5386|INFO|api.Helpers.NLogger|JSON
Method: POST
URL: http://192.168.1.126:9999/api/v1/employee/UpdateEmployeeLocation
Controller : api.Controllers.EmployeeController
Action : UpdateEmployeeLocation
Action Parameters : {"messageFormat":"JSON","messageArguments":[{"request":{"NotificationId":0,"EmployeeId":12,"SalesVisitRequestId":0,"Month":0,"Year":0,"Day":0,"ServiceId":0,"ReportId":0,"UnitId":0,"Latitude":37.78583400,"Longitude":-122.40641700,"SearchTerm":null,"PageId":0,"LastCallDateTime":null,"PageNumber":null,"pageSize":0,"OrderId":0,"StatDate":null,"EndDate":null,"DeviceType":null,"DeviceToken":null,"ClientEmails":null,"CCEmail":null}}]}

2017-05-04 18:15:32.3721|INFO|api.Helpers.NLogger|JSON
Method: POST
URL: http://192.168.1.126:9999/api/v1/employee/logout
Controller : api.Controllers.EmployeeController
Action : logout
Action Parameters : {"messageFormat":"JSON","messageArguments":[{"request":{"NotificationId":0,"EmployeeId":12,"SalesVisitRequestId":0,"Month":0,"Year":0,"Day":0,"ServiceId":0,"ReportId":0,"UnitId":0,"Latitude":null,"Longitude":null,"SearchTerm":null,"PageId":0,"LastCallDateTime":null,"PageNumber":null,"pageSize":0,"OrderId":0,"StatDate":null,"EndDate":null,"DeviceType":null,"DeviceToken":null,"ClientEmails":null,"CCEmail":null}}]}

2017-05-04 18:15:50.9799|INFO|api.Helpers.NLogger|JSON
Method: POST
URL: http://192.168.1.126:9999/api/v1/employee/login
Controller : api.Controllers.EmployeeController
Action : Login
Action Parameters : {"messageFormat":"JSON","messageArguments":[{"model":{"Email":"itesting.demo@gmail.com","Password":"7f2765757d527eaeeb14fb706039bac7","DeviceType":"iPhone","DeviceToken":"","Latitude":37.78583400,"Longitude":-122.40641700}}]}

2017-05-04 18:15:52.2401|INFO|api.Helpers.NLogger|JSON
Method: POST
URL: http://192.168.1.126:9999/api/v1/employee/GetDashBoardMonthWiseServiceCount
Controller : api.Controllers.EmployeeController
Action : GetDashBoardMonthWiseServiceCount
Action Parameters : {"messageFormat":"JSON","messageArguments":[{"request":{"NotificationId":0,"EmployeeId":12,"SalesVisitRequestId":0,"Month":5,"Year":2017,"Day":0,"ServiceId":0,"ReportId":0,"UnitId":0,"Latitude":null,"Longitude":null,"SearchTerm":null,"PageId":0,"LastCallDateTime":null,"PageNumber":null,"pageSize":0,"OrderId":0,"StatDate":null,"EndDate":null,"DeviceType":null,"DeviceToken":null,"ClientEmails":null,"CCEmail":null}}]}

2017-05-04 18:15:52.2411|INFO|api.Helpers.NLogger|JSON
Method: POST
URL: http://192.168.1.126:9999/api/v1/employee/GetDashBoardMonthDayWiseServiceList
Controller : api.Controllers.EmployeeController
Action : GetDashBoardMonthDayWiseServiceList
Action Parameters : {"messageFormat":"JSON","messageArguments":[{"request":{"NotificationId":0,"EmployeeId":12,"SalesVisitRequestId":0,"Month":5,"Year":2017,"Day":4,"ServiceId":0,"ReportId":0,"UnitId":0,"Latitude":null,"Longitude":null,"SearchTerm":null,"PageId":0,"LastCallDateTime":null,"PageNumber":null,"pageSize":0,"OrderId":0,"StatDate":null,"EndDate":null,"DeviceType":null,"DeviceToken":null,"ClientEmails":null,"CCEmail":null}}]}

2017-05-04 18:16:55.3316|INFO|api.Helpers.NLogger|JSON
Method: POST
URL: http://192.168.1.126:9999/api/v1/employee/GetDashBoardMonthDayWiseServiceList
Controller : api.Controllers.EmployeeController
Action : GetDashBoardMonthDayWiseServiceList
Action Parameters : {"messageFormat":"JSON","messageArguments":[{"request":{"NotificationId":0,"EmployeeId":12,"SalesVisitRequestId":0,"Month":5,"Year":2017,"Day":1,"ServiceId":0,"ReportId":0,"UnitId":0,"Latitude":null,"Longitude":null,"SearchTerm":null,"PageId":0,"LastCallDateTime":null,"PageNumber":null,"pageSize":0,"OrderId":0,"StatDate":null,"EndDate":null,"DeviceType":null,"DeviceToken":null,"ClientEmails":null,"CCEmail":null}}]}

2017-05-04 18:17:00.4737|INFO|api.Helpers.NLogger|JSON
Method: POST
URL: http://192.168.1.126:9999/api/v1/employee/GetServiceDetails
Controller : api.Controllers.EmployeeController
Action : GetServiceDetails
Action Parameters : {"messageFormat":"JSON","messageArguments":[{"request":{"NotificationId":0,"EmployeeId":12,"SalesVisitRequestId":0,"Month":0,"Year":0,"Day":0,"ServiceId":10099,"ReportId":0,"UnitId":0,"Latitude":null,"Longitude":null,"SearchTerm":null,"PageId":0,"LastCallDateTime":null,"PageNumber":null,"pageSize":0,"OrderId":0,"StatDate":null,"EndDate":null,"DeviceType":null,"DeviceToken":null,"ClientEmails":null,"CCEmail":null}}]}

2017-05-04 18:17:12.5544|INFO|api.Helpers.NLogger|JSON
Method: POST
URL: http://192.168.1.126:9999/api/v1/employee/GetDashBoardMonthWiseServiceCount
Controller : api.Controllers.EmployeeController
Action : GetDashBoardMonthWiseServiceCount
Action Parameters : {"messageFormat":"JSON","messageArguments":[{"request":{"NotificationId":0,"EmployeeId":12,"SalesVisitRequestId":0,"Month":5,"Year":2017,"Day":0,"ServiceId":0,"ReportId":0,"UnitId":0,"Latitude":null,"Longitude":null,"SearchTerm":null,"PageId":0,"LastCallDateTime":null,"PageNumber":null,"pageSize":0,"OrderId":0,"StatDate":null,"EndDate":null,"DeviceType":null,"DeviceToken":null,"ClientEmails":null,"CCEmail":null}}]}

2017-05-04 18:17:12.5544|INFO|api.Helpers.NLogger|JSON
Method: POST
URL: http://192.168.1.126:9999/api/v1/employee/GetDashBoardMonthDayWiseServiceList
Controller : api.Controllers.EmployeeController
Action : GetDashBoardMonthDayWiseServiceList
Action Parameters : {"messageFormat":"JSON","messageArguments":[{"request":{"NotificationId":0,"EmployeeId":12,"SalesVisitRequestId":0,"Month":5,"Year":2017,"Day":4,"ServiceId":0,"ReportId":0,"UnitId":0,"Latitude":null,"Longitude":null,"SearchTerm":null,"PageId":0,"LastCallDateTime":null,"PageNumber":null,"pageSize":0,"OrderId":0,"StatDate":null,"EndDate":null,"DeviceType":null,"DeviceToken":null,"ClientEmails":null,"CCEmail":null}}]}

2017-05-04 18:17:13.6542|INFO|api.Helpers.NLogger|JSON
Method: POST
URL: http://192.168.1.126:9999/api/v1/employee/GetDashBoardMonthWiseServiceCount
Controller : api.Controllers.EmployeeController
Action : GetDashBoardMonthWiseServiceCount
Action Parameters : {"messageFormat":"JSON","messageArguments":[{"request":{"NotificationId":0,"EmployeeId":12,"SalesVisitRequestId":0,"Month":5,"Year":2017,"Day":0,"ServiceId":0,"ReportId":0,"UnitId":0,"Latitude":null,"Longitude":null,"SearchTerm":null,"PageId":0,"LastCallDateTime":null,"PageNumber":null,"pageSize":0,"OrderId":0,"StatDate":null,"EndDate":null,"DeviceType":null,"DeviceToken":null,"ClientEmails":null,"CCEmail":null}}]}

2017-05-04 18:17:14.4433|INFO|api.Helpers.NLogger|JSON
Method: POST
URL: http://192.168.1.126:9999/api/v1/employee/GetDashBoardMonthDayWiseServiceList
Controller : api.Controllers.EmployeeController
Action : GetDashBoardMonthDayWiseServiceList
Action Parameters : {"messageFormat":"JSON","messageArguments":[{"request":{"NotificationId":0,"EmployeeId":12,"SalesVisitRequestId":0,"Month":5,"Year":2017,"Day":10,"ServiceId":0,"ReportId":0,"UnitId":0,"Latitude":null,"Longitude":null,"SearchTerm":null,"PageId":0,"LastCallDateTime":null,"PageNumber":null,"pageSize":0,"OrderId":0,"StatDate":null,"EndDate":null,"DeviceType":null,"DeviceToken":null,"ClientEmails":null,"CCEmail":null}}]}

2017-05-04 18:17:15.6020|INFO|api.Helpers.NLogger|JSON
Method: POST
URL: http://192.168.1.126:9999/api/v1/employee/GetServiceDetails
Controller : api.Controllers.EmployeeController
Action : GetServiceDetails
Action Parameters : {"messageFormat":"JSON","messageArguments":[{"request":{"NotificationId":0,"EmployeeId":12,"SalesVisitRequestId":0,"Month":0,"Year":0,"Day":0,"ServiceId":10026,"ReportId":0,"UnitId":0,"Latitude":null,"Longitude":null,"SearchTerm":null,"PageId":0,"LastCallDateTime":null,"PageNumber":null,"pageSize":0,"OrderId":0,"StatDate":null,"EndDate":null,"DeviceType":null,"DeviceToken":null,"ClientEmails":null,"CCEmail":null}}]}

2017-05-04 18:17:20.0687|INFO|api.Helpers.NLogger|JSON
Method: POST
URL: http://192.168.1.126:9999/api/v1/employee/GetDashBoardMonthWiseServiceCount
Controller : api.Controllers.EmployeeController
Action : GetDashBoardMonthWiseServiceCount
Action Parameters : {"messageFormat":"JSON","messageArguments":[{"request":{"NotificationId":0,"EmployeeId":12,"SalesVisitRequestId":0,"Month":4,"Year":2017,"Day":0,"ServiceId":0,"ReportId":0,"UnitId":0,"Latitude":null,"Longitude":null,"SearchTerm":null,"PageId":0,"LastCallDateTime":null,"PageNumber":null,"pageSize":0,"OrderId":0,"StatDate":null,"EndDate":null,"DeviceType":null,"DeviceToken":null,"ClientEmails":null,"CCEmail":null}}]}

2017-05-04 18:17:20.0687|INFO|api.Helpers.NLogger|JSON
Method: POST
URL: http://192.168.1.126:9999/api/v1/employee/GetDashBoardMonthWiseServiceCount
Controller : api.Controllers.EmployeeController
Action : GetDashBoardMonthWiseServiceCount
Action Parameters : {"messageFormat":"JSON","messageArguments":[{"request":{"NotificationId":0,"EmployeeId":12,"SalesVisitRequestId":0,"Month":5,"Year":2017,"Day":0,"ServiceId":0,"ReportId":0,"UnitId":0,"Latitude":null,"Longitude":null,"SearchTerm":null,"PageId":0,"LastCallDateTime":null,"PageNumber":null,"pageSize":0,"OrderId":0,"StatDate":null,"EndDate":null,"DeviceType":null,"DeviceToken":null,"ClientEmails":null,"CCEmail":null}}]}

2017-05-04 18:17:20.0687|INFO|api.Helpers.NLogger|JSON
Method: POST
URL: http://192.168.1.126:9999/api/v1/employee/GetDashBoardMonthDayWiseServiceList
Controller : api.Controllers.EmployeeController
Action : GetDashBoardMonthDayWiseServiceList
Action Parameters : {"messageFormat":"JSON","messageArguments":[{"request":{"NotificationId":0,"EmployeeId":12,"SalesVisitRequestId":0,"Month":5,"Year":2017,"Day":4,"ServiceId":0,"ReportId":0,"UnitId":0,"Latitude":null,"Longitude":null,"SearchTerm":null,"PageId":0,"LastCallDateTime":null,"PageNumber":null,"pageSize":0,"OrderId":0,"StatDate":null,"EndDate":null,"DeviceType":null,"DeviceToken":null,"ClientEmails":null,"CCEmail":null}}]}

2017-05-04 18:17:22.4685|INFO|api.Helpers.NLogger|JSON
Method: POST
URL: http://192.168.1.126:9999/api/v1/employee/GetAllCompletedReports
Controller : api.Controllers.EmployeeController
Action : GetAllCompletedReports
Action Parameters : {"messageFormat":"JSON","messageArguments":[{"request":{"NotificationId":0,"EmployeeId":12,"SalesVisitRequestId":0,"Month":0,"Year":0,"Day":0,"ServiceId":0,"ReportId":0,"UnitId":0,"Latitude":null,"Longitude":null,"SearchTerm":"","PageId":0,"LastCallDateTime":null,"PageNumber":1,"pageSize":0,"OrderId":0,"StatDate":null,"EndDate":null,"DeviceType":null,"DeviceToken":null,"ClientEmails":null,"CCEmail":null}}]}

2017-05-04 18:17:25.0167|INFO|api.Helpers.NLogger|JSON
Method: POST
URL: http://192.168.1.126:9999/api/v1/employee/GetDashBoardMonthWiseServiceCount
Controller : api.Controllers.EmployeeController
Action : GetDashBoardMonthWiseServiceCount
Action Parameters : {"messageFormat":"JSON","messageArguments":[{"request":{"NotificationId":0,"EmployeeId":12,"SalesVisitRequestId":0,"Month":5,"Year":2017,"Day":0,"ServiceId":0,"ReportId":0,"UnitId":0,"Latitude":null,"Longitude":null,"SearchTerm":null,"PageId":0,"LastCallDateTime":null,"PageNumber":null,"pageSize":0,"OrderId":0,"StatDate":null,"EndDate":null,"DeviceType":null,"DeviceToken":null,"ClientEmails":null,"CCEmail":null}}]}

2017-05-04 18:17:25.0167|INFO|api.Helpers.NLogger|JSON
Method: POST
URL: http://192.168.1.126:9999/api/v1/employee/GetDashBoardMonthDayWiseServiceList
Controller : api.Controllers.EmployeeController
Action : GetDashBoardMonthDayWiseServiceList
Action Parameters : {"messageFormat":"JSON","messageArguments":[{"request":{"NotificationId":0,"EmployeeId":12,"SalesVisitRequestId":0,"Month":5,"Year":2017,"Day":4,"ServiceId":0,"ReportId":0,"UnitId":0,"Latitude":null,"Longitude":null,"SearchTerm":null,"PageId":0,"LastCallDateTime":null,"PageNumber":null,"pageSize":0,"OrderId":0,"StatDate":null,"EndDate":null,"DeviceType":null,"DeviceToken":null,"ClientEmails":null,"CCEmail":null}}]}

2017-05-04 18:17:26.0975|INFO|api.Helpers.NLogger|JSON
Method: POST
URL: http://192.168.1.126:9999/api/v1/employee/GetDashBoardMonthDayWiseServiceList
Controller : api.Controllers.EmployeeController
Action : GetDashBoardMonthDayWiseServiceList
Action Parameters : {"messageFormat":"JSON","messageArguments":[{"request":{"NotificationId":0,"EmployeeId":12,"SalesVisitRequestId":0,"Month":5,"Year":2017,"Day":1,"ServiceId":0,"ReportId":0,"UnitId":0,"Latitude":null,"Longitude":null,"SearchTerm":null,"PageId":0,"LastCallDateTime":null,"PageNumber":null,"pageSize":0,"OrderId":0,"StatDate":null,"EndDate":null,"DeviceType":null,"DeviceToken":null,"ClientEmails":null,"CCEmail":null}}]}

2017-05-04 18:17:27.1658|INFO|api.Helpers.NLogger|JSON
Method: POST
URL: http://192.168.1.126:9999/api/v1/employee/GetDashBoardMonthDayWiseServiceList
Controller : api.Controllers.EmployeeController
Action : GetDashBoardMonthDayWiseServiceList
Action Parameters : {"messageFormat":"JSON","messageArguments":[{"request":{"NotificationId":0,"EmployeeId":12,"SalesVisitRequestId":0,"Month":5,"Year":2017,"Day":1,"ServiceId":0,"ReportId":0,"UnitId":0,"Latitude":null,"Longitude":null,"SearchTerm":null,"PageId":0,"LastCallDateTime":null,"PageNumber":null,"pageSize":0,"OrderId":0,"StatDate":null,"EndDate":null,"DeviceType":null,"DeviceToken":null,"ClientEmails":null,"CCEmail":null}}]}

2017-05-04 18:17:27.8185|INFO|api.Helpers.NLogger|JSON
Method: POST
URL: http://192.168.1.126:9999/api/v1/employee/GetDashBoardMonthDayWiseServiceList
Controller : api.Controllers.EmployeeController
Action : GetDashBoardMonthDayWiseServiceList
Action Parameters : {"messageFormat":"JSON","messageArguments":[{"request":{"NotificationId":0,"EmployeeId":12,"SalesVisitRequestId":0,"Month":5,"Year":2017,"Day":1,"ServiceId":0,"ReportId":0,"UnitId":0,"Latitude":null,"Longitude":null,"SearchTerm":null,"PageId":0,"LastCallDateTime":null,"PageNumber":null,"pageSize":0,"OrderId":0,"StatDate":null,"EndDate":null,"DeviceType":null,"DeviceToken":null,"ClientEmails":null,"CCEmail":null}}]}

2017-05-04 18:17:28.3132|INFO|api.Helpers.NLogger|JSON
Method: POST
URL: http://192.168.1.126:9999/api/v1/employee/GetDashBoardMonthDayWiseServiceList
Controller : api.Controllers.EmployeeController
Action : GetDashBoardMonthDayWiseServiceList
Action Parameters : {"messageFormat":"JSON","messageArguments":[{"request":{"NotificationId":0,"EmployeeId":12,"SalesVisitRequestId":0,"Month":5,"Year":2017,"Day":1,"ServiceId":0,"ReportId":0,"UnitId":0,"Latitude":null,"Longitude":null,"SearchTerm":null,"PageId":0,"LastCallDateTime":null,"PageNumber":null,"pageSize":0,"OrderId":0,"StatDate":null,"EndDate":null,"DeviceType":null,"DeviceToken":null,"ClientEmails":null,"CCEmail":null}}]}

2017-05-04 18:18:59.3193|INFO|api.Helpers.NLogger|JSON
Method: POST
URL: http://192.168.1.126:9999/api/v1/employee/GetAllScheduledServices
Controller : api.Controllers.EmployeeController
Action : GetAllScheduledServices
Action Parameters : {"messageFormat":"JSON","messageArguments":[{"request":{"NotificationId":0,"EmployeeId":12,"SalesVisitRequestId":0,"Month":0,"Year":0,"Day":0,"ServiceId":0,"ReportId":0,"UnitId":0,"Latitude":null,"Longitude":null,"SearchTerm":null,"PageId":0,"LastCallDateTime":null,"PageNumber":1,"pageSize":0,"OrderId":0,"StatDate":"\/Date(1493902145000)\/","EndDate":null,"DeviceType":null,"DeviceToken":null,"ClientEmails":null,"CCEmail":null}}]}

2017-05-04 18:19:07.6682|INFO|api.Helpers.NLogger|JSON
Method: POST
URL: http://192.168.1.126:9999/api/v1/employee/GetAllScheduledServices
Controller : api.Controllers.EmployeeController
Action : GetAllScheduledServices
Action Parameters : {"messageFormat":"JSON","messageArguments":[{"request":{"NotificationId":0,"EmployeeId":12,"SalesVisitRequestId":0,"Month":0,"Year":0,"Day":0,"ServiceId":0,"ReportId":0,"UnitId":0,"Latitude":null,"Longitude":null,"SearchTerm":null,"PageId":0,"LastCallDateTime":null,"PageNumber":1,"pageSize":0,"OrderId":0,"StatDate":"\/Date(1491310148000)\/","EndDate":"\/Date(1493902151000)\/","DeviceType":null,"DeviceToken":null,"ClientEmails":null,"CCEmail":null}}]}

2017-05-04 18:19:15.4211|INFO|api.Helpers.NLogger|JSON
Method: POST
URL: http://192.168.1.126:9999/api/v1/employee/GetAllScheduledServices
Controller : api.Controllers.EmployeeController
Action : GetAllScheduledServices
Action Parameters : {"messageFormat":"JSON","messageArguments":[{"request":{"NotificationId":0,"EmployeeId":12,"SalesVisitRequestId":0,"Month":0,"Year":0,"Day":0,"ServiceId":0,"ReportId":0,"UnitId":0,"Latitude":null,"Longitude":null,"SearchTerm":null,"PageId":0,"LastCallDateTime":null,"PageNumber":1,"pageSize":0,"OrderId":0,"StatDate":"\/Date(1493902161000)\/","EndDate":null,"DeviceType":null,"DeviceToken":null,"ClientEmails":null,"CCEmail":null}}]}

2017-05-04 18:19:23.5932|INFO|api.Helpers.NLogger|JSON
Method: POST
URL: http://192.168.1.126:9999/api/v1/employee/GetAllScheduledServices
Controller : api.Controllers.EmployeeController
Action : GetAllScheduledServices
Action Parameters : {"messageFormat":"JSON","messageArguments":[{"request":{"NotificationId":0,"EmployeeId":12,"SalesVisitRequestId":0,"Month":0,"Year":0,"Day":0,"ServiceId":0,"ReportId":0,"UnitId":0,"Latitude":null,"Longitude":null,"SearchTerm":null,"PageId":0,"LastCallDateTime":null,"PageNumber":1,"pageSize":0,"OrderId":0,"StatDate":"\/Date(1491310164000)\/","EndDate":"\/Date(1493902168000)\/","DeviceType":null,"DeviceToken":null,"ClientEmails":null,"CCEmail":null}}]}

2017-05-04 18:19:33.3403|INFO|api.Helpers.NLogger|JSON
Method: POST
URL: http://192.168.1.126:9999/api/v1/employee/GetScheduledServiceUnitDetails
Controller : api.Controllers.EmployeeController
Action : GetScheduledServiceUnitDetails
Action Parameters : {"messageFormat":"JSON","messageArguments":[{"request":{"NotificationId":0,"EmployeeId":12,"SalesVisitRequestId":0,"Month":0,"Year":0,"Day":0,"ServiceId":0,"ReportId":0,"UnitId":1017,"Latitude":null,"Longitude":null,"SearchTerm":null,"PageId":0,"LastCallDateTime":null,"PageNumber":null,"pageSize":0,"OrderId":0,"StatDate":null,"EndDate":null,"DeviceType":null,"DeviceToken":null,"ClientEmails":null,"CCEmail":null}}]}

2017-05-04 18:20:06.9178|INFO|api.Helpers.NLogger|JSON
Method: POST
URL: http://192.168.1.126:9999/api/v1/employee/UpdateUnitDetails
Controller : api.Controllers.EmployeeController
Action : UpdateUnitDetails
Action Parameters : {"messageFormat":"JSON","messageArguments":[{"request":{"EmployeeId":12,"ClientId":0,"UnitId":1017,"UnitName":null,"Notes":"","AddressId":0,"Parts":[{"IsMatched":true,"ModelNumber":"ACM1000","SerialNumber":"ACS1000","UnitType":"Heating","ManufactureDate":"\/Date(1354320000000)\/","ManufactureBrand":"bs","UnitTon":"10","Refrigerant":null,"ElectricalService":null,"Breaker":null,"MaxBreaker":null,"Compressor":null,"Capacitor":null,"Contactor":null,"Filterdryer":null,"Defrostboard":null,"Relay":null,"TXVValve":null,"ReversingValve":null,"BlowerMotor":null,"Condensingfanmotor":null,"Inducerdraftmotor":null,"Transformer":null,"Controlboard":null,"Limitswitch":null,"Ignitor":null,"Gasvalve":null,"Pressureswitch":null,"Flamesensor":null,"Rolloutsensor":null,"Doorswitch":null,"Ignitioncontrolboard":null,"Coil":null,"Misc":null,"OptionalInformation":{"QuantityOfFilter":0,"Filters":[],"QuantityOfFuses":0,"FuseTypes":[],"ThermostatTypes":null}},{"IsMatched":true,"ModelNumber":"ACM1001","SerialNumber":"ACS1001","UnitType":"Cooling","ManufactureDate":"\/Date(1078099200000)\/","ManufactureBrand":"bs","UnitTon":"1.5","Refrigerant":null,"ElectricalService":null,"Breaker":null,"MaxBreaker":null,"Compressor":null,"Capacitor":null,"Contactor":null,"Filterdryer":null,"Defrostboard":null,"Relay":null,"TXVValve":null,"ReversingValve":null,"BlowerMotor":null,"Condensingfanmotor":null,"Inducerdraftmotor":null,"Transformer":null,"Controlboard":null,"Limitswitch":null,"Ignitor":null,"Gasvalve":null,"Pressureswitch":null,"Flamesensor":null,"Rolloutsensor":null,"Doorswitch":null,"Ignitioncontrolboard":null,"Coil":null,"Misc":null,"OptionalInformation":{"QuantityOfFilter":0,"Filters":[],"QuantityOfFuses":0,"FuseTypes":[],"ThermostatTypes":null}}]}}]}

2017-05-04 18:20:07.2667|INFO|api.Helpers.NLogger|JSON
Method: POST
URL: http://192.168.1.126:9999/api/v1/employee/UpdateUnitImage
Controller : api.Controllers.NewEmployeeController
Action : UpdateUnitImage
Action Parameters : {"messageFormat":"JSON","messageArguments":[{}]}

2017-05-04 18:20:10.0653|INFO|api.Helpers.NLogger|JSON
Method: POST
URL: http://192.168.1.126:9999/api/v1/employee/GetAllScheduledServices
Controller : api.Controllers.EmployeeController
Action : GetAllScheduledServices
Action Parameters : {"messageFormat":"JSON","messageArguments":[{"request":{"NotificationId":0,"EmployeeId":12,"SalesVisitRequestId":0,"Month":0,"Year":0,"Day":0,"ServiceId":0,"ReportId":0,"UnitId":0,"Latitude":null,"Longitude":null,"SearchTerm":null,"PageId":0,"LastCallDateTime":null,"PageNumber":1,"pageSize":0,"OrderId":0,"StatDate":"\/Date(1493902216000)\/","EndDate":null,"DeviceType":null,"DeviceToken":null,"ClientEmails":null,"CCEmail":null}}]}

2017-05-04 18:20:19.1690|INFO|api.Helpers.NLogger|JSON
Method: POST
URL: http://192.168.1.126:9999/api/v1/employee/GetAllScheduledServices
Controller : api.Controllers.EmployeeController
Action : GetAllScheduledServices
Action Parameters : {"messageFormat":"JSON","messageArguments":[{"request":{"NotificationId":0,"EmployeeId":12,"SalesVisitRequestId":0,"Month":0,"Year":0,"Day":0,"ServiceId":0,"ReportId":0,"UnitId":0,"Latitude":null,"Longitude":null,"SearchTerm":null,"PageId":0,"LastCallDateTime":null,"PageNumber":1,"pageSize":0,"OrderId":0,"StatDate":"\/Date(1491310220000)\/","EndDate":"\/Date(1493902224000)\/","DeviceType":null,"DeviceToken":null,"ClientEmails":null,"CCEmail":null}}]}

2017-05-04 18:20:49.3630|INFO|api.Helpers.NLogger|JSON
Method: POST
URL: http://192.168.1.126:9999/api/v1/employee/GetScheduledServiceUnitDetails
Controller : api.Controllers.EmployeeController
Action : GetScheduledServiceUnitDetails
Action Parameters : {"messageFormat":"JSON","messageArguments":[{"request":{"NotificationId":0,"EmployeeId":12,"SalesVisitRequestId":0,"Month":0,"Year":0,"Day":0,"ServiceId":0,"ReportId":0,"UnitId":1017,"Latitude":null,"Longitude":null,"SearchTerm":null,"PageId":0,"LastCallDateTime":null,"PageNumber":null,"pageSize":0,"OrderId":0,"StatDate":null,"EndDate":null,"DeviceType":null,"DeviceToken":null,"ClientEmails":null,"CCEmail":null}}]}

2017-05-04 18:21:09.7336|INFO|api.Helpers.NLogger|JSON
Method: POST
URL: http://192.168.1.126:9999/api/v1/employee/UpdateUnitDetails
Controller : api.Controllers.EmployeeController
Action : UpdateUnitDetails
Action Parameters : {"messageFormat":"JSON","messageArguments":[{"request":{"EmployeeId":12,"ClientId":0,"UnitId":1017,"UnitName":null,"Notes":"","AddressId":0,"Parts":[{"IsMatched":true,"ModelNumber":"ACM1000","SerialNumber":"ACS1000","UnitType":"Heating","ManufactureDate":"\/Date(1354320000000)\/","ManufactureBrand":"bs","UnitTon":"10","Refrigerant":null,"ElectricalService":null,"Breaker":null,"MaxBreaker":null,"Compressor":null,"Capacitor":null,"Contactor":null,"Filterdryer":null,"Defrostboard":null,"Relay":null,"TXVValve":null,"ReversingValve":null,"BlowerMotor":null,"Condensingfanmotor":null,"Inducerdraftmotor":null,"Transformer":null,"Controlboard":null,"Limitswitch":null,"Ignitor":null,"Gasvalve":null,"Pressureswitch":null,"Flamesensor":null,"Rolloutsensor":null,"Doorswitch":null,"Ignitioncontrolboard":null,"Coil":null,"Misc":null,"OptionalInformation":{"QuantityOfFilter":0,"Filters":[],"QuantityOfFuses":0,"FuseTypes":[],"ThermostatTypes":null}},{"IsMatched":true,"ModelNumber":"ACM1001","SerialNumber":"ACS1001","UnitType":"Cooling","ManufactureDate":"\/Date(1078099200000)\/","ManufactureBrand":"bs","UnitTon":"1.5","Refrigerant":null,"ElectricalService":null,"Breaker":null,"MaxBreaker":null,"Compressor":null,"Capacitor":null,"Contactor":null,"Filterdryer":null,"Defrostboard":null,"Relay":null,"TXVValve":null,"ReversingValve":null,"BlowerMotor":null,"Condensingfanmotor":null,"Inducerdraftmotor":null,"Transformer":null,"Controlboard":null,"Limitswitch":null,"Ignitor":null,"Gasvalve":null,"Pressureswitch":null,"Flamesensor":null,"Rolloutsensor":null,"Doorswitch":null,"Ignitioncontrolboard":null,"Coil":null,"Misc":null,"OptionalInformation":{"QuantityOfFilter":0,"Filters":[],"QuantityOfFuses":0,"FuseTypes":[],"ThermostatTypes":null}}]}}]}

2017-05-04 18:21:09.7824|INFO|api.Helpers.NLogger|JSON
Method: POST
URL: http://192.168.1.126:9999/api/v1/employee/UpdateUnitImage
Controller : api.Controllers.NewEmployeeController
Action : UpdateUnitImage
Action Parameters : {"messageFormat":"JSON","messageArguments":[{}]}

2017-05-04 18:21:12.8674|INFO|api.Helpers.NLogger|JSON
Method: POST
URL: http://192.168.1.126:9999/api/v1/employee/GetAllScheduledServices
Controller : api.Controllers.EmployeeController
Action : GetAllScheduledServices
Action Parameters : {"messageFormat":"JSON","messageArguments":[{"request":{"NotificationId":0,"EmployeeId":12,"SalesVisitRequestId":0,"Month":0,"Year":0,"Day":0,"ServiceId":0,"ReportId":0,"UnitId":0,"Latitude":null,"Longitude":null,"SearchTerm":null,"PageId":0,"LastCallDateTime":null,"PageNumber":1,"pageSize":0,"OrderId":0,"StatDate":"\/Date(1493902279000)\/","EndDate":null,"DeviceType":null,"DeviceToken":null,"ClientEmails":null,"CCEmail":null}}]}

2017-05-04 18:21:27.6268|INFO|api.Helpers.NLogger|JSON
Method: POST
URL: http://192.168.1.126:9999/api/v1/employee/GetAllScheduledServices
Controller : api.Controllers.EmployeeController
Action : GetAllScheduledServices
Action Parameters : {"messageFormat":"JSON","messageArguments":[{"request":{"NotificationId":0,"EmployeeId":12,"SalesVisitRequestId":0,"Month":0,"Year":0,"Day":0,"ServiceId":0,"ReportId":0,"UnitId":0,"Latitude":null,"Longitude":null,"SearchTerm":null,"PageId":0,"LastCallDateTime":null,"PageNumber":1,"pageSize":0,"OrderId":0,"StatDate":"\/Date(1491310288000)\/","EndDate":"\/Date(1493902292000)\/","DeviceType":null,"DeviceToken":null,"ClientEmails":null,"CCEmail":null}}]}

2017-05-04 18:21:44.4305|INFO|api.Helpers.NLogger|JSON
Method: POST
URL: http://192.168.1.126:9999/api/v1/employee/GetAllScheduledServices
Controller : api.Controllers.EmployeeController
Action : GetAllScheduledServices
Action Parameters : {"messageFormat":"JSON","messageArguments":[{"request":{"NotificationId":0,"EmployeeId":12,"SalesVisitRequestId":0,"Month":0,"Year":0,"Day":0,"ServiceId":0,"ReportId":0,"UnitId":0,"Latitude":null,"Longitude":null,"SearchTerm":null,"PageId":0,"LastCallDateTime":null,"PageNumber":1,"pageSize":0,"OrderId":0,"StatDate":"\/Date(1493902310000)\/","EndDate":null,"DeviceType":null,"DeviceToken":null,"ClientEmails":null,"CCEmail":null}}]}

2017-05-04 18:21:44.9510|INFO|api.Helpers.NLogger|JSON
Method: POST
URL: http://192.168.1.126:9999/api/v1/employee/GetAllScheduledServices
Controller : api.Controllers.EmployeeController
Action : GetAllScheduledServices
Action Parameters : {"messageFormat":"JSON","messageArguments":[{"request":{"NotificationId":0,"EmployeeId":12,"SalesVisitRequestId":0,"Month":0,"Year":0,"Day":0,"ServiceId":0,"ReportId":0,"UnitId":0,"Latitude":null,"Longitude":null,"SearchTerm":null,"PageId":0,"LastCallDateTime":null,"PageNumber":1,"pageSize":0,"OrderId":0,"StatDate":"\/Date(1493902310000)\/","EndDate":null,"DeviceType":null,"DeviceToken":null,"ClientEmails":null,"CCEmail":null}}]}

2017-05-04 18:21:51.7454|INFO|api.Helpers.NLogger|JSON
Method: POST
URL: http://192.168.1.126:9999/api/v1/employee/GetAllScheduledServices
Controller : api.Controllers.EmployeeController
Action : GetAllScheduledServices
Action Parameters : {"messageFormat":"JSON","messageArguments":[{"request":{"NotificationId":0,"EmployeeId":12,"SalesVisitRequestId":0,"Month":0,"Year":0,"Day":0,"ServiceId":0,"ReportId":0,"UnitId":0,"Latitude":null,"Longitude":null,"SearchTerm":null,"PageId":0,"LastCallDateTime":null,"PageNumber":1,"pageSize":0,"OrderId":0,"StatDate":"\/Date(1491310314000)\/","EndDate":"\/Date(1493902317000)\/","DeviceType":null,"DeviceToken":null,"ClientEmails":null,"CCEmail":null}}]}

2017-05-04 18:22:28.1889|INFO|api.Helpers.NLogger|JSON
Method: POST
URL: http://192.168.1.126:9999/api/v1/employee/CheckUnitMatchDetails
Controller : api.Controllers.EmployeeController
Action : CheckUnitMatchDetails
Action Parameters : {"messageFormat":"JSON","messageArguments":[{"request":{"EmployeeId":12,"Parts":[{"UnitType":"Heating","ModelNumber":"ACM1000","SerialNumber":"ACS1000"},{"UnitType":"Cooling","ModelNumber":"addzfdsf","SerialNumber":"dead"}]}}]}

2017-05-04 18:22:41.5436|INFO|api.Helpers.NLogger|JSON
Method: POST
URL: http://192.168.1.126:9999/api/v1/employee/getElectricalServices
Controller : api.Controllers.NewEmployeeController
Action : getElectricalServices
Action Parameters : {"messageFormat":"JSON","messageArguments":[{"request":{"NotificationId":0,"EmployeeId":12,"SalesVisitRequestId":0,"Month":0,"Year":0,"Day":0,"ServiceId":0,"ReportId":0,"UnitId":0,"Latitude":null,"Longitude":null,"SearchTerm":null,"PageId":0,"LastCallDateTime":null,"PageNumber":null,"pageSize":0,"OrderId":0,"StatDate":null,"EndDate":null,"DeviceType":null,"DeviceToken":null,"ClientEmails":null,"CCEmail":null}}]}

2017-05-04 18:22:43.5026|INFO|api.Helpers.NLogger|JSON
Method: POST
URL: http://192.168.1.126:9999/api/v1/empcommon/GetPartsByTypeForUnit
Controller : api.Controllers.EmpCommonController
Action : GetPartsByTypeForUnit
Action Parameters : {"messageFormat":"JSON","messageArguments":[{"request":{"Email":null,"ClientId":0,"PlanTypeId":0,"PlanId":0,"PartId":0,"Month":0,"Year":0,"AddressId":null,"UnitId":0,"ServiceId":null,"RequestedServiceId":null,"PartType":null,"PartTypeId":4,"PageId":0,"ShowDeleted":false,"ServiceCaseNumber":null,"LastCallDateTime":null,"PageNumber":null,"pageSize":0,"DeviceType":null,"DeviceToken":null,"NotificationId":null,"EmployeeId":12,"BillingId":null}}]}

2017-05-04 18:22:45.8653|INFO|api.Helpers.NLogger|JSON
Method: POST
URL: http://192.168.1.126:9999/api/v1/empcommon/GetPartsByTypeForUnit
Controller : api.Controllers.EmpCommonController
Action : GetPartsByTypeForUnit
Action Parameters : {"messageFormat":"JSON","messageArguments":[{"request":{"Email":null,"ClientId":0,"PlanTypeId":0,"PlanId":0,"PartId":0,"Month":0,"Year":0,"AddressId":null,"UnitId":0,"ServiceId":null,"RequestedServiceId":null,"PartType":null,"PartTypeId":5,"PageId":0,"ShowDeleted":false,"ServiceCaseNumber":null,"LastCallDateTime":null,"PageNumber":null,"pageSize":0,"DeviceType":null,"DeviceToken":null,"NotificationId":null,"EmployeeId":12,"BillingId":null}}]}

2017-05-04 18:22:55.7205|INFO|api.Helpers.NLogger|JSON
Method: POST
URL: http://192.168.1.126:9999/api/v1/empcommon/GetPartsByTypeForUnit
Controller : api.Controllers.EmpCommonController
Action : GetPartsByTypeForUnit
Action Parameters : {"messageFormat":"JSON","messageArguments":[{"request":{"Email":null,"ClientId":0,"PlanTypeId":0,"PlanId":0,"PartId":0,"Month":0,"Year":0,"AddressId":null,"UnitId":0,"ServiceId":null,"RequestedServiceId":null,"PartType":null,"PartTypeId":23,"PageId":0,"ShowDeleted":false,"ServiceCaseNumber":null,"LastCallDateTime":null,"PageNumber":null,"pageSize":0,"DeviceType":null,"DeviceToken":null,"NotificationId":null,"EmployeeId":12,"BillingId":null}}]}

2017-05-04 18:23:02.1218|INFO|api.Helpers.NLogger|JSON
Method: POST
URL: http://192.168.1.126:9999/api/v1/employee/getElectricalServices
Controller : api.Controllers.NewEmployeeController
Action : getElectricalServices
Action Parameters : {"messageFormat":"JSON","messageArguments":[{"request":{"NotificationId":0,"EmployeeId":12,"SalesVisitRequestId":0,"Month":0,"Year":0,"Day":0,"ServiceId":0,"ReportId":0,"UnitId":0,"Latitude":null,"Longitude":null,"SearchTerm":null,"PageId":0,"LastCallDateTime":null,"PageNumber":null,"pageSize":0,"OrderId":0,"StatDate":null,"EndDate":null,"DeviceType":null,"DeviceToken":null,"ClientEmails":null,"CCEmail":null}}]}

2017-05-04 18:23:05.3002|INFO|api.Helpers.NLogger|JSON
Method: POST
URL: http://192.168.1.126:9999/api/v1/empcommon/GetPartsByTypeForUnit
Controller : api.Controllers.EmpCommonController
Action : GetPartsByTypeForUnit
Action Parameters : {"messageFormat":"JSON","messageArguments":[{"request":{"Email":null,"ClientId":0,"PlanTypeId":0,"PlanId":0,"PartId":0,"Month":0,"Year":0,"AddressId":null,"UnitId":0,"ServiceId":null,"RequestedServiceId":null,"PartType":null,"PartTypeId":8,"PageId":0,"ShowDeleted":false,"ServiceCaseNumber":null,"LastCallDateTime":null,"PageNumber":null,"pageSize":0,"DeviceType":null,"DeviceToken":null,"NotificationId":null,"EmployeeId":12,"BillingId":null}}]}

2017-05-04 18:23:08.2084|INFO|api.Helpers.NLogger|JSON
Method: POST
URL: http://192.168.1.126:9999/api/v1/empcommon/GetPartsByTypeForUnit
Controller : api.Controllers.EmpCommonController
Action : GetPartsByTypeForUnit
Action Parameters : {"messageFormat":"JSON","messageArguments":[{"request":{"Email":null,"ClientId":0,"PlanTypeId":0,"PlanId":0,"PartId":0,"Month":0,"Year":0,"AddressId":null,"UnitId":0,"ServiceId":null,"RequestedServiceId":null,"PartType":null,"PartTypeId":10,"PageId":0,"ShowDeleted":false,"ServiceCaseNumber":null,"LastCallDateTime":null,"PageNumber":null,"pageSize":0,"DeviceType":null,"DeviceToken":null,"NotificationId":null,"EmployeeId":12,"BillingId":null}}]}

2017-05-04 18:23:11.8307|INFO|api.Helpers.NLogger|JSON
Method: POST
URL: http://192.168.1.126:9999/api/v1/empcommon/GetPartsByTypeForUnit
Controller : api.Controllers.EmpCommonController
Action : GetPartsByTypeForUnit
Action Parameters : {"messageFormat":"JSON","messageArguments":[{"request":{"Email":null,"ClientId":0,"PlanTypeId":0,"PlanId":0,"PartId":0,"Month":0,"Year":0,"AddressId":null,"UnitId":0,"ServiceId":null,"RequestedServiceId":null,"PartType":null,"PartTypeId":17,"PageId":0,"ShowDeleted":false,"ServiceCaseNumber":null,"LastCallDateTime":null,"PageNumber":null,"pageSize":0,"DeviceType":null,"DeviceToken":null,"NotificationId":null,"EmployeeId":12,"BillingId":null}}]}

2017-05-04 18:23:22.4742|INFO|api.Helpers.NLogger|JSON
Method: POST
URL: http://192.168.1.126:9999/api/v1/empcommon/GetPartsByTypeForUnit
Controller : api.Controllers.EmpCommonController
Action : GetPartsByTypeForUnit
Action Parameters : {"messageFormat":"JSON","messageArguments":[{"request":{"Email":null,"ClientId":0,"PlanTypeId":0,"PlanId":0,"PartId":0,"Month":0,"Year":0,"AddressId":null,"UnitId":0,"ServiceId":null,"RequestedServiceId":null,"PartType":null,"PartTypeId":6,"PageId":0,"ShowDeleted":false,"ServiceCaseNumber":null,"LastCallDateTime":null,"PageNumber":null,"pageSize":0,"DeviceType":null,"DeviceToken":null,"NotificationId":null,"EmployeeId":12,"BillingId":null}}]}

2017-05-04 18:23:25.3304|INFO|api.Helpers.NLogger|JSON
Method: POST
URL: http://192.168.1.126:9999/api/v1/empcommon/GetPartsByTypeForUnit
Controller : api.Controllers.EmpCommonController
Action : GetPartsByTypeForUnit
Action Parameters : {"messageFormat":"JSON","messageArguments":[{"request":{"Email":null,"ClientId":0,"PlanTypeId":0,"PlanId":0,"PartId":0,"Month":0,"Year":0,"AddressId":null,"UnitId":0,"ServiceId":null,"RequestedServiceId":null,"PartType":null,"PartTypeId":9,"PageId":0,"ShowDeleted":false,"ServiceCaseNumber":null,"LastCallDateTime":null,"PageNumber":null,"pageSize":0,"DeviceType":null,"DeviceToken":null,"NotificationId":null,"EmployeeId":12,"BillingId":null}}]}

2017-05-04 18:24:01.1909|INFO|api.Helpers.NLogger|JSON
Method: POST
URL: http://192.168.1.126:9999/api/v1/employee/GetUnitExtraInfo
Controller : api.Controllers.EmployeeController
Action : GetUnitExtraInfo
Action Parameters : {"messageFormat":"JSON","messageArguments":[{"request":{"EmployeeId":12,"ClientId":0,"UnitId":1009,"UnitName":null,"Notes":null,"AddressId":0,"Parts":null}}]}

2017-05-04 18:28:13.3985|INFO|api.Helpers.NLogger|JSON
Method: POST
URL: http://192.168.1.126:9999/api/v1/employee/UpdateUnitDetails
Controller : api.Controllers.EmployeeController
Action : UpdateUnitDetails
Action Parameters : {"messageFormat":"JSON","messageArguments":[{"request":{"EmployeeId":12,"ClientId":0,"UnitId":1009,"UnitName":null,"Notes":"","AddressId":0,"Parts":[{"IsMatched":true,"ModelNumber":"ACM1000","SerialNumber":"ACS1000","UnitType":"Heating","ManufactureDate":"\/Date(917874000000)\/","ManufactureBrand":"Lt","UnitTon":"2","Refrigerant":3,"ElectricalService":"230/3/60","Breaker":67,"MaxBreaker":null,"Compressor":5,"Capacitor":null,"Contactor":null,"Filterdryer":8,"Defrostboard":null,"Relay":null,"TXVValve":null,"ReversingValve":null,"BlowerMotor":null,"Condensingfanmotor":null,"Inducerdraftmotor":null,"Transformer":null,"Controlboard":null,"Limitswitch":null,"Ignitor":null,"Gasvalve":null,"Pressureswitch":null,"Flamesensor":null,"Rolloutsensor":null,"Doorswitch":null,"Ignitioncontrolboard":null,"Coil":null,"Misc":null,"OptionalInformation":{"QuantityOfFilter":0,"Filters":[],"QuantityOfFuses":0,"FuseTypes":[],"ThermostatTypes":null}},{"IsMatched":true,"ModelNumber":"addzfdsf","SerialNumber":"dead","UnitType":"Cooling","ManufactureDate":"\/Date(1262350800000)\/","ManufactureBrand":null,"UnitTon":null,"Refrigerant":null,"ElectricalService":null,"Breaker":null,"MaxBreaker":null,"Compressor":null,"Capacitor":null,"Contactor":null,"Filterdryer":null,"Defrostboard":null,"Relay":null,"TXVValve":null,"ReversingValve":null,"BlowerMotor":null,"Condensingfanmotor":null,"Inducerdraftmotor":null,"Transformer":null,"Controlboard":null,"Limitswitch":null,"Ignitor":null,"Gasvalve":null,"Pressureswitch":null,"Flamesensor":null,"Rolloutsensor":null,"Doorswitch":null,"Ignitioncontrolboard":null,"Coil":null,"Misc":null,"OptionalInformation":{"QuantityOfFilter":0,"Filters":[],"QuantityOfFuses":0,"FuseTypes":[],"ThermostatTypes":null}}]}}]}

2017-05-04 18:28:13.3985|INFO|api.Helpers.NLogger|JSON
Method: POST
URL: http://192.168.1.126:9999/api/v1/employee/UpdateEmployeeLocation
Controller : api.Controllers.EmployeeController
Action : UpdateEmployeeLocation
Action Parameters : {"messageFormat":"JSON","messageArguments":[{"request":{"NotificationId":0,"EmployeeId":12,"SalesVisitRequestId":0,"Month":0,"Year":0,"Day":0,"ServiceId":0,"ReportId":0,"UnitId":0,"Latitude":37.78583400,"Longitude":-122.40641700,"SearchTerm":null,"PageId":0,"LastCallDateTime":null,"PageNumber":null,"pageSize":0,"OrderId":0,"StatDate":null,"EndDate":null,"DeviceType":null,"DeviceToken":null,"ClientEmails":null,"CCEmail":null}}]}

2017-05-04 18:39:07.0588|INFO|api.Helpers.NLogger|JSON
Method: POST
URL: http://192.168.1.126:9999/api/v1/employee/GetDashBoardMonthWiseServiceCount
Controller : api.Controllers.EmployeeController
Action : GetDashBoardMonthWiseServiceCount
Action Parameters : {"messageFormat":"JSON","messageArguments":[{"request":{"NotificationId":0,"EmployeeId":12,"SalesVisitRequestId":0,"Month":5,"Year":2017,"Day":0,"ServiceId":0,"ReportId":0,"UnitId":0,"Latitude":null,"Longitude":null,"SearchTerm":null,"PageId":0,"LastCallDateTime":null,"PageNumber":null,"pageSize":0,"OrderId":0,"StatDate":null,"EndDate":null,"DeviceType":null,"DeviceToken":null,"ClientEmails":null,"CCEmail":null}}]}

2017-05-04 18:39:07.0818|INFO|api.Helpers.NLogger|JSON
Method: POST
URL: http://192.168.1.126:9999/api/v1/employee/UpdateEmployeeLocation
Controller : api.Controllers.EmployeeController
Action : UpdateEmployeeLocation
Action Parameters : {"messageFormat":"JSON","messageArguments":[{"request":{"NotificationId":0,"EmployeeId":12,"SalesVisitRequestId":0,"Month":0,"Year":0,"Day":0,"ServiceId":0,"ReportId":0,"UnitId":0,"Latitude":37.78583400,"Longitude":-122.40641700,"SearchTerm":null,"PageId":0,"LastCallDateTime":null,"PageNumber":null,"pageSize":0,"OrderId":0,"StatDate":null,"EndDate":null,"DeviceType":null,"DeviceToken":null,"ClientEmails":null,"CCEmail":null}}]}

2017-05-04 18:39:10.0638|INFO|api.Helpers.NLogger|JSON
Method: POST
URL: http://192.168.1.126:9999/api/v1/employee/GetDashBoardMonthDayWiseServiceList
Controller : api.Controllers.EmployeeController
Action : GetDashBoardMonthDayWiseServiceList
Action Parameters : {"messageFormat":"JSON","messageArguments":[{"request":{"NotificationId":0,"EmployeeId":12,"SalesVisitRequestId":0,"Month":5,"Year":2017,"Day":4,"ServiceId":0,"ReportId":0,"UnitId":0,"Latitude":null,"Longitude":null,"SearchTerm":null,"PageId":0,"LastCallDateTime":null,"PageNumber":null,"pageSize":0,"OrderId":0,"StatDate":null,"EndDate":null,"DeviceType":null,"DeviceToken":null,"ClientEmails":null,"CCEmail":null}}]}

2017-05-04 18:39:15.9355|INFO|api.Helpers.NLogger|JSON
Method: POST
URL: http://192.168.1.126:9999/api/v1/employee/GetAllScheduledServices
Controller : api.Controllers.EmployeeController
Action : GetAllScheduledServices
Action Parameters : {"messageFormat":"JSON","messageArguments":[{"request":{"NotificationId":0,"EmployeeId":12,"SalesVisitRequestId":0,"Month":0,"Year":0,"Day":0,"ServiceId":0,"ReportId":0,"UnitId":0,"Latitude":null,"Longitude":null,"SearchTerm":null,"PageId":0,"LastCallDateTime":null,"PageNumber":1,"pageSize":0,"OrderId":0,"StatDate":"\/Date(1493903362000)\/","EndDate":null,"DeviceType":null,"DeviceToken":null,"ClientEmails":null,"CCEmail":null}}]}

2017-05-04 18:39:17.1861|INFO|api.Helpers.NLogger|JSON
Method: POST
URL: http://192.168.1.126:9999/api/v1/employee/GetAllScheduledServices
Controller : api.Controllers.EmployeeController
Action : GetAllScheduledServices
Action Parameters : {"messageFormat":"JSON","messageArguments":[{"request":{"NotificationId":0,"EmployeeId":12,"SalesVisitRequestId":0,"Month":0,"Year":0,"Day":0,"ServiceId":0,"ReportId":0,"UnitId":0,"Latitude":null,"Longitude":null,"SearchTerm":null,"PageId":0,"LastCallDateTime":null,"PageNumber":1,"pageSize":0,"OrderId":0,"StatDate":"\/Date(1493989763000)\/","EndDate":null,"DeviceType":null,"DeviceToken":null,"ClientEmails":null,"CCEmail":null}}]}

2017-05-04 18:39:23.2085|INFO|api.Helpers.NLogger|JSON
Method: POST
URL: http://192.168.1.126:9999/api/v1/employee/GetAllScheduledServices
Controller : api.Controllers.EmployeeController
Action : GetAllScheduledServices
Action Parameters : {"messageFormat":"JSON","messageArguments":[{"request":{"NotificationId":0,"EmployeeId":12,"SalesVisitRequestId":0,"Month":0,"Year":0,"Day":0,"ServiceId":0,"ReportId":0,"UnitId":0,"Latitude":null,"Longitude":null,"SearchTerm":null,"PageId":0,"LastCallDateTime":null,"PageNumber":1,"pageSize":0,"OrderId":0,"StatDate":"\/Date(1491311365000)\/","EndDate":"\/Date(1493903368000)\/","DeviceType":null,"DeviceToken":null,"ClientEmails":null,"CCEmail":null}}]}

2017-05-04 18:39:30.6050|INFO|api.Helpers.NLogger|JSON
Method: POST
URL: http://192.168.1.126:9999/api/v1/employee/GetAllScheduledServices
Controller : api.Controllers.EmployeeController
Action : GetAllScheduledServices
Action Parameters : {"messageFormat":"JSON","messageArguments":[{"request":{"NotificationId":0,"EmployeeId":12,"SalesVisitRequestId":0,"Month":0,"Year":0,"Day":0,"ServiceId":0,"ReportId":0,"UnitId":0,"Latitude":null,"Longitude":null,"SearchTerm":null,"PageId":0,"LastCallDateTime":null,"PageNumber":1,"pageSize":0,"OrderId":0,"StatDate":"\/Date(1493903377000)\/","EndDate":null,"DeviceType":null,"DeviceToken":null,"ClientEmails":null,"CCEmail":null}}]}

2017-05-04 18:39:37.8037|INFO|api.Helpers.NLogger|JSON
Method: POST
URL: http://192.168.1.126:9999/api/v1/employee/GetAllScheduledServices
Controller : api.Controllers.EmployeeController
Action : GetAllScheduledServices
Action Parameters : {"messageFormat":"JSON","messageArguments":[{"request":{"NotificationId":0,"EmployeeId":12,"SalesVisitRequestId":0,"Month":0,"Year":0,"Day":0,"ServiceId":0,"ReportId":0,"UnitId":0,"Latitude":null,"Longitude":null,"SearchTerm":null,"PageId":0,"LastCallDateTime":null,"PageNumber":1,"pageSize":0,"OrderId":0,"StatDate":"\/Date(1491311379000)\/","EndDate":"\/Date(1493903382000)\/","DeviceType":null,"DeviceToken":null,"ClientEmails":null,"CCEmail":null}}]}

2017-05-04 18:39:42.9525|INFO|api.Helpers.NLogger|JSON
Method: POST
URL: http://192.168.1.126:9999/api/v1/employee/GetAllScheduledServices
Controller : api.Controllers.EmployeeController
Action : GetAllScheduledServices
Action Parameters : {"messageFormat":"JSON","messageArguments":[{"request":{"NotificationId":0,"EmployeeId":12,"SalesVisitRequestId":0,"Month":0,"Year":0,"Day":0,"ServiceId":0,"ReportId":0,"UnitId":0,"Latitude":null,"Longitude":null,"SearchTerm":null,"PageId":0,"LastCallDateTime":null,"PageNumber":1,"pageSize":0,"OrderId":0,"StatDate":"\/Date(1493903389000)\/","EndDate":null,"DeviceType":null,"DeviceToken":null,"ClientEmails":null,"CCEmail":null}}]}

2017-05-04 18:39:48.1982|INFO|api.Helpers.NLogger|JSON
Method: POST
URL: http://192.168.1.126:9999/api/v1/employee/GetAllScheduledServices
Controller : api.Controllers.EmployeeController
Action : GetAllScheduledServices
Action Parameters : {"messageFormat":"JSON","messageArguments":[{"request":{"NotificationId":0,"EmployeeId":12,"SalesVisitRequestId":0,"Month":0,"Year":0,"Day":0,"ServiceId":0,"ReportId":0,"UnitId":0,"Latitude":null,"Longitude":null,"SearchTerm":null,"PageId":0,"LastCallDateTime":null,"PageNumber":1,"pageSize":0,"OrderId":0,"StatDate":"\/Date(1491311390000)\/","EndDate":"\/Date(1493903393000)\/","DeviceType":null,"DeviceToken":null,"ClientEmails":null,"CCEmail":null}}]}

2017-05-04 18:39:51.3261|INFO|api.Helpers.NLogger|JSON
Method: POST
URL: http://192.168.1.126:9999/api/v1/employee/GetAllScheduledServices
Controller : api.Controllers.EmployeeController
Action : GetAllScheduledServices
Action Parameters : {"messageFormat":"JSON","messageArguments":[{"request":{"NotificationId":0,"EmployeeId":12,"SalesVisitRequestId":0,"Month":0,"Year":0,"Day":0,"ServiceId":0,"ReportId":0,"UnitId":0,"Latitude":null,"Longitude":null,"SearchTerm":null,"PageId":0,"LastCallDateTime":null,"PageNumber":2,"pageSize":0,"OrderId":0,"StatDate":"\/Date(1491311390000)\/","EndDate":"\/Date(1493903393000)\/","DeviceType":null,"DeviceToken":null,"ClientEmails":null,"CCEmail":null}}]}

2017-05-04 18:40:30.9711|INFO|api.Helpers.NLogger|JSON
Method: POST
URL: http://192.168.1.126:9999/api/v1/employee/GetScheduledServiceUnitDetails
Controller : api.Controllers.EmployeeController
Action : GetScheduledServiceUnitDetails
Action Parameters : {"messageFormat":"JSON","messageArguments":[{"request":{"NotificationId":0,"EmployeeId":12,"SalesVisitRequestId":0,"Month":0,"Year":0,"Day":0,"ServiceId":0,"ReportId":0,"UnitId":1048,"Latitude":null,"Longitude":null,"SearchTerm":null,"PageId":0,"LastCallDateTime":null,"PageNumber":null,"pageSize":0,"OrderId":0,"StatDate":null,"EndDate":null,"DeviceType":null,"DeviceToken":null,"ClientEmails":null,"CCEmail":null}}]}

2017-05-04 18:43:25.8652|INFO|api.Helpers.NLogger|JSON
Method: POST
URL: http://192.168.1.126:9999/api/v1/employee/GetScheduledServiceUnitDetails
Controller : api.Controllers.EmployeeController
Action : GetScheduledServiceUnitDetails
Action Parameters : {"messageFormat":"JSON","messageArguments":[{"request":{"NotificationId":0,"EmployeeId":12,"SalesVisitRequestId":0,"Month":0,"Year":0,"Day":0,"ServiceId":0,"ReportId":0,"UnitId":1048,"Latitude":null,"Longitude":null,"SearchTerm":null,"PageId":0,"LastCallDateTime":null,"PageNumber":null,"pageSize":0,"OrderId":0,"StatDate":null,"EndDate":null,"DeviceType":null,"DeviceToken":null,"ClientEmails":null,"CCEmail":null}}]}

2017-05-04 18:43:38.6213|INFO|api.Helpers.NLogger|JSON
Method: POST
URL: http://192.168.1.126:9999/api/v1/empcommon/GetPartsByTypeForUnit
Controller : api.Controllers.EmpCommonController
Action : GetPartsByTypeForUnit
Action Parameters : {"messageFormat":"JSON","messageArguments":[{"request":{"Email":null,"ClientId":0,"PlanTypeId":0,"PlanId":0,"PartId":0,"Month":0,"Year":0,"AddressId":null,"UnitId":0,"ServiceId":null,"RequestedServiceId":null,"PartType":null,"PartTypeId":4,"PageId":0,"ShowDeleted":false,"ServiceCaseNumber":null,"LastCallDateTime":null,"PageNumber":null,"pageSize":0,"DeviceType":null,"DeviceToken":null,"NotificationId":null,"EmployeeId":12,"BillingId":null}}]}

2017-05-04 18:43:40.5666|INFO|api.Helpers.NLogger|JSON
Method: POST
URL: http://192.168.1.126:9999/api/v1/employee/getElectricalServices
Controller : api.Controllers.NewEmployeeController
Action : getElectricalServices
Action Parameters : {"messageFormat":"JSON","messageArguments":[{"request":{"NotificationId":0,"EmployeeId":12,"SalesVisitRequestId":0,"Month":0,"Year":0,"Day":0,"ServiceId":0,"ReportId":0,"UnitId":0,"Latitude":null,"Longitude":null,"SearchTerm":null,"PageId":0,"LastCallDateTime":null,"PageNumber":null,"pageSize":0,"OrderId":0,"StatDate":null,"EndDate":null,"DeviceType":null,"DeviceToken":null,"ClientEmails":null,"CCEmail":null}}]}

2017-05-04 18:43:42.2561|INFO|api.Helpers.NLogger|JSON
Method: POST
URL: http://192.168.1.126:9999/api/v1/employee/getMaxBreaker
Controller : api.Controllers.NewEmployeeController
Action : getMaxBreaker
Action Parameters : {"messageFormat":"JSON","messageArguments":[{"request":{"NotificationId":0,"EmployeeId":12,"SalesVisitRequestId":0,"Month":0,"Year":0,"Day":0,"ServiceId":0,"ReportId":0,"UnitId":0,"Latitude":null,"Longitude":null,"SearchTerm":null,"PageId":0,"LastCallDateTime":null,"PageNumber":null,"pageSize":0,"OrderId":0,"StatDate":null,"EndDate":null,"DeviceType":null,"DeviceToken":null,"ClientEmails":null,"CCEmail":null}}]}

2017-05-04 18:43:46.3068|INFO|api.Helpers.NLogger|JSON
Method: POST
URL: http://192.168.1.126:9999/api/v1/empcommon/GetPartsByTypeForUnit
Controller : api.Controllers.EmpCommonController
Action : GetPartsByTypeForUnit
Action Parameters : {"messageFormat":"JSON","messageArguments":[{"request":{"Email":null,"ClientId":0,"PlanTypeId":0,"PlanId":0,"PartId":0,"Month":0,"Year":0,"AddressId":null,"UnitId":0,"ServiceId":null,"RequestedServiceId":null,"PartType":null,"PartTypeId":10,"PageId":0,"ShowDeleted":false,"ServiceCaseNumber":null,"LastCallDateTime":null,"PageNumber":null,"pageSize":0,"DeviceType":null,"DeviceToken":null,"NotificationId":null,"EmployeeId":12,"BillingId":null}}]}

2017-05-04 18:44:06.0760|INFO|api.Helpers.NLogger|JSON
Method: POST
URL: http://192.168.1.126:9999/api/v1/empcommon/GetPartsByTypeForUnit
Controller : api.Controllers.EmpCommonController
Action : GetPartsByTypeForUnit
Action Parameters : {"messageFormat":"JSON","messageArguments":[{"request":{"Email":null,"ClientId":0,"PlanTypeId":0,"PlanId":0,"PartId":0,"Month":0,"Year":0,"AddressId":null,"UnitId":0,"ServiceId":null,"RequestedServiceId":null,"PartType":null,"PartTypeId":13,"PageId":0,"ShowDeleted":false,"ServiceCaseNumber":null,"LastCallDateTime":null,"PageNumber":null,"pageSize":0,"DeviceType":null,"DeviceToken":null,"NotificationId":null,"EmployeeId":12,"BillingId":null}}]}

2017-05-04 18:44:08.6902|INFO|api.Helpers.NLogger|JSON
Method: POST
URL: http://192.168.1.126:9999/api/v1/empcommon/GetPartsByTypeForUnit
Controller : api.Controllers.EmpCommonController
Action : GetPartsByTypeForUnit
Action Parameters : {"messageFormat":"JSON","messageArguments":[{"request":{"Email":null,"ClientId":0,"PlanTypeId":0,"PlanId":0,"PartId":0,"Month":0,"Year":0,"AddressId":null,"UnitId":0,"ServiceId":null,"RequestedServiceId":null,"PartType":null,"PartTypeId":14,"PageId":0,"ShowDeleted":false,"ServiceCaseNumber":null,"LastCallDateTime":null,"PageNumber":null,"pageSize":0,"DeviceType":null,"DeviceToken":null,"NotificationId":null,"EmployeeId":12,"BillingId":null}}]}

2017-05-04 18:44:11.1655|INFO|api.Helpers.NLogger|JSON
Method: POST
URL: http://192.168.1.126:9999/api/v1/empcommon/GetPartsByTypeForUnit
Controller : api.Controllers.EmpCommonController
Action : GetPartsByTypeForUnit
Action Parameters : {"messageFormat":"JSON","messageArguments":[{"request":{"Email":null,"ClientId":0,"PlanTypeId":0,"PlanId":0,"PartId":0,"Month":0,"Year":0,"AddressId":null,"UnitId":0,"ServiceId":null,"RequestedServiceId":null,"PartType":null,"PartTypeId":16,"PageId":0,"ShowDeleted":false,"ServiceCaseNumber":null,"LastCallDateTime":null,"PageNumber":null,"pageSize":0,"DeviceType":null,"DeviceToken":null,"NotificationId":null,"EmployeeId":12,"BillingId":null}}]}

2017-05-04 18:44:13.9331|INFO|api.Helpers.NLogger|JSON
Method: POST
URL: http://192.168.1.126:9999/api/v1/empcommon/GetPartsByTypeForUnit
Controller : api.Controllers.EmpCommonController
Action : GetPartsByTypeForUnit
Action Parameters : {"messageFormat":"JSON","messageArguments":[{"request":{"Email":null,"ClientId":0,"PlanTypeId":0,"PlanId":0,"PartId":0,"Month":0,"Year":0,"AddressId":null,"UnitId":0,"ServiceId":null,"RequestedServiceId":null,"PartType":null,"PartTypeId":18,"PageId":0,"ShowDeleted":false,"ServiceCaseNumber":null,"LastCallDateTime":null,"PageNumber":null,"pageSize":0,"DeviceType":null,"DeviceToken":null,"NotificationId":null,"EmployeeId":12,"BillingId":null}}]}

2017-05-04 18:47:11.4970|INFO|api.Helpers.NLogger|JSON
Method: POST
URL: http://192.168.1.126:9999/api/v1/employee/GetDashBoardMonthWiseServiceCount
Controller : api.Controllers.EmployeeController
Action : GetDashBoardMonthWiseServiceCount
Action Parameters : {"messageFormat":"JSON","messageArguments":[{"request":{"NotificationId":0,"EmployeeId":12,"SalesVisitRequestId":0,"Month":5,"Year":2017,"Day":0,"ServiceId":0,"ReportId":0,"UnitId":0,"Latitude":null,"Longitude":null,"SearchTerm":null,"PageId":0,"LastCallDateTime":null,"PageNumber":null,"pageSize":0,"OrderId":0,"StatDate":null,"EndDate":null,"DeviceType":null,"DeviceToken":null,"ClientEmails":null,"CCEmail":null}}]}

2017-05-04 18:47:11.5330|INFO|api.Helpers.NLogger|JSON
Method: POST
URL: http://192.168.1.126:9999/api/v1/employee/UpdateEmployeeLocation
Controller : api.Controllers.EmployeeController
Action : UpdateEmployeeLocation
Action Parameters : {"messageFormat":"JSON","messageArguments":[{"request":{"NotificationId":0,"EmployeeId":12,"SalesVisitRequestId":0,"Month":0,"Year":0,"Day":0,"ServiceId":0,"ReportId":0,"UnitId":0,"Latitude":37.78583400,"Longitude":-122.40641700,"SearchTerm":null,"PageId":0,"LastCallDateTime":null,"PageNumber":null,"pageSize":0,"OrderId":0,"StatDate":null,"EndDate":null,"DeviceType":null,"DeviceToken":null,"ClientEmails":null,"CCEmail":null}}]}

2017-05-04 18:47:14.4966|INFO|api.Helpers.NLogger|JSON
Method: POST
URL: http://192.168.1.126:9999/api/v1/employee/GetDashBoardMonthDayWiseServiceList
Controller : api.Controllers.EmployeeController
Action : GetDashBoardMonthDayWiseServiceList
Action Parameters : {"messageFormat":"JSON","messageArguments":[{"request":{"NotificationId":0,"EmployeeId":12,"SalesVisitRequestId":0,"Month":5,"Year":2017,"Day":4,"ServiceId":0,"ReportId":0,"UnitId":0,"Latitude":null,"Longitude":null,"SearchTerm":null,"PageId":0,"LastCallDateTime":null,"PageNumber":null,"pageSize":0,"OrderId":0,"StatDate":null,"EndDate":null,"DeviceType":null,"DeviceToken":null,"ClientEmails":null,"CCEmail":null}}]}

2017-05-04 19:10:26.5900|INFO|api.Helpers.NLogger|JSON
Method: POST
URL: http://192.168.1.126:9999/api/v1/employee/UpdateEmployeeLocation
Controller : api.Controllers.EmployeeController
Action : UpdateEmployeeLocation
Action Parameters : {"messageFormat":"JSON","messageArguments":[{"request":{"NotificationId":0,"EmployeeId":12,"SalesVisitRequestId":0,"Month":0,"Year":0,"Day":0,"ServiceId":0,"ReportId":0,"UnitId":0,"Latitude":37.78583400,"Longitude":-122.40641700,"SearchTerm":null,"PageId":0,"LastCallDateTime":null,"PageNumber":null,"pageSize":0,"OrderId":0,"StatDate":null,"EndDate":null,"DeviceType":null,"DeviceToken":null,"ClientEmails":null,"CCEmail":null}}]}

2017-05-04 19:10:26.5900|INFO|api.Helpers.NLogger|JSON
Method: POST
URL: http://192.168.1.126:9999/api/v1/employee/GetDashBoardMonthDayWiseServiceList
Controller : api.Controllers.EmployeeController
Action : GetDashBoardMonthDayWiseServiceList
Action Parameters : {"messageFormat":"JSON","messageArguments":[{"request":{"NotificationId":0,"EmployeeId":12,"SalesVisitRequestId":0,"Month":5,"Year":2017,"Day":4,"ServiceId":0,"ReportId":0,"UnitId":0,"Latitude":null,"Longitude":null,"SearchTerm":null,"PageId":0,"LastCallDateTime":null,"PageNumber":null,"pageSize":0,"OrderId":0,"StatDate":null,"EndDate":null,"DeviceType":null,"DeviceToken":null,"ClientEmails":null,"CCEmail":null}}]}

2017-05-04 19:10:27.5860|INFO|api.Helpers.NLogger|JSON
Method: POST
URL: http://192.168.1.126:9999/api/v1/employee/GetDashBoardMonthWiseServiceCount
Controller : api.Controllers.EmployeeController
Action : GetDashBoardMonthWiseServiceCount
Action Parameters : {"messageFormat":"JSON","messageArguments":[{"request":{"NotificationId":0,"EmployeeId":12,"SalesVisitRequestId":0,"Month":5,"Year":2017,"Day":0,"ServiceId":0,"ReportId":0,"UnitId":0,"Latitude":null,"Longitude":null,"SearchTerm":null,"PageId":0,"LastCallDateTime":null,"PageNumber":null,"pageSize":0,"OrderId":0,"StatDate":null,"EndDate":null,"DeviceType":null,"DeviceToken":null,"ClientEmails":null,"CCEmail":null}}]}

2017-05-04 19:10:43.3408|INFO|api.Helpers.NLogger|JSON
Method: POST
URL: http://192.168.1.126:9999/api/v1/employee/GetAllScheduledServices
Controller : api.Controllers.EmployeeController
Action : GetAllScheduledServices
Action Parameters : {"messageFormat":"JSON","messageArguments":[{"request":{"NotificationId":0,"EmployeeId":12,"SalesVisitRequestId":0,"Month":0,"Year":0,"Day":0,"ServiceId":0,"ReportId":0,"UnitId":0,"Latitude":null,"Longitude":null,"SearchTerm":null,"PageId":0,"LastCallDateTime":null,"PageNumber":1,"pageSize":0,"OrderId":0,"StatDate":"\/Date(1493905249000)\/","EndDate":null,"DeviceType":null,"DeviceToken":null,"ClientEmails":null,"CCEmail":null}}]}

2017-05-04 19:10:50.0727|INFO|api.Helpers.NLogger|JSON
Method: POST
URL: http://192.168.1.126:9999/api/v1/employee/GetAllScheduledServices
Controller : api.Controllers.EmployeeController
Action : GetAllScheduledServices
Action Parameters : {"messageFormat":"JSON","messageArguments":[{"request":{"NotificationId":0,"EmployeeId":12,"SalesVisitRequestId":0,"Month":0,"Year":0,"Day":0,"ServiceId":0,"ReportId":0,"UnitId":0,"Latitude":null,"Longitude":null,"SearchTerm":null,"PageId":0,"LastCallDateTime":null,"PageNumber":1,"pageSize":0,"OrderId":0,"StatDate":"\/Date(1491313251000)\/","EndDate":"\/Date(1493905255000)\/","DeviceType":null,"DeviceToken":null,"ClientEmails":null,"CCEmail":null}}]}

2017-05-04 19:11:17.8951|INFO|api.Helpers.NLogger|JSON
Method: POST
URL: http://192.168.1.126:9999/api/v1/employee/CheckUnitMatchDetails
Controller : api.Controllers.EmployeeController
Action : CheckUnitMatchDetails
Action Parameters : {"messageFormat":"JSON","messageArguments":[{"request":{"EmployeeId":12,"Parts":[{"UnitType":"Heating","ModelNumber":"ACM1000","SerialNumber":"ACS1000"},{"UnitType":"Cooling","ModelNumber":"uiisdsd","SerialNumber":"dad"}]}}]}

2017-05-04 19:11:42.4856|INFO|api.Helpers.NLogger|JSON
Method: POST
URL: http://192.168.1.126:9999/api/v1/employee/getElectricalServices
Controller : api.Controllers.NewEmployeeController
Action : getElectricalServices
Action Parameters : {"messageFormat":"JSON","messageArguments":[{"request":{"NotificationId":0,"EmployeeId":12,"SalesVisitRequestId":0,"Month":0,"Year":0,"Day":0,"ServiceId":0,"ReportId":0,"UnitId":0,"Latitude":null,"Longitude":null,"SearchTerm":null,"PageId":0,"LastCallDateTime":null,"PageNumber":null,"pageSize":0,"OrderId":0,"StatDate":null,"EndDate":null,"DeviceType":null,"DeviceToken":null,"ClientEmails":null,"CCEmail":null}}]}

2017-05-04 19:11:44.4949|INFO|api.Helpers.NLogger|JSON
Method: POST
URL: http://192.168.1.126:9999/api/v1/empcommon/GetPartsByTypeForUnit
Controller : api.Controllers.EmpCommonController
Action : GetPartsByTypeForUnit
Action Parameters : {"messageFormat":"JSON","messageArguments":[{"request":{"Email":null,"ClientId":0,"PlanTypeId":0,"PlanId":0,"PartId":0,"Month":0,"Year":0,"AddressId":null,"UnitId":0,"ServiceId":null,"RequestedServiceId":null,"PartType":null,"PartTypeId":5,"PageId":0,"ShowDeleted":false,"ServiceCaseNumber":null,"LastCallDateTime":null,"PageNumber":null,"pageSize":0,"DeviceType":null,"DeviceToken":null,"NotificationId":null,"EmployeeId":12,"BillingId":null}}]}

2017-05-04 19:11:47.8532|INFO|api.Helpers.NLogger|JSON
Method: POST
URL: http://192.168.1.126:9999/api/v1/empcommon/GetPartsByTypeForUnit
Controller : api.Controllers.EmpCommonController
Action : GetPartsByTypeForUnit
Action Parameters : {"messageFormat":"JSON","messageArguments":[{"request":{"Email":null,"ClientId":0,"PlanTypeId":0,"PlanId":0,"PartId":0,"Month":0,"Year":0,"AddressId":null,"UnitId":0,"ServiceId":null,"RequestedServiceId":null,"PartType":null,"PartTypeId":9,"PageId":0,"ShowDeleted":false,"ServiceCaseNumber":null,"LastCallDateTime":null,"PageNumber":null,"pageSize":0,"DeviceType":null,"DeviceToken":null,"NotificationId":null,"EmployeeId":12,"BillingId":null}}]}

2017-05-04 19:11:51.7905|INFO|api.Helpers.NLogger|JSON
Method: POST
URL: http://192.168.1.126:9999/api/v1/empcommon/GetPartsByTypeForUnit
Controller : api.Controllers.EmpCommonController
Action : GetPartsByTypeForUnit
Action Parameters : {"messageFormat":"JSON","messageArguments":[{"request":{"Email":null,"ClientId":0,"PlanTypeId":0,"PlanId":0,"PartId":0,"Month":0,"Year":0,"AddressId":null,"UnitId":0,"ServiceId":null,"RequestedServiceId":null,"PartType":null,"PartTypeId":26,"PageId":0,"ShowDeleted":false,"ServiceCaseNumber":null,"LastCallDateTime":null,"PageNumber":null,"pageSize":0,"DeviceType":null,"DeviceToken":null,"NotificationId":null,"EmployeeId":12,"BillingId":null}}]}

2017-05-04 19:11:54.0291|INFO|api.Helpers.NLogger|JSON
Method: POST
URL: http://192.168.1.126:9999/api/v1/empcommon/GetPartsByTypeForUnit
Controller : api.Controllers.EmpCommonController
Action : GetPartsByTypeForUnit
Action Parameters : {"messageFormat":"JSON","messageArguments":[{"request":{"Email":null,"ClientId":0,"PlanTypeId":0,"PlanId":0,"PartId":0,"Month":0,"Year":0,"AddressId":null,"UnitId":0,"ServiceId":null,"RequestedServiceId":null,"PartType":null,"PartTypeId":25,"PageId":0,"ShowDeleted":false,"ServiceCaseNumber":null,"LastCallDateTime":null,"PageNumber":null,"pageSize":0,"DeviceType":null,"DeviceToken":null,"NotificationId":null,"EmployeeId":12,"BillingId":null}}]}

2017-05-04 19:12:06.0777|INFO|api.Helpers.NLogger|JSON
Method: POST
URL: http://192.168.1.126:9999/api/v1/empcommon/GetPartsByTypeForUnit
Controller : api.Controllers.EmpCommonController
Action : GetPartsByTypeForUnit
Action Parameters : {"messageFormat":"JSON","messageArguments":[{"request":{"Email":null,"ClientId":0,"PlanTypeId":0,"PlanId":0,"PartId":0,"Month":0,"Year":0,"AddressId":null,"UnitId":0,"ServiceId":null,"RequestedServiceId":null,"PartType":null,"PartTypeId":10,"PageId":0,"ShowDeleted":false,"ServiceCaseNumber":null,"LastCallDateTime":null,"PageNumber":null,"pageSize":0,"DeviceType":null,"DeviceToken":null,"NotificationId":null,"EmployeeId":12,"BillingId":null}}]}

2017-05-04 19:16:22.9087|INFO|api.Helpers.NLogger|JSON
Method: POST
URL: http://192.168.1.126:9999/api/v1/employee/GetUnitExtraInfo
Controller : api.Controllers.EmployeeController
Action : GetUnitExtraInfo
Action Parameters : {"messageFormat":"JSON","messageArguments":[{"request":{"EmployeeId":12,"ClientId":0,"UnitId":1009,"UnitName":null,"Notes":null,"AddressId":0,"Parts":null}}]}

2017-05-04 19:16:22.9448|INFO|api.Helpers.NLogger|JSON
Method: POST
URL: http://192.168.1.126:9999/api/v1/employee/UpdateEmployeeLocation
Controller : api.Controllers.EmployeeController
Action : UpdateEmployeeLocation
Action Parameters : {"messageFormat":"JSON","messageArguments":[{"request":{"NotificationId":0,"EmployeeId":12,"SalesVisitRequestId":0,"Month":0,"Year":0,"Day":0,"ServiceId":0,"ReportId":0,"UnitId":0,"Latitude":37.78583400,"Longitude":-122.40641700,"SearchTerm":null,"PageId":0,"LastCallDateTime":null,"PageNumber":null,"pageSize":0,"OrderId":0,"StatDate":null,"EndDate":null,"DeviceType":null,"DeviceToken":null,"ClientEmails":null,"CCEmail":null}}]}

2017-05-04 19:16:34.8477|INFO|api.Helpers.NLogger|JSON
Method: POST
URL: http://192.168.1.126:9999/api/v1/employee/GetDashBoardMonthWiseServiceCount
Controller : api.Controllers.EmployeeController
Action : GetDashBoardMonthWiseServiceCount
Action Parameters : {"messageFormat":"JSON","messageArguments":[{"request":{"NotificationId":0,"EmployeeId":12,"SalesVisitRequestId":0,"Month":5,"Year":2017,"Day":0,"ServiceId":0,"ReportId":0,"UnitId":0,"Latitude":null,"Longitude":null,"SearchTerm":null,"PageId":0,"LastCallDateTime":null,"PageNumber":null,"pageSize":0,"OrderId":0,"StatDate":null,"EndDate":null,"DeviceType":null,"DeviceToken":null,"ClientEmails":null,"CCEmail":null}}]}

2017-05-04 19:16:34.8477|INFO|api.Helpers.NLogger|JSON
Method: POST
URL: http://192.168.1.126:9999/api/v1/employee/GetDashBoardMonthDayWiseServiceList
Controller : api.Controllers.EmployeeController
Action : GetDashBoardMonthDayWiseServiceList
Action Parameters : {"messageFormat":"JSON","messageArguments":[{"request":{"NotificationId":0,"EmployeeId":12,"SalesVisitRequestId":0,"Month":5,"Year":2017,"Day":4,"ServiceId":0,"ReportId":0,"UnitId":0,"Latitude":null,"Longitude":null,"SearchTerm":null,"PageId":0,"LastCallDateTime":null,"PageNumber":null,"pageSize":0,"OrderId":0,"StatDate":null,"EndDate":null,"DeviceType":null,"DeviceToken":null,"ClientEmails":null,"CCEmail":null}}]}

2017-05-04 19:16:34.8727|INFO|api.Helpers.NLogger|JSON
Method: POST
URL: http://192.168.1.126:9999/api/v1/employee/UpdateEmployeeLocation
Controller : api.Controllers.EmployeeController
Action : UpdateEmployeeLocation
Action Parameters : {"messageFormat":"JSON","messageArguments":[{"request":{"NotificationId":0,"EmployeeId":12,"SalesVisitRequestId":0,"Month":0,"Year":0,"Day":0,"ServiceId":0,"ReportId":0,"UnitId":0,"Latitude":37.78583400,"Longitude":-122.40641700,"SearchTerm":null,"PageId":0,"LastCallDateTime":null,"PageNumber":null,"pageSize":0,"OrderId":0,"StatDate":null,"EndDate":null,"DeviceType":null,"DeviceToken":null,"ClientEmails":null,"CCEmail":null}}]}

2017-05-04 19:16:45.8751|INFO|api.Helpers.NLogger|JSON
Method: POST
URL: http://192.168.1.126:9999/api/v1/employee/GetAllScheduledServices
Controller : api.Controllers.EmployeeController
Action : GetAllScheduledServices
Action Parameters : {"messageFormat":"JSON","messageArguments":[{"request":{"NotificationId":0,"EmployeeId":12,"SalesVisitRequestId":0,"Month":0,"Year":0,"Day":0,"ServiceId":0,"ReportId":0,"UnitId":0,"Latitude":null,"Longitude":null,"SearchTerm":null,"PageId":0,"LastCallDateTime":null,"PageNumber":1,"pageSize":0,"OrderId":0,"StatDate":"\/Date(1493905612000)\/","EndDate":null,"DeviceType":null,"DeviceToken":null,"ClientEmails":null,"CCEmail":null}}]}

2017-05-04 19:16:52.7296|INFO|api.Helpers.NLogger|JSON
Method: POST
URL: http://192.168.1.126:9999/api/v1/employee/GetAllScheduledServices
Controller : api.Controllers.EmployeeController
Action : GetAllScheduledServices
Action Parameters : {"messageFormat":"JSON","messageArguments":[{"request":{"NotificationId":0,"EmployeeId":12,"SalesVisitRequestId":0,"Month":0,"Year":0,"Day":0,"ServiceId":0,"ReportId":0,"UnitId":0,"Latitude":null,"Longitude":null,"SearchTerm":null,"PageId":0,"LastCallDateTime":null,"PageNumber":1,"pageSize":0,"OrderId":0,"StatDate":"\/Date(1491313613000)\/","EndDate":"\/Date(1493905618000)\/","DeviceType":null,"DeviceToken":null,"ClientEmails":null,"CCEmail":null}}]}

2017-05-04 19:17:11.9172|INFO|api.Helpers.NLogger|JSON
Method: POST
URL: http://192.168.1.126:9999/api/v1/employee/CheckUnitMatchDetails
Controller : api.Controllers.EmployeeController
Action : CheckUnitMatchDetails
Action Parameters : {"messageFormat":"JSON","messageArguments":[{"request":{"EmployeeId":12,"Parts":[{"UnitType":"Heating","ModelNumber":"ACM1000","SerialNumber":"ACS1000"},{"UnitType":"Cooling","ModelNumber":"ewrweef","SerialNumber":"feed"}]}}]}

2017-05-04 19:18:19.8698|INFO|api.Helpers.NLogger|JSON
Method: POST
URL: http://192.168.1.126:9999/api/v1/employee/CheckUnitMatchDetails
Controller : api.Controllers.EmployeeController
Action : CheckUnitMatchDetails
Action Parameters : {"messageFormat":"JSON","messageArguments":[{"request":{"EmployeeId":12,"Parts":[{"UnitType":"Heating","ModelNumber":"ACM1000","SerialNumber":"ACS1000"},{"UnitType":"Cooling","ModelNumber":"ewrweef","SerialNumber":"feed"}]}}]}

2017-05-04 19:30:06.2230|INFO|api.Helpers.NLogger|JSON
Method: POST
URL: http://192.168.1.126:9999/api/v1/employee/UpdateEmployeeLocation
Controller : api.Controllers.EmployeeController
Action : UpdateEmployeeLocation
Action Parameters : {"messageFormat":"JSON","messageArguments":[{"request":{"NotificationId":0,"EmployeeId":12,"SalesVisitRequestId":0,"Month":0,"Year":0,"Day":0,"ServiceId":0,"ReportId":0,"UnitId":0,"Latitude":37.78583400,"Longitude":-122.40641700,"SearchTerm":null,"PageId":0,"LastCallDateTime":null,"PageNumber":null,"pageSize":0,"OrderId":0,"StatDate":null,"EndDate":null,"DeviceType":null,"DeviceToken":null,"ClientEmails":null,"CCEmail":null}}]}

2017-05-04 19:37:47.5936|INFO|api.Helpers.NLogger|JSON
Method: POST
URL: http://192.168.1.126:9999/api/v1/employee/CheckUnitMatchDetails
Controller : api.Controllers.EmployeeController
Action : CheckUnitMatchDetails
Action Parameters : {"messageFormat":"JSON","messageArguments":[{"request":{"EmployeeId":12,"Parts":[{"UnitType":"Heating","ModelNumber":"ACM1000","SerialNumber":"ACS1000"},{"UnitType":"Cooling","ModelNumber":"ewrweef","SerialNumber":"feed"}]}}]}

2017-05-04 19:39:24.4688|INFO|api.Helpers.NLogger|JSON
Method: POST
URL: http://192.168.1.126:9999/api/v1/employee/CheckUnitMatchDetails
Controller : api.Controllers.EmployeeController
Action : CheckUnitMatchDetails
Action Parameters : {"messageFormat":"JSON","messageArguments":[{"request":{"EmployeeId":12,"Parts":[{"UnitType":"Heating","ModelNumber":"ACM1000","SerialNumber":"ACS1000"},{"UnitType":"Cooling","ModelNumber":"ewrweef","SerialNumber":"feed"}]}}]}

2017-05-04 19:49:06.0533|INFO|api.Helpers.NLogger|JSON
Method: POST
URL: http://192.168.1.126:9999/api/v1/employee/UpdateEmployeeLocation
Controller : api.Controllers.EmployeeController
Action : UpdateEmployeeLocation
Action Parameters : {"messageFormat":"JSON","messageArguments":[{"request":{"NotificationId":0,"EmployeeId":12,"SalesVisitRequestId":0,"Month":0,"Year":0,"Day":0,"ServiceId":0,"ReportId":0,"UnitId":0,"Latitude":37.78583400,"Longitude":-122.40641700,"SearchTerm":null,"PageId":0,"LastCallDateTime":null,"PageNumber":null,"pageSize":0,"OrderId":0,"StatDate":null,"EndDate":null,"DeviceType":null,"DeviceToken":null,"ClientEmails":null,"CCEmail":null}}]}

