2017-03-15 16:53:07.6389|INFO|api.Helpers.NLogger|JSON
Method: GET
URL: http://192.168.1.119:9999/api/v1/employee/sendfiles
Controller : api.Controllers.EmployeeController
Action : sendfiles
Action Parameters : {"messageFormat":"JSON","messageArguments":[{}]}

2017-03-15 16:57:31.3020|INFO|api.Helpers.NLogger|JSON
Method: GET
URL: http://192.168.1.119:9999/api/v1/employee/sendfiles
Controller : api.Controllers.EmployeeController
Action : sendfiles
Action Parameters : {"messageFormat":"JSON","messageArguments":[{}]}

2017-03-15 16:58:31.8786|INFO|api.Helpers.NLogger|JSON
Method: GET
URL: http://192.168.1.119:9999/api/v1/employee/sendfiles
Controller : api.Controllers.EmployeeController
Action : sendfiles
Action Parameters : {"messageFormat":"JSON","messageArguments":[{}]}

2017-03-15 16:59:38.3249|INFO|api.Helpers.NLogger|JSON
Method: GET
URL: http://192.168.1.119:9999/api/v1/employee/sendfiles
Controller : api.Controllers.EmployeeController
Action : sendfiles
Action Parameters : {"messageFormat":"JSON","messageArguments":[{}]}

2017-03-15 17:05:24.0877|INFO|api.Helpers.NLogger|JSON
Method: GET
URL: http://192.168.1.119:9999/api/v1/employee/sendfiles
Controller : api.Controllers.EmployeeController
Action : sendfiles
Action Parameters : {"messageFormat":"JSON","messageArguments":[{}]}

2017-03-15 17:14:20.0241|INFO|api.Helpers.NLogger|JSON
Method: GET
URL: http://192.168.1.119:9999/api/v1/employee/sendfiles
Controller : api.Controllers.EmployeeController
Action : sendfiles
Action Parameters : {"messageFormat":"JSON","messageArguments":[{}]}

2017-03-15 17:15:25.3509|INFO|api.Helpers.NLogger|JSON
Method: GET
URL: http://192.168.1.119:9999/api/v1/employee/sendfiles
Controller : api.Controllers.EmployeeController
Action : sendfiles
Action Parameters : {"messageFormat":"JSON","messageArguments":[{}]}

2017-03-15 17:17:22.7442|INFO|api.Helpers.NLogger|JSON
Method: GET
URL: http://192.168.1.119:9999/api/v1/employee/sendfiles
Controller : api.Controllers.EmployeeController
Action : sendfiles
Action Parameters : {"messageFormat":"JSON","messageArguments":[{}]}

2017-03-15 17:19:20.6740|INFO|api.Helpers.NLogger|JSON
Method: GET
URL: http://192.168.1.119:9999/api/v1/employee/sendfiles
Controller : api.Controllers.EmployeeController
Action : sendfiles
Action Parameters : {"messageFormat":"JSON","messageArguments":[{}]}

2017-03-15 17:20:15.4404|INFO|api.Helpers.NLogger|JSON
Method: GET
URL: http://192.168.1.119:9999/api/v1/employee/sendfiles
Controller : api.Controllers.EmployeeController
Action : sendfiles
Action Parameters : {"messageFormat":"JSON","messageArguments":[{}]}

2017-03-15 17:21:38.2946|INFO|api.Helpers.NLogger|JSON
Method: GET
URL: http://192.168.1.119:9999/api/v1/employee/sendfiles
Controller : api.Controllers.EmployeeController
Action : sendfiles
Action Parameters : {"messageFormat":"JSON","messageArguments":[{}]}

2017-03-15 17:22:24.7480|INFO|api.Helpers.NLogger|JSON
Method: GET
URL: http://192.168.1.119:9999/api/v1/employee/sendfiles
Controller : api.Controllers.EmployeeController
Action : sendfiles
Action Parameters : {"messageFormat":"JSON","messageArguments":[{}]}

2017-03-15 17:29:21.0513|INFO|api.Helpers.NLogger|JSON
Method: GET
URL: http://192.168.1.119:9999/api/v1/employee/sendfiles
Controller : api.Controllers.EmployeeController
Action : sendfiles
Action Parameters : {"messageFormat":"JSON","messageArguments":[{}]}

2017-03-15 17:30:10.0975|INFO|api.Helpers.NLogger|JSON
Method: GET
URL: http://192.168.1.119:9999/api/v1/employee/sendfiles
Controller : api.Controllers.EmployeeController
Action : sendfiles
Action Parameters : {"messageFormat":"JSON","messageArguments":[{}]}

2017-03-15 17:33:18.4993|INFO|api.Helpers.NLogger|JSON
Method: GET
URL: http://192.168.1.119:9999/api/v1/employee/sendfiles
Controller : api.Controllers.EmployeeController
Action : sendfiles
Action Parameters : {"messageFormat":"JSON","messageArguments":[{}]}

2017-03-15 17:37:03.4345|INFO|api.Helpers.NLogger|JSON
Method: GET
URL: http://192.168.1.119:9999/api/v1/employee/sendfiles
Controller : api.Controllers.EmployeeController
Action : sendfiles
Action Parameters : {"messageFormat":"JSON","messageArguments":[{}]}

2017-03-15 17:45:48.6583|INFO|api.Helpers.NLogger|JSON
Method: GET
URL: http://192.168.1.119:9999/api/v1/employee/sendfiles
Controller : api.Controllers.EmployeeController
Action : sendfiles
Action Parameters : {"messageFormat":"JSON","messageArguments":[{}]}

2017-03-15 17:47:31.3214|INFO|api.Helpers.NLogger|JSON
Method: GET
URL: http://192.168.1.119:9999/api/v1/employee/sendfiles
Controller : api.Controllers.EmployeeController
Action : sendfiles
Action Parameters : {"messageFormat":"JSON","messageArguments":[{}]}

2017-03-15 17:49:24.4508|INFO|api.Helpers.NLogger|JSON
Method: GET
URL: http://192.168.1.119:9999/api/v1/employee/sendfiles
Controller : api.Controllers.EmployeeController
Action : sendfiles
Action Parameters : {"messageFormat":"JSON","messageArguments":[{}]}

2017-03-15 17:51:56.4914|INFO|api.Helpers.NLogger|JSON
Method: GET
URL: http://192.168.1.119:9999/api/v1/employee/sendfiles
Controller : api.Controllers.EmployeeController
Action : sendfiles
Action Parameters : {"messageFormat":"JSON","messageArguments":[{}]}

2017-03-15 18:05:03.1149|INFO|api.Helpers.NLogger|JSON
Method: GET
URL: http://192.168.1.119:9999/api/v1/employee/sendfiles
Controller : api.Controllers.EmployeeController
Action : sendfiles
Action Parameters : {"messageFormat":"JSON","messageArguments":[{}]}

2017-03-15 18:06:15.0406|INFO|api.Helpers.NLogger|JSON
Method: GET
URL: http://192.168.1.119:9999/api/v1/employee/sendfiles
Controller : api.Controllers.EmployeeController
Action : sendfiles
Action Parameters : {"messageFormat":"JSON","messageArguments":[{}]}

2017-03-15 18:23:17.8162|INFO|api.Helpers.NLogger|JSON
Method: GET
URL: http://192.168.1.119:9999/api/v1/employee/ResendReport1?ReportId=1&CCEmail=
Controller : api.Controllers.EmployeeController
Action : ResendReport1
Action Parameters : {"messageFormat":"JSON","messageArguments":[{"ReportId":1,"CCEmail":null}]}

2017-03-15 18:32:11.0468|INFO|api.Helpers.NLogger|JSON
Method: GET
URL: http://192.168.1.119:9999/api/v1/employee/ResendReport1?ReportId=1&CCEmail=
Controller : api.Controllers.EmployeeController
Action : ResendReport1
Action Parameters : {"messageFormat":"JSON","messageArguments":[{"ReportId":1,"CCEmail":null}]}

2017-03-15 18:34:36.4705|INFO|api.Helpers.NLogger|JSON
Method: GET
URL: http://192.168.1.119:9999/api/v1/employee/ResendReport1?ReportId=1&CCEmail=
Controller : api.Controllers.EmployeeController
Action : ResendReport1
Action Parameters : {"messageFormat":"JSON","messageArguments":[{"ReportId":1,"CCEmail":null}]}

2017-03-15 18:35:06.1091|INFO|api.Helpers.NLogger|JSON
Method: GET
URL: http://192.168.1.119:9999/api/v1/employee/ResendReport1?ReportId=1&CCEmail=
Controller : api.Controllers.EmployeeController
Action : ResendReport1
Action Parameters : {"messageFormat":"JSON","messageArguments":[{"ReportId":1,"CCEmail":null}]}

2017-03-15 18:37:56.0996|INFO|api.Helpers.NLogger|JSON
Method: GET
URL: http://192.168.1.119:9999/api/v1/employee/ResendReport1?ReportId=1&CCEmail=
Controller : api.Controllers.EmployeeController
Action : ResendReport1
Action Parameters : {"messageFormat":"JSON","messageArguments":[{"ReportId":1,"CCEmail":null}]}

2017-03-15 18:39:12.9762|INFO|api.Helpers.NLogger|JSON
Method: GET
URL: http://192.168.1.119:9999/api/v1/employee/ResendReport1?ReportId=1&CCEmail=
Controller : api.Controllers.EmployeeController
Action : ResendReport1
Action Parameters : {"messageFormat":"JSON","messageArguments":[{"ReportId":1,"CCEmail":null}]}

2017-03-15 18:41:16.9931|INFO|api.Helpers.NLogger|JSON
Method: GET
URL: http://192.168.1.119:9999/api/v1/employee/ResendReport1?ReportId=1&CCEmail=
Controller : api.Controllers.EmployeeController
Action : ResendReport1
Action Parameters : {"messageFormat":"JSON","messageArguments":[{"ReportId":1,"CCEmail":null}]}

2017-03-15 18:42:17.6840|INFO|api.Helpers.NLogger|JSON
Method: GET
URL: http://192.168.1.119:9999/api/v1/employee/ResendReport1?ReportId=1&CCEmail=
Controller : api.Controllers.EmployeeController
Action : ResendReport1
Action Parameters : {"messageFormat":"JSON","messageArguments":[{"ReportId":1,"CCEmail":null}]}

2017-03-15 18:43:11.9030|INFO|api.Helpers.NLogger|JSON
Method: GET
URL: http://192.168.1.119:9999/api/v1/employee/ResendReport1?ReportId=1&CCEmail=
Controller : api.Controllers.EmployeeController
Action : ResendReport1
Action Parameters : {"messageFormat":"JSON","messageArguments":[{"ReportId":1,"CCEmail":null}]}

2017-03-15 18:43:49.1400|INFO|api.Helpers.NLogger|JSON
Method: GET
URL: http://192.168.1.119:9999/api/v1/employee/ResendReport1?ReportId=1&CCEmail=
Controller : api.Controllers.EmployeeController
Action : ResendReport1
Action Parameters : {"messageFormat":"JSON","messageArguments":[{"ReportId":1,"CCEmail":null}]}

2017-03-15 18:44:58.5176|INFO|api.Helpers.NLogger|JSON
Method: GET
URL: http://192.168.1.119:9999/api/v1/employee/ResendReport1?ReportId=1&CCEmail=
Controller : api.Controllers.EmployeeController
Action : ResendReport1
Action Parameters : {"messageFormat":"JSON","messageArguments":[{"ReportId":1,"CCEmail":null}]}

2017-03-15 18:45:24.5363|INFO|api.Helpers.NLogger|JSON
Method: GET
URL: http://192.168.1.119:9999/api/v1/employee/ResendReport1?ReportId=1&CCEmail=
Controller : api.Controllers.EmployeeController
Action : ResendReport1
Action Parameters : {"messageFormat":"JSON","messageArguments":[{"ReportId":1,"CCEmail":null}]}

2017-03-15 18:47:00.7353|INFO|api.Helpers.NLogger|JSON
Method: GET
URL: http://192.168.1.119:9999/api/v1/employee/ResendReport1?ReportId=1&CCEmail=
Controller : api.Controllers.EmployeeController
Action : ResendReport1
Action Parameters : {"messageFormat":"JSON","messageArguments":[{"ReportId":1,"CCEmail":null}]}

