2018-03-12 17:37:51.1926|INFO|api.Helpers.NLogger|JSON
Method: POST
URL: http://192.168.1.121:8989/api/v1/profile/clientlogin
Controller : api.Controllers.ProfileController
Action : Login
Action Parameters : {"messageFormat":"JSON","messageArguments":[{"model":{"Email":"testing.garib@gmail.com","Password":"7f2765757d527eaeeb14fb706039bac7","DeviceType":"iPhone","DeviceToken":"","Latitude":null,"Longitude":null}}]}

2018-03-12 17:37:56.5932|INFO|api.Helpers.NLogger|JSON
Method: POST
URL: http://192.168.1.121:8989/api/v1/profile/ClientDashboard
Controller : api.Controllers.ProfileController
Action : ClientDashboard
Action Parameters : {"messageFormat":"JSON","messageArguments":[{"request":{"Email":null,"ClientId":1139,"PlanTypeId":0,"PlanId":0,"PartId":0,"Month":0,"Year":0,"AddressId":null,"UnitId":0,"ServiceId":null,"RequestedServiceId":null,"PartType":null,"PartTypeId":null,"PageId":0,"ShowDeleted":false,"ServiceCaseNumber":null,"LastCallDateTime":null,"PageNumber":null,"pageSize":0,"DeviceType":null,"DeviceToken":null,"NotificationId":null,"EmployeeId":0,"BillingId":null}}]}

2018-03-12 17:37:59.7768|INFO|api.Helpers.NLogger|JSON
Method: GET
URL: http://192.168.1.121:8989/api/v1/common/getallplantype
Controller : api.Controllers.CommonController
Action : GetAllPlanType
Action Parameters : {"messageFormat":"JSON","messageArguments":[{}]}

2018-03-12 17:38:00.0963|INFO|api.Helpers.NLogger|JSON
Method: GET
URL: http://192.168.1.121:8989/api/v1/profile/GetClientAddress?ClientId=1139
Controller : api.Controllers.ProfileController
Action : GetClientAddress
Action Parameters : {"messageFormat":"JSON","messageArguments":[{"ClientId":1139}]}

2018-03-12 17:38:01.3459|INFO|api.Helpers.NLogger|JSON
Method: POST
URL: http://192.168.1.121:8989/api/v1/common/GetSpecialRateByPlanType
Controller : api.Controllers.CommonController
Action : GetSpecialRateByPlanType
Action Parameters : {"messageFormat":"JSON","messageArguments":[{"request":{"Email":null,"ClientId":0,"PlanTypeId":1,"PlanId":0,"PartId":0,"Month":0,"Year":0,"AddressId":null,"UnitId":0,"ServiceId":null,"RequestedServiceId":null,"PartType":null,"PartTypeId":null,"PageId":0,"ShowDeleted":false,"ServiceCaseNumber":null,"LastCallDateTime":null,"PageNumber":null,"pageSize":0,"DeviceType":null,"DeviceToken":null,"NotificationId":null,"EmployeeId":0,"BillingId":null}}]}

2018-03-12 17:38:08.7784|INFO|api.Helpers.NLogger|JSON
Method: POST
URL: http://192.168.1.121:8989/api/v1/profile/addclientunit
Controller : api.Controllers.ProfileController
Action : AddClientUnit
Action Parameters : {"messageFormat":"JSON","messageArguments":[{"request":{"ClientId":1139,"UnitId":0,"Qty":1,"UnitName":"New Mail","ManufactureDate":null,"PlanTypeId":1,"UnitTon":null,"AddressId":2101,"UnitTypeId":null,"AutoRenewal":false,"SpecialOffer":true,"Status":null,"OptionalInformation":null,"DeleteOldData":false,"EmployeeId":0,"CurrentPaymentMethod":null}}]}

2018-03-12 17:38:12.5695|INFO|api.Helpers.NLogger|JSON
Method: POST
URL: http://192.168.1.121:8989/api/v1/profile/MyCart
Controller : api.Controllers.ProfileController
Action : MyCart
Action Parameters : {"messageFormat":"JSON","messageArguments":[{"request":{"Email":null,"ClientId":1139,"PlanTypeId":0,"PlanId":0,"PartId":0,"Month":0,"Year":0,"AddressId":null,"UnitId":0,"ServiceId":null,"RequestedServiceId":null,"PartType":null,"PartTypeId":null,"PageId":0,"ShowDeleted":false,"ServiceCaseNumber":null,"LastCallDateTime":null,"PageNumber":null,"pageSize":0,"DeviceType":null,"DeviceToken":null,"NotificationId":null,"EmployeeId":0,"BillingId":null}}]}

2018-03-12 17:38:13.5743|INFO|api.Helpers.NLogger|JSON
Method: POST
URL: http://192.168.1.121:8989/api/v1/profile/ValidateClientAddress
Controller : api.Controllers.ProfileController
Action : ValidateClientAddress
Action Parameters : {"messageFormat":"JSON","messageArguments":[{"ModelData":{"Id":0,"ClientId":1139,"Address":"56, Eric vallwy","State":1,"StateName":null,"City":182,"CityName":null,"ZipCode":"94103","Latitude":null,"Longitude":null,"IsDefaultAddress":null,"AllowDelete":false,"ShowAddressInApp":false,"PhoneNumber":null,"MobileNumber":null,"OfficeNumber":null,"HomeNumber":null,"Email":null,"PDFUrl":null,"PendingInactive":false}}]}

2018-03-12 17:38:13.6913|INFO|api.Helpers.NLogger|JSON
Method: POST
URL: http://192.168.1.121:8989/api/v1/profile/GetCreditCard
Controller : api.Controllers.ProfileController
Action : GetCreditCard
Action Parameters : {"messageFormat":"JSON","messageArguments":[{"request":{"Id":0,"ClientId":1139,"CardType":null,"NameOnCard":null,"CardNumber":null,"ExpiryMonth":null,"CVV":0,"ExpiryYear":0,"IsDefaultPayment":null,"StripeCardId":null}}]}

2018-03-12 17:38:16.5631|INFO|api.Helpers.NLogger|JSON
Method: POST
URL: http://192.168.1.121:8989/api/v1/profile/GetCreditCard
Controller : api.Controllers.ProfileController
Action : GetCreditCard
Action Parameters : {"messageFormat":"JSON","messageArguments":[{"request":{"Id":0,"ClientId":1139,"CardType":null,"NameOnCard":null,"CardNumber":null,"ExpiryMonth":null,"CVV":0,"ExpiryYear":0,"IsDefaultPayment":null,"StripeCardId":null}}]}

2018-03-12 17:38:22.9082|INFO|api.Helpers.NLogger|JSON
Method: POST
URL: http://192.168.1.121:8989/api/v1/profile/ValidateCreditCard
Controller : api.Controllers.ProfileController
Action : ValidateCreditCard
Action Parameters : {"messageFormat":"JSON","messageArguments":[{"request":{"ClientId":1139,"EmployeeId":0,"Address":"56, Eric vallwy","State":1,"City":182,"ZipCode":"94103","FirstName":"Test","LastName":"New","Company":"","PhoneNumber":null,"MobileNumber":"2541425632","CardType":"Visa","NameOnCard":"ad","CardNumber":"************1111","CVV":253,"UnitId":null,"ExpiryMonth":5,"ExpiryYear":2021,"StripeCardId":"","ClientSignature":null,"NotificationId":0,"PaymentMethod":null,"ChequeImageBack":null,"ChqueImageFront":null,"AccountingNotes":null,"ChequeDate":"\/Date(-62135596800000)\/","PONo":null,"ChequeNo":null,"CCEmail":null}}]}

2018-03-12 17:38:23.3334|INFO|api.Helpers.NLogger|JSON
Method: POST
URL: http://192.168.1.121:8989/api/v1/profile/CheckMyPaymentStatus
Controller : api.Controllers.ProfileController
Action : CheckMyPaymentStatus
Action Parameters : {"messageFormat":"JSON","messageArguments":[{"request":{"ClientId":1139,"EmployeeId":0,"UnitId":2449}}]}

2018-03-12 17:38:23.5176|INFO|api.Helpers.NLogger|JSON
Method: POST
URL: http://192.168.1.121:8989/api/v1/profile/CheckMyPaymentStatus
Controller : api.Controllers.ProfileController
Action : CheckMyPaymentStatus
Action Parameters : {"messageFormat":"JSON","messageArguments":[{"request":{"ClientId":1139,"EmployeeId":0,"UnitId":2449}}]}

2018-03-12 17:38:23.5717|INFO|api.Helpers.NLogger|JSON
Method: POST
URL: http://192.168.1.121:8989/api/v1/profile/CheckMyPaymentStatus
Controller : api.Controllers.ProfileController
Action : CheckMyPaymentStatus
Action Parameters : {"messageFormat":"JSON","messageArguments":[{"request":{"ClientId":1139,"EmployeeId":0,"UnitId":2449}}]}

2018-03-12 17:38:23.6420|INFO|api.Helpers.NLogger|JSON
Method: POST
URL: http://192.168.1.121:8989/api/v1/profile/CheckMyPaymentStatus
Controller : api.Controllers.ProfileController
Action : CheckMyPaymentStatus
Action Parameters : {"messageFormat":"JSON","messageArguments":[{"request":{"ClientId":1139,"EmployeeId":0,"UnitId":2449}}]}

2018-03-12 17:38:23.7035|INFO|api.Helpers.NLogger|JSON
Method: POST
URL: http://192.168.1.121:8989/api/v1/profile/CheckMyPaymentStatus
Controller : api.Controllers.ProfileController
Action : CheckMyPaymentStatus
Action Parameters : {"messageFormat":"JSON","messageArguments":[{"request":{"ClientId":1139,"EmployeeId":0,"UnitId":2449}}]}

2018-03-12 17:38:23.7628|INFO|api.Helpers.NLogger|JSON
Method: POST
URL: http://192.168.1.121:8989/api/v1/profile/CheckMyPaymentStatus
Controller : api.Controllers.ProfileController
Action : CheckMyPaymentStatus
Action Parameters : {"messageFormat":"JSON","messageArguments":[{"request":{"ClientId":1139,"EmployeeId":0,"UnitId":2449}}]}

2018-03-12 17:38:23.8210|INFO|api.Helpers.NLogger|JSON
Method: POST
URL: http://192.168.1.121:8989/api/v1/profile/CheckMyPaymentStatus
Controller : api.Controllers.ProfileController
Action : CheckMyPaymentStatus
Action Parameters : {"messageFormat":"JSON","messageArguments":[{"request":{"ClientId":1139,"EmployeeId":0,"UnitId":2449}}]}

2018-03-12 17:38:23.9012|INFO|api.Helpers.NLogger|JSON
Method: POST
URL: http://192.168.1.121:8989/api/v1/profile/CheckMyPaymentStatus
Controller : api.Controllers.ProfileController
Action : CheckMyPaymentStatus
Action Parameters : {"messageFormat":"JSON","messageArguments":[{"request":{"ClientId":1139,"EmployeeId":0,"UnitId":2449}}]}

2018-03-12 17:38:23.9672|INFO|api.Helpers.NLogger|JSON
Method: POST
URL: http://192.168.1.121:8989/api/v1/profile/CheckMyPaymentStatus
Controller : api.Controllers.ProfileController
Action : CheckMyPaymentStatus
Action Parameters : {"messageFormat":"JSON","messageArguments":[{"request":{"ClientId":1139,"EmployeeId":0,"UnitId":2449}}]}

2018-03-12 17:38:24.0503|INFO|api.Helpers.NLogger|JSON
Method: POST
URL: http://192.168.1.121:8989/api/v1/profile/CheckMyPaymentStatus
Controller : api.Controllers.ProfileController
Action : CheckMyPaymentStatus
Action Parameters : {"messageFormat":"JSON","messageArguments":[{"request":{"ClientId":1139,"EmployeeId":0,"UnitId":2449}}]}

2018-03-12 17:38:24.1157|INFO|api.Helpers.NLogger|JSON
Method: POST
URL: http://192.168.1.121:8989/api/v1/profile/CheckMyPaymentStatus
Controller : api.Controllers.ProfileController
Action : CheckMyPaymentStatus
Action Parameters : {"messageFormat":"JSON","messageArguments":[{"request":{"ClientId":1139,"EmployeeId":0,"UnitId":2449}}]}

2018-03-12 17:38:24.1717|INFO|api.Helpers.NLogger|JSON
Method: POST
URL: http://192.168.1.121:8989/api/v1/profile/CheckMyPaymentStatus
Controller : api.Controllers.ProfileController
Action : CheckMyPaymentStatus
Action Parameters : {"messageFormat":"JSON","messageArguments":[{"request":{"ClientId":1139,"EmployeeId":0,"UnitId":2449}}]}

2018-03-12 17:38:24.2297|INFO|api.Helpers.NLogger|JSON
Method: POST
URL: http://192.168.1.121:8989/api/v1/profile/CheckMyPaymentStatus
Controller : api.Controllers.ProfileController
Action : CheckMyPaymentStatus
Action Parameters : {"messageFormat":"JSON","messageArguments":[{"request":{"ClientId":1139,"EmployeeId":0,"UnitId":2449}}]}

2018-03-12 17:38:24.2938|INFO|api.Helpers.NLogger|JSON
Method: POST
URL: http://192.168.1.121:8989/api/v1/profile/CheckMyPaymentStatus
Controller : api.Controllers.ProfileController
Action : CheckMyPaymentStatus
Action Parameters : {"messageFormat":"JSON","messageArguments":[{"request":{"ClientId":1139,"EmployeeId":0,"UnitId":2449}}]}

2018-03-12 17:38:24.3689|INFO|api.Helpers.NLogger|JSON
Method: POST
URL: http://192.168.1.121:8989/api/v1/profile/CheckMyPaymentStatus
Controller : api.Controllers.ProfileController
Action : CheckMyPaymentStatus
Action Parameters : {"messageFormat":"JSON","messageArguments":[{"request":{"ClientId":1139,"EmployeeId":0,"UnitId":2449}}]}

2018-03-12 17:38:24.4331|INFO|api.Helpers.NLogger|JSON
Method: POST
URL: http://192.168.1.121:8989/api/v1/profile/CheckMyPaymentStatus
Controller : api.Controllers.ProfileController
Action : CheckMyPaymentStatus
Action Parameters : {"messageFormat":"JSON","messageArguments":[{"request":{"ClientId":1139,"EmployeeId":0,"UnitId":2449}}]}

2018-03-12 17:38:24.4955|INFO|api.Helpers.NLogger|JSON
Method: POST
URL: http://192.168.1.121:8989/api/v1/profile/CheckMyPaymentStatus
Controller : api.Controllers.ProfileController
Action : CheckMyPaymentStatus
Action Parameters : {"messageFormat":"JSON","messageArguments":[{"request":{"ClientId":1139,"EmployeeId":0,"UnitId":2449}}]}

2018-03-12 17:38:24.5685|INFO|api.Helpers.NLogger|JSON
Method: POST
URL: http://192.168.1.121:8989/api/v1/profile/CheckMyPaymentStatus
Controller : api.Controllers.ProfileController
Action : CheckMyPaymentStatus
Action Parameters : {"messageFormat":"JSON","messageArguments":[{"request":{"ClientId":1139,"EmployeeId":0,"UnitId":2449}}]}

2018-03-12 17:38:24.6295|INFO|api.Helpers.NLogger|JSON
Method: POST
URL: http://192.168.1.121:8989/api/v1/profile/CheckMyPaymentStatus
Controller : api.Controllers.ProfileController
Action : CheckMyPaymentStatus
Action Parameters : {"messageFormat":"JSON","messageArguments":[{"request":{"ClientId":1139,"EmployeeId":0,"UnitId":2449}}]}

2018-03-12 17:38:24.6976|INFO|api.Helpers.NLogger|JSON
Method: POST
URL: http://192.168.1.121:8989/api/v1/profile/CheckMyPaymentStatus
Controller : api.Controllers.ProfileController
Action : CheckMyPaymentStatus
Action Parameters : {"messageFormat":"JSON","messageArguments":[{"request":{"ClientId":1139,"EmployeeId":0,"UnitId":2449}}]}

2018-03-12 17:38:24.7621|INFO|api.Helpers.NLogger|JSON
Method: POST
URL: http://192.168.1.121:8989/api/v1/profile/CheckMyPaymentStatus
Controller : api.Controllers.ProfileController
Action : CheckMyPaymentStatus
Action Parameters : {"messageFormat":"JSON","messageArguments":[{"request":{"ClientId":1139,"EmployeeId":0,"UnitId":2449}}]}

2018-03-12 17:38:24.8319|INFO|api.Helpers.NLogger|JSON
Method: POST
URL: http://192.168.1.121:8989/api/v1/profile/CheckMyPaymentStatus
Controller : api.Controllers.ProfileController
Action : CheckMyPaymentStatus
Action Parameters : {"messageFormat":"JSON","messageArguments":[{"request":{"ClientId":1139,"EmployeeId":0,"UnitId":2449}}]}

2018-03-12 17:38:24.9261|INFO|api.Helpers.NLogger|JSON
Method: POST
URL: http://192.168.1.121:8989/api/v1/profile/CheckMyPaymentStatus
Controller : api.Controllers.ProfileController
Action : CheckMyPaymentStatus
Action Parameters : {"messageFormat":"JSON","messageArguments":[{"request":{"ClientId":1139,"EmployeeId":0,"UnitId":2449}}]}

2018-03-12 17:38:24.9922|INFO|api.Helpers.NLogger|JSON
Method: POST
URL: http://192.168.1.121:8989/api/v1/profile/CheckMyPaymentStatus
Controller : api.Controllers.ProfileController
Action : CheckMyPaymentStatus
Action Parameters : {"messageFormat":"JSON","messageArguments":[{"request":{"ClientId":1139,"EmployeeId":0,"UnitId":2449}}]}

2018-03-12 17:38:25.0753|INFO|api.Helpers.NLogger|JSON
Method: POST
URL: http://192.168.1.121:8989/api/v1/profile/CheckMyPaymentStatus
Controller : api.Controllers.ProfileController
Action : CheckMyPaymentStatus
Action Parameters : {"messageFormat":"JSON","messageArguments":[{"request":{"ClientId":1139,"EmployeeId":0,"UnitId":2449}}]}

2018-03-12 17:38:25.1725|INFO|api.Helpers.NLogger|JSON
Method: POST
URL: http://192.168.1.121:8989/api/v1/profile/CheckMyPaymentStatus
Controller : api.Controllers.ProfileController
Action : CheckMyPaymentStatus
Action Parameters : {"messageFormat":"JSON","messageArguments":[{"request":{"ClientId":1139,"EmployeeId":0,"UnitId":2449}}]}

2018-03-12 17:38:25.2437|INFO|api.Helpers.NLogger|JSON
Method: POST
URL: http://192.168.1.121:8989/api/v1/profile/CheckMyPaymentStatus
Controller : api.Controllers.ProfileController
Action : CheckMyPaymentStatus
Action Parameters : {"messageFormat":"JSON","messageArguments":[{"request":{"ClientId":1139,"EmployeeId":0,"UnitId":2449}}]}

2018-03-12 17:38:25.3121|INFO|api.Helpers.NLogger|JSON
Method: POST
URL: http://192.168.1.121:8989/api/v1/profile/CheckMyPaymentStatus
Controller : api.Controllers.ProfileController
Action : CheckMyPaymentStatus
Action Parameters : {"messageFormat":"JSON","messageArguments":[{"request":{"ClientId":1139,"EmployeeId":0,"UnitId":2449}}]}

2018-03-12 17:38:25.4540|INFO|api.Helpers.NLogger|JSON
Method: POST
URL: http://192.168.1.121:8989/api/v1/profile/CheckMyPaymentStatus
Controller : api.Controllers.ProfileController
Action : CheckMyPaymentStatus
Action Parameters : {"messageFormat":"JSON","messageArguments":[{"request":{"ClientId":1139,"EmployeeId":0,"UnitId":2449}}]}

2018-03-12 17:38:25.5173|INFO|api.Helpers.NLogger|JSON
Method: POST
URL: http://192.168.1.121:8989/api/v1/profile/CheckMyPaymentStatus
Controller : api.Controllers.ProfileController
Action : CheckMyPaymentStatus
Action Parameters : {"messageFormat":"JSON","messageArguments":[{"request":{"ClientId":1139,"EmployeeId":0,"UnitId":2449}}]}

2018-03-12 17:38:25.5872|INFO|api.Helpers.NLogger|JSON
Method: POST
URL: http://192.168.1.121:8989/api/v1/profile/CheckMyPaymentStatus
Controller : api.Controllers.ProfileController
Action : CheckMyPaymentStatus
Action Parameters : {"messageFormat":"JSON","messageArguments":[{"request":{"ClientId":1139,"EmployeeId":0,"UnitId":2449}}]}

2018-03-12 17:38:25.6454|INFO|api.Helpers.NLogger|JSON
Method: POST
URL: http://192.168.1.121:8989/api/v1/profile/CheckMyPaymentStatus
Controller : api.Controllers.ProfileController
Action : CheckMyPaymentStatus
Action Parameters : {"messageFormat":"JSON","messageArguments":[{"request":{"ClientId":1139,"EmployeeId":0,"UnitId":2449}}]}

2018-03-12 17:38:25.7017|INFO|api.Helpers.NLogger|JSON
Method: POST
URL: http://192.168.1.121:8989/api/v1/profile/CheckMyPaymentStatus
Controller : api.Controllers.ProfileController
Action : CheckMyPaymentStatus
Action Parameters : {"messageFormat":"JSON","messageArguments":[{"request":{"ClientId":1139,"EmployeeId":0,"UnitId":2449}}]}

2018-03-12 17:38:25.7539|INFO|api.Helpers.NLogger|JSON
Method: POST
URL: http://192.168.1.121:8989/api/v1/profile/CheckMyPaymentStatus
Controller : api.Controllers.ProfileController
Action : CheckMyPaymentStatus
Action Parameters : {"messageFormat":"JSON","messageArguments":[{"request":{"ClientId":1139,"EmployeeId":0,"UnitId":2449}}]}

2018-03-12 17:38:25.8092|INFO|api.Helpers.NLogger|JSON
Method: POST
URL: http://192.168.1.121:8989/api/v1/profile/CheckMyPaymentStatus
Controller : api.Controllers.ProfileController
Action : CheckMyPaymentStatus
Action Parameters : {"messageFormat":"JSON","messageArguments":[{"request":{"ClientId":1139,"EmployeeId":0,"UnitId":2449}}]}

2018-03-12 17:38:25.8664|INFO|api.Helpers.NLogger|JSON
Method: POST
URL: http://192.168.1.121:8989/api/v1/profile/CheckMyPaymentStatus
Controller : api.Controllers.ProfileController
Action : CheckMyPaymentStatus
Action Parameters : {"messageFormat":"JSON","messageArguments":[{"request":{"ClientId":1139,"EmployeeId":0,"UnitId":2449}}]}

2018-03-12 17:38:25.9207|INFO|api.Helpers.NLogger|JSON
Method: POST
URL: http://192.168.1.121:8989/api/v1/profile/CheckMyPaymentStatus
Controller : api.Controllers.ProfileController
Action : CheckMyPaymentStatus
Action Parameters : {"messageFormat":"JSON","messageArguments":[{"request":{"ClientId":1139,"EmployeeId":0,"UnitId":2449}}]}

2018-03-12 17:38:25.9810|INFO|api.Helpers.NLogger|JSON
Method: POST
URL: http://192.168.1.121:8989/api/v1/profile/CheckMyPaymentStatus
Controller : api.Controllers.ProfileController
Action : CheckMyPaymentStatus
Action Parameters : {"messageFormat":"JSON","messageArguments":[{"request":{"ClientId":1139,"EmployeeId":0,"UnitId":2449}}]}

2018-03-12 17:38:26.0332|INFO|api.Helpers.NLogger|JSON
Method: POST
URL: http://192.168.1.121:8989/api/v1/profile/CheckMyPaymentStatus
Controller : api.Controllers.ProfileController
Action : CheckMyPaymentStatus
Action Parameters : {"messageFormat":"JSON","messageArguments":[{"request":{"ClientId":1139,"EmployeeId":0,"UnitId":2449}}]}

2018-03-12 17:38:26.0864|INFO|api.Helpers.NLogger|JSON
Method: POST
URL: http://192.168.1.121:8989/api/v1/profile/CheckMyPaymentStatus
Controller : api.Controllers.ProfileController
Action : CheckMyPaymentStatus
Action Parameters : {"messageFormat":"JSON","messageArguments":[{"request":{"ClientId":1139,"EmployeeId":0,"UnitId":2449}}]}

2018-03-12 17:38:26.1398|INFO|api.Helpers.NLogger|JSON
Method: POST
URL: http://192.168.1.121:8989/api/v1/profile/CheckMyPaymentStatus
Controller : api.Controllers.ProfileController
Action : CheckMyPaymentStatus
Action Parameters : {"messageFormat":"JSON","messageArguments":[{"request":{"ClientId":1139,"EmployeeId":0,"UnitId":2449}}]}

2018-03-12 17:38:26.2002|INFO|api.Helpers.NLogger|JSON
Method: POST
URL: http://192.168.1.121:8989/api/v1/profile/CheckMyPaymentStatus
Controller : api.Controllers.ProfileController
Action : CheckMyPaymentStatus
Action Parameters : {"messageFormat":"JSON","messageArguments":[{"request":{"ClientId":1139,"EmployeeId":0,"UnitId":2449}}]}

2018-03-12 17:38:26.2834|INFO|api.Helpers.NLogger|JSON
Method: POST
URL: http://192.168.1.121:8989/api/v1/profile/CheckMyPaymentStatus
Controller : api.Controllers.ProfileController
Action : CheckMyPaymentStatus
Action Parameters : {"messageFormat":"JSON","messageArguments":[{"request":{"ClientId":1139,"EmployeeId":0,"UnitId":2449}}]}

2018-03-12 17:38:26.3527|INFO|api.Helpers.NLogger|JSON
Method: POST
URL: http://192.168.1.121:8989/api/v1/profile/CheckMyPaymentStatus
Controller : api.Controllers.ProfileController
Action : CheckMyPaymentStatus
Action Parameters : {"messageFormat":"JSON","messageArguments":[{"request":{"ClientId":1139,"EmployeeId":0,"UnitId":2449}}]}

2018-03-12 17:38:26.7844|INFO|api.Helpers.NLogger|JSON
Method: POST
URL: http://192.168.1.121:8989/api/v1/profile/CheckMyPaymentStatus
Controller : api.Controllers.ProfileController
Action : CheckMyPaymentStatus
Action Parameters : {"messageFormat":"JSON","messageArguments":[{"request":{"ClientId":1139,"EmployeeId":0,"UnitId":2449}}]}

2018-03-12 17:38:26.8475|INFO|api.Helpers.NLogger|JSON
Method: POST
URL: http://192.168.1.121:8989/api/v1/profile/CheckMyPaymentStatus
Controller : api.Controllers.ProfileController
Action : CheckMyPaymentStatus
Action Parameters : {"messageFormat":"JSON","messageArguments":[{"request":{"ClientId":1139,"EmployeeId":0,"UnitId":2449}}]}

2018-03-12 17:45:20.5569|INFO|api.Helpers.NLogger|JSON
Method: POST
URL: http://192.168.1.121:8989/api/v1/profile/ClientDashboard
Controller : api.Controllers.ProfileController
Action : ClientDashboard
Action Parameters : {"messageFormat":"JSON","messageArguments":[{"request":{"Email":null,"ClientId":1139,"PlanTypeId":0,"PlanId":0,"PartId":0,"Month":0,"Year":0,"AddressId":null,"UnitId":0,"ServiceId":null,"RequestedServiceId":null,"PartType":null,"PartTypeId":null,"PageId":0,"ShowDeleted":false,"ServiceCaseNumber":null,"LastCallDateTime":null,"PageNumber":null,"pageSize":0,"DeviceType":null,"DeviceToken":null,"NotificationId":null,"EmployeeId":0,"BillingId":null}}]}

2018-03-12 17:45:21.3250|INFO|api.Helpers.NLogger|JSON
Method: GET
URL: http://192.168.1.121:8989/api/v1/common/getallplantype
Controller : api.Controllers.CommonController
Action : GetAllPlanType
Action Parameters : {"messageFormat":"JSON","messageArguments":[{}]}

2018-03-12 17:45:21.4224|INFO|api.Helpers.NLogger|JSON
Method: GET
URL: http://192.168.1.121:8989/api/v1/profile/GetClientAddress?ClientId=1139
Controller : api.Controllers.ProfileController
Action : GetClientAddress
Action Parameters : {"messageFormat":"JSON","messageArguments":[{"ClientId":1139}]}

2018-03-12 17:45:22.5659|INFO|api.Helpers.NLogger|JSON
Method: POST
URL: http://192.168.1.121:8989/api/v1/common/GetSpecialRateByPlanType
Controller : api.Controllers.CommonController
Action : GetSpecialRateByPlanType
Action Parameters : {"messageFormat":"JSON","messageArguments":[{"request":{"Email":null,"ClientId":0,"PlanTypeId":1,"PlanId":0,"PartId":0,"Month":0,"Year":0,"AddressId":null,"UnitId":0,"ServiceId":null,"RequestedServiceId":null,"PartType":null,"PartTypeId":null,"PageId":0,"ShowDeleted":false,"ServiceCaseNumber":null,"LastCallDateTime":null,"PageNumber":null,"pageSize":0,"DeviceType":null,"DeviceToken":null,"NotificationId":null,"EmployeeId":0,"BillingId":null}}]}

2018-03-12 17:45:26.8143|INFO|api.Helpers.NLogger|JSON
Method: POST
URL: http://192.168.1.121:8989/api/v1/profile/addclientunit
Controller : api.Controllers.ProfileController
Action : AddClientUnit
Action Parameters : {"messageFormat":"JSON","messageArguments":[{"request":{"ClientId":1139,"UnitId":0,"Qty":1,"UnitName":"Ryuh","ManufactureDate":null,"PlanTypeId":1,"UnitTon":null,"AddressId":2101,"UnitTypeId":null,"AutoRenewal":false,"SpecialOffer":true,"Status":null,"OptionalInformation":null,"DeleteOldData":false,"EmployeeId":0,"CurrentPaymentMethod":null}}]}

2018-03-12 17:45:28.5839|INFO|api.Helpers.NLogger|JSON
Method: POST
URL: http://192.168.1.121:8989/api/v1/profile/MyCart
Controller : api.Controllers.ProfileController
Action : MyCart
Action Parameters : {"messageFormat":"JSON","messageArguments":[{"request":{"Email":null,"ClientId":1139,"PlanTypeId":0,"PlanId":0,"PartId":0,"Month":0,"Year":0,"AddressId":null,"UnitId":0,"ServiceId":null,"RequestedServiceId":null,"PartType":null,"PartTypeId":null,"PageId":0,"ShowDeleted":false,"ServiceCaseNumber":null,"LastCallDateTime":null,"PageNumber":null,"pageSize":0,"DeviceType":null,"DeviceToken":null,"NotificationId":null,"EmployeeId":0,"BillingId":null}}]}

2018-03-12 17:45:30.4696|INFO|api.Helpers.NLogger|JSON
Method: POST
URL: http://192.168.1.121:8989/api/v1/profile/ValidateClientAddress
Controller : api.Controllers.ProfileController
Action : ValidateClientAddress
Action Parameters : {"messageFormat":"JSON","messageArguments":[{"ModelData":{"Id":0,"ClientId":1139,"Address":"56, Eric vallwy","State":1,"StateName":null,"City":182,"CityName":null,"ZipCode":"94103","Latitude":null,"Longitude":null,"IsDefaultAddress":null,"AllowDelete":false,"ShowAddressInApp":false,"PhoneNumber":null,"MobileNumber":null,"OfficeNumber":null,"HomeNumber":null,"Email":null,"PDFUrl":null,"PendingInactive":false}}]}

2018-03-12 17:45:30.6076|INFO|api.Helpers.NLogger|JSON
Method: POST
URL: http://192.168.1.121:8989/api/v1/profile/GetCreditCard
Controller : api.Controllers.ProfileController
Action : GetCreditCard
Action Parameters : {"messageFormat":"JSON","messageArguments":[{"request":{"Id":0,"ClientId":1139,"CardType":null,"NameOnCard":null,"CardNumber":null,"ExpiryMonth":null,"CVV":0,"ExpiryYear":0,"IsDefaultPayment":null,"StripeCardId":null}}]}

2018-03-12 17:46:00.5329|INFO|api.Helpers.NLogger|JSON
Method: GET
URL: http://192.168.1.121:8989/api/v1/common/SendSalesAgreement?ClientId=1139
Controller : api.Controllers.CommonController
Action : SendSalesAgreement
Action Parameters : {"messageFormat":"JSON","messageArguments":[{"ClientId":1139}]}

2018-03-12 17:46:43.0619|INFO|api.Helpers.NLogger|JSON
Method: GET
URL: http://192.168.1.121:8989/api/v1/common/SendSalesAgreement?ClientId=1139
Controller : api.Controllers.CommonController
Action : SendSalesAgreement
Action Parameters : {"messageFormat":"JSON","messageArguments":[{"ClientId":1139}]}

2018-03-12 17:47:55.0175|INFO|api.Helpers.NLogger|JSON
Method: GET
URL: http://192.168.1.121:8989/api/v1/common/SendSalesAgreement?ClientId=1139
Controller : api.Controllers.CommonController
Action : SendSalesAgreement
Action Parameters : {"messageFormat":"JSON","messageArguments":[{"ClientId":1139}]}

2018-03-12 17:48:57.6519|INFO|api.Helpers.NLogger|JSON
Method: GET
URL: http://192.168.1.121:8989/api/v1/common/SendSalesAgreement?ClientId=1139
Controller : api.Controllers.CommonController
Action : SendSalesAgreement
Action Parameters : {"messageFormat":"JSON","messageArguments":[{"ClientId":1139}]}

2018-03-12 17:50:16.5038|INFO|api.Helpers.NLogger|JSON
Method: GET
URL: http://192.168.1.121:8989/api/v1/common/SendSalesAgreement?ClientId=1139
Controller : api.Controllers.CommonController
Action : SendSalesAgreement
Action Parameters : {"messageFormat":"JSON","messageArguments":[{"ClientId":1139}]}

2018-03-12 17:54:00.8381|INFO|api.Helpers.NLogger|JSON
Method: GET
URL: http://192.168.1.121:8989/api/v1/common/SendSalesAgreement?ClientId=1139
Controller : api.Controllers.CommonController
Action : SendSalesAgreement
Action Parameters : {"messageFormat":"JSON","messageArguments":[{"ClientId":1139}]}

2018-03-12 17:54:13.1570|INFO|api.Helpers.NLogger|JSON
Method: GET
URL: http://192.168.1.121:8989/api/v1/common/SendSalesAgreement?ClientId=1139
Controller : api.Controllers.CommonController
Action : SendSalesAgreement
Action Parameters : {"messageFormat":"JSON","messageArguments":[{"ClientId":1139}]}

2018-03-12 17:57:05.2908|INFO|api.Helpers.NLogger|JSON
Method: GET
URL: http://192.168.1.121:8989/api/v1/common/SendSalesAgreement?ClientId=1139
Controller : api.Controllers.CommonController
Action : SendSalesAgreement
Action Parameters : {"messageFormat":"JSON","messageArguments":[{"ClientId":1139}]}

2018-03-12 17:57:33.4744|INFO|api.Helpers.NLogger|JSON
Method: GET
URL: http://192.168.1.121:8989/api/v1/common/SendSalesAgreement?ClientId=1139
Controller : api.Controllers.CommonController
Action : SendSalesAgreement
Action Parameters : {"messageFormat":"JSON","messageArguments":[{"ClientId":1139}]}

2018-03-12 17:58:09.9910|INFO|api.Helpers.NLogger|JSON
Method: GET
URL: http://192.168.1.121:8989/api/v1/common/SendSalesAgreement?ClientId=1139
Controller : api.Controllers.CommonController
Action : SendSalesAgreement
Action Parameters : {"messageFormat":"JSON","messageArguments":[{"ClientId":1139}]}

2018-03-12 17:58:47.3797|INFO|api.Helpers.NLogger|JSON
Method: GET
URL: http://192.168.1.121:8989/api/v1/common/SendSalesAgreement?ClientId=1139
Controller : api.Controllers.CommonController
Action : SendSalesAgreement
Action Parameters : {"messageFormat":"JSON","messageArguments":[{"ClientId":1139}]}

