2018-08-05 11:42:48.6435|INFO|api.Helpers.NLogger|JSON
Method: POST
URL: http://localhost:15419/v1/profile/clientlogin
Controller : api.Controllers.ProfileController
Action : Login
Action Parameters : {"messageFormat":"JSON","messageArguments":[{"model":{"Email":"elva.wang@gmail.com","Password":"sa123456","DeviceType":null,"DeviceToken":"abc123","Latitude":null,"Longitude":null}}]}

2018-08-05 11:43:51.0907|INFO|api.Helpers.NLogger|JSON
Method: POST
URL: http://localhost:15419/v1/profile/clientlogin
Controller : api.Controllers.ProfileController
Action : Login
Action Parameters : {"messageFormat":"JSON","messageArguments":[{"model":{"Email":"elva.wang@gmail.com","Password":"sa123456","DeviceType":null,"DeviceToken":"abc123","Latitude":null,"Longitude":null}}]}

2018-08-05 11:47:36.1939|INFO|api.Helpers.NLogger|JSON
Method: POST
URL: http://localhost:15419/v1/profile/clientlogin
Controller : api.Controllers.ProfileController
Action : Login
Action Parameters : {"messageFormat":"JSON","messageArguments":[{"model":{"Email":"elva.wang@gmail.com","Password":"sa123456","DeviceType":null,"DeviceToken":"abc123","Latitude":null,"Longitude":null}}]}

2018-08-05 11:48:14.4812|INFO|api.Helpers.NLogger|JSON
Method: POST
URL: http://localhost:15419/v1/profile/clientlogin
Controller : api.Controllers.ProfileController
Action : Login
Action Parameters : {"messageFormat":"JSON","messageArguments":[{"model":{"Email":"elva.wang@gmail.com","Password":"sa123456","DeviceType":null,"DeviceToken":"abc123","Latitude":null,"Longitude":null}}]}

2018-08-05 11:48:25.1541|INFO|api.Helpers.NLogger|JSON
Method: POST
URL: http://localhost:15419/v1/profile/clientlogin
Controller : api.Controllers.ProfileController
Action : Login
Action Parameters : {"messageFormat":"JSON","messageArguments":[{"model":{"Email":"elva.wang@gmail.com","Password":"sa123456","DeviceType":null,"DeviceToken":"abc123","Latitude":null,"Longitude":null}}]}

2018-08-05 11:49:44.2162|INFO|api.Helpers.NLogger|JSON
Method: POST
URL: http://localhost:15419/v1/profile/clientlogin
Controller : api.Controllers.ProfileController
Action : Login
Action Parameters : {"messageFormat":"JSON","messageArguments":[{"model":{"Email":"elva.wang@gmail.com","Password":"58d65bdd8944dc8375c30b2ba10ae699","DeviceType":null,"DeviceToken":"abc123","Latitude":null,"Longitude":null}}]}

2018-08-05 11:50:13.2701|INFO|api.Helpers.NLogger|JSON
Method: POST
URL: http://localhost:15419/v1/profile/clientlogin
Controller : api.Controllers.ProfileController
Action : Login
Action Parameters : {"messageFormat":"JSON","messageArguments":[{"model":{"Email":"elva.wang@gmail.com","Password":"58d65bdd8944dc8375c30b2ba10ae699","DeviceType":null,"DeviceToken":"abc123","Latitude":null,"Longitude":null}}]}

2018-08-05 11:59:22.5317|INFO|api.Helpers.NLogger|JSON
Method: POST
URL: http://localhost:15419/v1/profile/clientlogin
Controller : api.Controllers.ProfileController
Action : Login
Action Parameters : {"messageFormat":"JSON","messageArguments":[{"model":{"Email":"elva.wang@gmail.com","Password":"58d65bdd8944dc8375c30b2ba10ae699","DeviceType":null,"DeviceToken":"abc123","Latitude":null,"Longitude":null}}]}

2018-08-05 13:46:37.1023|INFO|api.Helpers.NLogger|JSON
Method: POST
URL: http://localhost:15419/v1/profile/clientlogin
Controller : api.Controllers.ProfileController
Action : Login
Action Parameters : {"messageFormat":"JSON","messageArguments":[{"model":{"Email":"elva.wang@gmail.com","Password":"58d65bdd8944dc8375c30b2ba10ae699","DeviceType":null,"DeviceToken":"abc123","Latitude":null,"Longitude":null}}]}

2018-08-05 13:50:01.6849|INFO|api.Helpers.NLogger|JSON
Method: POST
URL: http://localhost:15419/v1/profile/clientlogin
Controller : api.Controllers.ProfileController
Action : Login
Action Parameters : {"messageFormat":"JSON","messageArguments":[{"model":{"Email":"elva.wang@gmail.com","Password":"58d65bdd8944dc8375c30b2ba10ae699","DeviceType":null,"DeviceToken":"abc123","Latitude":null,"Longitude":null}}]}

2018-08-05 13:50:45.6776|INFO|api.Helpers.NLogger|JSON
Method: POST
URL: http://localhost:15419/v1/profile/clientlogin
Controller : api.Controllers.ProfileController
Action : Login
Action Parameters : {"messageFormat":"JSON","messageArguments":[{"model":{"Email":"elva.wang@gmail.com","Password":"58d65bdd8944dc8375c30b2ba10ae699","DeviceType":null,"DeviceToken":"abc123","Latitude":null,"Longitude":null}}]}

2018-08-05 13:55:24.8214|INFO|api.Helpers.NLogger|JSON
Method: POST
URL: http://localhost:15419/v1/profile/clientlogin
Controller : api.Controllers.ProfileController
Action : Login
Action Parameters : {"messageFormat":"JSON","messageArguments":[{"model":{"Email":"elva.wang@gmail.com","Password":"58d65bdd8944dc8375c30b2ba10ae699","DeviceType":null,"DeviceToken":"abc123","Latitude":null,"Longitude":null}}]}

2018-08-05 13:58:23.3240|INFO|api.Helpers.NLogger|JSON
Method: GET
URL: http://localhost:15419/v1/Common/GetAllPlanType?grant_type=password&username=elva.wang@gmail.com&password=sa123456&deviceid=abc123
Controller : api.Controllers.CommonController
Action : GetAllPlanType
Action Parameters : {"messageFormat":"JSON","messageArguments":[{}]}

2018-08-05 14:06:01.2047|INFO|api.Helpers.NLogger|JSON
Method: GET
URL: http://localhost:15419/v1/Common/GetAllPlanType?grant_type=password&username=elva.wang@gmail.com&password=sa123456&deviceid=abc123
Controller : api.Controllers.CommonController
Action : GetAllPlanType
Action Parameters : {"messageFormat":"JSON","messageArguments":[{}]}

