2018-02-12 18:26:53.0850|INFO|api.Helpers.NLogger|JSON
Method: POST
URL: http://192.168.1.121:8989/api/v1/profile/ClientDashboard
Controller : api.Controllers.ProfileController
Action : ClientDashboard
Action Parameters : {"messageFormat":"JSON","messageArguments":[{"request":{"Email":null,"ClientId":1140,"PlanTypeId":0,"PlanId":0,"PartId":0,"Month":0,"Year":0,"AddressId":null,"UnitId":0,"ServiceId":null,"RequestedServiceId":null,"PartType":null,"PartTypeId":null,"PageId":0,"ShowDeleted":false,"ServiceCaseNumber":null,"LastCallDateTime":null,"PageNumber":null,"pageSize":0,"DeviceType":null,"DeviceToken":null,"NotificationId":null,"EmployeeId":0,"BillingId":null}}]}

2018-02-12 18:27:00.7433|INFO|api.Helpers.NLogger|JSON
Method: POST
URL: http://192.168.1.121:8989/api/v1/profile/clientlogout
Controller : api.Controllers.ProfileController
Action : clientlogout
Action Parameters : {"messageFormat":"JSON","messageArguments":[{"request":{"Email":null,"ClientId":1140,"PlanTypeId":0,"PlanId":0,"PartId":0,"Month":0,"Year":0,"AddressId":null,"UnitId":0,"ServiceId":null,"RequestedServiceId":null,"PartType":null,"PartTypeId":null,"PageId":0,"ShowDeleted":false,"ServiceCaseNumber":null,"LastCallDateTime":null,"PageNumber":null,"pageSize":0,"DeviceType":null,"DeviceToken":null,"NotificationId":null,"EmployeeId":0,"BillingId":null}}]}

2018-02-12 18:27:19.1105|INFO|api.Helpers.NLogger|JSON
Method: POST
URL: http://192.168.1.121:8989/api/v1/profile/clientlogin
Controller : api.Controllers.ProfileController
Action : Login
Action Parameters : {"messageFormat":"JSON","messageArguments":[{"model":{"Email":"test.you1221@gmail.com","Password":"7f2765757d527eaeeb14fb706039bac7","DeviceType":"iPhone","DeviceToken":"","Latitude":null,"Longitude":null}}]}

2018-02-12 18:27:20.0324|INFO|api.Helpers.NLogger|JSON
Method: POST
URL: http://192.168.1.121:8989/api/v1/profile/ClientDashboard
Controller : api.Controllers.ProfileController
Action : ClientDashboard
Action Parameters : {"messageFormat":"JSON","messageArguments":[{"request":{"Email":null,"ClientId":1140,"PlanTypeId":0,"PlanId":0,"PartId":0,"Month":0,"Year":0,"AddressId":null,"UnitId":0,"ServiceId":null,"RequestedServiceId":null,"PartType":null,"PartTypeId":null,"PageId":0,"ShowDeleted":false,"ServiceCaseNumber":null,"LastCallDateTime":null,"PageNumber":null,"pageSize":0,"DeviceType":null,"DeviceToken":null,"NotificationId":null,"EmployeeId":0,"BillingId":null}}]}

2018-02-12 18:27:27.1577|INFO|api.Helpers.NLogger|JSON
Method: POST
URL: http://192.168.1.121:8989/api/v1/profile/DeleteOldData
Controller : api.Controllers.ProfileController
Action : DeleteOldData
Action Parameters : {"messageFormat":"JSON","messageArguments":[{"request":{"ClientId":1140,"UnitId":0,"Qty":0,"UnitName":null,"ManufactureDate":null,"PlanTypeId":null,"UnitTon":null,"AddressId":null,"UnitTypeId":null,"AutoRenewal":null,"SpecialOffer":null,"Status":null,"OptionalInformation":null,"DeleteOldData":false,"EmployeeId":0,"CurrentPaymentMethod":null}}]}

2018-02-12 18:27:28.0484|INFO|api.Helpers.NLogger|JSON
Method: GET
URL: http://192.168.1.121:8989/api/v1/common/getallplantype
Controller : api.Controllers.CommonController
Action : GetAllPlanType
Action Parameters : {"messageFormat":"JSON","messageArguments":[{}]}

2018-02-12 18:27:28.7828|INFO|api.Helpers.NLogger|JSON
Method: GET
URL: http://192.168.1.121:8989/api/v1/profile/GetClientAddress?ClientId=1140
Controller : api.Controllers.ProfileController
Action : GetClientAddress
Action Parameters : {"messageFormat":"JSON","messageArguments":[{"ClientId":1140}]}

2018-02-12 18:27:29.5485|INFO|api.Helpers.NLogger|JSON
Method: POST
URL: http://192.168.1.121:8989/api/v1/common/GetSpecialRateByPlanType
Controller : api.Controllers.CommonController
Action : GetSpecialRateByPlanType
Action Parameters : {"messageFormat":"JSON","messageArguments":[{"request":{"Email":null,"ClientId":0,"PlanTypeId":1,"PlanId":0,"PartId":0,"Month":0,"Year":0,"AddressId":null,"UnitId":0,"ServiceId":null,"RequestedServiceId":null,"PartType":null,"PartTypeId":null,"PageId":0,"ShowDeleted":false,"ServiceCaseNumber":null,"LastCallDateTime":null,"PageNumber":null,"pageSize":0,"DeviceType":null,"DeviceToken":null,"NotificationId":null,"EmployeeId":0,"BillingId":null}}]}

2018-02-12 18:27:36.3457|INFO|api.Helpers.NLogger|JSON
Method: POST
URL: http://192.168.1.121:8989/api/v1/profile/addclientunit
Controller : api.Controllers.ProfileController
Action : AddClientUnit
Action Parameters : {"messageFormat":"JSON","messageArguments":[{"request":{"ClientId":1140,"UnitId":0,"Qty":1,"UnitName":"Test","ManufactureDate":null,"PlanTypeId":1,"UnitTon":null,"AddressId":2101,"UnitTypeId":null,"AutoRenewal":false,"SpecialOffer":true,"Status":null,"OptionalInformation":null,"DeleteOldData":false,"EmployeeId":0,"CurrentPaymentMethod":null}}]}

2018-02-12 18:27:38.1271|INFO|api.Helpers.NLogger|JSON
Method: POST
URL: http://192.168.1.121:8989/api/v1/profile/MyCart
Controller : api.Controllers.ProfileController
Action : MyCart
Action Parameters : {"messageFormat":"JSON","messageArguments":[{"request":{"Email":null,"ClientId":1140,"PlanTypeId":0,"PlanId":0,"PartId":0,"Month":0,"Year":0,"AddressId":null,"UnitId":0,"ServiceId":null,"RequestedServiceId":null,"PartType":null,"PartTypeId":null,"PageId":0,"ShowDeleted":false,"ServiceCaseNumber":null,"LastCallDateTime":null,"PageNumber":null,"pageSize":0,"DeviceType":null,"DeviceToken":null,"NotificationId":null,"EmployeeId":0,"BillingId":null}}]}

2018-02-12 18:27:39.0270|INFO|api.Helpers.NLogger|JSON
Method: POST
URL: http://192.168.1.121:8989/api/v1/profile/ValidateClientAddress
Controller : api.Controllers.ProfileController
Action : ValidateClientAddress
Action Parameters : {"messageFormat":"JSON","messageArguments":[{"ModelData":{"Id":0,"ClientId":1140,"Address":"34, Street","State":1,"StateName":null,"City":182,"CityName":null,"ZipCode":"94102","Latitude":null,"Longitude":null,"IsDefaultAddress":null,"AllowDelete":false,"ShowAddressInApp":false,"PhoneNumber":null,"MobileNumber":null,"OfficeNumber":null,"HomeNumber":null,"Email":null,"PDFUrl":null,"PendingInactive":false}}]}

2018-02-12 18:27:39.1677|INFO|api.Helpers.NLogger|JSON
Method: POST
URL: http://192.168.1.121:8989/api/v1/profile/GetCreditCard
Controller : api.Controllers.ProfileController
Action : GetCreditCard
Action Parameters : {"messageFormat":"JSON","messageArguments":[{"request":{"Id":0,"ClientId":1140,"CardType":null,"NameOnCard":null,"CardNumber":null,"ExpiryMonth":null,"CVV":0,"ExpiryYear":0,"IsDefaultPayment":null,"StripeCardId":null}}]}

2018-02-12 18:28:08.7953|INFO|api.Helpers.NLogger|JSON
Method: POST
URL: http://192.168.1.121:8989/api/v1/profile/ValidateCreditCard
Controller : api.Controllers.ProfileController
Action : ValidateCreditCard
Action Parameters : {"messageFormat":"JSON","messageArguments":[{"request":{"ClientId":1140,"EmployeeId":0,"Address":"34, Street","State":1,"City":182,"ZipCode":"94102","FirstName":"Test","LastName":"Local","Company":"","PhoneNumber":null,"MobileNumber":"8523698521","CardType":"Visa","NameOnCard":"Test","CardNumber":"4111111111111111","CVV":253,"UnitId":null,"ExpiryMonth":7,"ExpiryYear":2027,"StripeCardId":"","ClientSignature":null,"NotificationId":0,"PaymentMethod":null,"ChequeImageBack":null,"ChqueImageFront":null,"AccountingNotes":null,"ChequeDate":"\/Date(-62135596800000)\/","PONo":null,"ChequeNo":null,"CCEmail":null}}]}

2018-02-12 19:22:33.4063|INFO|api.Helpers.NLogger|JSON
Method: POST
URL: http://192.168.1.121:8989/api/v1/profile/ClientDashboard
Controller : api.Controllers.ProfileController
Action : ClientDashboard
Action Parameters : {"messageFormat":"JSON","messageArguments":[{"request":{"Email":null,"ClientId":1140,"PlanTypeId":0,"PlanId":0,"PartId":0,"Month":0,"Year":0,"AddressId":null,"UnitId":0,"ServiceId":null,"RequestedServiceId":null,"PartType":null,"PartTypeId":null,"PageId":0,"ShowDeleted":false,"ServiceCaseNumber":null,"LastCallDateTime":null,"PageNumber":null,"pageSize":0,"DeviceType":null,"DeviceToken":null,"NotificationId":null,"EmployeeId":0,"BillingId":null}}]}

2018-02-12 19:23:14.4298|INFO|api.Helpers.NLogger|JSON
Method: POST
URL: http://192.168.1.121:8989/api/v1/profile/GetClientUnit
Controller : api.Controllers.ProfileController
Action : GetClientUnit
Action Parameters : {"messageFormat":"JSON","messageArguments":[{"request":{"Email":null,"ClientId":1140,"PlanTypeId":0,"PlanId":0,"PartId":0,"Month":0,"Year":0,"AddressId":null,"UnitId":0,"ServiceId":null,"RequestedServiceId":null,"PartType":null,"PartTypeId":null,"PageId":0,"ShowDeleted":false,"ServiceCaseNumber":null,"LastCallDateTime":null,"PageNumber":1,"pageSize":0,"DeviceType":null,"DeviceToken":null,"NotificationId":null,"EmployeeId":0,"BillingId":null}}]}

2018-02-12 19:23:24.3124|INFO|api.Helpers.NLogger|JSON
Method: GET
URL: http://192.168.1.121:8989/api/v1/profile/GetClientProfile?ClientId=1140
Controller : api.Controllers.ProfileController
Action : GetClientProfile
Action Parameters : {"messageFormat":"JSON","messageArguments":[{"ClientId":1140}]}

2018-02-12 19:23:26.0051|INFO|api.Helpers.NLogger|JSON
Method: POST
URL: http://192.168.1.121:8989/api/v1/profile/ClientDashboard
Controller : api.Controllers.ProfileController
Action : ClientDashboard
Action Parameters : {"messageFormat":"JSON","messageArguments":[{"request":{"Email":null,"ClientId":1140,"PlanTypeId":0,"PlanId":0,"PartId":0,"Month":0,"Year":0,"AddressId":null,"UnitId":0,"ServiceId":null,"RequestedServiceId":null,"PartType":null,"PartTypeId":null,"PageId":0,"ShowDeleted":false,"ServiceCaseNumber":null,"LastCallDateTime":null,"PageNumber":null,"pageSize":0,"DeviceType":null,"DeviceToken":null,"NotificationId":null,"EmployeeId":0,"BillingId":null}}]}

2018-02-12 19:23:54.8112|INFO|api.Helpers.NLogger|JSON
Method: POST
URL: http://192.168.1.121:8989/api/v1/profile/ClientDashboard
Controller : api.Controllers.ProfileController
Action : ClientDashboard
Action Parameters : {"messageFormat":"JSON","messageArguments":[{"request":{"Email":null,"ClientId":1140,"PlanTypeId":0,"PlanId":0,"PartId":0,"Month":0,"Year":0,"AddressId":null,"UnitId":0,"ServiceId":null,"RequestedServiceId":null,"PartType":null,"PartTypeId":null,"PageId":0,"ShowDeleted":false,"ServiceCaseNumber":null,"LastCallDateTime":null,"PageNumber":null,"pageSize":0,"DeviceType":null,"DeviceToken":null,"NotificationId":null,"EmployeeId":0,"BillingId":null}}]}

2018-02-12 19:29:00.4130|INFO|api.Helpers.NLogger|JSON
Method: POST
URL: http://192.168.1.121:8989/api/v1/profile/ClientDashboard
Controller : api.Controllers.ProfileController
Action : ClientDashboard
Action Parameters : {"messageFormat":"JSON","messageArguments":[{"request":{"Email":null,"ClientId":1140,"PlanTypeId":0,"PlanId":0,"PartId":0,"Month":0,"Year":0,"AddressId":null,"UnitId":0,"ServiceId":null,"RequestedServiceId":null,"PartType":null,"PartTypeId":null,"PageId":0,"ShowDeleted":false,"ServiceCaseNumber":null,"LastCallDateTime":null,"PageNumber":null,"pageSize":0,"DeviceType":null,"DeviceToken":null,"NotificationId":null,"EmployeeId":0,"BillingId":null}}]}

2018-02-12 19:29:05.2150|INFO|api.Helpers.NLogger|JSON
Method: POST
URL: http://192.168.1.121:8989/api/v1/profile/GetPaymentFailedUnit
Controller : api.Controllers.ProfileController
Action : GetPaymentFailedUnit
Action Parameters : {"messageFormat":"JSON","messageArguments":[{"request":{"Email":null,"ClientId":1140,"PlanTypeId":0,"PlanId":0,"PartId":0,"Month":0,"Year":0,"AddressId":null,"UnitId":0,"ServiceId":null,"RequestedServiceId":null,"PartType":null,"PartTypeId":null,"PageId":0,"ShowDeleted":false,"ServiceCaseNumber":null,"LastCallDateTime":null,"PageNumber":null,"pageSize":0,"DeviceType":null,"DeviceToken":null,"NotificationId":null,"EmployeeId":0,"BillingId":null}}]}

2018-02-12 19:29:06.7987|INFO|api.Helpers.NLogger|JSON
Method: POST
URL: http://192.168.1.121:8989/api/v1/profile/MyCart
Controller : api.Controllers.ProfileController
Action : MyCart
Action Parameters : {"messageFormat":"JSON","messageArguments":[{"request":{"Email":null,"ClientId":1140,"PlanTypeId":0,"PlanId":0,"PartId":0,"Month":0,"Year":0,"AddressId":null,"UnitId":0,"ServiceId":null,"RequestedServiceId":null,"PartType":null,"PartTypeId":null,"PageId":0,"ShowDeleted":false,"ServiceCaseNumber":null,"LastCallDateTime":null,"PageNumber":null,"pageSize":0,"DeviceType":null,"DeviceToken":null,"NotificationId":null,"EmployeeId":0,"BillingId":null}}]}

2018-02-12 19:29:07.8179|INFO|api.Helpers.NLogger|JSON
Method: POST
URL: http://192.168.1.121:8989/api/v1/profile/ValidateClientAddress
Controller : api.Controllers.ProfileController
Action : ValidateClientAddress
Action Parameters : {"messageFormat":"JSON","messageArguments":[{"ModelData":{"Id":0,"ClientId":1140,"Address":"34, Street","State":1,"StateName":null,"City":182,"CityName":null,"ZipCode":"94102","Latitude":null,"Longitude":null,"IsDefaultAddress":null,"AllowDelete":false,"ShowAddressInApp":false,"PhoneNumber":null,"MobileNumber":null,"OfficeNumber":null,"HomeNumber":null,"Email":null,"PDFUrl":null,"PendingInactive":false}}]}

2018-02-12 19:29:07.9301|INFO|api.Helpers.NLogger|JSON
Method: POST
URL: http://192.168.1.121:8989/api/v1/profile/GetCreditCard
Controller : api.Controllers.ProfileController
Action : GetCreditCard
Action Parameters : {"messageFormat":"JSON","messageArguments":[{"request":{"Id":0,"ClientId":1140,"CardType":null,"NameOnCard":null,"CardNumber":null,"ExpiryMonth":null,"CVV":0,"ExpiryYear":0,"IsDefaultPayment":null,"StripeCardId":null}}]}

2018-02-12 19:29:41.7962|INFO|api.Helpers.NLogger|JSON
Method: POST
URL: http://192.168.1.121:8989/api/v1/profile/ClientDashboard
Controller : api.Controllers.ProfileController
Action : ClientDashboard
Action Parameters : {"messageFormat":"JSON","messageArguments":[{"request":{"Email":null,"ClientId":1140,"PlanTypeId":0,"PlanId":0,"PartId":0,"Month":0,"Year":0,"AddressId":null,"UnitId":0,"ServiceId":null,"RequestedServiceId":null,"PartType":null,"PartTypeId":null,"PageId":0,"ShowDeleted":false,"ServiceCaseNumber":null,"LastCallDateTime":null,"PageNumber":null,"pageSize":0,"DeviceType":null,"DeviceToken":null,"NotificationId":null,"EmployeeId":0,"BillingId":null}}]}

2018-02-12 19:29:50.9598|INFO|api.Helpers.NLogger|JSON
Method: POST
URL: http://192.168.1.121:8989/api/v1/profile/ValidateClientAddress
Controller : api.Controllers.ProfileController
Action : ValidateClientAddress
Action Parameters : {"messageFormat":"JSON","messageArguments":[{"ModelData":{"Id":0,"ClientId":1140,"Address":"34, Street","State":1,"StateName":null,"City":182,"CityName":null,"ZipCode":"94102","Latitude":null,"Longitude":null,"IsDefaultAddress":null,"AllowDelete":false,"ShowAddressInApp":false,"PhoneNumber":null,"MobileNumber":null,"OfficeNumber":null,"HomeNumber":null,"Email":null,"PDFUrl":null,"PendingInactive":false}}]}

2018-02-12 19:29:51.0832|INFO|api.Helpers.NLogger|JSON
Method: POST
URL: http://192.168.1.121:8989/api/v1/profile/GetCreditCard
Controller : api.Controllers.ProfileController
Action : GetCreditCard
Action Parameters : {"messageFormat":"JSON","messageArguments":[{"request":{"Id":0,"ClientId":1140,"CardType":null,"NameOnCard":null,"CardNumber":null,"ExpiryMonth":null,"CVV":0,"ExpiryYear":0,"IsDefaultPayment":null,"StripeCardId":null}}]}

2018-02-12 19:30:14.3241|INFO|api.Helpers.NLogger|JSON
Method: POST
URL: http://192.168.1.121:8989/api/v1/profile/ValidateCreditCard
Controller : api.Controllers.ProfileController
Action : ValidateCreditCard
Action Parameters : {"messageFormat":"JSON","messageArguments":[{"request":{"ClientId":1140,"EmployeeId":0,"Address":"34, Street","State":1,"City":182,"ZipCode":"94102","FirstName":"Test","LastName":"Local","Company":"","PhoneNumber":null,"MobileNumber":"8523698521","CardType":"Visa","NameOnCard":"Test","CardNumber":"4111111111111111","CVV":253,"UnitId":null,"ExpiryMonth":11,"ExpiryYear":2030,"StripeCardId":"","ClientSignature":null,"NotificationId":0,"PaymentMethod":null,"ChequeImageBack":null,"ChqueImageFront":null,"AccountingNotes":null,"ChequeDate":"\/Date(-62135596800000)\/","PONo":null,"ChequeNo":null,"CCEmail":null}}]}

2018-02-12 19:32:54.0877|INFO|api.Helpers.NLogger|JSON
Method: POST
URL: http://192.168.1.121:8989/api/v1/profile/ClientDashboard
Controller : api.Controllers.ProfileController
Action : ClientDashboard
Action Parameters : {"messageFormat":"JSON","messageArguments":[{"request":{"Email":null,"ClientId":1140,"PlanTypeId":0,"PlanId":0,"PartId":0,"Month":0,"Year":0,"AddressId":null,"UnitId":0,"ServiceId":null,"RequestedServiceId":null,"PartType":null,"PartTypeId":null,"PageId":0,"ShowDeleted":false,"ServiceCaseNumber":null,"LastCallDateTime":null,"PageNumber":null,"pageSize":0,"DeviceType":null,"DeviceToken":null,"NotificationId":null,"EmployeeId":0,"BillingId":null}}]}

2018-02-12 19:35:33.5402|INFO|api.Helpers.NLogger|JSON
Method: POST
URL: http://192.168.1.121:8989/api/v1/profile/ClientDashboard
Controller : api.Controllers.ProfileController
Action : ClientDashboard
Action Parameters : {"messageFormat":"JSON","messageArguments":[{"request":{"Email":null,"ClientId":1140,"PlanTypeId":0,"PlanId":0,"PartId":0,"Month":0,"Year":0,"AddressId":null,"UnitId":0,"ServiceId":null,"RequestedServiceId":null,"PartType":null,"PartTypeId":null,"PageId":0,"ShowDeleted":false,"ServiceCaseNumber":null,"LastCallDateTime":null,"PageNumber":null,"pageSize":0,"DeviceType":null,"DeviceToken":null,"NotificationId":null,"EmployeeId":0,"BillingId":null}}]}

2018-02-12 19:35:44.5609|INFO|api.Helpers.NLogger|JSON
Method: POST
URL: http://192.168.1.121:8989/api/v1/profile/ClientDashboard
Controller : api.Controllers.ProfileController
Action : ClientDashboard
Action Parameters : {"messageFormat":"JSON","messageArguments":[{"request":{"Email":null,"ClientId":1140,"PlanTypeId":0,"PlanId":0,"PartId":0,"Month":0,"Year":0,"AddressId":null,"UnitId":0,"ServiceId":null,"RequestedServiceId":null,"PartType":null,"PartTypeId":null,"PageId":0,"ShowDeleted":false,"ServiceCaseNumber":null,"LastCallDateTime":null,"PageNumber":null,"pageSize":0,"DeviceType":null,"DeviceToken":null,"NotificationId":null,"EmployeeId":0,"BillingId":null}}]}

2018-02-12 19:35:53.7400|INFO|api.Helpers.NLogger|JSON
Method: POST
URL: http://192.168.1.121:8989/api/v1/profile/clientlogout
Controller : api.Controllers.ProfileController
Action : clientlogout
Action Parameters : {"messageFormat":"JSON","messageArguments":[{"request":{"Email":null,"ClientId":1140,"PlanTypeId":0,"PlanId":0,"PartId":0,"Month":0,"Year":0,"AddressId":null,"UnitId":0,"ServiceId":null,"RequestedServiceId":null,"PartType":null,"PartTypeId":null,"PageId":0,"ShowDeleted":false,"ServiceCaseNumber":null,"LastCallDateTime":null,"PageNumber":null,"pageSize":0,"DeviceType":null,"DeviceToken":null,"NotificationId":null,"EmployeeId":0,"BillingId":null}}]}

2018-02-12 19:36:31.7154|INFO|api.Helpers.NLogger|JSON
Method: POST
URL: http://192.168.1.121:8989/api/v1/profile/clientRegister
Controller : api.Controllers.ProfileController
Action : Register
Action Parameters : {"messageFormat":"JSON","messageArguments":[{"request":{"FirstName":"Eric","LastName":"Demo","Email":"testing.chaka@gmail.com","Password":"7f2765757d527eaeeb14fb706039bac7","Image":null,"MobileNumber":"2563852365","Company":"","AffiliateId":"","DeviceType":"iPhone","DeviceToken":"","AddedDate":"\/Date(-62135596800000)\/","SendDisclosureEmail":false}}]}

2018-02-12 19:36:43.3357|INFO|api.Helpers.NLogger|JSON
Method: POST
URL: http://192.168.1.121:8989/api/v1/profile/ClientDashboard
Controller : api.Controllers.ProfileController
Action : ClientDashboard
Action Parameters : {"messageFormat":"JSON","messageArguments":[{"request":{"Email":null,"ClientId":1142,"PlanTypeId":0,"PlanId":0,"PartId":0,"Month":0,"Year":0,"AddressId":null,"UnitId":0,"ServiceId":null,"RequestedServiceId":null,"PartType":null,"PartTypeId":null,"PageId":0,"ShowDeleted":false,"ServiceCaseNumber":null,"LastCallDateTime":null,"PageNumber":null,"pageSize":0,"DeviceType":null,"DeviceToken":null,"NotificationId":null,"EmployeeId":0,"BillingId":null}}]}

2018-02-12 19:36:45.8357|INFO|api.Helpers.NLogger|JSON
Method: GET
URL: http://192.168.1.121:8989/api/v1/common/getallplantype
Controller : api.Controllers.CommonController
Action : GetAllPlanType
Action Parameters : {"messageFormat":"JSON","messageArguments":[{}]}

2018-02-12 19:36:45.9288|INFO|api.Helpers.NLogger|JSON
Method: GET
URL: http://192.168.1.121:8989/api/v1/profile/GetClientAddress?ClientId=1142
Controller : api.Controllers.ProfileController
Action : GetClientAddress
Action Parameters : {"messageFormat":"JSON","messageArguments":[{"ClientId":1142}]}

2018-02-12 19:36:46.8187|INFO|api.Helpers.NLogger|JSON
Method: POST
URL: http://192.168.1.121:8989/api/v1/common/GetSpecialRateByPlanType
Controller : api.Controllers.CommonController
Action : GetSpecialRateByPlanType
Action Parameters : {"messageFormat":"JSON","messageArguments":[{"request":{"Email":null,"ClientId":0,"PlanTypeId":1,"PlanId":0,"PartId":0,"Month":0,"Year":0,"AddressId":null,"UnitId":0,"ServiceId":null,"RequestedServiceId":null,"PartType":null,"PartTypeId":null,"PageId":0,"ShowDeleted":false,"ServiceCaseNumber":null,"LastCallDateTime":null,"PageNumber":null,"pageSize":0,"DeviceType":null,"DeviceToken":null,"NotificationId":null,"EmployeeId":0,"BillingId":null}}]}

2018-02-12 19:36:54.0985|INFO|api.Helpers.NLogger|JSON
Method: GET
URL: http://192.168.1.121:8989/api/v1/Location/GetAllState
Controller : api.Controllers.LocationController
Action : GetAllState
Action Parameters : {"messageFormat":"JSON","messageArguments":[{}]}

2018-02-12 19:37:02.0362|INFO|api.Helpers.NLogger|JSON
Method: GET
URL: http://192.168.1.121:8989/api/v1/Location/GetAllCityByStateId?StateId=1
Controller : api.Controllers.LocationController
Action : GetAllCityByStateId
Action Parameters : {"messageFormat":"JSON","messageArguments":[{"StateId":1}]}

2018-02-12 19:37:12.4043|INFO|api.Helpers.NLogger|JSON
Method: POST
URL: http://192.168.1.121:8989/api/v1/profile/AddClientAddress
Controller : api.Controllers.ProfileController
Action : AddClientAddress
Action Parameters : {"messageFormat":"JSON","messageArguments":[{"ModelData":{"Id":0,"ClientId":1142,"Address":"Eric street","State":1,"StateName":null,"City":182,"CityName":null,"ZipCode":"94103","Latitude":null,"Longitude":null,"IsDefaultAddress":null,"AllowDelete":false,"ShowAddressInApp":false,"PhoneNumber":null,"MobileNumber":null,"OfficeNumber":null,"HomeNumber":null,"Email":null,"PDFUrl":null,"PendingInactive":false}}]}

2018-02-12 19:37:17.2620|INFO|api.Helpers.NLogger|JSON
Method: POST
URL: http://192.168.1.121:8989/api/v1/profile/addclientunit
Controller : api.Controllers.ProfileController
Action : AddClientUnit
Action Parameters : {"messageFormat":"JSON","messageArguments":[{"request":{"ClientId":1142,"UnitId":0,"Qty":1,"UnitName":"Nret","ManufactureDate":null,"PlanTypeId":1,"UnitTon":null,"AddressId":2102,"UnitTypeId":null,"AutoRenewal":false,"SpecialOffer":true,"Status":null,"OptionalInformation":null,"DeleteOldData":false,"EmployeeId":0,"CurrentPaymentMethod":null}}]}

2018-02-12 19:37:19.1406|INFO|api.Helpers.NLogger|JSON
Method: POST
URL: http://192.168.1.121:8989/api/v1/profile/MyCart
Controller : api.Controllers.ProfileController
Action : MyCart
Action Parameters : {"messageFormat":"JSON","messageArguments":[{"request":{"Email":null,"ClientId":1142,"PlanTypeId":0,"PlanId":0,"PartId":0,"Month":0,"Year":0,"AddressId":null,"UnitId":0,"ServiceId":null,"RequestedServiceId":null,"PartType":null,"PartTypeId":null,"PageId":0,"ShowDeleted":false,"ServiceCaseNumber":null,"LastCallDateTime":null,"PageNumber":null,"pageSize":0,"DeviceType":null,"DeviceToken":null,"NotificationId":null,"EmployeeId":0,"BillingId":null}}]}

2018-02-12 19:37:20.2464|INFO|api.Helpers.NLogger|JSON
Method: POST
URL: http://192.168.1.121:8989/api/v1/profile/ValidateClientAddress
Controller : api.Controllers.ProfileController
Action : ValidateClientAddress
Action Parameters : {"messageFormat":"JSON","messageArguments":[{"ModelData":{"Id":0,"ClientId":1142,"Address":"Eric street","State":1,"StateName":null,"City":182,"CityName":null,"ZipCode":"94103","Latitude":null,"Longitude":null,"IsDefaultAddress":null,"AllowDelete":false,"ShowAddressInApp":false,"PhoneNumber":null,"MobileNumber":null,"OfficeNumber":null,"HomeNumber":null,"Email":null,"PDFUrl":null,"PendingInactive":false}}]}

2018-02-12 19:37:20.3661|INFO|api.Helpers.NLogger|JSON
Method: POST
URL: http://192.168.1.121:8989/api/v1/profile/GetCreditCard
Controller : api.Controllers.ProfileController
Action : GetCreditCard
Action Parameters : {"messageFormat":"JSON","messageArguments":[{"request":{"Id":0,"ClientId":1142,"CardType":null,"NameOnCard":null,"CardNumber":null,"ExpiryMonth":null,"CVV":0,"ExpiryYear":0,"IsDefaultPayment":null,"StripeCardId":null}}]}

2018-02-12 19:37:43.3849|INFO|api.Helpers.NLogger|JSON
Method: POST
URL: http://192.168.1.121:8989/api/v1/profile/ValidateCreditCard
Controller : api.Controllers.ProfileController
Action : ValidateCreditCard
Action Parameters : {"messageFormat":"JSON","messageArguments":[{"request":{"ClientId":1142,"EmployeeId":0,"Address":"Eric street","State":1,"City":182,"ZipCode":"94103","FirstName":"Eric","LastName":"Demo","Company":"","PhoneNumber":null,"MobileNumber":"2563852365","CardType":"Visa","NameOnCard":"Testo","CardNumber":"4111111111111111","CVV":253,"UnitId":null,"ExpiryMonth":9,"ExpiryYear":2025,"StripeCardId":"","ClientSignature":null,"NotificationId":0,"PaymentMethod":null,"ChequeImageBack":null,"ChqueImageFront":null,"AccountingNotes":null,"ChequeDate":"\/Date(-62135596800000)\/","PONo":null,"ChequeNo":null,"CCEmail":null}}]}

2018-02-12 19:37:56.6239|INFO|api.Helpers.NLogger|JSON
Method: POST
URL: http://192.168.1.121:8989/api/v1/profile/CheckMyPaymentStatus
Controller : api.Controllers.ProfileController
Action : CheckMyPaymentStatus
Action Parameters : {"messageFormat":"JSON","messageArguments":[{"request":{"ClientId":1142,"EmployeeId":0,"UnitId":2449}}]}

2018-02-12 19:37:56.8093|INFO|api.Helpers.NLogger|JSON
Method: POST
URL: http://192.168.1.121:8989/api/v1/profile/CheckMyPaymentStatus
Controller : api.Controllers.ProfileController
Action : CheckMyPaymentStatus
Action Parameters : {"messageFormat":"JSON","messageArguments":[{"request":{"ClientId":1142,"EmployeeId":0,"UnitId":2449}}]}

2018-02-12 19:37:56.8667|INFO|api.Helpers.NLogger|JSON
Method: POST
URL: http://192.168.1.121:8989/api/v1/profile/CheckMyPaymentStatus
Controller : api.Controllers.ProfileController
Action : CheckMyPaymentStatus
Action Parameters : {"messageFormat":"JSON","messageArguments":[{"request":{"ClientId":1142,"EmployeeId":0,"UnitId":2449}}]}

2018-02-12 19:37:56.9440|INFO|api.Helpers.NLogger|JSON
Method: POST
URL: http://192.168.1.121:8989/api/v1/profile/CheckMyPaymentStatus
Controller : api.Controllers.ProfileController
Action : CheckMyPaymentStatus
Action Parameters : {"messageFormat":"JSON","messageArguments":[{"request":{"ClientId":1142,"EmployeeId":0,"UnitId":2449}}]}

2018-02-12 19:37:57.0299|INFO|api.Helpers.NLogger|JSON
Method: POST
URL: http://192.168.1.121:8989/api/v1/profile/CheckMyPaymentStatus
Controller : api.Controllers.ProfileController
Action : CheckMyPaymentStatus
Action Parameters : {"messageFormat":"JSON","messageArguments":[{"request":{"ClientId":1142,"EmployeeId":0,"UnitId":2449}}]}

2018-02-12 19:37:57.1238|INFO|api.Helpers.NLogger|JSON
Method: POST
URL: http://192.168.1.121:8989/api/v1/profile/CheckMyPaymentStatus
Controller : api.Controllers.ProfileController
Action : CheckMyPaymentStatus
Action Parameters : {"messageFormat":"JSON","messageArguments":[{"request":{"ClientId":1142,"EmployeeId":0,"UnitId":2449}}]}

2018-02-12 19:37:57.1818|INFO|api.Helpers.NLogger|JSON
Method: POST
URL: http://192.168.1.121:8989/api/v1/profile/CheckMyPaymentStatus
Controller : api.Controllers.ProfileController
Action : CheckMyPaymentStatus
Action Parameters : {"messageFormat":"JSON","messageArguments":[{"request":{"ClientId":1142,"EmployeeId":0,"UnitId":2449}}]}

2018-02-12 19:37:57.2311|INFO|api.Helpers.NLogger|JSON
Method: POST
URL: http://192.168.1.121:8989/api/v1/profile/CheckMyPaymentStatus
Controller : api.Controllers.ProfileController
Action : CheckMyPaymentStatus
Action Parameters : {"messageFormat":"JSON","messageArguments":[{"request":{"ClientId":1142,"EmployeeId":0,"UnitId":2449}}]}

2018-02-12 19:37:57.2843|INFO|api.Helpers.NLogger|JSON
Method: POST
URL: http://192.168.1.121:8989/api/v1/profile/CheckMyPaymentStatus
Controller : api.Controllers.ProfileController
Action : CheckMyPaymentStatus
Action Parameters : {"messageFormat":"JSON","messageArguments":[{"request":{"ClientId":1142,"EmployeeId":0,"UnitId":2449}}]}

2018-02-12 19:37:57.3354|INFO|api.Helpers.NLogger|JSON
Method: POST
URL: http://192.168.1.121:8989/api/v1/profile/CheckMyPaymentStatus
Controller : api.Controllers.ProfileController
Action : CheckMyPaymentStatus
Action Parameters : {"messageFormat":"JSON","messageArguments":[{"request":{"ClientId":1142,"EmployeeId":0,"UnitId":2449}}]}

2018-02-12 19:37:57.4057|INFO|api.Helpers.NLogger|JSON
Method: POST
URL: http://192.168.1.121:8989/api/v1/profile/CheckMyPaymentStatus
Controller : api.Controllers.ProfileController
Action : CheckMyPaymentStatus
Action Parameters : {"messageFormat":"JSON","messageArguments":[{"request":{"ClientId":1142,"EmployeeId":0,"UnitId":2449}}]}

2018-02-12 19:37:57.4753|INFO|api.Helpers.NLogger|JSON
Method: POST
URL: http://192.168.1.121:8989/api/v1/profile/CheckMyPaymentStatus
Controller : api.Controllers.ProfileController
Action : CheckMyPaymentStatus
Action Parameters : {"messageFormat":"JSON","messageArguments":[{"request":{"ClientId":1142,"EmployeeId":0,"UnitId":2449}}]}

2018-02-12 19:37:57.5511|INFO|api.Helpers.NLogger|JSON
Method: POST
URL: http://192.168.1.121:8989/api/v1/profile/CheckMyPaymentStatus
Controller : api.Controllers.ProfileController
Action : CheckMyPaymentStatus
Action Parameters : {"messageFormat":"JSON","messageArguments":[{"request":{"ClientId":1142,"EmployeeId":0,"UnitId":2449}}]}

2018-02-12 19:37:57.6544|INFO|api.Helpers.NLogger|JSON
Method: POST
URL: http://192.168.1.121:8989/api/v1/profile/CheckMyPaymentStatus
Controller : api.Controllers.ProfileController
Action : CheckMyPaymentStatus
Action Parameters : {"messageFormat":"JSON","messageArguments":[{"request":{"ClientId":1142,"EmployeeId":0,"UnitId":2449}}]}

2018-02-12 19:37:57.6995|INFO|api.Helpers.NLogger|JSON
Method: POST
URL: http://192.168.1.121:8989/api/v1/profile/CheckMyPaymentStatus
Controller : api.Controllers.ProfileController
Action : CheckMyPaymentStatus
Action Parameters : {"messageFormat":"JSON","messageArguments":[{"request":{"ClientId":1142,"EmployeeId":0,"UnitId":2449}}]}

2018-02-12 19:37:57.7889|INFO|api.Helpers.NLogger|JSON
Method: POST
URL: http://192.168.1.121:8989/api/v1/profile/CheckMyPaymentStatus
Controller : api.Controllers.ProfileController
Action : CheckMyPaymentStatus
Action Parameters : {"messageFormat":"JSON","messageArguments":[{"request":{"ClientId":1142,"EmployeeId":0,"UnitId":2449}}]}

2018-02-12 19:37:57.8507|INFO|api.Helpers.NLogger|JSON
Method: POST
URL: http://192.168.1.121:8989/api/v1/profile/CheckMyPaymentStatus
Controller : api.Controllers.ProfileController
Action : CheckMyPaymentStatus
Action Parameters : {"messageFormat":"JSON","messageArguments":[{"request":{"ClientId":1142,"EmployeeId":0,"UnitId":2449}}]}

