2018-08-16 18:38:39.8649|INFO|api.Helpers.NLogger|JSON
Method: POST
URL: http://localhost:15419/v1/profile/clientlogin
Controller : api.Controllers.ProfileController
Action : Login
Action Parameters : {"messageFormat":"JSON","messageArguments":[{"model":{"Email":"elva.wang@gmail.com","Password":"58d65bdd8944dc8375c30b2ba10ae699","DeviceType":null,"DeviceToken":"abc123","Latitude":null,"Longitude":null}}]}

2018-08-16 18:39:33.5455|INFO|api.Helpers.NLogger|JSON
Method: POST
URL: http://localhost:15419/v1/Profile/GetClientUnitDetail
Controller : api.Controllers.ProfileController
Action : GetClientUnitDetail
Action Parameters : {"messageFormat":"JSON","messageArguments":[{"request":{"Email":null,"ClientId":1149,"PlanTypeId":0,"PlanId":0,"PartId":0,"Month":0,"Year":0,"AddressId":null,"UnitId":2467,"ServiceId":null,"RequestedServiceId":null,"PartType":null,"PartTypeId":null,"PageId":0,"ShowDeleted":false,"ServiceCaseNumber":null,"LastCallDateTime":null,"PageNumber":null,"pageSize":0,"DeviceType":null,"DeviceToken":null,"NotificationId":null,"EmployeeId":0,"BillingId":null}}]}

2018-08-16 18:40:50.0738|INFO|api.Helpers.NLogger|JSON
Method: POST
URL: http://localhost:15419/v1/Profile/GetClientUnitDetail
Controller : api.Controllers.ProfileController
Action : GetClientUnitDetail
Action Parameters : {"messageFormat":"JSON","messageArguments":[{"request":{"Email":null,"ClientId":1149,"PlanTypeId":0,"PlanId":0,"PartId":0,"Month":0,"Year":0,"AddressId":null,"UnitId":2467,"ServiceId":null,"RequestedServiceId":null,"PartType":null,"PartTypeId":null,"PageId":0,"ShowDeleted":false,"ServiceCaseNumber":null,"LastCallDateTime":null,"PageNumber":null,"pageSize":0,"DeviceType":null,"DeviceToken":null,"NotificationId":null,"EmployeeId":0,"BillingId":null}}]}

2018-08-16 18:46:06.5819|INFO|api.Helpers.NLogger|JSON
Method: POST
URL: http://localhost:15419/v1/Profile/GetClientUnitDetail
Controller : api.Controllers.ProfileController
Action : GetClientUnitDetail
Action Parameters : {"messageFormat":"JSON","messageArguments":[{"request":{"Email":null,"ClientId":1149,"PlanTypeId":0,"PlanId":0,"PartId":0,"Month":0,"Year":0,"AddressId":null,"UnitId":2467,"ServiceId":null,"RequestedServiceId":null,"PartType":null,"PartTypeId":null,"PageId":0,"ShowDeleted":false,"ServiceCaseNumber":null,"LastCallDateTime":null,"PageNumber":null,"pageSize":0,"DeviceType":null,"DeviceToken":null,"NotificationId":null,"EmployeeId":0,"BillingId":null}}]}

